MIG: 13:45:10 : xml_input_file: board.prj
MIG: 13:45:10 : Absolute path of xml_input_file: c:/Users/Burak/Desktop/Projects/VC707BaseSystemExtended/VC707BaseSystemExtended.srcs/sources_1/bd/design_1/ip/design_1_mig_7series_0_0/board.prj
MIG: 13:45:10 : xml_input_file: mig_b.prj
MIG: 13:45:10 : Absolute path of xml_input_file: c:/Users/Burak/Desktop/Projects/VC707BaseSystemExtended/VC707BaseSystemExtended.srcs/sources_1/bd/design_1/ip/design_1_mig_7series_0_0/mig_b.prj
MIG: 13:45:10 : xml_input_file: mig_b.prj
MIG: 13:45:10 : Absolute path of xml_input_file: c:/Users/Burak/Desktop/Projects/VC707BaseSystemExtended/VC707BaseSystemExtended.srcs/sources_1/bd/design_1/ip/design_1_mig_7series_0_0/mig_b.prj
MIG: 13:45:15 : Running customizer.xit
MIG: 13:45:15 : ################# RUNNING MIG INTERACTIVE ###################
MIG: 13:45:15 : Writing IN file for 'design_1_mig_7series_0_0'...compDirPath: d:/Programs/Xilinx/Vivado/2016.4/data/ip/xilinx/mig_7series_v4_0... instDirPath: c:/Users/Burak/Desktop/Projects/VC707BaseSystem/.Xil/Vivado-7624-BURAK-THB/coregen/design_1_mig_7series_0_0
MIG: 13:45:15 : synp_flow:  -- synthesis_mode: Other
MIG: 13:45:15 : outputDirectory: c:/Users/Burak/Desktop/Projects/VC707BaseSystem/.Xil/Vivado-7624-BURAK-THB/coregen/design_1_mig_7series_0_0/_tmp/
MIG: 13:45:15 : vivado_mode: xpg_bd
MIG: 13:45:15 :  locked false  
MIG: 13:45:15 : HDL Language: Verilog
MIG: 13:45:15 : compInfo: false
MIG: 13:45:15 : Vivado Options xc7vx485t ffg1761 -2
MIG: 13:45:15 : 1: xc7vx485t 2: ffg1761 3: -2
MIG: 13:45:15 : relative mig path: coregen/ip/xilinx/other/com/xilinx/ip/mig_7series_v4_0/bin/nt64/mig.exe
MIG: 13:45:15 : xilinx_path: D:/Programs/Xilinx/Vivado/2016.4/ids_lite/ISE
MIG: 13:45:15 : I am in catch area
MIG: 13:45:15 : Running D:/Programs/Xilinx/Vivado/2016.4/ids_lite/ISE/coregen/ip/xilinx/other/com/xilinx/ip/mig_7series_v4_0/bin/nt64/mig.exe -cg_exc_inp c:/Users/Burak/Desktop/Projects/VC707BaseSystem/.Xil/Vivado-7624-BURAK-THB/coregen/design_1_mig_7series_0_0/xil_txt.in -cg_exc_out c:/Users/Burak/Desktop/Projects/VC707BaseSystem/.Xil/Vivado-7624-BURAK-THB/coregen/design_1_mig_7series_0_0/xil_txt.out ... 
MIG: 13:46:06 : Prasad before: xmlPropertyPrj -- mig_b.prj
MIG: 13:46:06 : Prasad After: xmlPropertyPrj -- mig_a.prj
MIG: 13:46:06 : XML_INPUT_FILE: c:/Users/Burak/Desktop/Projects/VC707BaseSystem/.Xil/Vivado-7624-BURAK-THB/coregen/design_1_mig_7series_0_0/mig_a.prj
MIG: 13:46:06 : Component_Name: design_1_mig_7series_0_0
MIG: 13:46:06 : Moving design_1_mig_7series_0_0 ...
MIG: 13:46:06 : Moving design_1_mig_7series_0_0.veo ...
MIG: 13:46:06 : Moving design_1_mig_7series_0_0_xmdf.tcl ...
MIG: 13:46:06 : Sending back 0
MIG: 13:46:07 : xml_input_file: mig_a.prj
MIG: 13:46:07 : Absolute path of xml_input_file: c:/Users/Burak/Desktop/Projects/VC707BaseSystemExtended/VC707BaseSystemExtended.srcs/sources_1/bd/design_1/ip/design_1_mig_7series_0_0/mig_a.prj
MIG: 13:46:07 : xml_input_file: mig_a.prj
MIG: 13:46:07 : Absolute path of xml_input_file: c:/Users/Burak/Desktop/Projects/VC707BaseSystemExtended/VC707BaseSystemExtended.srcs/sources_1/bd/design_1/ip/design_1_mig_7series_0_0/mig_a.prj
MIG: 13:46:07 : In updateAllModelParams
MIG: 13:46:07 : IGN:     <ModuleName>design_1_mig_7series_0_0</ModuleName> <==>     <ModuleName>design_1_mig_7series_0_0</ModuleName> 
MIG: 13:46:07 : IGN:         <InputClkFreq>200</InputClkFreq> <==>         <InputClkFreq>200</InputClkFreq> 
MIG: 13:46:07 : XGUI hdlLanguage: Verilog
MIG: 13:46:07 : xgui vivado_mode: xpg_bd
MIG: 13:46:07 : xgui hdlLanguage: Verilog -- hdlExt: v
MIG: 13:46:07 : Reading C:/Users/Burak/Desktop/Projects/VC707BaseSystemExtended/VC707BaseSystemExtended.srcs/sources_1/bd/design_1/ip/design_1_mig_7series_0_0/design_1_mig_7series_0_0/user_design/rtl/design_1_mig_7series_0_0_mig.v ...
MIG: 13:46:10 : 
MIG: 13:46:10 : Inside fn mem: DDR3
MIG: 13:46:10 : detect_uiclk: 125000000
MIG: 13:46:10 : cntrl:  memtype: DDR3
MIG: 13:46:10 : 
MIG: 13:46:10 :  MMCM_VCO single ctrl param_name: MMCM_VCO --  possibleMaxVcoVal: 1000 
MIG: 13:46:10 : 
MIG: 13:46:10 : 
MIG: 13:46:10 : 
MIG: 13:46:10 : 
MIG: 13:46:10 :  polarity_value: 0
MIG: 13:46:10 : 
MIG: 13:46:10 : EXTERNAL
MIG: 13:46:10 : cntrl:  memtype: DDR3
MIG: 13:46:10 : Prasad ----: isMMCMExtraClkParam:: MMCM_CLKOUT0_EN --- "TRUE"
MIG: 13:46:10 : 
MIG: 13:46:10 :  MMCM Enable Param: MMCM_CLKOUT0_EN ==> TRUE
MIG: 13:46:10 : Prasad ----: isMMCMExtraClkParam:: MMCM_CLKOUT1_EN --- "FALSE"
MIG: 13:46:10 : 
MIG: 13:46:10 :  MMCM Enable Param: MMCM_CLKOUT1_EN ==> FALSE
MIG: 13:46:10 : Prasad ----: isMMCMExtraClkParam:: MMCM_CLKOUT2_EN --- "FALSE"
MIG: 13:46:10 : 
MIG: 13:46:10 :  MMCM Enable Param: MMCM_CLKOUT2_EN ==> FALSE
MIG: 13:46:10 : Prasad ----: isMMCMExtraClkParam:: MMCM_CLKOUT3_EN --- "FALSE"
MIG: 13:46:10 : 
MIG: 13:46:10 :  MMCM Enable Param: MMCM_CLKOUT3_EN ==> FALSE
MIG: 13:46:10 : Prasad ----: isMMCMExtraClkParam:: MMCM_CLKOUT4_EN --- "FALSE"
MIG: 13:46:10 : 
MIG: 13:46:10 :  MMCM Enable Param: MMCM_CLKOUT4_EN ==> FALSE
MIG: 13:46:10 : Prasad ----: isMMCMExtraClkParam:: MMCM_CLKOUT0_DIVIDE --- 10.000
MIG: 13:46:10 : possibleMaxVcoVal:: 1000 ---- paramName: MMCM_CLKOUT0_DIVIDE
MIG: 13:46:10 : 
MIG: 13:46:10 :  MMCM Extra Param: MMCM_CLKOUT0_FREQ ==> 100000000
MIG: 13:46:10 : Prasad ----: isMMCMExtraClkParam:: MMCM_CLKOUT1_DIVIDE --- 1
MIG: 13:46:10 : possibleMaxVcoVal:: 1000 ---- paramName: MMCM_CLKOUT1_DIVIDE
MIG: 13:46:10 : 
MIG: 13:46:10 :  MMCM Extra Param: MMCM_CLKOUT1_FREQ ==> 1000000000
MIG: 13:46:10 : Prasad ----: isMMCMExtraClkParam:: MMCM_CLKOUT2_DIVIDE --- 1
MIG: 13:46:10 : possibleMaxVcoVal:: 1000 ---- paramName: MMCM_CLKOUT2_DIVIDE
MIG: 13:46:10 : 
MIG: 13:46:10 :  MMCM Extra Param: MMCM_CLKOUT2_FREQ ==> 1000000000
MIG: 13:46:10 : Prasad ----: isMMCMExtraClkParam:: MMCM_CLKOUT3_DIVIDE --- 1
MIG: 13:46:10 : possibleMaxVcoVal:: 1000 ---- paramName: MMCM_CLKOUT3_DIVIDE
MIG: 13:46:10 : 
MIG: 13:46:10 :  MMCM Extra Param: MMCM_CLKOUT3_FREQ ==> 1000000000
MIG: 13:46:10 : Prasad ----: isMMCMExtraClkParam:: MMCM_CLKOUT4_DIVIDE --- 1
MIG: 13:46:10 : possibleMaxVcoVal:: 1000 ---- paramName: MMCM_CLKOUT4_DIVIDE
MIG: 13:46:10 : 
MIG: 13:46:10 :  MMCM Extra Param: MMCM_CLKOUT4_FREQ ==> 1000000000
MIG: 13:46:10 : 
MIG: 13:46:10 :  Valid Param: DDR3_BANK_WIDTH ==> 3
MIG: 13:46:10 : 
MIG: 13:46:10 :  Valid Param: DDR3_CK_WIDTH ==> 1
MIG: 13:46:10 :  Invalid Param: DDR3_COL_WIDTH ==> 10
MIG: 13:46:10 : 
MIG: 13:46:10 :  Valid Param: DDR3_CS_WIDTH ==> 1
MIG: 13:46:10 : 
MIG: 13:46:10 :  Valid Param: DDR3_nCS_PER_RANK ==> 1
MIG: 13:46:10 : 
MIG: 13:46:10 :  Valid Param: DDR3_CKE_WIDTH ==> 1
MIG: 13:46:10 :  Invalid Param: DDR3_DATA_BUF_ADDR_WIDTH ==> 5
MIG: 13:46:10 :  Invalid Param: DDR3_DQ_CNT_WIDTH ==> 6
MIG: 13:46:10 :  Invalid Param: DDR3_DQ_PER_DM ==> 8
MIG: 13:46:10 : 
MIG: 13:46:10 :  Valid Param: DDR3_DM_WIDTH ==> 8
MIG: 13:46:10 : 
MIG: 13:46:10 :  Valid Param: DDR3_DQ_WIDTH ==> 64
MIG: 13:46:10 : 
MIG: 13:46:10 :  Valid Param: DDR3_DQS_WIDTH ==> 8
MIG: 13:46:10 : 
MIG: 13:46:10 :  Valid Param: DDR3_DQS_CNT_WIDTH ==> 3
MIG: 13:46:10 :  Invalid Param: DDR3_DRAM_WIDTH ==> 8
MIG: 13:46:10 : 
MIG: 13:46:10 :  Valid Param: ECC ==> OFF
MIG: 13:46:10 : 
MIG: 13:46:10 :  Valid Param: DDR3_DATA_WIDTH ==> 64
MIG: 13:46:10 :  Invalid Param: ECC_TEST ==> "OFF"
MIG: 13:46:10 :  Invalid Param: DDR3_PAYLOAD_WIDTH ==> (ECC_TEST == "OFF") ? DATA_WIDTH : DQ_WIDTH
MIG: 13:46:10 :  Invalid Param: DDR3_MEM_ADDR_ORDER ==> "ROW_BANK_COLUMN"
MIG: 13:46:10 :  Invalid Param: DDR3_nBANK_MACHS ==> 4
MIG: 13:46:10 :  Invalid Param: DDR3_RANKS ==> 1
MIG: 13:46:10 : 
MIG: 13:46:10 :  Valid Param: DDR3_ODT_WIDTH ==> 1
MIG: 13:46:10 : 
MIG: 13:46:10 :  Valid Param: DDR3_ROW_WIDTH ==> 14
MIG: 13:46:10 : 
MIG: 13:46:10 :  Valid Param: DDR3_ADDR_WIDTH ==> 28
MIG: 13:46:10 : 
MIG: 13:46:10 :  Valid Param: DDR3_USE_CS_PORT ==> 1
MIG: 13:46:10 : 
MIG: 13:46:10 :  Valid Param: DDR3_USE_DM_PORT ==> 1
MIG: 13:46:10 : 
MIG: 13:46:10 :  Valid Param: DDR3_USE_ODT_PORT ==> 1
MIG: 13:46:10 :  Invalid Param: DDR3_IS_CLK_SHARED ==> "FALSE"
MIG: 13:46:10 :  Invalid Param: DDR3_PHY_CONTROL_MASTER_BANK ==> 1
MIG: 13:46:10 :  Invalid Param: DDR3_MEM_DENSITY ==> "1Gb"
MIG: 13:46:10 :  Invalid Param: DDR3_MEM_SPEEDGRADE ==> "125"
MIG: 13:46:10 :  Invalid Param: DDR3_MEM_DEVICE_WIDTH ==> 8
MIG: 13:46:10 :  Invalid Param: DDR3_AL ==> "0"
MIG: 13:46:10 :  Invalid Param: DDR3_nAL ==> 0
MIG: 13:46:10 :  Invalid Param: DDR3_BURST_MODE ==> "8"
MIG: 13:46:10 :  Invalid Param: DDR3_BURST_TYPE ==> "SEQ"
MIG: 13:46:10 :  Invalid Param: DDR3_CL ==> 7
MIG: 13:46:10 :  Invalid Param: DDR3_CWL ==> 6
MIG: 13:46:10 :  Invalid Param: DDR3_OUTPUT_DRV ==> "LOW"
MIG: 13:46:10 :  Invalid Param: DDR3_RTT_NOM ==> "60"
MIG: 13:46:10 :  Invalid Param: DDR3_RTT_WR ==> "OFF"
MIG: 13:46:10 :  Invalid Param: DDR3_ADDR_CMD_MODE ==> "1T"
MIG: 13:46:10 : 
MIG: 13:46:10 :  Valid Param: DDR3_REG_CTRL ==> OFF
MIG: 13:46:10 :  Invalid Param: DDR3_CA_MIRROR ==> "OFF"
MIG: 13:46:10 :  Invalid Param: DDR3_VDD_OP_VOLT ==> "150"
MIG: 13:46:10 :  Invalid Param: DDR3_CLKIN_PERIOD ==> 5000
MIG: 13:46:10 :  Invalid Param: DDR3_CLKFBOUT_MULT ==> 5
MIG: 13:46:10 :  Invalid Param: DDR3_DIVCLK_DIVIDE ==> 1
MIG: 13:46:10 :  Invalid Param: DDR3_CLKOUT0_PHASE ==> 337.5
MIG: 13:46:10 :  Invalid Param: DDR3_CLKOUT0_DIVIDE ==> 2
MIG: 13:46:10 :  Invalid Param: DDR3_CLKOUT1_DIVIDE ==> 2
MIG: 13:46:10 :  Invalid Param: DDR3_CLKOUT2_DIVIDE ==> 32
MIG: 13:46:10 :  Invalid Param: DDR3_CLKOUT3_DIVIDE ==> 8
MIG: 13:46:10 :  Invalid Param: DDR3_MMCM_VCO ==> 1000
MIG: 13:46:10 :  Invalid Param: DDR3_MMCM_MULT_F ==> 8
MIG: 13:46:10 :  Invalid Param: DDR3_MMCM_DIVCLK_DIVIDE ==> 1
MIG: 13:46:10 :  Invalid Param: DDR3_MMCM_CLKOUT0_EN ==> "TRUE"
MIG: 13:46:10 :  Invalid Param: DDR3_MMCM_CLKOUT1_EN ==> "FALSE"
MIG: 13:46:10 :  Invalid Param: DDR3_MMCM_CLKOUT2_EN ==> "FALSE"
MIG: 13:46:10 :  Invalid Param: DDR3_MMCM_CLKOUT3_EN ==> "FALSE"
MIG: 13:46:10 :  Invalid Param: DDR3_MMCM_CLKOUT4_EN ==> "FALSE"
MIG: 13:46:10 :  Invalid Param: DDR3_MMCM_CLKOUT0_DIVIDE ==> 10.000
MIG: 13:46:10 :  Invalid Param: DDR3_MMCM_CLKOUT1_DIVIDE ==> 1
MIG: 13:46:10 :  Invalid Param: DDR3_MMCM_CLKOUT2_DIVIDE ==> 1
MIG: 13:46:10 :  Invalid Param: DDR3_MMCM_CLKOUT3_DIVIDE ==> 1
MIG: 13:46:10 :  Invalid Param: DDR3_MMCM_CLKOUT4_DIVIDE ==> 1
MIG: 13:46:10 :  Invalid Param: DDR3_tCKE ==> 5000
MIG: 13:46:10 :  Invalid Param: DDR3_tFAW ==> 30000
MIG: 13:46:10 :  Invalid Param: DDR3_tPRDI ==> 1_000_000
MIG: 13:46:10 :  Invalid Param: DDR3_tRAS ==> 35000
MIG: 13:46:10 :  Invalid Param: DDR3_tRCD ==> 13750
MIG: 13:46:10 :  Invalid Param: DDR3_tREFI ==> 7800000
MIG: 13:46:10 :  Invalid Param: DDR3_tRFC ==> 110000
MIG: 13:46:10 :  Invalid Param: DDR3_tRP ==> 13750
MIG: 13:46:10 :  Invalid Param: DDR3_tRRD ==> 6000
MIG: 13:46:10 :  Invalid Param: DDR3_tRTP ==> 7500
MIG: 13:46:10 :  Invalid Param: DDR3_tWTR ==> 7500
MIG: 13:46:10 :  Invalid Param: DDR3_tZQI ==> 128_000_000
MIG: 13:46:10 :  Invalid Param: DDR3_tZQCS ==> 64
MIG: 13:46:10 :  Invalid Param: DDR3_SIM_BYPASS_INIT_CAL ==> "OFF"
MIG: 13:46:10 :  Invalid Param: DDR3_SIMULATION ==> "FALSE"
MIG: 13:46:10 :  Invalid Param: DDR3_BYTE_LANES_B0 ==> 4'b1111
MIG: 13:46:10 :  Invalid Param: DDR3_BYTE_LANES_B1 ==> 4'b1110
MIG: 13:46:10 :  Invalid Param: DDR3_BYTE_LANES_B2 ==> 4'b1111
MIG: 13:46:10 :  Invalid Param: DDR3_BYTE_LANES_B3 ==> 4'b0000
MIG: 13:46:10 :  Invalid Param: DDR3_BYTE_LANES_B4 ==> 4'b0000
MIG: 13:46:10 :  Invalid Param: DDR3_DATA_CTL_B0 ==> 4'b1111
MIG: 13:46:10 :  Invalid Param: DDR3_DATA_CTL_B1 ==> 4'b0000
MIG: 13:46:10 :  Invalid Param: DDR3_DATA_CTL_B2 ==> 4'b1111
MIG: 13:46:10 :  Invalid Param: DDR3_DATA_CTL_B3 ==> 4'b0000
MIG: 13:46:10 :  Invalid Param: DDR3_DATA_CTL_B4 ==> 4'b0000
MIG: 13:46:10 :  Invalid Param: DDR3_PHY_0_BITLANES ==> 48'h3FE_1FF_1FF_2FF
MIG: 13:46:10 :  Invalid Param: DDR3_PHY_1_BITLANES ==> 48'hFFE_F30_CB4_000
MIG: 13:46:10 :  Invalid Param: DDR3_PHY_2_BITLANES ==> 48'h3FE_3FE_3BF_2FF
MIG: 13:46:10 :  Invalid Param: DDR3_CK_BYTE_MAP ==> 144'h00_00_00_00_00_00_00_00_00_00_00_00_00_00_00_00_00_11
MIG: 13:46:10 :  Invalid Param: DDR3_ADDR_MAP ==> 192'h000_000_132_136_135_133_139_124_131_129_137_134_13A_128_138_13B
MIG: 13:46:10 :  Invalid Param: DDR3_BANK_MAP ==> 36'h125_12A_12B
MIG: 13:46:10 :  Invalid Param: DDR3_CAS_MAP ==> 12'h115
MIG: 13:46:10 :  Invalid Param: DDR3_CKE_ODT_BYTE_MAP ==> 8'h00
MIG: 13:46:10 :  Invalid Param: DDR3_CKE_MAP ==> 96'h000_000_000_000_000_000_000_117
MIG: 13:46:10 :  Invalid Param: DDR3_ODT_MAP ==> 96'h000_000_000_000_000_000_000_112
MIG: 13:46:10 :  Invalid Param: DDR3_CS_MAP ==> 120'h000_000_000_000_000_000_000_000_000_114
MIG: 13:46:10 :  Invalid Param: DDR3_PARITY_MAP ==> 12'h000
MIG: 13:46:10 :  Invalid Param: DDR3_RAS_MAP ==> 12'h11A
MIG: 13:46:10 :  Invalid Param: DDR3_WE_MAP ==> 12'h11B
MIG: 13:46:10 :  Invalid Param: DDR3_DQS_BYTE_MAP ==> 144'h00_00_00_00_00_00_00_00_00_00_20_21_22_23_03_02_01_00
MIG: 13:46:10 :  Invalid Param: DDR3_DATA0_MAP ==> 96'h009_000_003_001_007_006_005_002
MIG: 13:46:10 :  Invalid Param: DDR3_DATA1_MAP ==> 96'h014_018_010_011_017_016_012_013
MIG: 13:46:10 :  Invalid Param: DDR3_DATA2_MAP ==> 96'h021_022_025_020_027_023_026_028
MIG: 13:46:10 :  Invalid Param: DDR3_DATA3_MAP ==> 96'h033_039_031_035_032_038_034_037
MIG: 13:46:10 :  Invalid Param: DDR3_DATA4_MAP ==> 96'h231_238_237_236_233_232_234_239
MIG: 13:46:10 :  Invalid Param: DDR3_DATA5_MAP ==> 96'h226_227_225_229_221_222_224_228
MIG: 13:46:10 :  Invalid Param: DDR3_DATA6_MAP ==> 96'h214_215_210_218_217_213_219_212
MIG: 13:46:10 :  Invalid Param: DDR3_DATA7_MAP ==> 96'h207_203_204_206_202_201_205_209
MIG: 13:46:10 :  Invalid Param: DDR3_DATA8_MAP ==> 96'h000_000_000_000_000_000_000_000
MIG: 13:46:10 :  Invalid Param: DDR3_DATA9_MAP ==> 96'h000_000_000_000_000_000_000_000
MIG: 13:46:10 :  Invalid Param: DDR3_DATA10_MAP ==> 96'h000_000_000_000_000_000_000_000
MIG: 13:46:10 :  Invalid Param: DDR3_DATA11_MAP ==> 96'h000_000_000_000_000_000_000_000
MIG: 13:46:10 :  Invalid Param: DDR3_DATA12_MAP ==> 96'h000_000_000_000_000_000_000_000
MIG: 13:46:10 :  Invalid Param: DDR3_DATA13_MAP ==> 96'h000_000_000_000_000_000_000_000
MIG: 13:46:10 :  Invalid Param: DDR3_DATA14_MAP ==> 96'h000_000_000_000_000_000_000_000
MIG: 13:46:10 :  Invalid Param: DDR3_DATA15_MAP ==> 96'h000_000_000_000_000_000_000_000
MIG: 13:46:10 :  Invalid Param: DDR3_DATA16_MAP ==> 96'h000_000_000_000_000_000_000_000
MIG: 13:46:10 :  Invalid Param: DDR3_DATA17_MAP ==> 96'h000_000_000_000_000_000_000_000
MIG: 13:46:10 :  Invalid Param: DDR3_MASK0_MAP ==> 108'h000_200_211_223_235_036_024_015_004
MIG: 13:46:10 :  Invalid Param: DDR3_MASK1_MAP ==> 108'h000_000_000_000_000_000_000_000_000
MIG: 13:46:10 :  Invalid Param: DDR3_SLOT_0_CONFIG ==> 8'b0000_0001
MIG: 13:46:10 :  Invalid Param: DDR3_SLOT_1_CONFIG ==> 8'b0000_0000
MIG: 13:46:10 :  Invalid Param: DDR3_IBUF_LPWR_MODE ==> "OFF"
MIG: 13:46:10 :  Invalid Param: DDR3_DATA_IO_IDLE_PWRDWN ==> "ON"
MIG: 13:46:10 :  Invalid Param: DDR3_BANK_TYPE ==> "HP_IO"
MIG: 13:46:10 :  Invalid Param: DDR3_DATA_IO_PRIM_TYPE ==> "HP_LP"
MIG: 13:46:10 :  Invalid Param: DDR3_CKE_ODT_AUX ==> "FALSE"
MIG: 13:46:10 :  Invalid Param: DDR3_USER_REFRESH ==> "OFF"
MIG: 13:46:10 :  Invalid Param: DDR3_WRLVL ==> "ON"
MIG: 13:46:10 :  Invalid Param: DDR3_ORDERING ==> "NORM"
MIG: 13:46:10 :  Invalid Param: DDR3_CALIB_ROW_ADD ==> 16'h0000
MIG: 13:46:10 :  Invalid Param: DDR3_CALIB_COL_ADD ==> 12'h000
MIG: 13:46:10 :  Invalid Param: DDR3_CALIB_BA_ADD ==> 3'h0
MIG: 13:46:10 :  Invalid Param: DDR3_TCQ ==> 100
MIG: 13:46:10 :  Invalid Param: DDR3_IDELAY_ADJ ==> "OFF"
MIG: 13:46:10 :  Invalid Param: DDR3_FINE_PER_BIT ==> "OFF"
MIG: 13:46:10 :  Invalid Param: DDR3_CENTER_COMP_MODE ==> "OFF"
MIG: 13:46:10 :  Invalid Param: DDR3_PI_VAL_ADJ ==> "OFF"
MIG: 13:46:10 :  Invalid Param: DDR3_IODELAY_GRP0 ==> "DESIGN_1_MIG_7SERIES_0_0_IODELAY_MIG0"
MIG: 13:46:10 :  Invalid Param: DDR3_IODELAY_GRP1 ==> "DESIGN_1_MIG_7SERIES_0_0_IODELAY_MIG1"
MIG: 13:46:10 :  Invalid Param: DDR3_SYSCLK_TYPE ==> "DIFFERENTIAL"
MIG: 13:46:10 :  Invalid Param: DDR3_REFCLK_TYPE ==> "USE_SYSTEM_CLOCK"
MIG: 13:46:10 :  Invalid Param: DDR3_SYS_RST_PORT ==> "FALSE"
MIG: 13:46:10 :  Invalid Param: DDR3_FPGA_SPEED_GRADE ==> 2
MIG: 13:46:10 :  Invalid Param: DDR3_CMD_PIPE_PLUS1 ==> "ON"
MIG: 13:46:10 :  Invalid Param: DDR3_DRAM_TYPE ==> "DDR3"
MIG: 13:46:10 :  Invalid Param: DDR3_CAL_WIDTH ==> "HALF"
MIG: 13:46:10 :  Invalid Param: DDR3_STARVE_LIMIT ==> 2
MIG: 13:46:10 :  Invalid Param: DDR3_REF_CLK_MMCM_IODELAY_CTRL ==> "FALSE"
MIG: 13:46:10 :  Invalid Param: DDR3_REFCLK_FREQ ==> 200.0
MIG: 13:46:10 :  Invalid Param: DDR3_DIFF_TERM_REFCLK ==> "TRUE"
MIG: 13:46:10 :  Invalid Param: DDR3_tCK ==> 2000
MIG: 13:46:10 : 
MIG: 13:46:10 :  Valid Param: DDR3_nCK_PER_CLK ==> 4
MIG: 13:46:10 :  Invalid Param: DDR3_DIFF_TERM_SYSCLK ==> "FALSE"
MIG: 13:46:10 : 
MIG: 13:46:10 :  Valid Param: UI_EXTRA_CLOCKS ==> TRUE
MIG: 13:46:10 : 
MIG: 13:46:10 :  Valid Param: C_S_AXI_ID_WIDTH ==> 1
MIG: 13:46:10 : 
MIG: 13:46:10 :  Valid Param: C_S_AXI_MEM_SIZE ==> 1073741824
MIG: 13:46:10 : 
MIG: 13:46:10 :  Valid Param: C_S_AXI_ADDR_WIDTH ==> 30
MIG: 13:46:10 : 
MIG: 13:46:10 :  Valid Param: C_S_AXI_DATA_WIDTH ==> 512
MIG: 13:46:10 :  Invalid Param: DDR3_C_MC_nCK_PER_CLK ==> 4
MIG: 13:46:10 :  Invalid Param: C_S_AXI_SUPPORTS_NARROW_BURST ==> 0
MIG: 13:46:10 :  Invalid Param: DDR3_C_RD_WR_ARB_ALGORITHM ==> "RD_PRI_REG"
MIG: 13:46:10 :  Invalid Param: C_S_AXI_REG_EN0 ==> 20'h00000
MIG: 13:46:10 :  Invalid Param: C_S_AXI_REG_EN1 ==> 20'h00000
MIG: 13:46:10 : 
MIG: 13:46:10 :  Valid Param: C_S_AXI_CTRL_ADDR_WIDTH ==> 32
MIG: 13:46:10 : 
MIG: 13:46:10 :  Valid Param: C_S_AXI_CTRL_DATA_WIDTH ==> 32
MIG: 13:46:10 :  Invalid Param: C_S_AXI_BASEADDR ==> 32'h0000_0000
MIG: 13:46:10 :  Invalid Param: C_ECC_ONOFF_RESET_VALUE ==> 1
MIG: 13:46:10 :  Invalid Param: C_ECC_CE_COUNTER_WIDTH ==> 8
MIG: 13:46:10 : 
MIG: 13:46:10 :  Valid Param: DDR3_DEBUG_PORT ==> OFF
MIG: 13:46:10 : 
MIG: 13:46:11 :  Invalid Param: DDR3_TEMP_MON_CONTROL ==> "EXTERNAL"
MIG: 13:46:11 :  Invalid Param: DDR3_FPGA_VOLT_TYPE ==> "N"
MIG: 13:46:11 :  Invalid Param: DDR3_RST_ACT_LOW ==> 0
MIG: 13:46:11 : 
MIG: 13:46:11 : 
MIG: 13:46:11 : 
MIG: 13:46:11 : Same Interface
MIG: 13:55:09 : Running synthesis.xit
MIG: 13:55:09 : ################# RUNNING MIG BATCH ###################
MIG: 13:55:09 : Writing IN file for 'design_1_mig_7series_0_0'...compDirPath: d:/Programs/Xilinx/Vivado/2016.4/data/ip/xilinx/mig_7series_v4_0... instDirPath: c:/Users/Burak/Desktop/Projects/VC707BaseSystemExtended/VC707BaseSystemExtended.srcs/sources_1/bd/design_1/ip/design_1_mig_7series_0_0
MIG: 13:55:09 : synp_flow:  -- synthesis_mode: Other
MIG: 13:55:09 : outputDirectory: c:/Users/Burak/Desktop/Projects/VC707BaseSystemExtended/VC707BaseSystemExtended.srcs/sources_1/bd/design_1/ip/design_1_mig_7series_0_0/_tmp/
MIG: 13:55:09 : vivado_mode: xpg_bd
MIG: 13:55:09 : isPortInterface: 0
MIG: 13:55:09 : isPortInterface: 0
MIG: 13:55:09 : isPortInterface: 0
MIG: 13:55:09 : isPortInterface: 0
MIG: 13:55:09 : isPortInterface: 0
MIG: 13:55:09 : isPortInterface: 0
MIG: 13:55:09 : isPortInterface: 0
MIG: 13:55:09 : isPortInterface: 0
MIG: 13:55:09 : isPortInterface: 0
MIG: 13:55:09 : isPortInterface: 0
MIG: 13:55:09 : isPortInterface: 0
MIG: 13:55:09 : isPortInterface: 0
MIG: 13:55:09 : isPortInterface: 0
MIG: 13:55:09 : isPortInterface: 0
MIG: 13:55:09 : isPortInterface: 0
MIG: 13:55:09 : isPortInterface: 0
MIG: 13:55:09 : isPortInterface: 0
MIG: 13:55:09 : isPortInterface: 0
MIG: 13:55:09 : isPortInterface: 0
MIG: 13:55:09 : isPortInterface: 0
MIG: 13:55:09 : isPortInterface: 0
MIG: 13:55:09 : isPortInterface: 0
MIG: 13:55:09 : isPortInterface: 0
MIG: 13:55:09 : isPortInterface: 0
MIG: 13:55:09 : isPortInterface: 0
MIG: 13:55:09 : isPortInterface: 0
MIG: 13:55:09 : isPortInterface: 0
MIG: 13:55:09 : isPortInterface: 0
MIG: 13:55:09 : isPortInterface: 0
MIG: 13:55:09 : isPortInterface: 0
MIG: 13:55:09 : isPortInterface: 0
MIG: 13:55:09 : isPortInterface: 0
MIG: 13:55:09 : isPortInterface: 0
MIG: 13:55:09 : isPortInterface: 0
MIG: 13:55:09 : isPortInterface: 0
MIG: 13:55:09 : isPortInterface: 0
MIG: 13:55:09 : isPortInterface: 0
MIG: 13:55:09 : isPortInterface: 0
MIG: 13:55:09 : isPortInterface: 0
MIG: 13:55:09 : isPortInterface: 0
MIG: 13:55:09 : isPortInterface: 0
MIG: 13:55:09 : isPortInterface: 0
MIG: 13:55:09 : isPortInterface: 0
MIG: 13:55:09 : isPortInterface: 0
MIG: 13:55:09 : isPortInterface: 0
MIG: 13:55:09 : isPortInterface: 0
MIG: 13:55:09 : isPortInterface: 0
MIG: 13:55:09 : isPortInterface: 0
MIG: 13:55:09 : isPortInterface: 0
MIG: 13:55:09 : isPortInterface: 0
MIG: 13:55:09 : isPortInterface: 0
MIG: 13:55:09 : isPortInterface: 0
MIG: 13:55:09 : isPortInterface: 0
MIG: 13:55:09 : isPortInterface: 0
MIG: 13:55:09 : isPortInterface: 0
MIG: 13:55:09 : isPortInterface: 0
MIG: 13:55:09 : isPortInterface: 0
MIG: 13:55:09 : isPortInterface: 0
MIG: 13:55:09 : isPortInterface: 0
MIG: 13:55:09 : isPortInterface: 0
MIG: 13:55:09 : isPortInterface: 0
MIG: 13:55:09 : isPortInterface: 0
MIG: 13:55:09 : isPortInterface: 0
MIG: 13:55:09 : isPortInterface: 0
MIG: 13:55:09 : isPortInterface: 0
MIG: 13:55:09 : isPortInterface: 0
MIG: 13:55:09 : isPortInterface: 0
MIG: 13:55:09 : isPortInterface: 0
MIG: 13:55:09 : isPortInterface: 0
MIG: 13:55:09 : isPortInterface: 0
MIG: 13:55:09 : isPortInterface: 0
MIG: 13:55:09 : isPortInterface: 0
MIG: 13:55:09 : isPortInterface: 0
MIG: 13:55:09 : isPortInterface: 0
MIG: 13:55:09 : isPortInterface: 0
MIG: 13:55:09 : isPortInterface: 0
MIG: 13:55:09 : isPortInterface: 0
MIG: 13:55:09 : isPortInterface: 0
MIG: 13:55:09 : isPortInterface: 0
MIG: 13:55:09 : isPortInterface: 0
MIG: 13:55:09 : isPortInterface: 0
MIG: 13:55:09 : isPortInterface: 0
MIG: 13:55:09 : isPortInterface: 0
MIG: 13:55:09 : isPortInterface: 0
MIG: 13:55:09 : isPortInterface: 0
MIG: 13:55:09 : isPortInterface: 0
MIG: 13:55:09 : isPortInterface: 0
MIG: 13:55:09 : isPortInterface: 0
MIG: 13:55:09 : isPortInterface: 0
MIG: 13:55:09 : isPortInterface: 0
MIG: 13:55:09 : isPortInterface: 0
MIG: 13:55:09 : isPortInterface: 0
MIG: 13:55:09 : isPortInterface: 0
MIG: 13:55:09 : isPortInterface: 0
MIG: 13:55:09 : isPortInterface: 0
MIG: 13:55:10 : isPortInterface: 0
MIG: 13:55:10 : isPortInterface: 0
MIG: 13:55:10 : isPortInterface: 0
MIG: 13:55:10 : isPortInterface: 0
MIG: 13:55:10 : isPortInterface: 0
MIG: 13:55:10 : isPortInterface: 0
MIG: 13:55:10 : isPortInterface: 0
MIG: 13:55:10 : isPortInterface: 0
MIG: 13:55:10 : isPortInterface: 0
MIG: 13:55:10 : isPortInterface: 0
MIG: 13:55:10 : isPortInterface: 0
MIG: 13:55:10 : isPortInterface: 0
MIG: 13:55:10 : isPortInterface: 0
MIG: 13:55:10 : isPortInterface: 0
MIG: 13:55:10 : isPortInterface: 0
MIG: 13:55:10 : isPortInterface: 0
MIG: 13:55:10 : isPortInterface: 0
MIG: 13:55:10 : isPortInterface: 0
MIG: 13:55:10 : isPortInterface: 0
MIG: 13:55:10 : isPortInterface: 0
MIG: 13:55:10 : isPortInterface: 0
MIG: 13:55:10 : isPortInterface: 0
MIG: 13:55:10 : isPortInterface: 0
MIG: 13:55:10 : isPortInterface: 0
MIG: 13:55:10 : isPortInterface: 0
MIG: 13:55:10 : isPortInterface: 0
MIG: 13:55:10 : isPortInterface: 0
MIG: 13:55:10 : isPortInterface: 0
MIG: 13:55:10 : isPortInterface: 0
MIG: 13:55:10 : isPortInterface: 0
MIG: 13:55:10 : isPortInterface: 0
MIG: 13:55:10 : isPortInterface: 0
MIG: 13:55:10 : isPortInterface: 0
MIG: 13:55:10 : isPortInterface: 0
MIG: 13:55:10 : isPortInterface: 0
MIG: 13:55:10 : isPortInterface: 0
MIG: 13:55:10 : isPortInterface: 0
MIG: 13:55:10 : isPortInterface: 0
MIG: 13:55:10 : isPortInterface: 0
MIG: 13:55:10 : isPortInterface: 0
MIG: 13:55:10 : isPortInterface: 0
MIG: 13:55:10 : isPortInterface: 0
MIG: 13:55:10 : isPortInterface: 0
MIG: 13:55:10 : isPortInterface: 0
MIG: 13:55:10 : isPortInterface: 0
MIG: 13:55:10 : isPortInterface: 0
MIG: 13:55:10 : isPortInterface: 0
MIG: 13:55:10 : isPortInterface: 0
MIG: 13:55:10 : isPortInterface: 0
MIG: 13:55:10 : isPortInterface: 0
MIG: 13:55:10 : isPortInterface: 0
MIG: 13:55:10 : isPortInterface: 0
MIG: 13:55:10 : isPortInterface: 0
MIG: 13:55:10 : isPortInterface: 0
MIG: 13:55:10 : isPortInterface: 0
MIG: 13:55:10 : isPortInterface: 0
MIG: 13:55:10 : isPortInterface: 0
MIG: 13:55:10 : isPortInterface: 0
MIG: 13:55:10 : isPortInterface: 0
MIG: 13:55:10 : isPortInterface: 0
MIG: 13:55:10 : isPortInterface: 0
MIG: 13:55:10 : isPortInterface: 0
MIG: 13:55:10 : isPortInterface: 0
MIG: 13:55:10 : isPortInterface: 0
MIG: 13:55:10 : isPortInterface: 0
MIG: 13:55:10 : isPortInterface: 0
MIG: 13:55:10 : isPortInterface: 0
MIG: 13:55:10 : isPortInterface: 0
MIG: 13:55:10 : isPortInterface: 0
MIG: 13:55:10 : isPortInterface: 0
MIG: 13:55:10 : isPortInterface: 0
MIG: 13:55:10 : isPortInterface: 0
MIG: 13:55:10 : isPortInterface: 0
MIG: 13:55:10 : isPortInterface: 0
MIG: 13:55:10 : isPortInterface: 0
MIG: 13:55:10 : isPortInterface: 0
MIG: 13:55:10 : isPortInterface: 0
MIG: 13:55:10 : isPortInterface: 0
MIG: 13:55:10 : isPortInterface: 0
MIG: 13:55:10 : isPortInterface: 0
MIG: 13:55:10 : isPortInterface: 0
MIG: 13:55:10 : isPortInterface: 0
MIG: 13:55:10 : isPortInterface: 0
MIG: 13:55:10 : isPortInterface: 0
MIG: 13:55:10 : isPortInterface: 0
MIG: 13:55:10 : isPortInterface: 0
MIG: 13:55:10 : isPortInterface: 0
MIG: 13:55:10 : isPortInterface: 0
MIG: 13:55:10 : isPortInterface: 0
MIG: 13:55:10 : isPortInterface: 0
MIG: 13:55:10 : isPortInterface: 0
MIG: 13:55:10 : isPortInterface: 0
MIG: 13:55:10 : isPortInterface: 0
MIG: 13:55:10 : isPortInterface: 0
MIG: 13:55:10 : isPortInterface: 0
MIG: 13:55:10 : isPortInterface: 0
MIG: 13:55:10 : isPortInterface: 0
MIG: 13:55:10 : isPortInterface: 0
MIG: 13:55:10 : isPortInterface: 1
MIG: 13:55:10 : isPortInterface: 0
MIG: 13:55:10 : isPortInterface: 0
MIG: 13:55:10 : isPortInterface: 0
MIG: 13:55:10 : isPortInterface: 0
MIG: 13:55:10 : isPortInterface: 0
MIG: 13:55:10 : isPortInterface: 0
MIG: 13:55:10 : isPortInterface: 0
MIG: 13:55:10 : isPortInterface: 0
MIG: 13:55:10 : isPortInterface: 0
MIG: 13:55:10 : isPortInterface: 0
MIG: 13:55:10 :  locked false  
MIG: 13:55:10 : HDL Language: Verilog
MIG: 13:55:10 : compInfo: false
MIG: 13:55:10 : Vivado Options xc7vx485t ffg1761 -2
MIG: 13:55:10 : 1: xc7vx485t 2: ffg1761 3: -2
MIG: 13:55:10 : relative mig path: coregen/ip/xilinx/other/com/xilinx/ip/mig_7series_v4_0/bin/nt64/mig.exe
MIG: 13:55:10 : xilinx_path: D:/Programs/Xilinx/Vivado/2016.4/ids_lite/ISE
MIG: 13:55:10 : I am in catch area
MIG: 13:55:10 : Running D:/Programs/Xilinx/Vivado/2016.4/ids_lite/ISE/coregen/ip/xilinx/other/com/xilinx/ip/mig_7series_v4_0/bin/nt64/mig.exe -cg_exc_inp c:/Users/Burak/Desktop/Projects/VC707BaseSystemExtended/VC707BaseSystemExtended.srcs/sources_1/bd/design_1/ip/design_1_mig_7series_0_0/xil_txt.in -cg_exc_out c:/Users/Burak/Desktop/Projects/VC707BaseSystemExtended/VC707BaseSystemExtended.srcs/sources_1/bd/design_1/ip/design_1_mig_7series_0_0/xil_txt.out ... 
MIG: 13:55:45 : XML_INPUT_FILE: c:/Users/Burak/Desktop/Projects/VC707BaseSystemExtended/VC707BaseSystemExtended.srcs/sources_1/bd/design_1/ip/design_1_mig_7series_0_0/mig_a.prj
MIG: 13:55:45 : Component_Name: design_1_mig_7series_0_0
MIG: 13:55:45 : Moving design_1_mig_7series_0_0 ...
MIG: 13:55:45 : Moving design_1_mig_7series_0_0.veo ...
MIG: 13:55:45 : Moving design_1_mig_7series_0_0_xmdf.tcl ...
MIG: 13:55:45 : Running vhdl_synth_rpr.xit
MIG: 13:55:46 : IGN:     <ModuleName>design_1_mig_7series_0_0</ModuleName> <==>     <ModuleName>design_1_mig_7series_0_0</ModuleName> 
MIG: 13:55:46 : IGN:         <InputClkFreq>200</InputClkFreq> <==>         <InputClkFreq>200</InputClkFreq> 
MIG: 13:55:46 : Running simulation.xit
MIG: 13:55:46 : ################# RUNNING MIG BATCH ###################
MIG: 13:55:46 : Writing IN file for 'design_1_mig_7series_0_0'...compDirPath: d:/Programs/Xilinx/Vivado/2016.4/data/ip/xilinx/mig_7series_v4_0... instDirPath: c:/Users/Burak/Desktop/Projects/VC707BaseSystemExtended/VC707BaseSystemExtended.srcs/sources_1/bd/design_1/ip/design_1_mig_7series_0_0
MIG: 13:55:46 : synp_flow:  -- synthesis_mode: Other
MIG: 13:55:46 : outputDirectory: c:/Users/Burak/Desktop/Projects/VC707BaseSystemExtended/VC707BaseSystemExtended.srcs/sources_1/bd/design_1/ip/design_1_mig_7series_0_0/_tmp/
MIG: 13:55:46 : vivado_mode: xpg_bd
MIG: 13:55:46 : isPortInterface: 0
MIG: 13:55:46 : isPortInterface: 0
MIG: 13:55:46 : isPortInterface: 0
MIG: 13:55:46 : isPortInterface: 0
MIG: 13:55:46 : isPortInterface: 0
MIG: 13:55:46 : isPortInterface: 0
MIG: 13:55:46 : isPortInterface: 0
MIG: 13:55:46 : isPortInterface: 0
MIG: 13:55:46 : isPortInterface: 0
MIG: 13:55:46 : isPortInterface: 0
MIG: 13:55:46 : isPortInterface: 0
MIG: 13:55:46 : isPortInterface: 0
MIG: 13:55:46 : isPortInterface: 0
MIG: 13:55:46 : isPortInterface: 0
MIG: 13:55:46 : isPortInterface: 0
MIG: 13:55:46 : isPortInterface: 0
MIG: 13:55:46 : isPortInterface: 0
MIG: 13:55:46 : isPortInterface: 0
MIG: 13:55:47 : isPortInterface: 0
MIG: 13:55:47 : isPortInterface: 0
MIG: 13:55:47 : isPortInterface: 0
MIG: 13:55:47 : isPortInterface: 0
MIG: 13:55:47 : isPortInterface: 0
MIG: 13:55:47 : isPortInterface: 0
MIG: 13:55:47 : isPortInterface: 0
MIG: 13:55:47 : isPortInterface: 0
MIG: 13:55:47 : isPortInterface: 0
MIG: 13:55:47 : isPortInterface: 0
MIG: 13:55:47 : isPortInterface: 0
MIG: 13:55:47 : isPortInterface: 0
MIG: 13:55:47 : isPortInterface: 0
MIG: 13:55:47 : isPortInterface: 0
MIG: 13:55:47 : isPortInterface: 0
MIG: 13:55:47 : isPortInterface: 0
MIG: 13:55:47 : isPortInterface: 0
MIG: 13:55:47 : isPortInterface: 0
MIG: 13:55:47 : isPortInterface: 0
MIG: 13:55:47 : isPortInterface: 0
MIG: 13:55:47 : isPortInterface: 0
MIG: 13:55:47 : isPortInterface: 0
MIG: 13:55:47 : isPortInterface: 0
MIG: 13:55:47 : isPortInterface: 0
MIG: 13:55:47 : isPortInterface: 0
MIG: 13:55:47 : isPortInterface: 0
MIG: 13:55:47 : isPortInterface: 0
MIG: 13:55:47 : isPortInterface: 0
MIG: 13:55:47 : isPortInterface: 0
MIG: 13:55:47 : isPortInterface: 0
MIG: 13:55:47 : isPortInterface: 0
MIG: 13:55:47 : isPortInterface: 0
MIG: 13:55:47 : isPortInterface: 0
MIG: 13:55:47 : isPortInterface: 0
MIG: 13:55:47 : isPortInterface: 0
MIG: 13:55:47 : isPortInterface: 0
MIG: 13:55:47 : isPortInterface: 0
MIG: 13:55:47 : isPortInterface: 0
MIG: 13:55:47 : isPortInterface: 0
MIG: 13:55:47 : isPortInterface: 0
MIG: 13:55:47 : isPortInterface: 0
MIG: 13:55:47 : isPortInterface: 0
MIG: 13:55:47 : isPortInterface: 0
MIG: 13:55:47 : isPortInterface: 0
MIG: 13:55:47 : isPortInterface: 0
MIG: 13:55:47 : isPortInterface: 0
MIG: 13:55:47 : isPortInterface: 0
MIG: 13:55:47 : isPortInterface: 0
MIG: 13:55:47 : isPortInterface: 0
MIG: 13:55:47 : isPortInterface: 0
MIG: 13:55:47 : isPortInterface: 0
MIG: 13:55:47 : isPortInterface: 0
MIG: 13:55:47 : isPortInterface: 0
MIG: 13:55:47 : isPortInterface: 0
MIG: 13:55:47 : isPortInterface: 0
MIG: 13:55:47 : isPortInterface: 0
MIG: 13:55:47 : isPortInterface: 0
MIG: 13:55:47 : isPortInterface: 0
MIG: 13:55:47 : isPortInterface: 0
MIG: 13:55:47 : isPortInterface: 0
MIG: 13:55:47 : isPortInterface: 0
MIG: 13:55:47 : isPortInterface: 0
MIG: 13:55:47 : isPortInterface: 0
MIG: 13:55:47 : isPortInterface: 0
MIG: 13:55:47 : isPortInterface: 0
MIG: 13:55:47 : isPortInterface: 0
MIG: 13:55:47 : isPortInterface: 0
MIG: 13:55:47 : isPortInterface: 0
MIG: 13:55:47 : isPortInterface: 0
MIG: 13:55:47 : isPortInterface: 0
MIG: 13:55:47 : isPortInterface: 0
MIG: 13:55:47 : isPortInterface: 0
MIG: 13:55:47 : isPortInterface: 0
MIG: 13:55:47 : isPortInterface: 0
MIG: 13:55:47 : isPortInterface: 0
MIG: 13:55:47 : isPortInterface: 0
MIG: 13:55:47 : isPortInterface: 0
MIG: 13:55:47 : isPortInterface: 0
MIG: 13:55:47 : isPortInterface: 0
MIG: 13:55:47 : isPortInterface: 0
MIG: 13:55:47 : isPortInterface: 0
MIG: 13:55:47 : isPortInterface: 0
MIG: 13:55:47 : isPortInterface: 0
MIG: 13:55:47 : isPortInterface: 0
MIG: 13:55:47 : isPortInterface: 0
MIG: 13:55:47 : isPortInterface: 0
MIG: 13:55:47 : isPortInterface: 0
MIG: 13:55:47 : isPortInterface: 0
MIG: 13:55:47 : isPortInterface: 0
MIG: 13:55:47 : isPortInterface: 0
MIG: 13:55:47 : isPortInterface: 0
MIG: 13:55:47 : isPortInterface: 0
MIG: 13:55:47 : isPortInterface: 0
MIG: 13:55:47 : isPortInterface: 0
MIG: 13:55:47 : isPortInterface: 0
MIG: 13:55:47 : isPortInterface: 0
MIG: 13:55:47 : isPortInterface: 0
MIG: 13:55:47 : isPortInterface: 0
MIG: 13:55:47 : isPortInterface: 0
MIG: 13:55:47 : isPortInterface: 0
MIG: 13:55:47 : isPortInterface: 0
MIG: 13:55:47 : isPortInterface: 0
MIG: 13:55:47 : isPortInterface: 0
MIG: 13:55:47 : isPortInterface: 0
MIG: 13:55:47 : isPortInterface: 0
MIG: 13:55:47 : isPortInterface: 0
MIG: 13:55:47 : isPortInterface: 0
MIG: 13:55:47 : isPortInterface: 0
MIG: 13:55:47 : isPortInterface: 0
MIG: 13:55:47 : isPortInterface: 0
MIG: 13:55:47 : isPortInterface: 0
MIG: 13:55:47 : isPortInterface: 0
MIG: 13:55:47 : isPortInterface: 0
MIG: 13:55:47 : isPortInterface: 0
MIG: 13:55:47 : isPortInterface: 0
MIG: 13:55:47 : isPortInterface: 0
MIG: 13:55:47 : isPortInterface: 0
MIG: 13:55:47 : isPortInterface: 0
MIG: 13:55:47 : isPortInterface: 0
MIG: 13:55:47 : isPortInterface: 0
MIG: 13:55:47 : isPortInterface: 0
MIG: 13:55:47 : isPortInterface: 0
MIG: 13:55:47 : isPortInterface: 0
MIG: 13:55:47 : isPortInterface: 0
MIG: 13:55:47 : isPortInterface: 0
MIG: 13:55:47 : isPortInterface: 0
MIG: 13:55:47 : isPortInterface: 0
MIG: 13:55:47 : isPortInterface: 0
MIG: 13:55:47 : isPortInterface: 0
MIG: 13:55:47 : isPortInterface: 0
MIG: 13:55:47 : isPortInterface: 0
MIG: 13:55:47 : isPortInterface: 0
MIG: 13:55:47 : isPortInterface: 0
MIG: 13:55:47 : isPortInterface: 0
MIG: 13:55:47 : isPortInterface: 0
MIG: 13:55:47 : isPortInterface: 0
MIG: 13:55:47 : isPortInterface: 0
MIG: 13:55:47 : isPortInterface: 0
MIG: 13:55:47 : isPortInterface: 0
MIG: 13:55:47 : isPortInterface: 0
MIG: 13:55:47 : isPortInterface: 0
MIG: 13:55:47 : isPortInterface: 0
MIG: 13:55:47 : isPortInterface: 0
MIG: 13:55:47 : isPortInterface: 0
MIG: 13:55:47 : isPortInterface: 0
MIG: 13:55:47 : isPortInterface: 0
MIG: 13:55:47 : isPortInterface: 0
MIG: 13:55:47 : isPortInterface: 0
MIG: 13:55:47 : isPortInterface: 0
MIG: 13:55:47 : isPortInterface: 0
MIG: 13:55:47 : isPortInterface: 0
MIG: 13:55:47 : isPortInterface: 0
MIG: 13:55:47 : isPortInterface: 0
MIG: 13:55:47 : isPortInterface: 0
MIG: 13:55:47 : isPortInterface: 0
MIG: 13:55:47 : isPortInterface: 0
MIG: 13:55:47 : isPortInterface: 0
MIG: 13:55:47 : isPortInterface: 0
MIG: 13:55:47 : isPortInterface: 0
MIG: 13:55:47 : isPortInterface: 0
MIG: 13:55:47 : isPortInterface: 0
MIG: 13:55:47 : isPortInterface: 0
MIG: 13:55:47 : isPortInterface: 0
MIG: 13:55:47 : isPortInterface: 0
MIG: 13:55:47 : isPortInterface: 0
MIG: 13:55:47 : isPortInterface: 0
MIG: 13:55:47 : isPortInterface: 0
MIG: 13:55:47 : isPortInterface: 0
MIG: 13:55:47 : isPortInterface: 0
MIG: 13:55:47 : isPortInterface: 0
MIG: 13:55:47 : isPortInterface: 0
MIG: 13:55:47 : isPortInterface: 0
MIG: 13:55:47 : isPortInterface: 0
MIG: 13:55:47 : isPortInterface: 0
MIG: 13:55:47 : isPortInterface: 0
MIG: 13:55:47 : isPortInterface: 1
MIG: 13:55:47 : isPortInterface: 0
MIG: 13:55:47 : isPortInterface: 0
MIG: 13:55:47 : isPortInterface: 0
MIG: 13:55:47 : isPortInterface: 0
MIG: 13:55:47 : isPortInterface: 0
MIG: 13:55:47 : isPortInterface: 0
MIG: 13:55:47 : isPortInterface: 0
MIG: 13:55:47 : isPortInterface: 0
MIG: 13:55:47 : isPortInterface: 0
MIG: 13:55:47 : isPortInterface: 0
MIG: 13:55:47 :  locked false  
MIG: 13:55:47 : HDL Language: Verilog
MIG: 13:55:47 : compInfo: false
MIG: 13:55:47 : Vivado Options xc7vx485t ffg1761 -2
MIG: 13:55:47 : 1: xc7vx485t 2: ffg1761 3: -2
MIG: 13:55:47 : relative mig path: coregen/ip/xilinx/other/com/xilinx/ip/mig_7series_v4_0/bin/nt64/mig.exe
MIG: 13:55:47 : xilinx_path: D:/Programs/Xilinx/Vivado/2016.4/ids_lite/ISE
MIG: 13:55:47 : I am in catch area
MIG: 13:55:47 : Running D:/Programs/Xilinx/Vivado/2016.4/ids_lite/ISE/coregen/ip/xilinx/other/com/xilinx/ip/mig_7series_v4_0/bin/nt64/mig.exe -cg_exc_inp c:/Users/Burak/Desktop/Projects/VC707BaseSystemExtended/VC707BaseSystemExtended.srcs/sources_1/bd/design_1/ip/design_1_mig_7series_0_0/xil_txt.in -cg_exc_out c:/Users/Burak/Desktop/Projects/VC707BaseSystemExtended/VC707BaseSystemExtended.srcs/sources_1/bd/design_1/ip/design_1_mig_7series_0_0/xil_txt.out ... 
MIG: 13:56:12 : XML_INPUT_FILE: c:/Users/Burak/Desktop/Projects/VC707BaseSystemExtended/VC707BaseSystemExtended.srcs/sources_1/bd/design_1/ip/design_1_mig_7series_0_0/mig_a.prj
MIG: 13:56:12 : Component_Name: design_1_mig_7series_0_0
MIG: 13:56:12 : Moving design_1_mig_7series_0_0 ...
MIG: 13:56:12 : Moving design_1_mig_7series_0_0.veo ...
MIG: 13:56:12 : Moving design_1_mig_7series_0_0_xmdf.tcl ...
MIG: 13:56:13 : Running vlog_sim_rpr.xit .. PRASAD DBG1
MIG: 13:56:13 : IGN:     <ModuleName>design_1_mig_7series_0_0</ModuleName> <==>     <ModuleName>design_1_mig_7series_0_0</ModuleName> 
MIG: 13:56:13 : IGN:         <InputClkFreq>200</InputClkFreq> <==>         <InputClkFreq>200</InputClkFreq> 
MIG: 13:56:13 : Running implementation.xit
MIG: 13:56:14 : IGN:     <ModuleName>design_1_mig_7series_0_0</ModuleName> <==>     <ModuleName>design_1_mig_7series_0_0</ModuleName> 
MIG: 13:56:14 : IGN:         <InputClkFreq>200</InputClkFreq> <==>         <InputClkFreq>200</InputClkFreq> 
MIG: 11:14:07 : xml_input_file: board.prj
MIG: 11:14:07 : Absolute path of xml_input_file: c:/Users/Burak/Desktop/Projects/VC707BaseSystemExtended/VC707BaseSystemExtended.srcs/sources_1/bd/design_1/ip/design_1_mig_7series_0_0/board.prj
MIG: 11:14:07 : xml_input_file: mig_a.prj
MIG: 11:14:07 : Absolute path of xml_input_file: c:/Users/Burak/Desktop/Projects/VC707BaseSystemExtended/VC707BaseSystemExtended.srcs/sources_1/bd/design_1/ip/design_1_mig_7series_0_0/mig_a.prj
MIG: 11:14:07 : xml_input_file: mig_a.prj
MIG: 11:14:07 : Absolute path of xml_input_file: c:/Users/Burak/Desktop/Projects/VC707BaseSystemExtended/VC707BaseSystemExtended.srcs/sources_1/bd/design_1/ip/design_1_mig_7series_0_0/mig_a.prj
MIG: 15:06:29 : xml_input_file: board.prj
MIG: 15:06:29 : Absolute path of xml_input_file: c:/Users/Burak/Desktop/VC707BaseSystemExtended/VC707BaseSystemExtended.srcs/sources_1/bd/design_1/ip/design_1_mig_7series_0_0/board.prj
MIG: 15:06:29 : xml_input_file: mig_a.prj
MIG: 15:06:29 : Absolute path of xml_input_file: c:/Users/Burak/Desktop/VC707BaseSystemExtended/VC707BaseSystemExtended.srcs/sources_1/bd/design_1/ip/design_1_mig_7series_0_0/mig_a.prj
MIG: 15:06:29 : xml_input_file: mig_a.prj
MIG: 15:06:29 : Absolute path of xml_input_file: c:/Users/Burak/Desktop/VC707BaseSystemExtended/VC707BaseSystemExtended.srcs/sources_1/bd/design_1/ip/design_1_mig_7series_0_0/mig_a.prj
MIG: 15:06:29 : xml_input_file: mig_a.prj
MIG: 15:06:29 : Absolute path of xml_input_file: c:/Users/Burak/Desktop/VC707BaseSystemExtended/VC707BaseSystemExtended.srcs/sources_1/bd/design_1/ip/design_1_mig_7series_0_0/mig_a.prj
MIG: 15:06:29 : In updateAllModelParams
MIG: 15:06:29 : XGUI hdlLanguage: Verilog
MIG: 15:06:29 : xgui vivado_mode: xpg_bd
MIG: 15:06:29 : xgui hdlLanguage: Verilog -- hdlExt: v
MIG: 15:06:29 : Reading C:/Users/Burak/Desktop/VC707BaseSystemExtended/VC707BaseSystemExtended.srcs/sources_1/bd/design_1/ip/design_1_mig_7series_0_0/design_1_mig_7series_0_0/user_design/rtl/design_1_mig_7series_0_0_mig.v ...
MIG: 15:06:31 : 
MIG: 15:06:31 : Inside fn mem: DDR3
MIG: 15:06:31 : detect_uiclk: 125000000
MIG: 15:06:31 : cntrl:  memtype: DDR3
MIG: 15:06:31 : 
MIG: 15:06:31 :  MMCM_VCO single ctrl param_name: MMCM_VCO --  possibleMaxVcoVal: 1000 
MIG: 15:06:31 : 
MIG: 15:06:31 : 
MIG: 15:06:31 : 
MIG: 15:06:31 : 
MIG: 15:06:31 :  polarity_value: 0
MIG: 15:06:31 : 
MIG: 15:06:31 : 
MIG: 15:06:31 : cntrl:  memtype: DDR3
MIG: 15:06:31 : Prasad ----: isMMCMExtraClkParam:: MMCM_CLKOUT0_EN --- "TRUE"
MIG: 15:06:31 : 
MIG: 15:06:31 :  MMCM Enable Param: MMCM_CLKOUT0_EN ==> TRUE
MIG: 15:06:31 : Prasad ----: isMMCMExtraClkParam:: MMCM_CLKOUT1_EN --- "FALSE"
MIG: 15:06:31 : 
MIG: 15:06:31 :  MMCM Enable Param: MMCM_CLKOUT1_EN ==> FALSE
MIG: 15:06:31 : Prasad ----: isMMCMExtraClkParam:: MMCM_CLKOUT2_EN --- "FALSE"
MIG: 15:06:31 : 
MIG: 15:06:31 :  MMCM Enable Param: MMCM_CLKOUT2_EN ==> FALSE
MIG: 15:06:31 : Prasad ----: isMMCMExtraClkParam:: MMCM_CLKOUT3_EN --- "FALSE"
MIG: 15:06:31 : 
MIG: 15:06:31 :  MMCM Enable Param: MMCM_CLKOUT3_EN ==> FALSE
MIG: 15:06:31 : Prasad ----: isMMCMExtraClkParam:: MMCM_CLKOUT4_EN --- "FALSE"
MIG: 15:06:31 : 
MIG: 15:06:31 :  MMCM Enable Param: MMCM_CLKOUT4_EN ==> FALSE
MIG: 15:06:31 : Prasad ----: isMMCMExtraClkParam:: MMCM_CLKOUT0_DIVIDE --- 10.000
MIG: 15:06:31 : possibleMaxVcoVal:: 1000 ---- paramName: MMCM_CLKOUT0_DIVIDE
MIG: 15:06:31 : 
MIG: 15:06:31 :  MMCM Extra Param: MMCM_CLKOUT0_FREQ ==> 100000000
MIG: 15:06:31 : Prasad ----: isMMCMExtraClkParam:: MMCM_CLKOUT1_DIVIDE --- 1
MIG: 15:06:31 : possibleMaxVcoVal:: 1000 ---- paramName: MMCM_CLKOUT1_DIVIDE
MIG: 15:06:31 : 
MIG: 15:06:31 :  MMCM Extra Param: MMCM_CLKOUT1_FREQ ==> 1000000000
MIG: 15:06:31 : Prasad ----: isMMCMExtraClkParam:: MMCM_CLKOUT2_DIVIDE --- 1
MIG: 15:06:31 : possibleMaxVcoVal:: 1000 ---- paramName: MMCM_CLKOUT2_DIVIDE
MIG: 15:06:31 : 
MIG: 15:06:31 :  MMCM Extra Param: MMCM_CLKOUT2_FREQ ==> 1000000000
MIG: 15:06:31 : Prasad ----: isMMCMExtraClkParam:: MMCM_CLKOUT3_DIVIDE --- 1
MIG: 15:06:31 : possibleMaxVcoVal:: 1000 ---- paramName: MMCM_CLKOUT3_DIVIDE
MIG: 15:06:31 : 
MIG: 15:06:31 :  MMCM Extra Param: MMCM_CLKOUT3_FREQ ==> 1000000000
MIG: 15:06:31 : Prasad ----: isMMCMExtraClkParam:: MMCM_CLKOUT4_DIVIDE --- 1
MIG: 15:06:31 : possibleMaxVcoVal:: 1000 ---- paramName: MMCM_CLKOUT4_DIVIDE
MIG: 15:06:31 : 
MIG: 15:06:31 :  MMCM Extra Param: MMCM_CLKOUT4_FREQ ==> 1000000000
MIG: 15:06:31 : 
MIG: 15:06:31 :  Valid Param: DDR3_BANK_WIDTH ==> 3
MIG: 15:06:31 : 
MIG: 15:06:31 :  Valid Param: DDR3_CK_WIDTH ==> 1
MIG: 15:06:31 :  Invalid Param: DDR3_COL_WIDTH ==> 10
MIG: 15:06:31 : 
MIG: 15:06:31 :  Valid Param: DDR3_CS_WIDTH ==> 1
MIG: 15:06:31 : 
MIG: 15:06:31 :  Valid Param: DDR3_nCS_PER_RANK ==> 1
MIG: 15:06:31 : 
MIG: 15:06:31 :  Valid Param: DDR3_CKE_WIDTH ==> 1
MIG: 15:06:31 :  Invalid Param: DDR3_DATA_BUF_ADDR_WIDTH ==> 5
MIG: 15:06:31 :  Invalid Param: DDR3_DQ_CNT_WIDTH ==> 6
MIG: 15:06:31 :  Invalid Param: DDR3_DQ_PER_DM ==> 8
MIG: 15:06:31 : 
MIG: 15:06:31 :  Valid Param: DDR3_DM_WIDTH ==> 8
MIG: 15:06:31 : 
MIG: 15:06:31 :  Valid Param: DDR3_DQ_WIDTH ==> 64
MIG: 15:06:31 : 
MIG: 15:06:31 :  Valid Param: DDR3_DQS_WIDTH ==> 8
MIG: 15:06:31 : 
MIG: 15:06:31 :  Valid Param: DDR3_DQS_CNT_WIDTH ==> 3
MIG: 15:06:31 :  Invalid Param: DDR3_DRAM_WIDTH ==> 8
MIG: 15:06:31 : 
MIG: 15:06:31 :  Valid Param: ECC ==> OFF
MIG: 15:06:31 : 
MIG: 15:06:31 :  Valid Param: DDR3_DATA_WIDTH ==> 64
MIG: 15:06:31 :  Invalid Param: ECC_TEST ==> "OFF"
MIG: 15:06:31 :  Invalid Param: DDR3_PAYLOAD_WIDTH ==> (ECC_TEST == "OFF") ? DATA_WIDTH : DQ_WIDTH
MIG: 15:06:31 :  Invalid Param: DDR3_MEM_ADDR_ORDER ==> "ROW_BANK_COLUMN"
MIG: 15:06:31 :  Invalid Param: DDR3_nBANK_MACHS ==> 4
MIG: 15:06:31 :  Invalid Param: DDR3_RANKS ==> 1
MIG: 15:06:31 : 
MIG: 15:06:31 :  Valid Param: DDR3_ODT_WIDTH ==> 1
MIG: 15:06:31 : 
MIG: 15:06:31 :  Valid Param: DDR3_ROW_WIDTH ==> 14
MIG: 15:06:31 : 
MIG: 15:06:31 :  Valid Param: DDR3_ADDR_WIDTH ==> 28
MIG: 15:06:31 : 
MIG: 15:06:31 :  Valid Param: DDR3_USE_CS_PORT ==> 1
MIG: 15:06:31 : 
MIG: 15:06:31 :  Valid Param: DDR3_USE_DM_PORT ==> 1
MIG: 15:06:31 : 
MIG: 15:06:31 :  Valid Param: DDR3_USE_ODT_PORT ==> 1
MIG: 15:06:31 :  Invalid Param: DDR3_IS_CLK_SHARED ==> "FALSE"
MIG: 15:06:31 :  Invalid Param: DDR3_PHY_CONTROL_MASTER_BANK ==> 1
MIG: 15:06:31 :  Invalid Param: DDR3_MEM_DENSITY ==> "1Gb"
MIG: 15:06:31 :  Invalid Param: DDR3_MEM_SPEEDGRADE ==> "125"
MIG: 15:06:31 :  Invalid Param: DDR3_MEM_DEVICE_WIDTH ==> 8
MIG: 15:06:31 :  Invalid Param: DDR3_AL ==> "0"
MIG: 15:06:31 :  Invalid Param: DDR3_nAL ==> 0
MIG: 15:06:31 :  Invalid Param: DDR3_BURST_MODE ==> "8"
MIG: 15:06:31 :  Invalid Param: DDR3_BURST_TYPE ==> "SEQ"
MIG: 15:06:31 :  Invalid Param: DDR3_CL ==> 7
MIG: 15:06:31 :  Invalid Param: DDR3_CWL ==> 6
MIG: 15:06:31 :  Invalid Param: DDR3_OUTPUT_DRV ==> "LOW"
MIG: 15:06:31 :  Invalid Param: DDR3_RTT_NOM ==> "60"
MIG: 15:06:31 :  Invalid Param: DDR3_RTT_WR ==> "OFF"
MIG: 15:06:31 :  Invalid Param: DDR3_ADDR_CMD_MODE ==> "1T"
MIG: 15:06:31 : 
MIG: 15:06:31 :  Valid Param: DDR3_REG_CTRL ==> OFF
MIG: 15:06:31 :  Invalid Param: DDR3_CA_MIRROR ==> "OFF"
MIG: 15:06:31 :  Invalid Param: DDR3_VDD_OP_VOLT ==> "150"
MIG: 15:06:31 :  Invalid Param: DDR3_CLKIN_PERIOD ==> 5000
MIG: 15:06:31 :  Invalid Param: DDR3_CLKFBOUT_MULT ==> 5
MIG: 15:06:31 :  Invalid Param: DDR3_DIVCLK_DIVIDE ==> 1
MIG: 15:06:31 :  Invalid Param: DDR3_CLKOUT0_PHASE ==> 337.5
MIG: 15:06:31 :  Invalid Param: DDR3_CLKOUT0_DIVIDE ==> 2
MIG: 15:06:31 :  Invalid Param: DDR3_CLKOUT1_DIVIDE ==> 2
MIG: 15:06:31 :  Invalid Param: DDR3_CLKOUT2_DIVIDE ==> 32
MIG: 15:06:31 :  Invalid Param: DDR3_CLKOUT3_DIVIDE ==> 8
MIG: 15:06:31 :  Invalid Param: DDR3_MMCM_VCO ==> 1000
MIG: 15:06:31 :  Invalid Param: DDR3_MMCM_MULT_F ==> 8
MIG: 15:06:31 :  Invalid Param: DDR3_MMCM_DIVCLK_DIVIDE ==> 1
MIG: 15:06:31 :  Invalid Param: DDR3_MMCM_CLKOUT0_EN ==> "TRUE"
MIG: 15:06:31 :  Invalid Param: DDR3_MMCM_CLKOUT1_EN ==> "FALSE"
MIG: 15:06:31 :  Invalid Param: DDR3_MMCM_CLKOUT2_EN ==> "FALSE"
MIG: 15:06:31 :  Invalid Param: DDR3_MMCM_CLKOUT3_EN ==> "FALSE"
MIG: 15:06:31 :  Invalid Param: DDR3_MMCM_CLKOUT4_EN ==> "FALSE"
MIG: 15:06:31 :  Invalid Param: DDR3_MMCM_CLKOUT0_DIVIDE ==> 10.000
MIG: 15:06:31 :  Invalid Param: DDR3_MMCM_CLKOUT1_DIVIDE ==> 1
MIG: 15:06:31 :  Invalid Param: DDR3_MMCM_CLKOUT2_DIVIDE ==> 1
MIG: 15:06:31 :  Invalid Param: DDR3_MMCM_CLKOUT3_DIVIDE ==> 1
MIG: 15:06:31 :  Invalid Param: DDR3_MMCM_CLKOUT4_DIVIDE ==> 1
MIG: 15:06:31 :  Invalid Param: DDR3_tCKE ==> 5000
MIG: 15:06:31 :  Invalid Param: DDR3_tFAW ==> 30000
MIG: 15:06:32 :  Invalid Param: DDR3_tPRDI ==> 1_000_000
MIG: 15:06:32 :  Invalid Param: DDR3_tRAS ==> 35000
MIG: 15:06:32 :  Invalid Param: DDR3_tRCD ==> 13750
MIG: 15:06:32 :  Invalid Param: DDR3_tREFI ==> 7800000
MIG: 15:06:32 :  Invalid Param: DDR3_tRFC ==> 110000
MIG: 15:06:32 :  Invalid Param: DDR3_tRP ==> 13750
MIG: 15:06:32 :  Invalid Param: DDR3_tRRD ==> 6000
MIG: 15:06:32 :  Invalid Param: DDR3_tRTP ==> 7500
MIG: 15:06:32 :  Invalid Param: DDR3_tWTR ==> 7500
MIG: 15:06:32 :  Invalid Param: DDR3_tZQI ==> 128_000_000
MIG: 15:06:32 :  Invalid Param: DDR3_tZQCS ==> 64
MIG: 15:06:32 :  Invalid Param: DDR3_SIM_BYPASS_INIT_CAL ==> "OFF"
MIG: 15:06:32 :  Invalid Param: DDR3_SIMULATION ==> "FALSE"
MIG: 15:06:32 :  Invalid Param: DDR3_BYTE_LANES_B0 ==> 4'b1111
MIG: 15:06:32 :  Invalid Param: DDR3_BYTE_LANES_B1 ==> 4'b1110
MIG: 15:06:32 :  Invalid Param: DDR3_BYTE_LANES_B2 ==> 4'b1111
MIG: 15:06:32 :  Invalid Param: DDR3_BYTE_LANES_B3 ==> 4'b0000
MIG: 15:06:32 :  Invalid Param: DDR3_BYTE_LANES_B4 ==> 4'b0000
MIG: 15:06:32 :  Invalid Param: DDR3_DATA_CTL_B0 ==> 4'b1111
MIG: 15:06:32 :  Invalid Param: DDR3_DATA_CTL_B1 ==> 4'b0000
MIG: 15:06:32 :  Invalid Param: DDR3_DATA_CTL_B2 ==> 4'b1111
MIG: 15:06:32 :  Invalid Param: DDR3_DATA_CTL_B3 ==> 4'b0000
MIG: 15:06:32 :  Invalid Param: DDR3_DATA_CTL_B4 ==> 4'b0000
MIG: 15:06:32 :  Invalid Param: DDR3_PHY_0_BITLANES ==> 48'h3FE_1FF_1FF_2FF
MIG: 15:06:32 :  Invalid Param: DDR3_PHY_1_BITLANES ==> 48'hFFE_F30_CB4_000
MIG: 15:06:32 :  Invalid Param: DDR3_PHY_2_BITLANES ==> 48'h3FE_3FE_3BF_2FF
MIG: 15:06:32 :  Invalid Param: DDR3_CK_BYTE_MAP ==> 144'h00_00_00_00_00_00_00_00_00_00_00_00_00_00_00_00_00_11
MIG: 15:06:32 :  Invalid Param: DDR3_ADDR_MAP ==> 192'h000_000_132_136_135_133_139_124_131_129_137_134_13A_128_138_13B
MIG: 15:06:32 :  Invalid Param: DDR3_BANK_MAP ==> 36'h125_12A_12B
MIG: 15:06:32 :  Invalid Param: DDR3_CAS_MAP ==> 12'h115
MIG: 15:06:32 :  Invalid Param: DDR3_CKE_ODT_BYTE_MAP ==> 8'h00
MIG: 15:06:32 :  Invalid Param: DDR3_CKE_MAP ==> 96'h000_000_000_000_000_000_000_117
MIG: 15:06:32 :  Invalid Param: DDR3_ODT_MAP ==> 96'h000_000_000_000_000_000_000_112
MIG: 15:06:32 :  Invalid Param: DDR3_CS_MAP ==> 120'h000_000_000_000_000_000_000_000_000_114
MIG: 15:06:32 :  Invalid Param: DDR3_PARITY_MAP ==> 12'h000
MIG: 15:06:32 :  Invalid Param: DDR3_RAS_MAP ==> 12'h11A
MIG: 15:06:32 :  Invalid Param: DDR3_WE_MAP ==> 12'h11B
MIG: 15:06:32 :  Invalid Param: DDR3_DQS_BYTE_MAP ==> 144'h00_00_00_00_00_00_00_00_00_00_20_21_22_23_03_02_01_00
MIG: 15:06:32 :  Invalid Param: DDR3_DATA0_MAP ==> 96'h009_000_003_001_007_006_005_002
MIG: 15:06:32 :  Invalid Param: DDR3_DATA1_MAP ==> 96'h014_018_010_011_017_016_012_013
MIG: 15:06:32 :  Invalid Param: DDR3_DATA2_MAP ==> 96'h021_022_025_020_027_023_026_028
MIG: 15:06:32 :  Invalid Param: DDR3_DATA3_MAP ==> 96'h033_039_031_035_032_038_034_037
MIG: 15:06:32 :  Invalid Param: DDR3_DATA4_MAP ==> 96'h231_238_237_236_233_232_234_239
MIG: 15:06:32 :  Invalid Param: DDR3_DATA5_MAP ==> 96'h226_227_225_229_221_222_224_228
MIG: 15:06:32 :  Invalid Param: DDR3_DATA6_MAP ==> 96'h214_215_210_218_217_213_219_212
MIG: 15:06:32 :  Invalid Param: DDR3_DATA7_MAP ==> 96'h207_203_204_206_202_201_205_209
MIG: 15:06:32 :  Invalid Param: DDR3_DATA8_MAP ==> 96'h000_000_000_000_000_000_000_000
MIG: 15:06:32 :  Invalid Param: DDR3_DATA9_MAP ==> 96'h000_000_000_000_000_000_000_000
MIG: 15:06:32 :  Invalid Param: DDR3_DATA10_MAP ==> 96'h000_000_000_000_000_000_000_000
MIG: 15:06:32 :  Invalid Param: DDR3_DATA11_MAP ==> 96'h000_000_000_000_000_000_000_000
MIG: 15:06:32 :  Invalid Param: DDR3_DATA12_MAP ==> 96'h000_000_000_000_000_000_000_000
MIG: 15:06:32 :  Invalid Param: DDR3_DATA13_MAP ==> 96'h000_000_000_000_000_000_000_000
MIG: 15:06:32 :  Invalid Param: DDR3_DATA14_MAP ==> 96'h000_000_000_000_000_000_000_000
MIG: 15:06:32 :  Invalid Param: DDR3_DATA15_MAP ==> 96'h000_000_000_000_000_000_000_000
MIG: 15:06:32 :  Invalid Param: DDR3_DATA16_MAP ==> 96'h000_000_000_000_000_000_000_000
MIG: 15:06:32 :  Invalid Param: DDR3_DATA17_MAP ==> 96'h000_000_000_000_000_000_000_000
MIG: 15:06:32 :  Invalid Param: DDR3_MASK0_MAP ==> 108'h000_200_211_223_235_036_024_015_004
MIG: 15:06:32 :  Invalid Param: DDR3_MASK1_MAP ==> 108'h000_000_000_000_000_000_000_000_000
MIG: 15:06:32 :  Invalid Param: DDR3_SLOT_0_CONFIG ==> 8'b0000_0001
MIG: 15:06:32 :  Invalid Param: DDR3_SLOT_1_CONFIG ==> 8'b0000_0000
MIG: 15:06:32 :  Invalid Param: DDR3_IBUF_LPWR_MODE ==> "OFF"
MIG: 15:06:32 :  Invalid Param: DDR3_DATA_IO_IDLE_PWRDWN ==> "ON"
MIG: 15:06:32 :  Invalid Param: DDR3_BANK_TYPE ==> "HP_IO"
MIG: 15:06:32 :  Invalid Param: DDR3_DATA_IO_PRIM_TYPE ==> "HP_LP"
MIG: 15:06:32 :  Invalid Param: DDR3_CKE_ODT_AUX ==> "FALSE"
MIG: 15:06:32 :  Invalid Param: DDR3_USER_REFRESH ==> "OFF"
MIG: 15:06:32 :  Invalid Param: DDR3_WRLVL ==> "ON"
MIG: 15:06:32 :  Invalid Param: DDR3_ORDERING ==> "NORM"
MIG: 15:06:32 :  Invalid Param: DDR3_CALIB_ROW_ADD ==> 16'h0000
MIG: 15:06:32 :  Invalid Param: DDR3_CALIB_COL_ADD ==> 12'h000
MIG: 15:06:32 :  Invalid Param: DDR3_CALIB_BA_ADD ==> 3'h0
MIG: 15:06:32 :  Invalid Param: DDR3_TCQ ==> 100
MIG: 15:06:32 :  Invalid Param: DDR3_IDELAY_ADJ ==> "OFF"
MIG: 15:06:32 :  Invalid Param: DDR3_FINE_PER_BIT ==> "OFF"
MIG: 15:06:32 :  Invalid Param: DDR3_CENTER_COMP_MODE ==> "OFF"
MIG: 15:06:32 :  Invalid Param: DDR3_PI_VAL_ADJ ==> "OFF"
MIG: 15:06:32 :  Invalid Param: DDR3_IODELAY_GRP0 ==> "DESIGN_1_MIG_7SERIES_0_0_IODELAY_MIG0"
MIG: 15:06:32 :  Invalid Param: DDR3_IODELAY_GRP1 ==> "DESIGN_1_MIG_7SERIES_0_0_IODELAY_MIG1"
MIG: 15:06:32 :  Invalid Param: DDR3_SYSCLK_TYPE ==> "DIFFERENTIAL"
MIG: 15:06:32 :  Invalid Param: DDR3_REFCLK_TYPE ==> "USE_SYSTEM_CLOCK"
MIG: 15:06:32 :  Invalid Param: DDR3_SYS_RST_PORT ==> "FALSE"
MIG: 15:06:32 :  Invalid Param: DDR3_FPGA_SPEED_GRADE ==> 2
MIG: 15:06:32 :  Invalid Param: DDR3_CMD_PIPE_PLUS1 ==> "ON"
MIG: 15:06:32 :  Invalid Param: DDR3_DRAM_TYPE ==> "DDR3"
MIG: 15:06:32 :  Invalid Param: DDR3_CAL_WIDTH ==> "HALF"
MIG: 15:06:32 :  Invalid Param: DDR3_STARVE_LIMIT ==> 2
MIG: 15:06:32 :  Invalid Param: DDR3_REF_CLK_MMCM_IODELAY_CTRL ==> "FALSE"
MIG: 15:06:32 :  Invalid Param: DDR3_REFCLK_FREQ ==> 200.0
MIG: 15:06:32 :  Invalid Param: DDR3_DIFF_TERM_REFCLK ==> "TRUE"
MIG: 15:06:32 :  Invalid Param: DDR3_tCK ==> 2000
MIG: 15:06:32 : 
MIG: 15:06:32 :  Valid Param: DDR3_nCK_PER_CLK ==> 4
MIG: 15:06:32 :  Invalid Param: DDR3_DIFF_TERM_SYSCLK ==> "FALSE"
MIG: 15:06:32 : 
MIG: 15:06:32 :  Valid Param: UI_EXTRA_CLOCKS ==> TRUE
MIG: 15:06:32 : 2
MIG: 15:06:32 :  Valid Param: C_S_AXI_ID_WIDTH ==> 2
MIG: 15:06:32 : 
MIG: 15:06:32 :  Valid Param: C_S_AXI_MEM_SIZE ==> 1073741824
MIG: 15:06:32 : 
MIG: 15:06:32 :  Valid Param: C_S_AXI_ADDR_WIDTH ==> 30
MIG: 15:06:32 : 
MIG: 15:06:32 :  Valid Param: C_S_AXI_DATA_WIDTH ==> 512
MIG: 15:06:32 :  Invalid Param: DDR3_C_MC_nCK_PER_CLK ==> 4
MIG: 15:06:32 :  Invalid Param: C_S_AXI_SUPPORTS_NARROW_BURST ==> 0
MIG: 15:06:32 :  Invalid Param: DDR3_C_RD_WR_ARB_ALGORITHM ==> "RD_PRI_REG"
MIG: 15:06:32 :  Invalid Param: C_S_AXI_REG_EN0 ==> 20'h00000
MIG: 15:06:32 :  Invalid Param: C_S_AXI_REG_EN1 ==> 20'h00000
MIG: 15:06:32 : 
MIG: 15:06:32 :  Valid Param: C_S_AXI_CTRL_ADDR_WIDTH ==> 32
MIG: 15:06:32 : 
MIG: 15:06:32 :  Valid Param: C_S_AXI_CTRL_DATA_WIDTH ==> 32
MIG: 15:06:32 :  Invalid Param: C_S_AXI_BASEADDR ==> 32'h0000_0000
MIG: 15:06:32 :  Invalid Param: C_ECC_ONOFF_RESET_VALUE ==> 1
MIG: 15:06:32 :  Invalid Param: C_ECC_CE_COUNTER_WIDTH ==> 8
MIG: 15:06:32 : 
MIG: 15:06:32 :  Valid Param: DDR3_DEBUG_PORT ==> OFF
MIG: 15:06:32 : 
MIG: 15:06:32 :  Invalid Param: DDR3_TEMP_MON_CONTROL ==> "EXTERNAL"
MIG: 15:06:32 :  Invalid Param: DDR3_FPGA_VOLT_TYPE ==> "N"
MIG: 15:06:32 :  Invalid Param: DDR3_RST_ACT_LOW ==> 0
MIG: 15:06:32 : 
MIG: 15:06:32 : 
MIG: 15:06:32 : 
MIG: 15:06:32 : Same Interface
MIG: 15:06:32 : xml_input_file: mig_a.prj
MIG: 15:06:32 : Absolute path of xml_input_file: c:/Users/Burak/Desktop/VC707BaseSystemExtended/VC707BaseSystemExtended.srcs/sources_1/bd/design_1/ip/design_1_mig_7series_0_0/mig_a.prj
MIG: 15:07:23 : Running synthesis.xit
MIG: 15:07:23 : ################# RUNNING MIG BATCH ###################
MIG: 15:07:23 : Writing IN file for 'design_1_mig_7series_0_0'...compDirPath: d:/Programs/Xilinx/Vivado/2016.4/data/ip/xilinx/mig_7series_v4_0... instDirPath: c:/Users/Burak/Desktop/VC707BaseSystemExtended/VC707BaseSystemExtended.srcs/sources_1/bd/design_1/ip/design_1_mig_7series_0_0
MIG: 15:07:23 : synp_flow:  -- synthesis_mode: Other
MIG: 15:07:23 : outputDirectory: c:/Users/Burak/Desktop/VC707BaseSystemExtended/VC707BaseSystemExtended.srcs/sources_1/bd/design_1/ip/design_1_mig_7series_0_0/_tmp/
MIG: 15:07:23 : vivado_mode: xpg_bd
MIG: 15:07:23 : isPortInterface: 0
MIG: 15:07:23 : isPortInterface: 0
MIG: 15:07:23 : isPortInterface: 0
MIG: 15:07:23 : isPortInterface: 0
MIG: 15:07:23 : isPortInterface: 0
MIG: 15:07:23 : isPortInterface: 0
MIG: 15:07:23 : isPortInterface: 0
MIG: 15:07:23 : isPortInterface: 0
MIG: 15:07:23 : isPortInterface: 0
MIG: 15:07:23 : isPortInterface: 0
MIG: 15:07:23 : isPortInterface: 0
MIG: 15:07:23 : isPortInterface: 0
MIG: 15:07:23 : isPortInterface: 0
MIG: 15:07:23 : isPortInterface: 0
MIG: 15:07:23 : isPortInterface: 0
MIG: 15:07:23 : isPortInterface: 0
MIG: 15:07:23 : isPortInterface: 0
MIG: 15:07:23 : isPortInterface: 0
MIG: 15:07:23 : isPortInterface: 0
MIG: 15:07:23 : isPortInterface: 0
MIG: 15:07:23 : isPortInterface: 0
MIG: 15:07:23 : isPortInterface: 0
MIG: 15:07:23 : isPortInterface: 0
MIG: 15:07:23 : isPortInterface: 0
MIG: 15:07:23 : isPortInterface: 0
MIG: 15:07:23 : isPortInterface: 0
MIG: 15:07:23 : isPortInterface: 0
MIG: 15:07:23 : isPortInterface: 0
MIG: 15:07:23 : isPortInterface: 0
MIG: 15:07:23 : isPortInterface: 0
MIG: 15:07:23 : isPortInterface: 0
MIG: 15:07:23 : isPortInterface: 0
MIG: 15:07:23 : isPortInterface: 0
MIG: 15:07:23 : isPortInterface: 0
MIG: 15:07:23 : isPortInterface: 0
MIG: 15:07:23 : isPortInterface: 0
MIG: 15:07:23 : isPortInterface: 0
MIG: 15:07:23 : isPortInterface: 0
MIG: 15:07:23 : isPortInterface: 0
MIG: 15:07:23 : isPortInterface: 0
MIG: 15:07:23 : isPortInterface: 0
MIG: 15:07:23 : isPortInterface: 0
MIG: 15:07:23 : isPortInterface: 0
MIG: 15:07:23 : isPortInterface: 0
MIG: 15:07:23 : isPortInterface: 0
MIG: 15:07:23 : isPortInterface: 0
MIG: 15:07:23 : isPortInterface: 0
MIG: 15:07:23 : isPortInterface: 0
MIG: 15:07:23 : isPortInterface: 0
MIG: 15:07:23 : isPortInterface: 0
MIG: 15:07:23 : isPortInterface: 0
MIG: 15:07:23 : isPortInterface: 0
MIG: 15:07:23 : isPortInterface: 0
MIG: 15:07:23 : isPortInterface: 0
MIG: 15:07:23 : isPortInterface: 0
MIG: 15:07:23 : isPortInterface: 0
MIG: 15:07:23 : isPortInterface: 0
MIG: 15:07:23 : isPortInterface: 0
MIG: 15:07:23 : isPortInterface: 0
MIG: 15:07:23 : isPortInterface: 0
MIG: 15:07:23 : isPortInterface: 0
MIG: 15:07:23 : isPortInterface: 0
MIG: 15:07:23 : isPortInterface: 0
MIG: 15:07:23 : isPortInterface: 0
MIG: 15:07:23 : isPortInterface: 0
MIG: 15:07:23 : isPortInterface: 0
MIG: 15:07:23 : isPortInterface: 0
MIG: 15:07:23 : isPortInterface: 0
MIG: 15:07:23 : isPortInterface: 0
MIG: 15:07:23 : isPortInterface: 0
MIG: 15:07:23 : isPortInterface: 0
MIG: 15:07:23 : isPortInterface: 0
MIG: 15:07:23 : isPortInterface: 0
MIG: 15:07:23 : isPortInterface: 0
MIG: 15:07:23 : isPortInterface: 0
MIG: 15:07:23 : isPortInterface: 0
MIG: 15:07:23 : isPortInterface: 0
MIG: 15:07:23 : isPortInterface: 0
MIG: 15:07:23 : isPortInterface: 0
MIG: 15:07:23 : isPortInterface: 0
MIG: 15:07:23 : isPortInterface: 0
MIG: 15:07:23 : isPortInterface: 0
MIG: 15:07:23 : isPortInterface: 0
MIG: 15:07:23 : isPortInterface: 0
MIG: 15:07:23 : isPortInterface: 0
MIG: 15:07:23 : isPortInterface: 0
MIG: 15:07:23 : isPortInterface: 0
MIG: 15:07:23 : isPortInterface: 0
MIG: 15:07:23 : isPortInterface: 0
MIG: 15:07:23 : isPortInterface: 0
MIG: 15:07:23 : isPortInterface: 0
MIG: 15:07:23 : isPortInterface: 0
MIG: 15:07:23 : isPortInterface: 0
MIG: 15:07:23 : isPortInterface: 0
MIG: 15:07:23 : isPortInterface: 0
MIG: 15:07:23 : isPortInterface: 0
MIG: 15:07:23 : isPortInterface: 0
MIG: 15:07:23 : isPortInterface: 0
MIG: 15:07:23 : isPortInterface: 0
MIG: 15:07:23 : isPortInterface: 0
MIG: 15:07:23 : isPortInterface: 0
MIG: 15:07:23 : isPortInterface: 0
MIG: 15:07:23 : isPortInterface: 0
MIG: 15:07:23 : isPortInterface: 0
MIG: 15:07:23 : isPortInterface: 0
MIG: 15:07:23 : isPortInterface: 0
MIG: 15:07:23 : isPortInterface: 0
MIG: 15:07:23 : isPortInterface: 0
MIG: 15:07:23 : isPortInterface: 0
MIG: 15:07:23 : isPortInterface: 0
MIG: 15:07:23 : isPortInterface: 0
MIG: 15:07:23 : isPortInterface: 0
MIG: 15:07:23 : isPortInterface: 0
MIG: 15:07:23 : isPortInterface: 0
MIG: 15:07:23 : isPortInterface: 0
MIG: 15:07:23 : isPortInterface: 0
MIG: 15:07:23 : isPortInterface: 0
MIG: 15:07:23 : isPortInterface: 0
MIG: 15:07:23 : isPortInterface: 0
MIG: 15:07:23 : isPortInterface: 0
MIG: 15:07:23 : isPortInterface: 0
MIG: 15:07:23 : isPortInterface: 0
MIG: 15:07:23 : isPortInterface: 0
MIG: 15:07:23 : isPortInterface: 0
MIG: 15:07:23 : isPortInterface: 0
MIG: 15:07:23 : isPortInterface: 0
MIG: 15:07:23 : isPortInterface: 0
MIG: 15:07:23 : isPortInterface: 0
MIG: 15:07:23 : isPortInterface: 0
MIG: 15:07:23 : isPortInterface: 0
MIG: 15:07:23 : isPortInterface: 0
MIG: 15:07:23 : isPortInterface: 0
MIG: 15:07:23 : isPortInterface: 0
MIG: 15:07:23 : isPortInterface: 0
MIG: 15:07:23 : isPortInterface: 0
MIG: 15:07:23 : isPortInterface: 0
MIG: 15:07:23 : isPortInterface: 0
MIG: 15:07:23 : isPortInterface: 0
MIG: 15:07:23 : isPortInterface: 0
MIG: 15:07:23 : isPortInterface: 0
MIG: 15:07:23 : isPortInterface: 0
MIG: 15:07:23 : isPortInterface: 0
MIG: 15:07:23 : isPortInterface: 0
MIG: 15:07:23 : isPortInterface: 0
MIG: 15:07:23 : isPortInterface: 0
MIG: 15:07:23 : isPortInterface: 0
MIG: 15:07:23 : isPortInterface: 0
MIG: 15:07:23 : isPortInterface: 0
MIG: 15:07:23 : isPortInterface: 0
MIG: 15:07:23 : isPortInterface: 0
MIG: 15:07:23 : isPortInterface: 0
MIG: 15:07:23 : isPortInterface: 0
MIG: 15:07:23 : isPortInterface: 0
MIG: 15:07:23 : isPortInterface: 0
MIG: 15:07:23 : isPortInterface: 0
MIG: 15:07:23 : isPortInterface: 0
MIG: 15:07:23 : isPortInterface: 0
MIG: 15:07:23 : isPortInterface: 0
MIG: 15:07:23 : isPortInterface: 0
MIG: 15:07:23 : isPortInterface: 0
MIG: 15:07:23 : isPortInterface: 0
MIG: 15:07:23 : isPortInterface: 0
MIG: 15:07:23 : isPortInterface: 0
MIG: 15:07:23 : isPortInterface: 0
MIG: 15:07:23 : isPortInterface: 0
MIG: 15:07:23 : isPortInterface: 0
MIG: 15:07:23 : isPortInterface: 0
MIG: 15:07:23 : isPortInterface: 0
MIG: 15:07:23 : isPortInterface: 0
MIG: 15:07:23 : isPortInterface: 0
MIG: 15:07:23 : isPortInterface: 0
MIG: 15:07:23 : isPortInterface: 0
MIG: 15:07:23 : isPortInterface: 0
MIG: 15:07:23 : isPortInterface: 0
MIG: 15:07:23 : isPortInterface: 0
MIG: 15:07:23 : isPortInterface: 0
MIG: 15:07:23 : isPortInterface: 0
MIG: 15:07:23 : isPortInterface: 0
MIG: 15:07:23 : isPortInterface: 0
MIG: 15:07:23 : isPortInterface: 0
MIG: 15:07:23 : isPortInterface: 0
MIG: 15:07:23 : isPortInterface: 0
MIG: 15:07:23 : isPortInterface: 0
MIG: 15:07:23 : isPortInterface: 0
MIG: 15:07:23 : isPortInterface: 0
MIG: 15:07:23 : isPortInterface: 0
MIG: 15:07:23 : isPortInterface: 0
MIG: 15:07:23 : isPortInterface: 0
MIG: 15:07:23 : isPortInterface: 0
MIG: 15:07:23 : isPortInterface: 0
MIG: 15:07:23 : isPortInterface: 0
MIG: 15:07:23 : isPortInterface: 0
MIG: 15:07:23 : isPortInterface: 0
MIG: 15:07:23 : isPortInterface: 1
MIG: 15:07:23 : isPortInterface: 0
MIG: 15:07:23 : isPortInterface: 0
MIG: 15:07:23 : isPortInterface: 0
MIG: 15:07:23 : isPortInterface: 0
MIG: 15:07:23 : isPortInterface: 0
MIG: 15:07:23 : isPortInterface: 0
MIG: 15:07:23 : isPortInterface: 0
MIG: 15:07:23 : isPortInterface: 0
MIG: 15:07:23 : isPortInterface: 0
MIG: 15:07:23 : isPortInterface: 0
MIG: 15:07:23 :  locked false  
MIG: 15:07:23 : HDL Language: Verilog
MIG: 15:07:23 : compInfo: false
MIG: 15:07:23 : Vivado Options xc7vx485t ffg1761 -2
MIG: 15:07:23 : 1: xc7vx485t 2: ffg1761 3: -2
MIG: 15:07:23 : relative mig path: coregen/ip/xilinx/other/com/xilinx/ip/mig_7series_v4_0/bin/nt64/mig.exe
MIG: 15:07:23 : xilinx_path: D:/Programs/Xilinx/Vivado/2016.4/ids_lite/ISE
MIG: 15:07:23 : I am in catch area
MIG: 15:07:23 : Running D:/Programs/Xilinx/Vivado/2016.4/ids_lite/ISE/coregen/ip/xilinx/other/com/xilinx/ip/mig_7series_v4_0/bin/nt64/mig.exe -cg_exc_inp c:/Users/Burak/Desktop/VC707BaseSystemExtended/VC707BaseSystemExtended.srcs/sources_1/bd/design_1/ip/design_1_mig_7series_0_0/xil_txt.in -cg_exc_out c:/Users/Burak/Desktop/VC707BaseSystemExtended/VC707BaseSystemExtended.srcs/sources_1/bd/design_1/ip/design_1_mig_7series_0_0/xil_txt.out ... 
MIG: 15:07:45 : XML_INPUT_FILE: c:/Users/Burak/Desktop/VC707BaseSystemExtended/VC707BaseSystemExtended.srcs/sources_1/bd/design_1/ip/design_1_mig_7series_0_0/mig_a.prj
MIG: 15:07:45 : Component_Name: design_1_mig_7series_0_0
MIG: 15:07:45 : Moving design_1_mig_7series_0_0 ...
MIG: 15:07:45 : Moving design_1_mig_7series_0_0.veo ...
MIG: 15:07:45 : Moving design_1_mig_7series_0_0_xmdf.tcl ...
MIG: 15:07:46 : Running vhdl_synth_rpr.xit
MIG: 15:07:46 : IGN:     <ModuleName>design_1_mig_7series_0_0</ModuleName> <==>     <ModuleName>design_1_mig_7series_0_0</ModuleName> 
MIG: 15:07:46 : IGN:         <InputClkFreq>200</InputClkFreq> <==>         <InputClkFreq>200</InputClkFreq> 
MIG: 15:07:47 : Running simulation.xit
MIG: 15:07:47 : ################# RUNNING MIG BATCH ###################
MIG: 15:07:47 : Writing IN file for 'design_1_mig_7series_0_0'...compDirPath: d:/Programs/Xilinx/Vivado/2016.4/data/ip/xilinx/mig_7series_v4_0... instDirPath: c:/Users/Burak/Desktop/VC707BaseSystemExtended/VC707BaseSystemExtended.srcs/sources_1/bd/design_1/ip/design_1_mig_7series_0_0
MIG: 15:07:47 : synp_flow:  -- synthesis_mode: Other
MIG: 15:07:47 : outputDirectory: c:/Users/Burak/Desktop/VC707BaseSystemExtended/VC707BaseSystemExtended.srcs/sources_1/bd/design_1/ip/design_1_mig_7series_0_0/_tmp/
MIG: 15:07:47 : vivado_mode: xpg_bd
MIG: 15:07:47 : isPortInterface: 0
MIG: 15:07:47 : isPortInterface: 0
MIG: 15:07:47 : isPortInterface: 0
MIG: 15:07:47 : isPortInterface: 0
MIG: 15:07:47 : isPortInterface: 0
MIG: 15:07:47 : isPortInterface: 0
MIG: 15:07:47 : isPortInterface: 0
MIG: 15:07:47 : isPortInterface: 0
MIG: 15:07:47 : isPortInterface: 0
MIG: 15:07:47 : isPortInterface: 0
MIG: 15:07:47 : isPortInterface: 0
MIG: 15:07:47 : isPortInterface: 0
MIG: 15:07:47 : isPortInterface: 0
MIG: 15:07:47 : isPortInterface: 0
MIG: 15:07:47 : isPortInterface: 0
MIG: 15:07:47 : isPortInterface: 0
MIG: 15:07:47 : isPortInterface: 0
MIG: 15:07:47 : isPortInterface: 0
MIG: 15:07:47 : isPortInterface: 0
MIG: 15:07:47 : isPortInterface: 0
MIG: 15:07:47 : isPortInterface: 0
MIG: 15:07:47 : isPortInterface: 0
MIG: 15:07:47 : isPortInterface: 0
MIG: 15:07:47 : isPortInterface: 0
MIG: 15:07:47 : isPortInterface: 0
MIG: 15:07:47 : isPortInterface: 0
MIG: 15:07:47 : isPortInterface: 0
MIG: 15:07:47 : isPortInterface: 0
MIG: 15:07:47 : isPortInterface: 0
MIG: 15:07:47 : isPortInterface: 0
MIG: 15:07:47 : isPortInterface: 0
MIG: 15:07:47 : isPortInterface: 0
MIG: 15:07:47 : isPortInterface: 0
MIG: 15:07:47 : isPortInterface: 0
MIG: 15:07:47 : isPortInterface: 0
MIG: 15:07:47 : isPortInterface: 0
MIG: 15:07:47 : isPortInterface: 0
MIG: 15:07:47 : isPortInterface: 0
MIG: 15:07:47 : isPortInterface: 0
MIG: 15:07:47 : isPortInterface: 0
MIG: 15:07:47 : isPortInterface: 0
MIG: 15:07:47 : isPortInterface: 0
MIG: 15:07:47 : isPortInterface: 0
MIG: 15:07:47 : isPortInterface: 0
MIG: 15:07:47 : isPortInterface: 0
MIG: 15:07:47 : isPortInterface: 0
MIG: 15:07:47 : isPortInterface: 0
MIG: 15:07:47 : isPortInterface: 0
MIG: 15:07:47 : isPortInterface: 0
MIG: 15:07:47 : isPortInterface: 0
MIG: 15:07:47 : isPortInterface: 0
MIG: 15:07:47 : isPortInterface: 0
MIG: 15:07:47 : isPortInterface: 0
MIG: 15:07:47 : isPortInterface: 0
MIG: 15:07:47 : isPortInterface: 0
MIG: 15:07:47 : isPortInterface: 0
MIG: 15:07:47 : isPortInterface: 0
MIG: 15:07:47 : isPortInterface: 0
MIG: 15:07:47 : isPortInterface: 0
MIG: 15:07:47 : isPortInterface: 0
MIG: 15:07:47 : isPortInterface: 0
MIG: 15:07:47 : isPortInterface: 0
MIG: 15:07:47 : isPortInterface: 0
MIG: 15:07:47 : isPortInterface: 0
MIG: 15:07:47 : isPortInterface: 0
MIG: 15:07:47 : isPortInterface: 0
MIG: 15:07:47 : isPortInterface: 0
MIG: 15:07:47 : isPortInterface: 0
MIG: 15:07:47 : isPortInterface: 0
MIG: 15:07:47 : isPortInterface: 0
MIG: 15:07:47 : isPortInterface: 0
MIG: 15:07:47 : isPortInterface: 0
MIG: 15:07:47 : isPortInterface: 0
MIG: 15:07:47 : isPortInterface: 0
MIG: 15:07:47 : isPortInterface: 0
MIG: 15:07:47 : isPortInterface: 0
MIG: 15:07:47 : isPortInterface: 0
MIG: 15:07:47 : isPortInterface: 0
MIG: 15:07:47 : isPortInterface: 0
MIG: 15:07:47 : isPortInterface: 0
MIG: 15:07:47 : isPortInterface: 0
MIG: 15:07:47 : isPortInterface: 0
MIG: 15:07:47 : isPortInterface: 0
MIG: 15:07:47 : isPortInterface: 0
MIG: 15:07:47 : isPortInterface: 0
MIG: 15:07:47 : isPortInterface: 0
MIG: 15:07:47 : isPortInterface: 0
MIG: 15:07:47 : isPortInterface: 0
MIG: 15:07:47 : isPortInterface: 0
MIG: 15:07:47 : isPortInterface: 0
MIG: 15:07:47 : isPortInterface: 0
MIG: 15:07:47 : isPortInterface: 0
MIG: 15:07:47 : isPortInterface: 0
MIG: 15:07:47 : isPortInterface: 0
MIG: 15:07:47 : isPortInterface: 0
MIG: 15:07:47 : isPortInterface: 0
MIG: 15:07:47 : isPortInterface: 0
MIG: 15:07:47 : isPortInterface: 0
MIG: 15:07:47 : isPortInterface: 0
MIG: 15:07:47 : isPortInterface: 0
MIG: 15:07:47 : isPortInterface: 0
MIG: 15:07:47 : isPortInterface: 0
MIG: 15:07:47 : isPortInterface: 0
MIG: 15:07:47 : isPortInterface: 0
MIG: 15:07:47 : isPortInterface: 0
MIG: 15:07:47 : isPortInterface: 0
MIG: 15:07:47 : isPortInterface: 0
MIG: 15:07:47 : isPortInterface: 0
MIG: 15:07:47 : isPortInterface: 0
MIG: 15:07:47 : isPortInterface: 0
MIG: 15:07:47 : isPortInterface: 0
MIG: 15:07:47 : isPortInterface: 0
MIG: 15:07:47 : isPortInterface: 0
MIG: 15:07:47 : isPortInterface: 0
MIG: 15:07:47 : isPortInterface: 0
MIG: 15:07:47 : isPortInterface: 0
MIG: 15:07:47 : isPortInterface: 0
MIG: 15:07:47 : isPortInterface: 0
MIG: 15:07:47 : isPortInterface: 0
MIG: 15:07:47 : isPortInterface: 0
MIG: 15:07:47 : isPortInterface: 0
MIG: 15:07:47 : isPortInterface: 0
MIG: 15:07:47 : isPortInterface: 0
MIG: 15:07:47 : isPortInterface: 0
MIG: 15:07:47 : isPortInterface: 0
MIG: 15:07:47 : isPortInterface: 0
MIG: 15:07:47 : isPortInterface: 0
MIG: 15:07:47 : isPortInterface: 0
MIG: 15:07:47 : isPortInterface: 0
MIG: 15:07:47 : isPortInterface: 0
MIG: 15:07:47 : isPortInterface: 0
MIG: 15:07:47 : isPortInterface: 0
MIG: 15:07:47 : isPortInterface: 0
MIG: 15:07:47 : isPortInterface: 0
MIG: 15:07:47 : isPortInterface: 0
MIG: 15:07:47 : isPortInterface: 0
MIG: 15:07:47 : isPortInterface: 0
MIG: 15:07:47 : isPortInterface: 0
MIG: 15:07:47 : isPortInterface: 0
MIG: 15:07:47 : isPortInterface: 0
MIG: 15:07:47 : isPortInterface: 0
MIG: 15:07:47 : isPortInterface: 0
MIG: 15:07:47 : isPortInterface: 0
MIG: 15:07:47 : isPortInterface: 0
MIG: 15:07:47 : isPortInterface: 0
MIG: 15:07:47 : isPortInterface: 0
MIG: 15:07:47 : isPortInterface: 0
MIG: 15:07:47 : isPortInterface: 0
MIG: 15:07:47 : isPortInterface: 0
MIG: 15:07:47 : isPortInterface: 0
MIG: 15:07:47 : isPortInterface: 0
MIG: 15:07:47 : isPortInterface: 0
MIG: 15:07:47 : isPortInterface: 0
MIG: 15:07:47 : isPortInterface: 0
MIG: 15:07:47 : isPortInterface: 0
MIG: 15:07:47 : isPortInterface: 0
MIG: 15:07:47 : isPortInterface: 0
MIG: 15:07:47 : isPortInterface: 0
MIG: 15:07:47 : isPortInterface: 0
MIG: 15:07:47 : isPortInterface: 0
MIG: 15:07:47 : isPortInterface: 0
MIG: 15:07:47 : isPortInterface: 0
MIG: 15:07:47 : isPortInterface: 0
MIG: 15:07:47 : isPortInterface: 0
MIG: 15:07:47 : isPortInterface: 0
MIG: 15:07:47 : isPortInterface: 0
MIG: 15:07:47 : isPortInterface: 0
MIG: 15:07:47 : isPortInterface: 0
MIG: 15:07:47 : isPortInterface: 0
MIG: 15:07:47 : isPortInterface: 0
MIG: 15:07:47 : isPortInterface: 0
MIG: 15:07:47 : isPortInterface: 0
MIG: 15:07:47 : isPortInterface: 0
MIG: 15:07:47 : isPortInterface: 0
MIG: 15:07:47 : isPortInterface: 0
MIG: 15:07:47 : isPortInterface: 0
MIG: 15:07:47 : isPortInterface: 0
MIG: 15:07:47 : isPortInterface: 0
MIG: 15:07:47 : isPortInterface: 0
MIG: 15:07:47 : isPortInterface: 0
MIG: 15:07:47 : isPortInterface: 0
MIG: 15:07:47 : isPortInterface: 0
MIG: 15:07:47 : isPortInterface: 0
MIG: 15:07:47 : isPortInterface: 0
MIG: 15:07:47 : isPortInterface: 0
MIG: 15:07:47 : isPortInterface: 0
MIG: 15:07:47 : isPortInterface: 0
MIG: 15:07:47 : isPortInterface: 0
MIG: 15:07:47 : isPortInterface: 0
MIG: 15:07:47 : isPortInterface: 0
MIG: 15:07:47 : isPortInterface: 0
MIG: 15:07:47 : isPortInterface: 0
MIG: 15:07:47 : isPortInterface: 0
MIG: 15:07:47 : isPortInterface: 1
MIG: 15:07:47 : isPortInterface: 0
MIG: 15:07:47 : isPortInterface: 0
MIG: 15:07:47 : isPortInterface: 0
MIG: 15:07:47 : isPortInterface: 0
MIG: 15:07:47 : isPortInterface: 0
MIG: 15:07:47 : isPortInterface: 0
MIG: 15:07:47 : isPortInterface: 0
MIG: 15:07:47 : isPortInterface: 0
MIG: 15:07:47 : isPortInterface: 0
MIG: 15:07:47 : isPortInterface: 0
MIG: 15:07:47 :  locked false  
MIG: 15:07:47 : HDL Language: Verilog
MIG: 15:07:47 : compInfo: false
MIG: 15:07:47 : Vivado Options xc7vx485t ffg1761 -2
MIG: 15:07:47 : 1: xc7vx485t 2: ffg1761 3: -2
MIG: 15:07:47 : relative mig path: coregen/ip/xilinx/other/com/xilinx/ip/mig_7series_v4_0/bin/nt64/mig.exe
MIG: 15:07:47 : xilinx_path: D:/Programs/Xilinx/Vivado/2016.4/ids_lite/ISE
MIG: 15:07:47 : I am in catch area
MIG: 15:07:47 : Running D:/Programs/Xilinx/Vivado/2016.4/ids_lite/ISE/coregen/ip/xilinx/other/com/xilinx/ip/mig_7series_v4_0/bin/nt64/mig.exe -cg_exc_inp c:/Users/Burak/Desktop/VC707BaseSystemExtended/VC707BaseSystemExtended.srcs/sources_1/bd/design_1/ip/design_1_mig_7series_0_0/xil_txt.in -cg_exc_out c:/Users/Burak/Desktop/VC707BaseSystemExtended/VC707BaseSystemExtended.srcs/sources_1/bd/design_1/ip/design_1_mig_7series_0_0/xil_txt.out ... 
MIG: 15:08:07 : XML_INPUT_FILE: c:/Users/Burak/Desktop/VC707BaseSystemExtended/VC707BaseSystemExtended.srcs/sources_1/bd/design_1/ip/design_1_mig_7series_0_0/mig_a.prj
MIG: 15:08:07 : Component_Name: design_1_mig_7series_0_0
MIG: 15:08:07 : Moving design_1_mig_7series_0_0 ...
MIG: 15:08:07 : Moving design_1_mig_7series_0_0.veo ...
MIG: 15:08:07 : Moving design_1_mig_7series_0_0_xmdf.tcl ...
MIG: 15:08:07 : Running vlog_sim_rpr.xit .. PRASAD DBG1
MIG: 15:08:08 : IGN:     <ModuleName>design_1_mig_7series_0_0</ModuleName> <==>     <ModuleName>design_1_mig_7series_0_0</ModuleName> 
MIG: 15:08:08 : IGN:         <InputClkFreq>200</InputClkFreq> <==>         <InputClkFreq>200</InputClkFreq> 
MIG: 15:08:08 : Running implementation.xit
MIG: 15:08:08 : IGN:     <ModuleName>design_1_mig_7series_0_0</ModuleName> <==>     <ModuleName>design_1_mig_7series_0_0</ModuleName> 
MIG: 15:08:08 : IGN:         <InputClkFreq>200</InputClkFreq> <==>         <InputClkFreq>200</InputClkFreq> 
MIG: 15:32:48 : Running synthesis.xit
MIG: 15:32:48 : ################# RUNNING MIG BATCH ###################
MIG: 15:32:48 : Writing IN file for 'design_1_mig_7series_0_0'...compDirPath: d:/Programs/Xilinx/Vivado/2016.4/data/ip/xilinx/mig_7series_v4_0... instDirPath: c:/Users/Burak/Desktop/VC707BaseSystemExtended/VC707BaseSystemExtended.srcs/sources_1/bd/design_1/ip/design_1_mig_7series_0_0
MIG: 15:32:48 : synp_flow:  -- synthesis_mode: Other
MIG: 15:32:48 : outputDirectory: c:/Users/Burak/Desktop/VC707BaseSystemExtended/VC707BaseSystemExtended.srcs/sources_1/bd/design_1/ip/design_1_mig_7series_0_0/_tmp/
MIG: 15:32:48 : vivado_mode: xpg_bd
MIG: 15:32:48 : isPortInterface: 0
MIG: 15:32:48 : isPortInterface: 0
MIG: 15:32:48 : isPortInterface: 0
MIG: 15:32:48 : isPortInterface: 0
MIG: 15:32:48 : isPortInterface: 0
MIG: 15:32:48 : isPortInterface: 0
MIG: 15:32:48 : isPortInterface: 0
MIG: 15:32:48 : isPortInterface: 0
MIG: 15:32:48 : isPortInterface: 0
MIG: 15:32:48 : isPortInterface: 0
MIG: 15:32:48 : isPortInterface: 0
MIG: 15:32:48 : isPortInterface: 0
MIG: 15:32:48 : isPortInterface: 0
MIG: 15:32:48 : isPortInterface: 0
MIG: 15:32:48 : isPortInterface: 0
MIG: 15:32:48 : isPortInterface: 0
MIG: 15:32:48 : isPortInterface: 0
MIG: 15:32:48 : isPortInterface: 0
MIG: 15:32:48 : isPortInterface: 0
MIG: 15:32:48 : isPortInterface: 0
MIG: 15:32:48 : isPortInterface: 0
MIG: 15:32:48 : isPortInterface: 0
MIG: 15:32:48 : isPortInterface: 0
MIG: 15:32:48 : isPortInterface: 0
MIG: 15:32:48 : isPortInterface: 0
MIG: 15:32:48 : isPortInterface: 0
MIG: 15:32:48 : isPortInterface: 0
MIG: 15:32:48 : isPortInterface: 0
MIG: 15:32:48 : isPortInterface: 0
MIG: 15:32:48 : isPortInterface: 0
MIG: 15:32:48 : isPortInterface: 0
MIG: 15:32:48 : isPortInterface: 0
MIG: 15:32:48 : isPortInterface: 0
MIG: 15:32:48 : isPortInterface: 0
MIG: 15:32:48 : isPortInterface: 0
MIG: 15:32:48 : isPortInterface: 0
MIG: 15:32:49 : isPortInterface: 0
MIG: 15:32:49 : isPortInterface: 0
MIG: 15:32:49 : isPortInterface: 0
MIG: 15:32:49 : isPortInterface: 0
MIG: 15:32:49 : isPortInterface: 0
MIG: 15:32:49 : isPortInterface: 0
MIG: 15:32:49 : isPortInterface: 0
MIG: 15:32:49 : isPortInterface: 0
MIG: 15:32:49 : isPortInterface: 0
MIG: 15:32:49 : isPortInterface: 0
MIG: 15:32:49 : isPortInterface: 0
MIG: 15:32:49 : isPortInterface: 0
MIG: 15:32:49 : isPortInterface: 0
MIG: 15:32:49 : isPortInterface: 0
MIG: 15:32:49 : isPortInterface: 0
MIG: 15:32:49 : isPortInterface: 0
MIG: 15:32:49 : isPortInterface: 0
MIG: 15:32:49 : isPortInterface: 0
MIG: 15:32:49 : isPortInterface: 0
MIG: 15:32:49 : isPortInterface: 0
MIG: 15:32:49 : isPortInterface: 0
MIG: 15:32:49 : isPortInterface: 0
MIG: 15:32:49 : isPortInterface: 0
MIG: 15:32:49 : isPortInterface: 0
MIG: 15:32:49 : isPortInterface: 0
MIG: 15:32:49 : isPortInterface: 0
MIG: 15:32:49 : isPortInterface: 0
MIG: 15:32:49 : isPortInterface: 0
MIG: 15:32:49 : isPortInterface: 0
MIG: 15:32:49 : isPortInterface: 0
MIG: 15:32:49 : isPortInterface: 0
MIG: 15:32:49 : isPortInterface: 0
MIG: 15:32:49 : isPortInterface: 0
MIG: 15:32:49 : isPortInterface: 0
MIG: 15:32:49 : isPortInterface: 0
MIG: 15:32:49 : isPortInterface: 0
MIG: 15:32:49 : isPortInterface: 0
MIG: 15:32:49 : isPortInterface: 0
MIG: 15:32:49 : isPortInterface: 0
MIG: 15:32:49 : isPortInterface: 0
MIG: 15:32:49 : isPortInterface: 0
MIG: 15:32:49 : isPortInterface: 0
MIG: 15:32:49 : isPortInterface: 0
MIG: 15:32:49 : isPortInterface: 0
MIG: 15:32:49 : isPortInterface: 0
MIG: 15:32:49 : isPortInterface: 0
MIG: 15:32:49 : isPortInterface: 0
MIG: 15:32:49 : isPortInterface: 0
MIG: 15:32:49 : isPortInterface: 0
MIG: 15:32:49 : isPortInterface: 0
MIG: 15:32:49 : isPortInterface: 0
MIG: 15:32:49 : isPortInterface: 0
MIG: 15:32:49 : isPortInterface: 0
MIG: 15:32:49 : isPortInterface: 0
MIG: 15:32:49 : isPortInterface: 0
MIG: 15:32:49 : isPortInterface: 0
MIG: 15:32:49 : isPortInterface: 0
MIG: 15:32:49 : isPortInterface: 0
MIG: 15:32:49 : isPortInterface: 0
MIG: 15:32:49 : isPortInterface: 0
MIG: 15:32:49 : isPortInterface: 0
MIG: 15:32:49 : isPortInterface: 0
MIG: 15:32:49 : isPortInterface: 0
MIG: 15:32:49 : isPortInterface: 0
MIG: 15:32:49 : isPortInterface: 0
MIG: 15:32:49 : isPortInterface: 0
MIG: 15:32:49 : isPortInterface: 0
MIG: 15:32:49 : isPortInterface: 0
MIG: 15:32:49 : isPortInterface: 0
MIG: 15:32:49 : isPortInterface: 0
MIG: 15:32:49 : isPortInterface: 0
MIG: 15:32:49 : isPortInterface: 0
MIG: 15:32:49 : isPortInterface: 0
MIG: 15:32:49 : isPortInterface: 0
MIG: 15:32:49 : isPortInterface: 0
MIG: 15:32:49 : isPortInterface: 0
MIG: 15:32:49 : isPortInterface: 0
MIG: 15:32:49 : isPortInterface: 0
MIG: 15:32:49 : isPortInterface: 0
MIG: 15:32:49 : isPortInterface: 0
MIG: 15:32:49 : isPortInterface: 0
MIG: 15:32:49 : isPortInterface: 0
MIG: 15:32:49 : isPortInterface: 0
MIG: 15:32:49 : isPortInterface: 0
MIG: 15:32:49 : isPortInterface: 0
MIG: 15:32:49 : isPortInterface: 0
MIG: 15:32:49 : isPortInterface: 0
MIG: 15:32:49 : isPortInterface: 0
MIG: 15:32:49 : isPortInterface: 0
MIG: 15:32:49 : isPortInterface: 0
MIG: 15:32:49 : isPortInterface: 0
MIG: 15:32:49 : isPortInterface: 0
MIG: 15:32:49 : isPortInterface: 0
MIG: 15:32:49 : isPortInterface: 0
MIG: 15:32:49 : isPortInterface: 0
MIG: 15:32:49 : isPortInterface: 0
MIG: 15:32:49 : isPortInterface: 0
MIG: 15:32:49 : isPortInterface: 0
MIG: 15:32:49 : isPortInterface: 0
MIG: 15:32:49 : isPortInterface: 0
MIG: 15:32:49 : isPortInterface: 0
MIG: 15:32:49 : isPortInterface: 0
MIG: 15:32:49 : isPortInterface: 0
MIG: 15:32:49 : isPortInterface: 0
MIG: 15:32:49 : isPortInterface: 0
MIG: 15:32:49 : isPortInterface: 0
MIG: 15:32:49 : isPortInterface: 0
MIG: 15:32:49 : isPortInterface: 0
MIG: 15:32:49 : isPortInterface: 0
MIG: 15:32:49 : isPortInterface: 0
MIG: 15:32:49 : isPortInterface: 0
MIG: 15:32:49 : isPortInterface: 0
MIG: 15:32:49 : isPortInterface: 0
MIG: 15:32:49 : isPortInterface: 0
MIG: 15:32:49 : isPortInterface: 0
MIG: 15:32:49 : isPortInterface: 0
MIG: 15:32:49 : isPortInterface: 0
MIG: 15:32:49 : isPortInterface: 0
MIG: 15:32:49 : isPortInterface: 0
MIG: 15:32:49 : isPortInterface: 0
MIG: 15:32:49 : isPortInterface: 0
MIG: 15:32:49 : isPortInterface: 0
MIG: 15:32:49 : isPortInterface: 0
MIG: 15:32:49 : isPortInterface: 0
MIG: 15:32:49 : isPortInterface: 0
MIG: 15:32:49 : isPortInterface: 0
MIG: 15:32:49 : isPortInterface: 0
MIG: 15:32:49 : isPortInterface: 0
MIG: 15:32:49 : isPortInterface: 0
MIG: 15:32:49 : isPortInterface: 0
MIG: 15:32:49 : isPortInterface: 0
MIG: 15:32:49 : isPortInterface: 0
MIG: 15:32:49 : isPortInterface: 0
MIG: 15:32:49 : isPortInterface: 0
MIG: 15:32:49 : isPortInterface: 0
MIG: 15:32:49 : isPortInterface: 0
MIG: 15:32:49 : isPortInterface: 0
MIG: 15:32:49 : isPortInterface: 0
MIG: 15:32:49 : isPortInterface: 0
MIG: 15:32:49 : isPortInterface: 0
MIG: 15:32:49 : isPortInterface: 0
MIG: 15:32:49 : isPortInterface: 0
MIG: 15:32:49 : isPortInterface: 0
MIG: 15:32:49 : isPortInterface: 0
MIG: 15:32:49 : isPortInterface: 0
MIG: 15:32:49 : isPortInterface: 0
MIG: 15:32:49 : isPortInterface: 0
MIG: 15:32:49 : isPortInterface: 0
MIG: 15:32:49 : isPortInterface: 0
MIG: 15:32:49 : isPortInterface: 0
MIG: 15:32:49 : isPortInterface: 0
MIG: 15:32:49 : isPortInterface: 0
MIG: 15:32:49 : isPortInterface: 0
MIG: 15:32:49 : isPortInterface: 0
MIG: 15:32:49 : isPortInterface: 0
MIG: 15:32:49 : isPortInterface: 0
MIG: 15:32:49 : isPortInterface: 0
MIG: 15:32:49 : isPortInterface: 1
MIG: 15:32:49 : isPortInterface: 0
MIG: 15:32:49 : isPortInterface: 0
MIG: 15:32:49 : isPortInterface: 0
MIG: 15:32:49 : isPortInterface: 0
MIG: 15:32:49 : isPortInterface: 0
MIG: 15:32:49 : isPortInterface: 0
MIG: 15:32:49 : isPortInterface: 0
MIG: 15:32:49 : isPortInterface: 0
MIG: 15:32:49 : isPortInterface: 0
MIG: 15:32:49 : isPortInterface: 0
MIG: 15:32:49 :  locked false  
MIG: 15:32:49 : HDL Language: Verilog
MIG: 15:32:49 : compInfo: false
MIG: 15:32:49 : Vivado Options xc7vx485t ffg1761 -2
MIG: 15:32:49 : 1: xc7vx485t 2: ffg1761 3: -2
MIG: 15:32:49 : relative mig path: coregen/ip/xilinx/other/com/xilinx/ip/mig_7series_v4_0/bin/nt64/mig.exe
MIG: 15:32:49 : xilinx_path: D:/Programs/Xilinx/Vivado/2016.4/ids_lite/ISE
MIG: 15:32:49 : I am in catch area
MIG: 15:32:49 : Running D:/Programs/Xilinx/Vivado/2016.4/ids_lite/ISE/coregen/ip/xilinx/other/com/xilinx/ip/mig_7series_v4_0/bin/nt64/mig.exe -cg_exc_inp c:/Users/Burak/Desktop/VC707BaseSystemExtended/VC707BaseSystemExtended.srcs/sources_1/bd/design_1/ip/design_1_mig_7series_0_0/xil_txt.in -cg_exc_out c:/Users/Burak/Desktop/VC707BaseSystemExtended/VC707BaseSystemExtended.srcs/sources_1/bd/design_1/ip/design_1_mig_7series_0_0/xil_txt.out ... 
MIG: 15:33:09 : XML_INPUT_FILE: c:/Users/Burak/Desktop/VC707BaseSystemExtended/VC707BaseSystemExtended.srcs/sources_1/bd/design_1/ip/design_1_mig_7series_0_0/mig_a.prj
MIG: 15:33:09 : Component_Name: design_1_mig_7series_0_0
MIG: 15:33:09 : Moving design_1_mig_7series_0_0 ...
MIG: 15:33:09 : Moving design_1_mig_7series_0_0.veo ...
MIG: 15:33:09 : Moving design_1_mig_7series_0_0_xmdf.tcl ...
MIG: 15:33:09 : Running vhdl_synth_rpr.xit
MIG: 15:33:10 : IGN:     <ModuleName>design_1_mig_7series_0_0</ModuleName> <==>     <ModuleName>design_1_mig_7series_0_0</ModuleName> 
MIG: 15:33:10 : IGN:         <InputClkFreq>200</InputClkFreq> <==>         <InputClkFreq>200</InputClkFreq> 
MIG: 15:33:10 : Running simulation.xit
MIG: 15:33:10 : ################# RUNNING MIG BATCH ###################
MIG: 15:33:10 : Writing IN file for 'design_1_mig_7series_0_0'...compDirPath: d:/Programs/Xilinx/Vivado/2016.4/data/ip/xilinx/mig_7series_v4_0... instDirPath: c:/Users/Burak/Desktop/VC707BaseSystemExtended/VC707BaseSystemExtended.srcs/sources_1/bd/design_1/ip/design_1_mig_7series_0_0
MIG: 15:33:10 : synp_flow:  -- synthesis_mode: Other
MIG: 15:33:10 : outputDirectory: c:/Users/Burak/Desktop/VC707BaseSystemExtended/VC707BaseSystemExtended.srcs/sources_1/bd/design_1/ip/design_1_mig_7series_0_0/_tmp/
MIG: 15:33:10 : vivado_mode: xpg_bd
MIG: 15:33:10 : isPortInterface: 0
MIG: 15:33:10 : isPortInterface: 0
MIG: 15:33:10 : isPortInterface: 0
MIG: 15:33:10 : isPortInterface: 0
MIG: 15:33:10 : isPortInterface: 0
MIG: 15:33:10 : isPortInterface: 0
MIG: 15:33:10 : isPortInterface: 0
MIG: 15:33:10 : isPortInterface: 0
MIG: 15:33:10 : isPortInterface: 0
MIG: 15:33:10 : isPortInterface: 0
MIG: 15:33:10 : isPortInterface: 0
MIG: 15:33:10 : isPortInterface: 0
MIG: 15:33:10 : isPortInterface: 0
MIG: 15:33:10 : isPortInterface: 0
MIG: 15:33:10 : isPortInterface: 0
MIG: 15:33:10 : isPortInterface: 0
MIG: 15:33:10 : isPortInterface: 0
MIG: 15:33:10 : isPortInterface: 0
MIG: 15:33:10 : isPortInterface: 0
MIG: 15:33:10 : isPortInterface: 0
MIG: 15:33:10 : isPortInterface: 0
MIG: 15:33:10 : isPortInterface: 0
MIG: 15:33:10 : isPortInterface: 0
MIG: 15:33:10 : isPortInterface: 0
MIG: 15:33:10 : isPortInterface: 0
MIG: 15:33:10 : isPortInterface: 0
MIG: 15:33:10 : isPortInterface: 0
MIG: 15:33:10 : isPortInterface: 0
MIG: 15:33:10 : isPortInterface: 0
MIG: 15:33:10 : isPortInterface: 0
MIG: 15:33:10 : isPortInterface: 0
MIG: 15:33:10 : isPortInterface: 0
MIG: 15:33:10 : isPortInterface: 0
MIG: 15:33:10 : isPortInterface: 0
MIG: 15:33:10 : isPortInterface: 0
MIG: 15:33:10 : isPortInterface: 0
MIG: 15:33:10 : isPortInterface: 0
MIG: 15:33:10 : isPortInterface: 0
MIG: 15:33:10 : isPortInterface: 0
MIG: 15:33:10 : isPortInterface: 0
MIG: 15:33:10 : isPortInterface: 0
MIG: 15:33:10 : isPortInterface: 0
MIG: 15:33:10 : isPortInterface: 0
MIG: 15:33:10 : isPortInterface: 0
MIG: 15:33:10 : isPortInterface: 0
MIG: 15:33:10 : isPortInterface: 0
MIG: 15:33:10 : isPortInterface: 0
MIG: 15:33:10 : isPortInterface: 0
MIG: 15:33:10 : isPortInterface: 0
MIG: 15:33:10 : isPortInterface: 0
MIG: 15:33:10 : isPortInterface: 0
MIG: 15:33:10 : isPortInterface: 0
MIG: 15:33:10 : isPortInterface: 0
MIG: 15:33:10 : isPortInterface: 0
MIG: 15:33:10 : isPortInterface: 0
MIG: 15:33:10 : isPortInterface: 0
MIG: 15:33:10 : isPortInterface: 0
MIG: 15:33:10 : isPortInterface: 0
MIG: 15:33:10 : isPortInterface: 0
MIG: 15:33:10 : isPortInterface: 0
MIG: 15:33:10 : isPortInterface: 0
MIG: 15:33:10 : isPortInterface: 0
MIG: 15:33:10 : isPortInterface: 0
MIG: 15:33:10 : isPortInterface: 0
MIG: 15:33:10 : isPortInterface: 0
MIG: 15:33:10 : isPortInterface: 0
MIG: 15:33:10 : isPortInterface: 0
MIG: 15:33:10 : isPortInterface: 0
MIG: 15:33:10 : isPortInterface: 0
MIG: 15:33:10 : isPortInterface: 0
MIG: 15:33:10 : isPortInterface: 0
MIG: 15:33:10 : isPortInterface: 0
MIG: 15:33:10 : isPortInterface: 0
MIG: 15:33:10 : isPortInterface: 0
MIG: 15:33:10 : isPortInterface: 0
MIG: 15:33:10 : isPortInterface: 0
MIG: 15:33:10 : isPortInterface: 0
MIG: 15:33:10 : isPortInterface: 0
MIG: 15:33:10 : isPortInterface: 0
MIG: 15:33:10 : isPortInterface: 0
MIG: 15:33:10 : isPortInterface: 0
MIG: 15:33:10 : isPortInterface: 0
MIG: 15:33:10 : isPortInterface: 0
MIG: 15:33:10 : isPortInterface: 0
MIG: 15:33:10 : isPortInterface: 0
MIG: 15:33:10 : isPortInterface: 0
MIG: 15:33:10 : isPortInterface: 0
MIG: 15:33:10 : isPortInterface: 0
MIG: 15:33:10 : isPortInterface: 0
MIG: 15:33:10 : isPortInterface: 0
MIG: 15:33:10 : isPortInterface: 0
MIG: 15:33:10 : isPortInterface: 0
MIG: 15:33:10 : isPortInterface: 0
MIG: 15:33:10 : isPortInterface: 0
MIG: 15:33:10 : isPortInterface: 0
MIG: 15:33:10 : isPortInterface: 0
MIG: 15:33:10 : isPortInterface: 0
MIG: 15:33:10 : isPortInterface: 0
MIG: 15:33:10 : isPortInterface: 0
MIG: 15:33:10 : isPortInterface: 0
MIG: 15:33:10 : isPortInterface: 0
MIG: 15:33:10 : isPortInterface: 0
MIG: 15:33:10 : isPortInterface: 0
MIG: 15:33:10 : isPortInterface: 0
MIG: 15:33:10 : isPortInterface: 0
MIG: 15:33:10 : isPortInterface: 0
MIG: 15:33:10 : isPortInterface: 0
MIG: 15:33:10 : isPortInterface: 0
MIG: 15:33:10 : isPortInterface: 0
MIG: 15:33:10 : isPortInterface: 0
MIG: 15:33:10 : isPortInterface: 0
MIG: 15:33:10 : isPortInterface: 0
MIG: 15:33:10 : isPortInterface: 0
MIG: 15:33:10 : isPortInterface: 0
MIG: 15:33:10 : isPortInterface: 0
MIG: 15:33:10 : isPortInterface: 0
MIG: 15:33:10 : isPortInterface: 0
MIG: 15:33:10 : isPortInterface: 0
MIG: 15:33:10 : isPortInterface: 0
MIG: 15:33:10 : isPortInterface: 0
MIG: 15:33:10 : isPortInterface: 0
MIG: 15:33:10 : isPortInterface: 0
MIG: 15:33:10 : isPortInterface: 0
MIG: 15:33:10 : isPortInterface: 0
MIG: 15:33:10 : isPortInterface: 0
MIG: 15:33:10 : isPortInterface: 0
MIG: 15:33:10 : isPortInterface: 0
MIG: 15:33:10 : isPortInterface: 0
MIG: 15:33:11 : isPortInterface: 0
MIG: 15:33:11 : isPortInterface: 0
MIG: 15:33:11 : isPortInterface: 0
MIG: 15:33:11 : isPortInterface: 0
MIG: 15:33:11 : isPortInterface: 0
MIG: 15:33:11 : isPortInterface: 0
MIG: 15:33:11 : isPortInterface: 0
MIG: 15:33:11 : isPortInterface: 0
MIG: 15:33:11 : isPortInterface: 0
MIG: 15:33:11 : isPortInterface: 0
MIG: 15:33:11 : isPortInterface: 0
MIG: 15:33:11 : isPortInterface: 0
MIG: 15:33:11 : isPortInterface: 0
MIG: 15:33:11 : isPortInterface: 0
MIG: 15:33:11 : isPortInterface: 0
MIG: 15:33:11 : isPortInterface: 0
MIG: 15:33:11 : isPortInterface: 0
MIG: 15:33:11 : isPortInterface: 0
MIG: 15:33:11 : isPortInterface: 0
MIG: 15:33:11 : isPortInterface: 0
MIG: 15:33:11 : isPortInterface: 0
MIG: 15:33:11 : isPortInterface: 0
MIG: 15:33:11 : isPortInterface: 0
MIG: 15:33:11 : isPortInterface: 0
MIG: 15:33:11 : isPortInterface: 0
MIG: 15:33:11 : isPortInterface: 0
MIG: 15:33:11 : isPortInterface: 0
MIG: 15:33:11 : isPortInterface: 0
MIG: 15:33:11 : isPortInterface: 0
MIG: 15:33:11 : isPortInterface: 0
MIG: 15:33:11 : isPortInterface: 0
MIG: 15:33:11 : isPortInterface: 0
MIG: 15:33:11 : isPortInterface: 0
MIG: 15:33:11 : isPortInterface: 0
MIG: 15:33:11 : isPortInterface: 0
MIG: 15:33:11 : isPortInterface: 0
MIG: 15:33:11 : isPortInterface: 0
MIG: 15:33:11 : isPortInterface: 0
MIG: 15:33:11 : isPortInterface: 0
MIG: 15:33:11 : isPortInterface: 0
MIG: 15:33:11 : isPortInterface: 0
MIG: 15:33:11 : isPortInterface: 0
MIG: 15:33:11 : isPortInterface: 0
MIG: 15:33:11 : isPortInterface: 0
MIG: 15:33:11 : isPortInterface: 0
MIG: 15:33:11 : isPortInterface: 0
MIG: 15:33:11 : isPortInterface: 0
MIG: 15:33:11 : isPortInterface: 0
MIG: 15:33:11 : isPortInterface: 0
MIG: 15:33:11 : isPortInterface: 0
MIG: 15:33:11 : isPortInterface: 0
MIG: 15:33:11 : isPortInterface: 0
MIG: 15:33:11 : isPortInterface: 0
MIG: 15:33:11 : isPortInterface: 0
MIG: 15:33:11 : isPortInterface: 0
MIG: 15:33:11 : isPortInterface: 0
MIG: 15:33:11 : isPortInterface: 0
MIG: 15:33:11 : isPortInterface: 0
MIG: 15:33:11 : isPortInterface: 0
MIG: 15:33:11 : isPortInterface: 0
MIG: 15:33:11 : isPortInterface: 0
MIG: 15:33:11 : isPortInterface: 0
MIG: 15:33:11 : isPortInterface: 0
MIG: 15:33:11 : isPortInterface: 0
MIG: 15:33:11 : isPortInterface: 0
MIG: 15:33:11 : isPortInterface: 1
MIG: 15:33:11 : isPortInterface: 0
MIG: 15:33:11 : isPortInterface: 0
MIG: 15:33:11 : isPortInterface: 0
MIG: 15:33:11 : isPortInterface: 0
MIG: 15:33:11 : isPortInterface: 0
MIG: 15:33:11 : isPortInterface: 0
MIG: 15:33:11 : isPortInterface: 0
MIG: 15:33:11 : isPortInterface: 0
MIG: 15:33:11 : isPortInterface: 0
MIG: 15:33:11 : isPortInterface: 0
MIG: 15:33:11 :  locked false  
MIG: 15:33:11 : HDL Language: Verilog
MIG: 15:33:11 : compInfo: false
MIG: 15:33:11 : Vivado Options xc7vx485t ffg1761 -2
MIG: 15:33:11 : 1: xc7vx485t 2: ffg1761 3: -2
MIG: 15:33:11 : relative mig path: coregen/ip/xilinx/other/com/xilinx/ip/mig_7series_v4_0/bin/nt64/mig.exe
MIG: 15:33:11 : xilinx_path: D:/Programs/Xilinx/Vivado/2016.4/ids_lite/ISE
MIG: 15:33:11 : I am in catch area
MIG: 15:33:11 : Running D:/Programs/Xilinx/Vivado/2016.4/ids_lite/ISE/coregen/ip/xilinx/other/com/xilinx/ip/mig_7series_v4_0/bin/nt64/mig.exe -cg_exc_inp c:/Users/Burak/Desktop/VC707BaseSystemExtended/VC707BaseSystemExtended.srcs/sources_1/bd/design_1/ip/design_1_mig_7series_0_0/xil_txt.in -cg_exc_out c:/Users/Burak/Desktop/VC707BaseSystemExtended/VC707BaseSystemExtended.srcs/sources_1/bd/design_1/ip/design_1_mig_7series_0_0/xil_txt.out ... 
MIG: 15:33:31 : XML_INPUT_FILE: c:/Users/Burak/Desktop/VC707BaseSystemExtended/VC707BaseSystemExtended.srcs/sources_1/bd/design_1/ip/design_1_mig_7series_0_0/mig_a.prj
MIG: 15:33:31 : Component_Name: design_1_mig_7series_0_0
MIG: 15:33:31 : Moving design_1_mig_7series_0_0 ...
MIG: 15:33:31 : Moving design_1_mig_7series_0_0.veo ...
MIG: 15:33:31 : Moving design_1_mig_7series_0_0_xmdf.tcl ...
MIG: 15:33:32 : Running vlog_sim_rpr.xit .. PRASAD DBG1
MIG: 15:33:32 : IGN:     <ModuleName>design_1_mig_7series_0_0</ModuleName> <==>     <ModuleName>design_1_mig_7series_0_0</ModuleName> 
MIG: 15:33:32 : IGN:         <InputClkFreq>200</InputClkFreq> <==>         <InputClkFreq>200</InputClkFreq> 
MIG: 15:33:32 : Running implementation.xit
MIG: 15:33:32 : IGN:     <ModuleName>design_1_mig_7series_0_0</ModuleName> <==>     <ModuleName>design_1_mig_7series_0_0</ModuleName> 
MIG: 15:33:32 : IGN:         <InputClkFreq>200</InputClkFreq> <==>         <InputClkFreq>200</InputClkFreq> 
MIG: 09:34:48 : xml_input_file: board.prj
MIG: 09:34:48 : Absolute path of xml_input_file: c:/Users/berkaythefair/Downloads/BurakK/Burak/VC707/VC707/VC707BaseSystemExtended.srcs/sources_1/bd/design_1/ip/design_1_mig_7series_0_0/board.prj
MIG: 09:34:48 : xml_input_file: mig_a.prj
MIG: 09:34:48 : Absolute path of xml_input_file: c:/Users/berkaythefair/Downloads/BurakK/Burak/VC707/VC707/VC707BaseSystemExtended.srcs/sources_1/bd/design_1/ip/design_1_mig_7series_0_0/mig_a.prj
MIG: 09:34:48 : xml_input_file: mig_a.prj
MIG: 09:34:48 : Absolute path of xml_input_file: c:/Users/berkaythefair/Downloads/BurakK/Burak/VC707/VC707/VC707BaseSystemExtended.srcs/sources_1/bd/design_1/ip/design_1_mig_7series_0_0/mig_a.prj
