Copyright 1986-2016 Xilinx, Inc. All Rights Reserved.
------------------------------------------------------------------------------------
| Tool Version : Vivado v.2016.4 (win64) Build 1756540 Mon Jan 23 19:11:23 MST 2017
| Date         : Wed Jul 24 15:38:09 2019
| Host         : DESKTOP-AHC6U0K running 64-bit major release  (build 9200)
| Command      : upgrade_ip
| Device       : xc7vx485tffg1761-2
------------------------------------------------------------------------------------

Upgrade Log for IP 'design_1_axis_pwm_generator_0_2'

1. Summary
----------

SUCCESS in the upgrade of design_1_axis_pwm_generator_0_2 (xilinx.com:user:axis_pwm_generator:1.0) from (Rev. 14) to (Rev. 16)






Copyright 1986-2016 Xilinx, Inc. All Rights Reserved.
------------------------------------------------------------------------------------
| Tool Version : Vivado v.2016.4 (win64) Build 1756540 Mon Jan 23 19:11:23 MST 2017
| Date         : Wed Jul 17 16:17:57 2019
| Host         : DESKTOP-AHC6U0K running 64-bit major release  (build 9200)
| Command      : upgrade_ip
| Device       : xc7vx485tffg1761-2
------------------------------------------------------------------------------------

Upgrade Log for IP 'design_1_axis_pwm_generator_0_2'

1. Summary
----------

SUCCESS in the upgrade of design_1_axis_pwm_generator_0_2 (xilinx.com:user:axis_pwm_generator:1.0) from (Rev. 13) to (Rev. 14)

