
*** Running vivado
    with args -log design_1_microblaze_0_xlconcat_0.vds -m64 -product Vivado -mode batch -messageDb vivado.pb -notrace -source design_1_microblaze_0_xlconcat_0.tcl


****** Vivado v2016.4 (64-bit)
  **** SW Build 1756540 on Mon Jan 23 19:11:23 MST 2017
  **** IP Build 1755317 on Mon Jan 23 20:30:07 MST 2017
    ** Copyright 1986-2016 Xilinx, Inc. All Rights Reserved.

source design_1_microblaze_0_xlconcat_0.tcl -notrace
Starting RTL Elaboration : Time (s): cpu = 00:00:12 ; elapsed = 00:00:15 . Memory (MB): peak = 311.059 ; gain = 101.055
INFO: [Synth 8-638] synthesizing module 'design_1_microblaze_0_xlconcat_0' [c:/Users/Burak/Desktop/Projects/VC707BaseSystemExtended/VC707BaseSystemExtended.srcs/sources_1/bd/design_1/ip/design_1_microblaze_0_xlconcat_0/synth/design_1_microblaze_0_xlconcat_0.vhd:67]
INFO: [Synth 8-638] synthesizing module 'xlconcat' [c:/Users/Burak/Desktop/Projects/VC707BaseSystemExtended/VC707BaseSystemExtended.srcs/sources_1/bd/design_1/ipshared/2e37/xlconcat.vhd:100]
INFO: [Synth 8-256] done synthesizing module 'xlconcat' (1#1) [c:/Users/Burak/Desktop/Projects/VC707BaseSystemExtended/VC707BaseSystemExtended.srcs/sources_1/bd/design_1/ipshared/2e37/xlconcat.vhd:100]
INFO: [Synth 8-256] done synthesizing module 'design_1_microblaze_0_xlconcat_0' (2#1) [c:/Users/Burak/Desktop/Projects/VC707BaseSystemExtended/VC707BaseSystemExtended.srcs/sources_1/bd/design_1/ip/design_1_microblaze_0_xlconcat_0/synth/design_1_microblaze_0_xlconcat_0.vhd:67]
Finished RTL Elaboration : Time (s): cpu = 00:00:13 ; elapsed = 00:00:16 . Memory (MB): peak = 349.477 ; gain = 139.473
Finished RTL Optimization Phase 1 : Time (s): cpu = 00:00:14 ; elapsed = 00:00:17 . Memory (MB): peak = 349.477 ; gain = 139.473
INFO: [Device 21-403] Loading part xc7vx485tffg1761-2
Constraint Validation Runtime : Time (s): cpu = 00:00:00 ; elapsed = 00:00:00.029 . Memory (MB): peak = 694.645 ; gain = 0.000
Finished Constraint Validation : Time (s): cpu = 00:00:50 ; elapsed = 00:00:57 . Memory (MB): peak = 694.645 ; gain = 484.641
Finished Loading Part and Timing Information : Time (s): cpu = 00:00:50 ; elapsed = 00:00:57 . Memory (MB): peak = 694.645 ; gain = 484.641
Finished applying 'set_property' XDC Constraints : Time (s): cpu = 00:00:50 ; elapsed = 00:00:57 . Memory (MB): peak = 694.645 ; gain = 484.641
Finished RTL Optimization Phase 2 : Time (s): cpu = 00:00:50 ; elapsed = 00:00:57 . Memory (MB): peak = 694.645 ; gain = 484.641
Finished Cross Boundary and Area Optimization : Time (s): cpu = 00:00:50 ; elapsed = 00:00:57 . Memory (MB): peak = 694.645 ; gain = 484.641
Finished Applying XDC Timing Constraints : Time (s): cpu = 00:01:10 ; elapsed = 00:01:20 . Memory (MB): peak = 712.227 ; gain = 502.223
Finished Timing Optimization : Time (s): cpu = 00:01:10 ; elapsed = 00:01:20 . Memory (MB): peak = 712.227 ; gain = 502.223
Finished Technology Mapping : Time (s): cpu = 00:01:10 ; elapsed = 00:01:20 . Memory (MB): peak = 721.820 ; gain = 511.816
Finished IO Insertion : Time (s): cpu = 00:01:11 ; elapsed = 00:01:21 . Memory (MB): peak = 721.820 ; gain = 511.816
Finished Renaming Generated Instances : Time (s): cpu = 00:01:11 ; elapsed = 00:01:21 . Memory (MB): peak = 721.820 ; gain = 511.816
Finished Rebuilding User Hierarchy : Time (s): cpu = 00:01:11 ; elapsed = 00:01:21 . Memory (MB): peak = 721.820 ; gain = 511.816
Finished Renaming Generated Ports : Time (s): cpu = 00:01:11 ; elapsed = 00:01:21 . Memory (MB): peak = 721.820 ; gain = 511.816
Finished Handling Custom Attributes : Time (s): cpu = 00:01:11 ; elapsed = 00:01:21 . Memory (MB): peak = 721.820 ; gain = 511.816
Finished Renaming Generated Nets : Time (s): cpu = 00:01:11 ; elapsed = 00:01:21 . Memory (MB): peak = 721.820 ; gain = 511.816

Report Cell Usage: 
+-+-----+------+
| |Cell |Count |
+-+-----+------+
+-+-----+------+
Finished Writing Synthesis Report : Time (s): cpu = 00:01:11 ; elapsed = 00:01:21 . Memory (MB): peak = 721.820 ; gain = 511.816
synth_design: Time (s): cpu = 00:01:10 ; elapsed = 00:01:18 . Memory (MB): peak = 751.207 ; gain = 519.180
