
*** Running vivado
    with args -log design_1_axi_dma_0_0.vds -m64 -product Vivado -mode batch -messageDb vivado.pb -notrace -source design_1_axi_dma_0_0.tcl


****** Vivado v2016.4 (64-bit)
  **** SW Build 1756540 on Mon Jan 23 19:11:23 MST 2017
  **** IP Build 1755317 on Mon Jan 23 20:30:07 MST 2017
    ** Copyright 1986-2016 Xilinx, Inc. All Rights Reserved.

source design_1_axi_dma_0_0.tcl -notrace
Starting RTL Elaboration : Time (s): cpu = 00:00:14 ; elapsed = 00:00:17 . Memory (MB): peak = 328.297 ; gain = 118.105
INFO: [Synth 8-638] synthesizing module 'design_1_axi_dma_0_0' [c:/Users/Burak/Desktop/VC707BaseSystemExtended/VC707BaseSystemExtended.srcs/sources_1/bd/design_1/ip/design_1_axi_dma_0_0/synth/design_1_axi_dma_0_0.vhd:104]
INFO: [Synth 8-638] synthesizing module 'axi_dma' [c:/Users/Burak/Desktop/VC707BaseSystemExtended/VC707BaseSystemExtended.srcs/sources_1/bd/design_1/ipshared/46c7/hdl/axi_dma_v7_1_vh_rfs.vhd:21830]
INFO: [Synth 8-638] synthesizing module 'axi_dma_rst_module' [c:/Users/Burak/Desktop/VC707BaseSystemExtended/VC707BaseSystemExtended.srcs/sources_1/bd/design_1/ipshared/46c7/hdl/axi_dma_v7_1_vh_rfs.vhd:1595]
INFO: [Synth 8-638] synthesizing module 'cdc_sync' [c:/Users/Burak/Desktop/VC707BaseSystemExtended/VC707BaseSystemExtended.srcs/sources_1/bd/design_1/ipshared/52cb/hdl/lib_cdc_v1_0_rfs.vhd:106]
INFO: [Synth 8-256] done synthesizing module 'cdc_sync' (1#1) [c:/Users/Burak/Desktop/VC707BaseSystemExtended/VC707BaseSystemExtended.srcs/sources_1/bd/design_1/ipshared/52cb/hdl/lib_cdc_v1_0_rfs.vhd:106]
INFO: [Synth 8-638] synthesizing module 'axi_dma_reset' [c:/Users/Burak/Desktop/VC707BaseSystemExtended/VC707BaseSystemExtended.srcs/sources_1/bd/design_1/ipshared/46c7/hdl/axi_dma_v7_1_vh_rfs.vhd:603]
INFO: [Synth 8-256] done synthesizing module 'axi_dma_reset' (2#1) [c:/Users/Burak/Desktop/VC707BaseSystemExtended/VC707BaseSystemExtended.srcs/sources_1/bd/design_1/ipshared/46c7/hdl/axi_dma_v7_1_vh_rfs.vhd:603]
INFO: [Synth 8-256] done synthesizing module 'axi_dma_rst_module' (3#1) [c:/Users/Burak/Desktop/VC707BaseSystemExtended/VC707BaseSystemExtended.srcs/sources_1/bd/design_1/ipshared/46c7/hdl/axi_dma_v7_1_vh_rfs.vhd:1595]
INFO: [Synth 8-638] synthesizing module 'axi_dma_reg_module' [c:/Users/Burak/Desktop/VC707BaseSystemExtended/VC707BaseSystemExtended.srcs/sources_1/bd/design_1/ipshared/46c7/hdl/axi_dma_v7_1_vh_rfs.vhd:8254]
INFO: [Synth 8-638] synthesizing module 'axi_dma_lite_if' [c:/Users/Burak/Desktop/VC707BaseSystemExtended/VC707BaseSystemExtended.srcs/sources_1/bd/design_1/ipshared/46c7/hdl/axi_dma_v7_1_vh_rfs.vhd:2066]
INFO: [Synth 8-256] done synthesizing module 'axi_dma_lite_if' (4#1) [c:/Users/Burak/Desktop/VC707BaseSystemExtended/VC707BaseSystemExtended.srcs/sources_1/bd/design_1/ipshared/46c7/hdl/axi_dma_v7_1_vh_rfs.vhd:2066]
INFO: [Synth 8-638] synthesizing module 'axi_dma_register' [c:/Users/Burak/Desktop/VC707BaseSystemExtended/VC707BaseSystemExtended.srcs/sources_1/bd/design_1/ipshared/46c7/hdl/axi_dma_v7_1_vh_rfs.vhd:3604]
INFO: [Synth 8-256] done synthesizing module 'axi_dma_register' (5#1) [c:/Users/Burak/Desktop/VC707BaseSystemExtended/VC707BaseSystemExtended.srcs/sources_1/bd/design_1/ipshared/46c7/hdl/axi_dma_v7_1_vh_rfs.vhd:3604]
INFO: [Synth 8-256] done synthesizing module 'axi_dma_reg_module' (6#1) [c:/Users/Burak/Desktop/VC707BaseSystemExtended/VC707BaseSystemExtended.srcs/sources_1/bd/design_1/ipshared/46c7/hdl/axi_dma_v7_1_vh_rfs.vhd:8254]
INFO: [Synth 8-638] synthesizing module 'axi_dma_mm2s_mngr' [c:/Users/Burak/Desktop/VC707BaseSystemExtended/VC707BaseSystemExtended.srcs/sources_1/bd/design_1/ipshared/46c7/hdl/axi_dma_v7_1_vh_rfs.vhd:14884]
INFO: [Synth 8-638] synthesizing module 'axi_dma_smple_sm' [c:/Users/Burak/Desktop/VC707BaseSystemExtended/VC707BaseSystemExtended.srcs/sources_1/bd/design_1/ipshared/46c7/hdl/axi_dma_v7_1_vh_rfs.vhd:11685]
INFO: [Synth 8-256] done synthesizing module 'axi_dma_smple_sm' (7#1) [c:/Users/Burak/Desktop/VC707BaseSystemExtended/VC707BaseSystemExtended.srcs/sources_1/bd/design_1/ipshared/46c7/hdl/axi_dma_v7_1_vh_rfs.vhd:11685]
INFO: [Synth 8-638] synthesizing module 'axi_dma_mm2s_cmdsts_if' [c:/Users/Burak/Desktop/VC707BaseSystemExtended/VC707BaseSystemExtended.srcs/sources_1/bd/design_1/ipshared/46c7/hdl/axi_dma_v7_1_vh_rfs.vhd:13668]
INFO: [Synth 8-256] done synthesizing module 'axi_dma_mm2s_cmdsts_if' (8#1) [c:/Users/Burak/Desktop/VC707BaseSystemExtended/VC707BaseSystemExtended.srcs/sources_1/bd/design_1/ipshared/46c7/hdl/axi_dma_v7_1_vh_rfs.vhd:13668]
INFO: [Synth 8-638] synthesizing module 'axi_dma_mm2s_sts_mngr' [c:/Users/Burak/Desktop/VC707BaseSystemExtended/VC707BaseSystemExtended.srcs/sources_1/bd/design_1/ipshared/46c7/hdl/axi_dma_v7_1_vh_rfs.vhd:13983]
INFO: [Synth 8-256] done synthesizing module 'axi_dma_mm2s_sts_mngr' (9#1) [c:/Users/Burak/Desktop/VC707BaseSystemExtended/VC707BaseSystemExtended.srcs/sources_1/bd/design_1/ipshared/46c7/hdl/axi_dma_v7_1_vh_rfs.vhd:13983]
INFO: [Synth 8-256] done synthesizing module 'axi_dma_mm2s_mngr' (10#1) [c:/Users/Burak/Desktop/VC707BaseSystemExtended/VC707BaseSystemExtended.srcs/sources_1/bd/design_1/ipshared/46c7/hdl/axi_dma_v7_1_vh_rfs.vhd:14884]
INFO: [Synth 8-638] synthesizing module 'axi_dma_sofeof_gen' [c:/Users/Burak/Desktop/VC707BaseSystemExtended/VC707BaseSystemExtended.srcs/sources_1/bd/design_1/ipshared/46c7/hdl/axi_dma_v7_1_vh_rfs.vhd:11155]
INFO: [Synth 8-256] done synthesizing module 'axi_dma_sofeof_gen' (11#1) [c:/Users/Burak/Desktop/VC707BaseSystemExtended/VC707BaseSystemExtended.srcs/sources_1/bd/design_1/ipshared/46c7/hdl/axi_dma_v7_1_vh_rfs.vhd:11155]
INFO: [Synth 8-638] synthesizing module 'axi_datamover' [c:/Users/Burak/Desktop/VC707BaseSystemExtended/VC707BaseSystemExtended.srcs/sources_1/bd/design_1/ipshared/bf41/hdl/axi_datamover_v5_1_vh_rfs.vhd:48516]
INFO: [Synth 8-638] synthesizing module 'axi_datamover_mm2s_full_wrap' [c:/Users/Burak/Desktop/VC707BaseSystemExtended/VC707BaseSystemExtended.srcs/sources_1/bd/design_1/ipshared/bf41/hdl/axi_datamover_v5_1_vh_rfs.vhd:46666]
INFO: [Synth 8-638] synthesizing module 'axi_datamover_reset' [c:/Users/Burak/Desktop/VC707BaseSystemExtended/VC707BaseSystemExtended.srcs/sources_1/bd/design_1/ipshared/bf41/hdl/axi_datamover_v5_1_vh_rfs.vhd:153]
INFO: [Synth 8-256] done synthesizing module 'axi_datamover_reset' (12#1) [c:/Users/Burak/Desktop/VC707BaseSystemExtended/VC707BaseSystemExtended.srcs/sources_1/bd/design_1/ipshared/bf41/hdl/axi_datamover_v5_1_vh_rfs.vhd:153]
INFO: [Synth 8-638] synthesizing module 'axi_datamover_cmd_status' [c:/Users/Burak/Desktop/VC707BaseSystemExtended/VC707BaseSystemExtended.srcs/sources_1/bd/design_1/ipshared/bf41/hdl/axi_datamover_v5_1_vh_rfs.vhd:2693]
INFO: [Synth 8-638] synthesizing module 'axi_datamover_fifo' [c:/Users/Burak/Desktop/VC707BaseSystemExtended/VC707BaseSystemExtended.srcs/sources_1/bd/design_1/ipshared/bf41/hdl/axi_datamover_v5_1_vh_rfs.vhd:1881]
INFO: [Synth 8-256] done synthesizing module 'axi_datamover_fifo' (13#1) [c:/Users/Burak/Desktop/VC707BaseSystemExtended/VC707BaseSystemExtended.srcs/sources_1/bd/design_1/ipshared/bf41/hdl/axi_datamover_v5_1_vh_rfs.vhd:1881]
INFO: [Synth 8-638] synthesizing module 'axi_datamover_fifo__parameterized0' [c:/Users/Burak/Desktop/VC707BaseSystemExtended/VC707BaseSystemExtended.srcs/sources_1/bd/design_1/ipshared/bf41/hdl/axi_datamover_v5_1_vh_rfs.vhd:1881]
INFO: [Synth 8-256] done synthesizing module 'axi_datamover_fifo__parameterized0' (13#1) [c:/Users/Burak/Desktop/VC707BaseSystemExtended/VC707BaseSystemExtended.srcs/sources_1/bd/design_1/ipshared/bf41/hdl/axi_datamover_v5_1_vh_rfs.vhd:1881]
INFO: [Synth 8-256] done synthesizing module 'axi_datamover_cmd_status' (14#1) [c:/Users/Burak/Desktop/VC707BaseSystemExtended/VC707BaseSystemExtended.srcs/sources_1/bd/design_1/ipshared/bf41/hdl/axi_datamover_v5_1_vh_rfs.vhd:2693]
INFO: [Synth 8-638] synthesizing module 'axi_datamover_rd_status_cntl' [c:/Users/Burak/Desktop/VC707BaseSystemExtended/VC707BaseSystemExtended.srcs/sources_1/bd/design_1/ipshared/bf41/hdl/axi_datamover_v5_1_vh_rfs.vhd:13741]
INFO: [Synth 8-256] done synthesizing module 'axi_datamover_rd_status_cntl' (15#1) [c:/Users/Burak/Desktop/VC707BaseSystemExtended/VC707BaseSystemExtended.srcs/sources_1/bd/design_1/ipshared/bf41/hdl/axi_datamover_v5_1_vh_rfs.vhd:13741]
INFO: [Synth 8-638] synthesizing module 'axi_datamover_pcc' [c:/Users/Burak/Desktop/VC707BaseSystemExtended/VC707BaseSystemExtended.srcs/sources_1/bd/design_1/ipshared/bf41/hdl/axi_datamover_v5_1_vh_rfs.vhd:7411]
INFO: [Synth 8-638] synthesizing module 'axi_datamover_strb_gen2' [c:/Users/Burak/Desktop/VC707BaseSystemExtended/VC707BaseSystemExtended.srcs/sources_1/bd/design_1/ipshared/bf41/hdl/axi_datamover_v5_1_vh_rfs.vhd:4337]
INFO: [Synth 8-256] done synthesizing module 'axi_datamover_strb_gen2' (16#1) [c:/Users/Burak/Desktop/VC707BaseSystemExtended/VC707BaseSystemExtended.srcs/sources_1/bd/design_1/ipshared/bf41/hdl/axi_datamover_v5_1_vh_rfs.vhd:4337]
INFO: [Synth 8-638] synthesizing module 'axi_datamover_strb_gen2__parameterized0' [c:/Users/Burak/Desktop/VC707BaseSystemExtended/VC707BaseSystemExtended.srcs/sources_1/bd/design_1/ipshared/bf41/hdl/axi_datamover_v5_1_vh_rfs.vhd:4337]
INFO: [Synth 8-256] done synthesizing module 'axi_datamover_strb_gen2__parameterized0' (16#1) [c:/Users/Burak/Desktop/VC707BaseSystemExtended/VC707BaseSystemExtended.srcs/sources_1/bd/design_1/ipshared/bf41/hdl/axi_datamover_v5_1_vh_rfs.vhd:4337]
INFO: [Synth 8-256] done synthesizing module 'axi_datamover_pcc' (17#1) [c:/Users/Burak/Desktop/VC707BaseSystemExtended/VC707BaseSystemExtended.srcs/sources_1/bd/design_1/ipshared/bf41/hdl/axi_datamover_v5_1_vh_rfs.vhd:7411]
INFO: [Synth 8-638] synthesizing module 'axi_datamover_addr_cntl' [c:/Users/Burak/Desktop/VC707BaseSystemExtended/VC707BaseSystemExtended.srcs/sources_1/bd/design_1/ipshared/bf41/hdl/axi_datamover_v5_1_vh_rfs.vhd:9995]
INFO: [Synth 8-638] synthesizing module 'axi_datamover_fifo__parameterized1' [c:/Users/Burak/Desktop/VC707BaseSystemExtended/VC707BaseSystemExtended.srcs/sources_1/bd/design_1/ipshared/bf41/hdl/axi_datamover_v5_1_vh_rfs.vhd:1881]
INFO: [Synth 8-638] synthesizing module 'srl_fifo_f' [c:/Users/Burak/Desktop/VC707BaseSystemExtended/VC707BaseSystemExtended.srcs/sources_1/bd/design_1/ipshared/6039/hdl/lib_srl_fifo_v1_0_rfs.vhd:1000]
INFO: [Synth 8-638] synthesizing module 'srl_fifo_rbu_f' [c:/Users/Burak/Desktop/VC707BaseSystemExtended/VC707BaseSystemExtended.srcs/sources_1/bd/design_1/ipshared/6039/hdl/lib_srl_fifo_v1_0_rfs.vhd:697]
INFO: [Synth 8-638] synthesizing module 'cntr_incr_decr_addn_f' [c:/Users/Burak/Desktop/VC707BaseSystemExtended/VC707BaseSystemExtended.srcs/sources_1/bd/design_1/ipshared/6039/hdl/lib_srl_fifo_v1_0_rfs.vhd:143]
INFO: [Synth 8-256] done synthesizing module 'cntr_incr_decr_addn_f' (18#1) [c:/Users/Burak/Desktop/VC707BaseSystemExtended/VC707BaseSystemExtended.srcs/sources_1/bd/design_1/ipshared/6039/hdl/lib_srl_fifo_v1_0_rfs.vhd:143]
INFO: [Synth 8-638] synthesizing module 'dynshreg_f' [c:/Users/Burak/Desktop/VC707BaseSystemExtended/VC707BaseSystemExtended.srcs/sources_1/bd/design_1/ipshared/6039/hdl/lib_srl_fifo_v1_0_rfs.vhd:397]
INFO: [Synth 8-256] done synthesizing module 'dynshreg_f' (19#1) [c:/Users/Burak/Desktop/VC707BaseSystemExtended/VC707BaseSystemExtended.srcs/sources_1/bd/design_1/ipshared/6039/hdl/lib_srl_fifo_v1_0_rfs.vhd:397]
INFO: [Synth 8-256] done synthesizing module 'srl_fifo_rbu_f' (20#1) [c:/Users/Burak/Desktop/VC707BaseSystemExtended/VC707BaseSystemExtended.srcs/sources_1/bd/design_1/ipshared/6039/hdl/lib_srl_fifo_v1_0_rfs.vhd:697]
INFO: [Synth 8-256] done synthesizing module 'srl_fifo_f' (21#1) [c:/Users/Burak/Desktop/VC707BaseSystemExtended/VC707BaseSystemExtended.srcs/sources_1/bd/design_1/ipshared/6039/hdl/lib_srl_fifo_v1_0_rfs.vhd:1000]
INFO: [Synth 8-256] done synthesizing module 'axi_datamover_fifo__parameterized1' (21#1) [c:/Users/Burak/Desktop/VC707BaseSystemExtended/VC707BaseSystemExtended.srcs/sources_1/bd/design_1/ipshared/bf41/hdl/axi_datamover_v5_1_vh_rfs.vhd:1881]
INFO: [Synth 8-256] done synthesizing module 'axi_datamover_addr_cntl' (22#1) [c:/Users/Burak/Desktop/VC707BaseSystemExtended/VC707BaseSystemExtended.srcs/sources_1/bd/design_1/ipshared/bf41/hdl/axi_datamover_v5_1_vh_rfs.vhd:9995]
INFO: [Synth 8-638] synthesizing module 'axi_datamover_rddata_cntl' [c:/Users/Burak/Desktop/VC707BaseSystemExtended/VC707BaseSystemExtended.srcs/sources_1/bd/design_1/ipshared/bf41/hdl/axi_datamover_v5_1_vh_rfs.vhd:12180]
INFO: [Synth 8-638] synthesizing module 'axi_datamover_rdmux' [c:/Users/Burak/Desktop/VC707BaseSystemExtended/VC707BaseSystemExtended.srcs/sources_1/bd/design_1/ipshared/bf41/hdl/axi_datamover_v5_1_vh_rfs.vhd:10676]
INFO: [Synth 8-256] done synthesizing module 'axi_datamover_rdmux' (23#1) [c:/Users/Burak/Desktop/VC707BaseSystemExtended/VC707BaseSystemExtended.srcs/sources_1/bd/design_1/ipshared/bf41/hdl/axi_datamover_v5_1_vh_rfs.vhd:10676]
INFO: [Synth 8-638] synthesizing module 'axi_datamover_fifo__parameterized2' [c:/Users/Burak/Desktop/VC707BaseSystemExtended/VC707BaseSystemExtended.srcs/sources_1/bd/design_1/ipshared/bf41/hdl/axi_datamover_v5_1_vh_rfs.vhd:1881]
INFO: [Synth 8-638] synthesizing module 'srl_fifo_f__parameterized0' [c:/Users/Burak/Desktop/VC707BaseSystemExtended/VC707BaseSystemExtended.srcs/sources_1/bd/design_1/ipshared/6039/hdl/lib_srl_fifo_v1_0_rfs.vhd:1000]
INFO: [Synth 8-638] synthesizing module 'srl_fifo_rbu_f__parameterized0' [c:/Users/Burak/Desktop/VC707BaseSystemExtended/VC707BaseSystemExtended.srcs/sources_1/bd/design_1/ipshared/6039/hdl/lib_srl_fifo_v1_0_rfs.vhd:697]
INFO: [Synth 8-638] synthesizing module 'dynshreg_f__parameterized0' [c:/Users/Burak/Desktop/VC707BaseSystemExtended/VC707BaseSystemExtended.srcs/sources_1/bd/design_1/ipshared/6039/hdl/lib_srl_fifo_v1_0_rfs.vhd:397]
INFO: [Synth 8-256] done synthesizing module 'dynshreg_f__parameterized0' (23#1) [c:/Users/Burak/Desktop/VC707BaseSystemExtended/VC707BaseSystemExtended.srcs/sources_1/bd/design_1/ipshared/6039/hdl/lib_srl_fifo_v1_0_rfs.vhd:397]
INFO: [Synth 8-256] done synthesizing module 'srl_fifo_rbu_f__parameterized0' (23#1) [c:/Users/Burak/Desktop/VC707BaseSystemExtended/VC707BaseSystemExtended.srcs/sources_1/bd/design_1/ipshared/6039/hdl/lib_srl_fifo_v1_0_rfs.vhd:697]
INFO: [Synth 8-256] done synthesizing module 'srl_fifo_f__parameterized0' (23#1) [c:/Users/Burak/Desktop/VC707BaseSystemExtended/VC707BaseSystemExtended.srcs/sources_1/bd/design_1/ipshared/6039/hdl/lib_srl_fifo_v1_0_rfs.vhd:1000]
INFO: [Synth 8-256] done synthesizing module 'axi_datamover_fifo__parameterized2' (23#1) [c:/Users/Burak/Desktop/VC707BaseSystemExtended/VC707BaseSystemExtended.srcs/sources_1/bd/design_1/ipshared/bf41/hdl/axi_datamover_v5_1_vh_rfs.vhd:1881]
INFO: [Synth 8-256] done synthesizing module 'axi_datamover_rddata_cntl' (24#1) [c:/Users/Burak/Desktop/VC707BaseSystemExtended/VC707BaseSystemExtended.srcs/sources_1/bd/design_1/ipshared/bf41/hdl/axi_datamover_v5_1_vh_rfs.vhd:12180]
INFO: [Synth 8-638] synthesizing module 'axi_datamover_rd_sf' [c:/Users/Burak/Desktop/VC707BaseSystemExtended/VC707BaseSystemExtended.srcs/sources_1/bd/design_1/ipshared/bf41/hdl/axi_datamover_v5_1_vh_rfs.vhd:20200]
INFO: [Synth 8-638] synthesizing module 'axi_datamover_fifo__parameterized3' [c:/Users/Burak/Desktop/VC707BaseSystemExtended/VC707BaseSystemExtended.srcs/sources_1/bd/design_1/ipshared/bf41/hdl/axi_datamover_v5_1_vh_rfs.vhd:1881]
INFO: [Synth 8-638] synthesizing module 'srl_fifo_f__parameterized1' [c:/Users/Burak/Desktop/VC707BaseSystemExtended/VC707BaseSystemExtended.srcs/sources_1/bd/design_1/ipshared/6039/hdl/lib_srl_fifo_v1_0_rfs.vhd:1000]
INFO: [Synth 8-638] synthesizing module 'srl_fifo_rbu_f__parameterized1' [c:/Users/Burak/Desktop/VC707BaseSystemExtended/VC707BaseSystemExtended.srcs/sources_1/bd/design_1/ipshared/6039/hdl/lib_srl_fifo_v1_0_rfs.vhd:697]
INFO: [Synth 8-638] synthesizing module 'dynshreg_f__parameterized1' [c:/Users/Burak/Desktop/VC707BaseSystemExtended/VC707BaseSystemExtended.srcs/sources_1/bd/design_1/ipshared/6039/hdl/lib_srl_fifo_v1_0_rfs.vhd:397]
INFO: [Synth 8-256] done synthesizing module 'dynshreg_f__parameterized1' (24#1) [c:/Users/Burak/Desktop/VC707BaseSystemExtended/VC707BaseSystemExtended.srcs/sources_1/bd/design_1/ipshared/6039/hdl/lib_srl_fifo_v1_0_rfs.vhd:397]
INFO: [Synth 8-256] done synthesizing module 'srl_fifo_rbu_f__parameterized1' (24#1) [c:/Users/Burak/Desktop/VC707BaseSystemExtended/VC707BaseSystemExtended.srcs/sources_1/bd/design_1/ipshared/6039/hdl/lib_srl_fifo_v1_0_rfs.vhd:697]
INFO: [Synth 8-256] done synthesizing module 'srl_fifo_f__parameterized1' (24#1) [c:/Users/Burak/Desktop/VC707BaseSystemExtended/VC707BaseSystemExtended.srcs/sources_1/bd/design_1/ipshared/6039/hdl/lib_srl_fifo_v1_0_rfs.vhd:1000]
INFO: [Synth 8-256] done synthesizing module 'axi_datamover_fifo__parameterized3' (24#1) [c:/Users/Burak/Desktop/VC707BaseSystemExtended/VC707BaseSystemExtended.srcs/sources_1/bd/design_1/ipshared/bf41/hdl/axi_datamover_v5_1_vh_rfs.vhd:1881]
INFO: [Synth 8-638] synthesizing module 'axi_datamover_sfifo_autord' [c:/Users/Burak/Desktop/VC707BaseSystemExtended/VC707BaseSystemExtended.srcs/sources_1/bd/design_1/ipshared/bf41/hdl/axi_datamover_v5_1_vh_rfs.vhd:1294]
INFO: [Synth 8-638] synthesizing module 'sync_fifo_fg' [c:/Users/Burak/Desktop/VC707BaseSystemExtended/VC707BaseSystemExtended.srcs/sources_1/bd/design_1/ipshared/5ab6/hdl/lib_fifo_v1_0_rfs.vhd:2097]
INFO: [Synth 8-256] done synthesizing module 'sync_fifo_fg' (53#1) [c:/Users/Burak/Desktop/VC707BaseSystemExtended/VC707BaseSystemExtended.srcs/sources_1/bd/design_1/ipshared/5ab6/hdl/lib_fifo_v1_0_rfs.vhd:2097]
INFO: [Synth 8-256] done synthesizing module 'axi_datamover_sfifo_autord' (54#1) [c:/Users/Burak/Desktop/VC707BaseSystemExtended/VC707BaseSystemExtended.srcs/sources_1/bd/design_1/ipshared/bf41/hdl/axi_datamover_v5_1_vh_rfs.vhd:1294]
INFO: [Synth 8-256] done synthesizing module 'axi_datamover_rd_sf' (55#1) [c:/Users/Burak/Desktop/VC707BaseSystemExtended/VC707BaseSystemExtended.srcs/sources_1/bd/design_1/ipshared/bf41/hdl/axi_datamover_v5_1_vh_rfs.vhd:20200]
INFO: [Synth 8-638] synthesizing module 'axi_datamover_skid_buf' [c:/Users/Burak/Desktop/VC707BaseSystemExtended/VC707BaseSystemExtended.srcs/sources_1/bd/design_1/ipshared/bf41/hdl/axi_datamover_v5_1_vh_rfs.vhd:19492]
INFO: [Synth 8-256] done synthesizing module 'axi_datamover_skid_buf' (56#1) [c:/Users/Burak/Desktop/VC707BaseSystemExtended/VC707BaseSystemExtended.srcs/sources_1/bd/design_1/ipshared/bf41/hdl/axi_datamover_v5_1_vh_rfs.vhd:19492]
INFO: [Synth 8-256] done synthesizing module 'axi_datamover_mm2s_full_wrap' (57#1) [c:/Users/Burak/Desktop/VC707BaseSystemExtended/VC707BaseSystemExtended.srcs/sources_1/bd/design_1/ipshared/bf41/hdl/axi_datamover_v5_1_vh_rfs.vhd:46666]
INFO: [Synth 8-638] synthesizing module 'axi_datamover_s2mm_omit_wrap' [c:/Users/Burak/Desktop/VC707BaseSystemExtended/VC707BaseSystemExtended.srcs/sources_1/bd/design_1/ipshared/bf41/hdl/axi_datamover_v5_1_vh_rfs.vhd:42721]
INFO: [Synth 8-256] done synthesizing module 'axi_datamover_s2mm_omit_wrap' (58#1) [c:/Users/Burak/Desktop/VC707BaseSystemExtended/VC707BaseSystemExtended.srcs/sources_1/bd/design_1/ipshared/bf41/hdl/axi_datamover_v5_1_vh_rfs.vhd:42721]
INFO: [Synth 8-256] done synthesizing module 'axi_datamover' (59#1) [c:/Users/Burak/Desktop/VC707BaseSystemExtended/VC707BaseSystemExtended.srcs/sources_1/bd/design_1/ipshared/bf41/hdl/axi_datamover_v5_1_vh_rfs.vhd:48516]
INFO: [Synth 8-256] done synthesizing module 'axi_dma' (60#1) [c:/Users/Burak/Desktop/VC707BaseSystemExtended/VC707BaseSystemExtended.srcs/sources_1/bd/design_1/ipshared/46c7/hdl/axi_dma_v7_1_vh_rfs.vhd:21830]
INFO: [Synth 8-256] done synthesizing module 'design_1_axi_dma_0_0' (61#1) [c:/Users/Burak/Desktop/VC707BaseSystemExtended/VC707BaseSystemExtended.srcs/sources_1/bd/design_1/ip/design_1_axi_dma_0_0/synth/design_1_axi_dma_0_0.vhd:104]
Finished RTL Elaboration : Time (s): cpu = 00:04:19 ; elapsed = 00:04:29 . Memory (MB): peak = 572.309 ; gain = 362.117
Finished RTL Optimization Phase 1 : Time (s): cpu = 00:04:19 ; elapsed = 00:04:29 . Memory (MB): peak = 572.309 ; gain = 362.117
INFO: [Device 21-403] Loading part xc7vx485tffg1761-2
Constraint Validation Runtime : Time (s): cpu = 00:00:00 ; elapsed = 00:00:00.088 . Memory (MB): peak = 830.164 ; gain = 0.000
Finished Constraint Validation : Time (s): cpu = 00:04:49 ; elapsed = 00:05:00 . Memory (MB): peak = 830.164 ; gain = 619.973
Finished Loading Part and Timing Information : Time (s): cpu = 00:04:49 ; elapsed = 00:05:00 . Memory (MB): peak = 830.164 ; gain = 619.973
Finished applying 'set_property' XDC Constraints : Time (s): cpu = 00:04:49 ; elapsed = 00:05:00 . Memory (MB): peak = 830.164 ; gain = 619.973
Finished RTL Optimization Phase 2 : Time (s): cpu = 00:04:52 ; elapsed = 00:05:04 . Memory (MB): peak = 830.164 ; gain = 619.973
Finished Cross Boundary and Area Optimization : Time (s): cpu = 00:04:57 ; elapsed = 00:05:08 . Memory (MB): peak = 830.164 ; gain = 619.973
Finished Applying XDC Timing Constraints : Time (s): cpu = 00:05:11 ; elapsed = 00:05:23 . Memory (MB): peak = 830.164 ; gain = 619.973
Finished Timing Optimization : Time (s): cpu = 00:05:14 ; elapsed = 00:05:26 . Memory (MB): peak = 834.738 ; gain = 624.547
Finished Technology Mapping : Time (s): cpu = 00:05:15 ; elapsed = 00:05:27 . Memory (MB): peak = 834.738 ; gain = 624.547
Finished IO Insertion : Time (s): cpu = 00:05:16 ; elapsed = 00:05:28 . Memory (MB): peak = 834.738 ; gain = 624.547
Finished Renaming Generated Instances : Time (s): cpu = 00:05:16 ; elapsed = 00:05:28 . Memory (MB): peak = 834.738 ; gain = 624.547
Finished Rebuilding User Hierarchy : Time (s): cpu = 00:05:17 ; elapsed = 00:05:29 . Memory (MB): peak = 834.738 ; gain = 624.547
Finished Renaming Generated Ports : Time (s): cpu = 00:05:17 ; elapsed = 00:05:29 . Memory (MB): peak = 834.738 ; gain = 624.547
Finished Handling Custom Attributes : Time (s): cpu = 00:05:17 ; elapsed = 00:05:29 . Memory (MB): peak = 834.738 ; gain = 624.547
Finished Renaming Generated Nets : Time (s): cpu = 00:05:17 ; elapsed = 00:05:29 . Memory (MB): peak = 834.738 ; gain = 624.547

Report Cell Usage: 
+------+---------+------+
|      |Cell     |Count |
+------+---------+------+
|1     |CARRY4   |    23|
|2     |LUT1     |    33|
|3     |LUT2     |    92|
|4     |LUT3     |   166|
|5     |LUT4     |   134|
|6     |LUT5     |    83|
|7     |LUT6     |   116|
|8     |MUXCY    |    24|
|9     |RAMB18E1 |     1|
|10    |RAMB36E1 |     2|
|11    |SRL16E   |    63|
|12    |FDR      |     8|
|13    |FDRE     |   762|
|14    |FDSE     |    27|
+------+---------+------+
Finished Writing Synthesis Report : Time (s): cpu = 00:05:17 ; elapsed = 00:05:29 . Memory (MB): peak = 834.738 ; gain = 624.547
synth_design: Time (s): cpu = 00:05:16 ; elapsed = 00:05:26 . Memory (MB): peak = 850.371 ; gain = 607.500
