
*** Running vivado
    with args -log design_1_xbar_1.vds -m64 -product Vivado -mode batch -messageDb vivado.pb -notrace -source design_1_xbar_1.tcl


****** Vivado v2016.4 (64-bit)
  **** SW Build 1756540 on Mon Jan 23 19:11:23 MST 2017
  **** IP Build 1755317 on Mon Jan 23 20:30:07 MST 2017
    ** Copyright 1986-2016 Xilinx, Inc. All Rights Reserved.

source design_1_xbar_1.tcl -notrace
Starting RTL Elaboration : Time (s): cpu = 00:00:17 ; elapsed = 00:00:21 . Memory (MB): peak = 328.957 ; gain = 119.180
INFO: [Synth 8-638] synthesizing module 'design_1_xbar_1' [c:/Users/Burak/Desktop/Projects/VC707BaseSystemExtended/VC707BaseSystemExtended.srcs/sources_1/bd/design_1/ip/design_1_xbar_1/synth/design_1_xbar_1.v:59]
INFO: [Synth 8-638] synthesizing module 'axi_crossbar_v2_1_12_axi_crossbar' [c:/Users/Burak/Desktop/Projects/VC707BaseSystemExtended/VC707BaseSystemExtended.srcs/sources_1/bd/design_1/ipshared/896d/hdl/axi_crossbar_v2_1_vl_rfs.v:4882]
INFO: [Synth 8-638] synthesizing module 'axi_crossbar_v2_1_12_crossbar_sasd' [c:/Users/Burak/Desktop/Projects/VC707BaseSystemExtended/VC707BaseSystemExtended.srcs/sources_1/bd/design_1/ipshared/896d/hdl/axi_crossbar_v2_1_vl_rfs.v:1240]
INFO: [Synth 8-638] synthesizing module 'axi_crossbar_v2_1_12_addr_decoder' [c:/Users/Burak/Desktop/Projects/VC707BaseSystemExtended/VC707BaseSystemExtended.srcs/sources_1/bd/design_1/ipshared/896d/hdl/axi_crossbar_v2_1_vl_rfs.v:794]
INFO: [Synth 8-638] synthesizing module 'generic_baseblocks_v2_1_0_comparator_static' [c:/Users/Burak/Desktop/Projects/VC707BaseSystemExtended/VC707BaseSystemExtended.srcs/sources_1/bd/design_1/ipshared/7ee0/hdl/generic_baseblocks_v2_1_vl_rfs.v:2133]
INFO: [Synth 8-638] synthesizing module 'generic_baseblocks_v2_1_0_carry_and' [c:/Users/Burak/Desktop/Projects/VC707BaseSystemExtended/VC707BaseSystemExtended.srcs/sources_1/bd/design_1/ipshared/7ee0/hdl/generic_baseblocks_v2_1_vl_rfs.v:62]
INFO: [Synth 8-256] done synthesizing module 'generic_baseblocks_v2_1_0_carry_and' (1#1) [c:/Users/Burak/Desktop/Projects/VC707BaseSystemExtended/VC707BaseSystemExtended.srcs/sources_1/bd/design_1/ipshared/7ee0/hdl/generic_baseblocks_v2_1_vl_rfs.v:62]
INFO: [Synth 8-256] done synthesizing module 'generic_baseblocks_v2_1_0_comparator_static' (2#1) [c:/Users/Burak/Desktop/Projects/VC707BaseSystemExtended/VC707BaseSystemExtended.srcs/sources_1/bd/design_1/ipshared/7ee0/hdl/generic_baseblocks_v2_1_vl_rfs.v:2133]
INFO: [Synth 8-638] synthesizing module 'generic_baseblocks_v2_1_0_comparator_static__parameterized0' [c:/Users/Burak/Desktop/Projects/VC707BaseSystemExtended/VC707BaseSystemExtended.srcs/sources_1/bd/design_1/ipshared/7ee0/hdl/generic_baseblocks_v2_1_vl_rfs.v:2133]
INFO: [Synth 8-256] done synthesizing module 'generic_baseblocks_v2_1_0_comparator_static__parameterized0' (2#1) [c:/Users/Burak/Desktop/Projects/VC707BaseSystemExtended/VC707BaseSystemExtended.srcs/sources_1/bd/design_1/ipshared/7ee0/hdl/generic_baseblocks_v2_1_vl_rfs.v:2133]
INFO: [Synth 8-638] synthesizing module 'generic_baseblocks_v2_1_0_comparator_static__parameterized1' [c:/Users/Burak/Desktop/Projects/VC707BaseSystemExtended/VC707BaseSystemExtended.srcs/sources_1/bd/design_1/ipshared/7ee0/hdl/generic_baseblocks_v2_1_vl_rfs.v:2133]
INFO: [Synth 8-256] done synthesizing module 'generic_baseblocks_v2_1_0_comparator_static__parameterized1' (2#1) [c:/Users/Burak/Desktop/Projects/VC707BaseSystemExtended/VC707BaseSystemExtended.srcs/sources_1/bd/design_1/ipshared/7ee0/hdl/generic_baseblocks_v2_1_vl_rfs.v:2133]
INFO: [Synth 8-638] synthesizing module 'generic_baseblocks_v2_1_0_comparator_static__parameterized2' [c:/Users/Burak/Desktop/Projects/VC707BaseSystemExtended/VC707BaseSystemExtended.srcs/sources_1/bd/design_1/ipshared/7ee0/hdl/generic_baseblocks_v2_1_vl_rfs.v:2133]
INFO: [Synth 8-256] done synthesizing module 'generic_baseblocks_v2_1_0_comparator_static__parameterized2' (2#1) [c:/Users/Burak/Desktop/Projects/VC707BaseSystemExtended/VC707BaseSystemExtended.srcs/sources_1/bd/design_1/ipshared/7ee0/hdl/generic_baseblocks_v2_1_vl_rfs.v:2133]
INFO: [Synth 8-256] done synthesizing module 'axi_crossbar_v2_1_12_addr_decoder' (3#1) [c:/Users/Burak/Desktop/Projects/VC707BaseSystemExtended/VC707BaseSystemExtended.srcs/sources_1/bd/design_1/ipshared/896d/hdl/axi_crossbar_v2_1_vl_rfs.v:794]
INFO: [Synth 8-638] synthesizing module 'axi_crossbar_v2_1_12_decerr_slave' [c:/Users/Burak/Desktop/Projects/VC707BaseSystemExtended/VC707BaseSystemExtended.srcs/sources_1/bd/design_1/ipshared/896d/hdl/axi_crossbar_v2_1_vl_rfs.v:3500]
INFO: [Synth 8-256] done synthesizing module 'axi_crossbar_v2_1_12_decerr_slave' (4#1) [c:/Users/Burak/Desktop/Projects/VC707BaseSystemExtended/VC707BaseSystemExtended.srcs/sources_1/bd/design_1/ipshared/896d/hdl/axi_crossbar_v2_1_vl_rfs.v:3500]
INFO: [Synth 8-638] synthesizing module 'axi_crossbar_v2_1_12_addr_arbiter_sasd' [c:/Users/Burak/Desktop/Projects/VC707BaseSystemExtended/VC707BaseSystemExtended.srcs/sources_1/bd/design_1/ipshared/896d/hdl/axi_crossbar_v2_1_vl_rfs.v:65]
INFO: [Synth 8-256] done synthesizing module 'axi_crossbar_v2_1_12_addr_arbiter_sasd' (5#1) [c:/Users/Burak/Desktop/Projects/VC707BaseSystemExtended/VC707BaseSystemExtended.srcs/sources_1/bd/design_1/ipshared/896d/hdl/axi_crossbar_v2_1_vl_rfs.v:65]
INFO: [Synth 8-638] synthesizing module 'axi_crossbar_v2_1_12_splitter' [c:/Users/Burak/Desktop/Projects/VC707BaseSystemExtended/VC707BaseSystemExtended.srcs/sources_1/bd/design_1/ipshared/896d/hdl/axi_crossbar_v2_1_vl_rfs.v:4459]
INFO: [Synth 8-256] done synthesizing module 'axi_crossbar_v2_1_12_splitter' (6#1) [c:/Users/Burak/Desktop/Projects/VC707BaseSystemExtended/VC707BaseSystemExtended.srcs/sources_1/bd/design_1/ipshared/896d/hdl/axi_crossbar_v2_1_vl_rfs.v:4459]
INFO: [Synth 8-638] synthesizing module 'axi_crossbar_v2_1_12_splitter__parameterized0' [c:/Users/Burak/Desktop/Projects/VC707BaseSystemExtended/VC707BaseSystemExtended.srcs/sources_1/bd/design_1/ipshared/896d/hdl/axi_crossbar_v2_1_vl_rfs.v:4459]
INFO: [Synth 8-256] done synthesizing module 'axi_crossbar_v2_1_12_splitter__parameterized0' (6#1) [c:/Users/Burak/Desktop/Projects/VC707BaseSystemExtended/VC707BaseSystemExtended.srcs/sources_1/bd/design_1/ipshared/896d/hdl/axi_crossbar_v2_1_vl_rfs.v:4459]
INFO: [Synth 8-638] synthesizing module 'generic_baseblocks_v2_1_0_mux_enc' [c:/Users/Burak/Desktop/Projects/VC707BaseSystemExtended/VC707BaseSystemExtended.srcs/sources_1/bd/design_1/ipshared/7ee0/hdl/generic_baseblocks_v2_1_vl_rfs.v:2452]
INFO: [Synth 8-256] done synthesizing module 'generic_baseblocks_v2_1_0_mux_enc' (7#1) [c:/Users/Burak/Desktop/Projects/VC707BaseSystemExtended/VC707BaseSystemExtended.srcs/sources_1/bd/design_1/ipshared/7ee0/hdl/generic_baseblocks_v2_1_vl_rfs.v:2452]
INFO: [Synth 8-638] synthesizing module 'generic_baseblocks_v2_1_0_mux_enc__parameterized0' [c:/Users/Burak/Desktop/Projects/VC707BaseSystemExtended/VC707BaseSystemExtended.srcs/sources_1/bd/design_1/ipshared/7ee0/hdl/generic_baseblocks_v2_1_vl_rfs.v:2452]
INFO: [Synth 8-256] done synthesizing module 'generic_baseblocks_v2_1_0_mux_enc__parameterized0' (7#1) [c:/Users/Burak/Desktop/Projects/VC707BaseSystemExtended/VC707BaseSystemExtended.srcs/sources_1/bd/design_1/ipshared/7ee0/hdl/generic_baseblocks_v2_1_vl_rfs.v:2452]
INFO: [Synth 8-638] synthesizing module 'generic_baseblocks_v2_1_0_mux_enc__parameterized1' [c:/Users/Burak/Desktop/Projects/VC707BaseSystemExtended/VC707BaseSystemExtended.srcs/sources_1/bd/design_1/ipshared/7ee0/hdl/generic_baseblocks_v2_1_vl_rfs.v:2452]
INFO: [Synth 8-256] done synthesizing module 'generic_baseblocks_v2_1_0_mux_enc__parameterized1' (7#1) [c:/Users/Burak/Desktop/Projects/VC707BaseSystemExtended/VC707BaseSystemExtended.srcs/sources_1/bd/design_1/ipshared/7ee0/hdl/generic_baseblocks_v2_1_vl_rfs.v:2452]
INFO: [Synth 8-638] synthesizing module 'generic_baseblocks_v2_1_0_mux_enc__parameterized2' [c:/Users/Burak/Desktop/Projects/VC707BaseSystemExtended/VC707BaseSystemExtended.srcs/sources_1/bd/design_1/ipshared/7ee0/hdl/generic_baseblocks_v2_1_vl_rfs.v:2452]
INFO: [Synth 8-256] done synthesizing module 'generic_baseblocks_v2_1_0_mux_enc__parameterized2' (7#1) [c:/Users/Burak/Desktop/Projects/VC707BaseSystemExtended/VC707BaseSystemExtended.srcs/sources_1/bd/design_1/ipshared/7ee0/hdl/generic_baseblocks_v2_1_vl_rfs.v:2452]
INFO: [Synth 8-638] synthesizing module 'axi_register_slice_v2_1_11_axic_register_slice' [c:/Users/Burak/Desktop/Projects/VC707BaseSystemExtended/VC707BaseSystemExtended.srcs/sources_1/bd/design_1/ipshared/0b6b/hdl/axi_register_slice_v2_1_vl_rfs.v:85]
INFO: [Synth 8-256] done synthesizing module 'axi_register_slice_v2_1_11_axic_register_slice' (8#1) [c:/Users/Burak/Desktop/Projects/VC707BaseSystemExtended/VC707BaseSystemExtended.srcs/sources_1/bd/design_1/ipshared/0b6b/hdl/axi_register_slice_v2_1_vl_rfs.v:85]
INFO: [Synth 8-638] synthesizing module 'generic_baseblocks_v2_1_0_mux_enc__parameterized3' [c:/Users/Burak/Desktop/Projects/VC707BaseSystemExtended/VC707BaseSystemExtended.srcs/sources_1/bd/design_1/ipshared/7ee0/hdl/generic_baseblocks_v2_1_vl_rfs.v:2452]
INFO: [Synth 8-256] done synthesizing module 'generic_baseblocks_v2_1_0_mux_enc__parameterized3' (8#1) [c:/Users/Burak/Desktop/Projects/VC707BaseSystemExtended/VC707BaseSystemExtended.srcs/sources_1/bd/design_1/ipshared/7ee0/hdl/generic_baseblocks_v2_1_vl_rfs.v:2452]
INFO: [Synth 8-256] done synthesizing module 'axi_crossbar_v2_1_12_crossbar_sasd' (9#1) [c:/Users/Burak/Desktop/Projects/VC707BaseSystemExtended/VC707BaseSystemExtended.srcs/sources_1/bd/design_1/ipshared/896d/hdl/axi_crossbar_v2_1_vl_rfs.v:1240]
INFO: [Synth 8-256] done synthesizing module 'axi_crossbar_v2_1_12_axi_crossbar' (10#1) [c:/Users/Burak/Desktop/Projects/VC707BaseSystemExtended/VC707BaseSystemExtended.srcs/sources_1/bd/design_1/ipshared/896d/hdl/axi_crossbar_v2_1_vl_rfs.v:4882]
INFO: [Synth 8-256] done synthesizing module 'design_1_xbar_1' (11#1) [c:/Users/Burak/Desktop/Projects/VC707BaseSystemExtended/VC707BaseSystemExtended.srcs/sources_1/bd/design_1/ip/design_1_xbar_1/synth/design_1_xbar_1.v:59]
Finished RTL Elaboration : Time (s): cpu = 00:00:26 ; elapsed = 00:00:31 . Memory (MB): peak = 444.254 ; gain = 234.477
Finished RTL Optimization Phase 1 : Time (s): cpu = 00:00:27 ; elapsed = 00:00:32 . Memory (MB): peak = 444.254 ; gain = 234.477
INFO: [Device 21-403] Loading part xc7vx485tffg1761-2
Constraint Validation Runtime : Time (s): cpu = 00:00:00 ; elapsed = 00:00:00.084 . Memory (MB): peak = 814.020 ; gain = 0.000
Finished Constraint Validation : Time (s): cpu = 00:01:02 ; elapsed = 00:01:10 . Memory (MB): peak = 814.020 ; gain = 604.242
Finished Loading Part and Timing Information : Time (s): cpu = 00:01:02 ; elapsed = 00:01:10 . Memory (MB): peak = 814.020 ; gain = 604.242
Finished applying 'set_property' XDC Constraints : Time (s): cpu = 00:01:02 ; elapsed = 00:01:10 . Memory (MB): peak = 814.020 ; gain = 604.242
Finished RTL Optimization Phase 2 : Time (s): cpu = 00:01:03 ; elapsed = 00:01:11 . Memory (MB): peak = 814.020 ; gain = 604.242
Finished Cross Boundary and Area Optimization : Time (s): cpu = 00:01:05 ; elapsed = 00:01:13 . Memory (MB): peak = 814.020 ; gain = 604.242
Finished Applying XDC Timing Constraints : Time (s): cpu = 00:01:26 ; elapsed = 00:01:37 . Memory (MB): peak = 814.020 ; gain = 604.242
Finished Timing Optimization : Time (s): cpu = 00:01:27 ; elapsed = 00:01:38 . Memory (MB): peak = 814.020 ; gain = 604.242
Finished Technology Mapping : Time (s): cpu = 00:01:28 ; elapsed = 00:01:39 . Memory (MB): peak = 814.020 ; gain = 604.242
Finished IO Insertion : Time (s): cpu = 00:01:29 ; elapsed = 00:01:40 . Memory (MB): peak = 814.020 ; gain = 604.242
Finished Renaming Generated Instances : Time (s): cpu = 00:01:29 ; elapsed = 00:01:40 . Memory (MB): peak = 814.020 ; gain = 604.242
Finished Rebuilding User Hierarchy : Time (s): cpu = 00:01:29 ; elapsed = 00:01:40 . Memory (MB): peak = 814.020 ; gain = 604.242
Finished Renaming Generated Ports : Time (s): cpu = 00:01:29 ; elapsed = 00:01:40 . Memory (MB): peak = 814.020 ; gain = 604.242
Finished Handling Custom Attributes : Time (s): cpu = 00:01:29 ; elapsed = 00:01:40 . Memory (MB): peak = 814.020 ; gain = 604.242
Finished Renaming Generated Nets : Time (s): cpu = 00:01:29 ; elapsed = 00:01:40 . Memory (MB): peak = 814.020 ; gain = 604.242

Report Cell Usage: 
+------+-----+------+
|      |Cell |Count |
+------+-----+------+
|1     |LUT1 |     2|
|2     |LUT2 |    16|
|3     |LUT3 |    43|
|4     |LUT4 |    52|
|5     |LUT5 |    56|
|6     |LUT6 |    66|
|7     |FDRE |   133|
+------+-----+------+
Finished Writing Synthesis Report : Time (s): cpu = 00:01:29 ; elapsed = 00:01:40 . Memory (MB): peak = 814.020 ; gain = 604.242
synth_design: Time (s): cpu = 00:01:26 ; elapsed = 00:01:34 . Memory (MB): peak = 814.020 ; gain = 571.363
