INFO: [VRFC 10-2263] Analyzing Verilog file "C:/Users/berkaythefair/Downloads/BurakK/Burak/VC707/VC707/VC707BaseSystemExtended.ip_user_files/bd/design_1/ip/design_1_mig_7series_0_0/design_1_mig_7series_0_0/user_design/rtl/axi/mig_7series_v4_0_axi_ctrl_addr_decode.v" into library xil_defaultlib
INFO: [VRFC 10-311] analyzing module mig_7series_v4_0_axi_ctrl_addr_decode
INFO: [VRFC 10-2263] Analyzing Verilog file "C:/Users/berkaythefair/Downloads/BurakK/Burak/VC707/VC707/VC707BaseSystemExtended.ip_user_files/bd/design_1/ip/design_1_mig_7series_0_0/design_1_mig_7series_0_0/user_design/rtl/axi/mig_7series_v4_0_axi_ctrl_read.v" into library xil_defaultlib
INFO: [VRFC 10-311] analyzing module mig_7series_v4_0_axi_ctrl_read
INFO: [VRFC 10-2263] Analyzing Verilog file "C:/Users/berkaythefair/Downloads/BurakK/Burak/VC707/VC707/VC707BaseSystemExtended.ip_user_files/bd/design_1/ip/design_1_mig_7series_0_0/design_1_mig_7series_0_0/user_design/rtl/axi/mig_7series_v4_0_axi_ctrl_reg.v" into library xil_defaultlib
INFO: [VRFC 10-311] analyzing module mig_7series_v4_0_axi_ctrl_reg
INFO: [VRFC 10-2263] Analyzing Verilog file "C:/Users/berkaythefair/Downloads/BurakK/Burak/VC707/VC707/VC707BaseSystemExtended.ip_user_files/bd/design_1/ip/design_1_mig_7series_0_0/design_1_mig_7series_0_0/user_design/rtl/axi/mig_7series_v4_0_axi_ctrl_reg_bank.v" into library xil_defaultlib
INFO: [VRFC 10-311] analyzing module mig_7series_v4_0_axi_ctrl_reg_bank
INFO: [VRFC 10-2263] Analyzing Verilog file "C:/Users/berkaythefair/Downloads/BurakK/Burak/VC707/VC707/VC707BaseSystemExtended.ip_user_files/bd/design_1/ip/design_1_mig_7series_0_0/design_1_mig_7series_0_0/user_design/rtl/axi/mig_7series_v4_0_axi_ctrl_top.v" into library xil_defaultlib
INFO: [VRFC 10-311] analyzing module mig_7series_v4_0_axi_ctrl_top
INFO: [VRFC 10-2263] Analyzing Verilog file "C:/Users/berkaythefair/Downloads/BurakK/Burak/VC707/VC707/VC707BaseSystemExtended.ip_user_files/bd/design_1/ip/design_1_mig_7series_0_0/design_1_mig_7series_0_0/user_design/rtl/axi/mig_7series_v4_0_axi_ctrl_write.v" into library xil_defaultlib
INFO: [VRFC 10-311] analyzing module mig_7series_v4_0_axi_ctrl_write
INFO: [VRFC 10-2263] Analyzing Verilog file "C:/Users/berkaythefair/Downloads/BurakK/Burak/VC707/VC707/VC707BaseSystemExtended.ip_user_files/bd/design_1/ip/design_1_mig_7series_0_0/design_1_mig_7series_0_0/user_design/rtl/axi/mig_7series_v4_0_axi_mc.v" into library xil_defaultlib
INFO: [VRFC 10-311] analyzing module mig_7series_v4_0_axi_mc
INFO: [VRFC 10-2263] Analyzing Verilog file "C:/Users/berkaythefair/Downloads/BurakK/Burak/VC707/VC707/VC707BaseSystemExtended.ip_user_files/bd/design_1/ip/design_1_mig_7series_0_0/design_1_mig_7series_0_0/user_design/rtl/axi/mig_7series_v4_0_axi_mc_ar_channel.v" into library xil_defaultlib
INFO: [VRFC 10-311] analyzing module mig_7series_v4_0_axi_mc_ar_channel
INFO: [VRFC 10-2263] Analyzing Verilog file "C:/Users/berkaythefair/Downloads/BurakK/Burak/VC707/VC707/VC707BaseSystemExtended.ip_user_files/bd/design_1/ip/design_1_mig_7series_0_0/design_1_mig_7series_0_0/user_design/rtl/axi/mig_7series_v4_0_axi_mc_aw_channel.v" into library xil_defaultlib
INFO: [VRFC 10-311] analyzing module mig_7series_v4_0_axi_mc_aw_channel
INFO: [VRFC 10-2263] Analyzing Verilog file "C:/Users/berkaythefair/Downloads/BurakK/Burak/VC707/VC707/VC707BaseSystemExtended.ip_user_files/bd/design_1/ip/design_1_mig_7series_0_0/design_1_mig_7series_0_0/user_design/rtl/axi/mig_7series_v4_0_axi_mc_b_channel.v" into library xil_defaultlib
INFO: [VRFC 10-311] analyzing module mig_7series_v4_0_axi_mc_b_channel
INFO: [VRFC 10-2263] Analyzing Verilog file "C:/Users/berkaythefair/Downloads/BurakK/Burak/VC707/VC707/VC707BaseSystemExtended.ip_user_files/bd/design_1/ip/design_1_mig_7series_0_0/design_1_mig_7series_0_0/user_design/rtl/axi/mig_7series_v4_0_axi_mc_cmd_arbiter.v" into library xil_defaultlib
INFO: [VRFC 10-311] analyzing module mig_7series_v4_0_axi_mc_cmd_arbiter
INFO: [VRFC 10-2263] Analyzing Verilog file "C:/Users/berkaythefair/Downloads/BurakK/Burak/VC707/VC707/VC707BaseSystemExtended.ip_user_files/bd/design_1/ip/design_1_mig_7series_0_0/design_1_mig_7series_0_0/user_design/rtl/axi/mig_7series_v4_0_axi_mc_cmd_fsm.v" into library xil_defaultlib
INFO: [VRFC 10-311] analyzing module mig_7series_v4_0_axi_mc_cmd_fsm
INFO: [VRFC 10-2263] Analyzing Verilog file "C:/Users/berkaythefair/Downloads/BurakK/Burak/VC707/VC707/VC707BaseSystemExtended.ip_user_files/bd/design_1/ip/design_1_mig_7series_0_0/design_1_mig_7series_0_0/user_design/rtl/axi/mig_7series_v4_0_axi_mc_cmd_translator.v" into library xil_defaultlib
INFO: [VRFC 10-311] analyzing module mig_7series_v4_0_axi_mc_cmd_translator
INFO: [VRFC 10-2263] Analyzing Verilog file "C:/Users/berkaythefair/Downloads/BurakK/Burak/VC707/VC707/VC707BaseSystemExtended.ip_user_files/bd/design_1/ip/design_1_mig_7series_0_0/design_1_mig_7series_0_0/user_design/rtl/axi/mig_7series_v4_0_axi_mc_fifo.v" into library xil_defaultlib
INFO: [VRFC 10-311] analyzing module mig_7series_v4_0_axi_mc_fifo
INFO: [VRFC 10-2263] Analyzing Verilog file "C:/Users/berkaythefair/Downloads/BurakK/Burak/VC707/VC707/VC707BaseSystemExtended.ip_user_files/bd/design_1/ip/design_1_mig_7series_0_0/design_1_mig_7series_0_0/user_design/rtl/axi/mig_7series_v4_0_axi_mc_incr_cmd.v" into library xil_defaultlib
INFO: [VRFC 10-311] analyzing module mig_7series_v4_0_axi_mc_incr_cmd
INFO: [VRFC 10-2263] Analyzing Verilog file "C:/Users/berkaythefair/Downloads/BurakK/Burak/VC707/VC707/VC707BaseSystemExtended.ip_user_files/bd/design_1/ip/design_1_mig_7series_0_0/design_1_mig_7series_0_0/user_design/rtl/axi/mig_7series_v4_0_axi_mc_r_channel.v" into library xil_defaultlib
INFO: [VRFC 10-311] analyzing module mig_7series_v4_0_axi_mc_r_channel
INFO: [VRFC 10-2263] Analyzing Verilog file "C:/Users/berkaythefair/Downloads/BurakK/Burak/VC707/VC707/VC707BaseSystemExtended.ip_user_files/bd/design_1/ip/design_1_mig_7series_0_0/design_1_mig_7series_0_0/user_design/rtl/axi/mig_7series_v4_0_axi_mc_simple_fifo.v" into library xil_defaultlib
INFO: [VRFC 10-311] analyzing module mig_7series_v4_0_axi_mc_simple_fifo
INFO: [VRFC 10-2263] Analyzing Verilog file "C:/Users/berkaythefair/Downloads/BurakK/Burak/VC707/VC707/VC707BaseSystemExtended.ip_user_files/bd/design_1/ip/design_1_mig_7series_0_0/design_1_mig_7series_0_0/user_design/rtl/axi/mig_7series_v4_0_axi_mc_wrap_cmd.v" into library xil_defaultlib
INFO: [VRFC 10-311] analyzing module mig_7series_v4_0_axi_mc_wrap_cmd
INFO: [VRFC 10-2263] Analyzing Verilog file "C:/Users/berkaythefair/Downloads/BurakK/Burak/VC707/VC707/VC707BaseSystemExtended.ip_user_files/bd/design_1/ip/design_1_mig_7series_0_0/design_1_mig_7series_0_0/user_design/rtl/axi/mig_7series_v4_0_axi_mc_wr_cmd_fsm.v" into library xil_defaultlib
INFO: [VRFC 10-311] analyzing module mig_7series_v4_0_axi_mc_wr_cmd_fsm
INFO: [VRFC 10-2263] Analyzing Verilog file "C:/Users/berkaythefair/Downloads/BurakK/Burak/VC707/VC707/VC707BaseSystemExtended.ip_user_files/bd/design_1/ip/design_1_mig_7series_0_0/design_1_mig_7series_0_0/user_design/rtl/axi/mig_7series_v4_0_axi_mc_w_channel.v" into library xil_defaultlib
INFO: [VRFC 10-311] analyzing module mig_7series_v4_0_axi_mc_w_channel
INFO: [VRFC 10-2263] Analyzing Verilog file "C:/Users/berkaythefair/Downloads/BurakK/Burak/VC707/VC707/VC707BaseSystemExtended.ip_user_files/bd/design_1/ip/design_1_mig_7series_0_0/design_1_mig_7series_0_0/user_design/rtl/axi/mig_7series_v4_0_ddr_axic_register_slice.v" into library xil_defaultlib
INFO: [VRFC 10-311] analyzing module mig_7series_v4_0_ddr_axic_register_slice
INFO: [VRFC 10-2263] Analyzing Verilog file "C:/Users/berkaythefair/Downloads/BurakK/Burak/VC707/VC707/VC707BaseSystemExtended.ip_user_files/bd/design_1/ip/design_1_mig_7series_0_0/design_1_mig_7series_0_0/user_design/rtl/axi/mig_7series_v4_0_ddr_axi_register_slice.v" into library xil_defaultlib
INFO: [VRFC 10-311] analyzing module mig_7series_v4_0_ddr_axi_register_slice
INFO: [VRFC 10-2263] Analyzing Verilog file "C:/Users/berkaythefair/Downloads/BurakK/Burak/VC707/VC707/VC707BaseSystemExtended.ip_user_files/bd/design_1/ip/design_1_mig_7series_0_0/design_1_mig_7series_0_0/user_design/rtl/axi/mig_7series_v4_0_ddr_axi_upsizer.v" into library xil_defaultlib
INFO: [VRFC 10-311] analyzing module mig_7series_v4_0_ddr_axi_upsizer
INFO: [VRFC 10-2263] Analyzing Verilog file "C:/Users/berkaythefair/Downloads/BurakK/Burak/VC707/VC707/VC707BaseSystemExtended.ip_user_files/bd/design_1/ip/design_1_mig_7series_0_0/design_1_mig_7series_0_0/user_design/rtl/axi/mig_7series_v4_0_ddr_a_upsizer.v" into library xil_defaultlib
INFO: [VRFC 10-311] analyzing module mig_7series_v4_0_ddr_a_upsizer
INFO: [VRFC 10-2263] Analyzing Verilog file "C:/Users/berkaythefair/Downloads/BurakK/Burak/VC707/VC707/VC707BaseSystemExtended.ip_user_files/bd/design_1/ip/design_1_mig_7series_0_0/design_1_mig_7series_0_0/user_design/rtl/axi/mig_7series_v4_0_ddr_carry_and.v" into library xil_defaultlib
INFO: [VRFC 10-311] analyzing module mig_7series_v4_0_ddr_carry_and
INFO: [VRFC 10-2263] Analyzing Verilog file "C:/Users/berkaythefair/Downloads/BurakK/Burak/VC707/VC707/VC707BaseSystemExtended.ip_user_files/bd/design_1/ip/design_1_mig_7series_0_0/design_1_mig_7series_0_0/user_design/rtl/axi/mig_7series_v4_0_ddr_carry_latch_and.v" into library xil_defaultlib
INFO: [VRFC 10-311] analyzing module mig_7series_v4_0_ddr_carry_latch_and
INFO: [VRFC 10-2263] Analyzing Verilog file "C:/Users/berkaythefair/Downloads/BurakK/Burak/VC707/VC707/VC707BaseSystemExtended.ip_user_files/bd/design_1/ip/design_1_mig_7series_0_0/design_1_mig_7series_0_0/user_design/rtl/axi/mig_7series_v4_0_ddr_carry_latch_or.v" into library xil_defaultlib
INFO: [VRFC 10-311] analyzing module mig_7series_v4_0_ddr_carry_latch_or
INFO: [VRFC 10-2263] Analyzing Verilog file "C:/Users/berkaythefair/Downloads/BurakK/Burak/VC707/VC707/VC707BaseSystemExtended.ip_user_files/bd/design_1/ip/design_1_mig_7series_0_0/design_1_mig_7series_0_0/user_design/rtl/axi/mig_7series_v4_0_ddr_carry_or.v" into library xil_defaultlib
INFO: [VRFC 10-311] analyzing module mig_7series_v4_0_ddr_carry_or
INFO: [VRFC 10-2263] Analyzing Verilog file "C:/Users/berkaythefair/Downloads/BurakK/Burak/VC707/VC707/VC707BaseSystemExtended.ip_user_files/bd/design_1/ip/design_1_mig_7series_0_0/design_1_mig_7series_0_0/user_design/rtl/axi/mig_7series_v4_0_ddr_command_fifo.v" into library xil_defaultlib
INFO: [VRFC 10-311] analyzing module mig_7series_v4_0_ddr_command_fifo
INFO: [VRFC 10-2263] Analyzing Verilog file "C:/Users/berkaythefair/Downloads/BurakK/Burak/VC707/VC707/VC707BaseSystemExtended.ip_user_files/bd/design_1/ip/design_1_mig_7series_0_0/design_1_mig_7series_0_0/user_design/rtl/axi/mig_7series_v4_0_ddr_comparator.v" into library xil_defaultlib
INFO: [VRFC 10-311] analyzing module mig_7series_v4_0_ddr_comparator
INFO: [VRFC 10-2263] Analyzing Verilog file "C:/Users/berkaythefair/Downloads/BurakK/Burak/VC707/VC707/VC707BaseSystemExtended.ip_user_files/bd/design_1/ip/design_1_mig_7series_0_0/design_1_mig_7series_0_0/user_design/rtl/axi/mig_7series_v4_0_ddr_comparator_sel.v" into library xil_defaultlib
INFO: [VRFC 10-311] analyzing module mig_7series_v4_0_ddr_comparator_sel
INFO: [VRFC 10-2263] Analyzing Verilog file "C:/Users/berkaythefair/Downloads/BurakK/Burak/VC707/VC707/VC707BaseSystemExtended.ip_user_files/bd/design_1/ip/design_1_mig_7series_0_0/design_1_mig_7series_0_0/user_design/rtl/axi/mig_7series_v4_0_ddr_comparator_sel_static.v" into library xil_defaultlib
INFO: [VRFC 10-311] analyzing module mig_7series_v4_0_ddr_comparator_sel_static
INFO: [VRFC 10-2263] Analyzing Verilog file "C:/Users/berkaythefair/Downloads/BurakK/Burak/VC707/VC707/VC707BaseSystemExtended.ip_user_files/bd/design_1/ip/design_1_mig_7series_0_0/design_1_mig_7series_0_0/user_design/rtl/axi/mig_7series_v4_0_ddr_r_upsizer.v" into library xil_defaultlib
INFO: [VRFC 10-311] analyzing module mig_7series_v4_0_ddr_r_upsizer
INFO: [VRFC 10-2263] Analyzing Verilog file "C:/Users/berkaythefair/Downloads/BurakK/Burak/VC707/VC707/VC707BaseSystemExtended.ip_user_files/bd/design_1/ip/design_1_mig_7series_0_0/design_1_mig_7series_0_0/user_design/rtl/axi/mig_7series_v4_0_ddr_w_upsizer.v" into library xil_defaultlib
INFO: [VRFC 10-311] analyzing module mig_7series_v4_0_ddr_w_upsizer
INFO: [VRFC 10-2263] Analyzing Verilog file "C:/Users/berkaythefair/Downloads/BurakK/Burak/VC707/VC707/VC707BaseSystemExtended.ip_user_files/bd/design_1/ip/design_1_mig_7series_0_0/design_1_mig_7series_0_0/user_design/rtl/clocking/mig_7series_v4_0_clk_ibuf.v" into library xil_defaultlib
INFO: [VRFC 10-311] analyzing module mig_7series_v4_0_clk_ibuf
INFO: [VRFC 10-2263] Analyzing Verilog file "C:/Users/berkaythefair/Downloads/BurakK/Burak/VC707/VC707/VC707BaseSystemExtended.ip_user_files/bd/design_1/ip/design_1_mig_7series_0_0/design_1_mig_7series_0_0/user_design/rtl/clocking/mig_7series_v4_0_infrastructure.v" into library xil_defaultlib
INFO: [VRFC 10-311] analyzing module mig_7series_v4_0_infrastructure
INFO: [VRFC 10-2458] undeclared symbol pll_clkfbout, assumed default net type wire [C:/Users/berkaythefair/Downloads/BurakK/Burak/VC707/VC707/VC707BaseSystemExtended.ip_user_files/bd/design_1/ip/design_1_mig_7series_0_0/design_1_mig_7series_0_0/user_design/rtl/clocking/mig_7series_v4_0_infrastructure.v:308]
INFO: [VRFC 10-2458] undeclared symbol clk_pll_i, assumed default net type wire [C:/Users/berkaythefair/Downloads/BurakK/Burak/VC707/VC707/VC707BaseSystemExtended.ip_user_files/bd/design_1/ip/design_1_mig_7series_0_0/design_1_mig_7series_0_0/user_design/rtl/clocking/mig_7series_v4_0_infrastructure.v:342]
INFO: [VRFC 10-2263] Analyzing Verilog file "C:/Users/berkaythefair/Downloads/BurakK/Burak/VC707/VC707/VC707BaseSystemExtended.ip_user_files/bd/design_1/ip/design_1_mig_7series_0_0/design_1_mig_7series_0_0/user_design/rtl/clocking/mig_7series_v4_0_iodelay_ctrl.v" into library xil_defaultlib
INFO: [VRFC 10-311] analyzing module mig_7series_v4_0_iodelay_ctrl
INFO: [VRFC 10-2263] Analyzing Verilog file "C:/Users/berkaythefair/Downloads/BurakK/Burak/VC707/VC707/VC707BaseSystemExtended.ip_user_files/bd/design_1/ip/design_1_mig_7series_0_0/design_1_mig_7series_0_0/user_design/rtl/clocking/mig_7series_v4_0_tempmon.v" into library xil_defaultlib
INFO: [VRFC 10-311] analyzing module mig_7series_v4_0_tempmon
INFO: [VRFC 10-2263] Analyzing Verilog file "C:/Users/berkaythefair/Downloads/BurakK/Burak/VC707/VC707/VC707BaseSystemExtended.ip_user_files/bd/design_1/ip/design_1_mig_7series_0_0/design_1_mig_7series_0_0/user_design/rtl/controller/mig_7series_v4_0_arb_mux.v" into library xil_defaultlib
INFO: [VRFC 10-311] analyzing module mig_7series_v4_0_arb_mux
INFO: [VRFC 10-2263] Analyzing Verilog file "C:/Users/berkaythefair/Downloads/BurakK/Burak/VC707/VC707/VC707BaseSystemExtended.ip_user_files/bd/design_1/ip/design_1_mig_7series_0_0/design_1_mig_7series_0_0/user_design/rtl/controller/mig_7series_v4_0_arb_row_col.v" into library xil_defaultlib
INFO: [VRFC 10-311] analyzing module mig_7series_v4_0_arb_row_col
INFO: [VRFC 10-2263] Analyzing Verilog file "C:/Users/berkaythefair/Downloads/BurakK/Burak/VC707/VC707/VC707BaseSystemExtended.ip_user_files/bd/design_1/ip/design_1_mig_7series_0_0/design_1_mig_7series_0_0/user_design/rtl/controller/mig_7series_v4_0_arb_select.v" into library xil_defaultlib
INFO: [VRFC 10-311] analyzing module mig_7series_v4_0_arb_select
INFO: [VRFC 10-2263] Analyzing Verilog file "C:/Users/berkaythefair/Downloads/BurakK/Burak/VC707/VC707/VC707BaseSystemExtended.ip_user_files/bd/design_1/ip/design_1_mig_7series_0_0/design_1_mig_7series_0_0/user_design/rtl/controller/mig_7series_v4_0_bank_cntrl.v" into library xil_defaultlib
INFO: [VRFC 10-311] analyzing module mig_7series_v4_0_bank_cntrl
INFO: [VRFC 10-2263] Analyzing Verilog file "C:/Users/berkaythefair/Downloads/BurakK/Burak/VC707/VC707/VC707BaseSystemExtended.ip_user_files/bd/design_1/ip/design_1_mig_7series_0_0/design_1_mig_7series_0_0/user_design/rtl/controller/mig_7series_v4_0_bank_common.v" into library xil_defaultlib
INFO: [VRFC 10-311] analyzing module mig_7series_v4_0_bank_common
INFO: [VRFC 10-2263] Analyzing Verilog file "C:/Users/berkaythefair/Downloads/BurakK/Burak/VC707/VC707/VC707BaseSystemExtended.ip_user_files/bd/design_1/ip/design_1_mig_7series_0_0/design_1_mig_7series_0_0/user_design/rtl/controller/mig_7series_v4_0_bank_compare.v" into library xil_defaultlib
INFO: [VRFC 10-311] analyzing module mig_7series_v4_0_bank_compare
INFO: [VRFC 10-2263] Analyzing Verilog file "C:/Users/berkaythefair/Downloads/BurakK/Burak/VC707/VC707/VC707BaseSystemExtended.ip_user_files/bd/design_1/ip/design_1_mig_7series_0_0/design_1_mig_7series_0_0/user_design/rtl/controller/mig_7series_v4_0_bank_mach.v" into library xil_defaultlib
INFO: [VRFC 10-311] analyzing module mig_7series_v4_0_bank_mach
INFO: [VRFC 10-2263] Analyzing Verilog file "C:/Users/berkaythefair/Downloads/BurakK/Burak/VC707/VC707/VC707BaseSystemExtended.ip_user_files/bd/design_1/ip/design_1_mig_7series_0_0/design_1_mig_7series_0_0/user_design/rtl/controller/mig_7series_v4_0_bank_queue.v" into library xil_defaultlib
INFO: [VRFC 10-311] analyzing module mig_7series_v4_0_bank_queue
INFO: [VRFC 10-2263] Analyzing Verilog file "C:/Users/berkaythefair/Downloads/BurakK/Burak/VC707/VC707/VC707BaseSystemExtended.ip_user_files/bd/design_1/ip/design_1_mig_7series_0_0/design_1_mig_7series_0_0/user_design/rtl/controller/mig_7series_v4_0_bank_state.v" into library xil_defaultlib
INFO: [VRFC 10-311] analyzing module mig_7series_v4_0_bank_state
INFO: [VRFC 10-2263] Analyzing Verilog file "C:/Users/berkaythefair/Downloads/BurakK/Burak/VC707/VC707/VC707BaseSystemExtended.ip_user_files/bd/design_1/ip/design_1_mig_7series_0_0/design_1_mig_7series_0_0/user_design/rtl/controller/mig_7series_v4_0_col_mach.v" into library xil_defaultlib
INFO: [VRFC 10-311] analyzing module mig_7series_v4_0_col_mach
INFO: [VRFC 10-2263] Analyzing Verilog file "C:/Users/berkaythefair/Downloads/BurakK/Burak/VC707/VC707/VC707BaseSystemExtended.ip_user_files/bd/design_1/ip/design_1_mig_7series_0_0/design_1_mig_7series_0_0/user_design/rtl/controller/mig_7series_v4_0_mc.v" into library xil_defaultlib
INFO: [VRFC 10-311] analyzing module mig_7series_v4_0_mc
INFO: [VRFC 10-2263] Analyzing Verilog file "C:/Users/berkaythefair/Downloads/BurakK/Burak/VC707/VC707/VC707BaseSystemExtended.ip_user_files/bd/design_1/ip/design_1_mig_7series_0_0/design_1_mig_7series_0_0/user_design/rtl/controller/mig_7series_v4_0_rank_cntrl.v" into library xil_defaultlib
INFO: [VRFC 10-311] analyzing module mig_7series_v4_0_rank_cntrl
INFO: [VRFC 10-2263] Analyzing Verilog file "C:/Users/berkaythefair/Downloads/BurakK/Burak/VC707/VC707/VC707BaseSystemExtended.ip_user_files/bd/design_1/ip/design_1_mig_7series_0_0/design_1_mig_7series_0_0/user_design/rtl/controller/mig_7series_v4_0_rank_common.v" into library xil_defaultlib
INFO: [VRFC 10-311] analyzing module mig_7series_v4_0_rank_common
INFO: [VRFC 10-2263] Analyzing Verilog file "C:/Users/berkaythefair/Downloads/BurakK/Burak/VC707/VC707/VC707BaseSystemExtended.ip_user_files/bd/design_1/ip/design_1_mig_7series_0_0/design_1_mig_7series_0_0/user_design/rtl/controller/mig_7series_v4_0_rank_mach.v" into library xil_defaultlib
INFO: [VRFC 10-311] analyzing module mig_7series_v4_0_rank_mach
INFO: [VRFC 10-2263] Analyzing Verilog file "C:/Users/berkaythefair/Downloads/BurakK/Burak/VC707/VC707/VC707BaseSystemExtended.ip_user_files/bd/design_1/ip/design_1_mig_7series_0_0/design_1_mig_7series_0_0/user_design/rtl/controller/mig_7series_v4_0_round_robin_arb.v" into library xil_defaultlib
INFO: [VRFC 10-311] analyzing module mig_7series_v4_0_round_robin_arb
INFO: [VRFC 10-2263] Analyzing Verilog file "C:/Users/berkaythefair/Downloads/BurakK/Burak/VC707/VC707/VC707BaseSystemExtended.ip_user_files/bd/design_1/ip/design_1_mig_7series_0_0/design_1_mig_7series_0_0/user_design/rtl/ecc/mig_7series_v4_0_ecc_buf.v" into library xil_defaultlib
INFO: [VRFC 10-311] analyzing module mig_7series_v4_0_ecc_buf
INFO: [VRFC 10-2263] Analyzing Verilog file "C:/Users/berkaythefair/Downloads/BurakK/Burak/VC707/VC707/VC707BaseSystemExtended.ip_user_files/bd/design_1/ip/design_1_mig_7series_0_0/design_1_mig_7series_0_0/user_design/rtl/ecc/mig_7series_v4_0_ecc_dec_fix.v" into library xil_defaultlib
INFO: [VRFC 10-311] analyzing module mig_7series_v4_0_ecc_dec_fix
INFO: [VRFC 10-2263] Analyzing Verilog file "C:/Users/berkaythefair/Downloads/BurakK/Burak/VC707/VC707/VC707BaseSystemExtended.ip_user_files/bd/design_1/ip/design_1_mig_7series_0_0/design_1_mig_7series_0_0/user_design/rtl/ecc/mig_7series_v4_0_ecc_gen.v" into library xil_defaultlib
INFO: [VRFC 10-311] analyzing module mig_7series_v4_0_ecc_gen
INFO: [VRFC 10-2263] Analyzing Verilog file "C:/Users/berkaythefair/Downloads/BurakK/Burak/VC707/VC707/VC707BaseSystemExtended.ip_user_files/bd/design_1/ip/design_1_mig_7series_0_0/design_1_mig_7series_0_0/user_design/rtl/ecc/mig_7series_v4_0_ecc_merge_enc.v" into library xil_defaultlib
INFO: [VRFC 10-311] analyzing module mig_7series_v4_0_ecc_merge_enc
INFO: [VRFC 10-2263] Analyzing Verilog file "C:/Users/berkaythefair/Downloads/BurakK/Burak/VC707/VC707/VC707BaseSystemExtended.ip_user_files/bd/design_1/ip/design_1_mig_7series_0_0/design_1_mig_7series_0_0/user_design/rtl/ecc/mig_7series_v4_0_fi_xor.v" into library xil_defaultlib
INFO: [VRFC 10-311] analyzing module mig_7series_v4_0_fi_xor
INFO: [VRFC 10-2263] Analyzing Verilog file "C:/Users/berkaythefair/Downloads/BurakK/Burak/VC707/VC707/VC707BaseSystemExtended.ip_user_files/bd/design_1/ip/design_1_mig_7series_0_0/design_1_mig_7series_0_0/user_design/rtl/ip_top/mig_7series_v4_0_memc_ui_top_axi.v" into library xil_defaultlib
INFO: [VRFC 10-311] analyzing module mig_7series_v4_0_memc_ui_top_axi
INFO: [VRFC 10-2263] Analyzing Verilog file "C:/Users/berkaythefair/Downloads/BurakK/Burak/VC707/VC707/VC707BaseSystemExtended.ip_user_files/bd/design_1/ip/design_1_mig_7series_0_0/design_1_mig_7series_0_0/user_design/rtl/ip_top/mig_7series_v4_0_mem_intfc.v" into library xil_defaultlib
INFO: [VRFC 10-311] analyzing module mig_7series_v4_0_mem_intfc
INFO: [VRFC 10-2263] Analyzing Verilog file "C:/Users/berkaythefair/Downloads/BurakK/Burak/VC707/VC707/VC707BaseSystemExtended.ip_user_files/bd/design_1/ip/design_1_mig_7series_0_0/design_1_mig_7series_0_0/user_design/rtl/phy/mig_7series_v4_0_ddr_byte_group_io.v" into library xil_defaultlib
INFO: [VRFC 10-311] analyzing module mig_7series_v4_0_ddr_byte_group_io
INFO: [VRFC 10-2263] Analyzing Verilog file "C:/Users/berkaythefair/Downloads/BurakK/Burak/VC707/VC707/VC707BaseSystemExtended.ip_user_files/bd/design_1/ip/design_1_mig_7series_0_0/design_1_mig_7series_0_0/user_design/rtl/phy/mig_7series_v4_0_ddr_byte_lane.v" into library xil_defaultlib
INFO: [VRFC 10-311] analyzing module mig_7series_v4_0_ddr_byte_lane
INFO: [VRFC 10-2263] Analyzing Verilog file "C:/Users/berkaythefair/Downloads/BurakK/Burak/VC707/VC707/VC707BaseSystemExtended.ip_user_files/bd/design_1/ip/design_1_mig_7series_0_0/design_1_mig_7series_0_0/user_design/rtl/phy/mig_7series_v4_0_ddr_calib_top.v" into library xil_defaultlib
INFO: [VRFC 10-311] analyzing module mig_7series_v4_0_ddr_calib_top
INFO: [VRFC 10-2263] Analyzing Verilog file "C:/Users/berkaythefair/Downloads/BurakK/Burak/VC707/VC707/VC707BaseSystemExtended.ip_user_files/bd/design_1/ip/design_1_mig_7series_0_0/design_1_mig_7series_0_0/user_design/rtl/phy/mig_7series_v4_0_ddr_if_post_fifo.v" into library xil_defaultlib
INFO: [VRFC 10-311] analyzing module mig_7series_v4_0_ddr_if_post_fifo
INFO: [VRFC 10-2263] Analyzing Verilog file "C:/Users/berkaythefair/Downloads/BurakK/Burak/VC707/VC707/VC707BaseSystemExtended.ip_user_files/bd/design_1/ip/design_1_mig_7series_0_0/design_1_mig_7series_0_0/user_design/rtl/phy/mig_7series_v4_0_ddr_mc_phy.v" into library xil_defaultlib
INFO: [VRFC 10-311] analyzing module mig_7series_v4_0_ddr_mc_phy
INFO: [VRFC 10-2263] Analyzing Verilog file "C:/Users/berkaythefair/Downloads/BurakK/Burak/VC707/VC707/VC707BaseSystemExtended.ip_user_files/bd/design_1/ip/design_1_mig_7series_0_0/design_1_mig_7series_0_0/user_design/rtl/phy/mig_7series_v4_0_ddr_mc_phy_wrapper.v" into library xil_defaultlib
INFO: [VRFC 10-311] analyzing module mig_7series_v4_0_ddr_mc_phy_wrapper
INFO: [VRFC 10-2263] Analyzing Verilog file "C:/Users/berkaythefair/Downloads/BurakK/Burak/VC707/VC707/VC707BaseSystemExtended.ip_user_files/bd/design_1/ip/design_1_mig_7series_0_0/design_1_mig_7series_0_0/user_design/rtl/phy/mig_7series_v4_0_ddr_of_pre_fifo.v" into library xil_defaultlib
INFO: [VRFC 10-311] analyzing module mig_7series_v4_0_ddr_of_pre_fifo
INFO: [VRFC 10-2263] Analyzing Verilog file "C:/Users/berkaythefair/Downloads/BurakK/Burak/VC707/VC707/VC707BaseSystemExtended.ip_user_files/bd/design_1/ip/design_1_mig_7series_0_0/design_1_mig_7series_0_0/user_design/rtl/phy/mig_7series_v4_0_ddr_phy_4lanes.v" into library xil_defaultlib
INFO: [VRFC 10-311] analyzing module mig_7series_v4_0_ddr_phy_4lanes
INFO: [VRFC 10-2263] Analyzing Verilog file "C:/Users/berkaythefair/Downloads/BurakK/Burak/VC707/VC707/VC707BaseSystemExtended.ip_user_files/bd/design_1/ip/design_1_mig_7series_0_0/design_1_mig_7series_0_0/user_design/rtl/phy/mig_7series_v4_0_ddr_phy_ck_addr_cmd_delay.v" into library xil_defaultlib
INFO: [VRFC 10-311] analyzing module mig_7series_v4_0_ddr_phy_ck_addr_cmd_delay
INFO: [VRFC 10-2263] Analyzing Verilog file "C:/Users/berkaythefair/Downloads/BurakK/Burak/VC707/VC707/VC707BaseSystemExtended.ip_user_files/bd/design_1/ip/design_1_mig_7series_0_0/design_1_mig_7series_0_0/user_design/rtl/phy/mig_7series_v4_0_ddr_phy_dqs_found_cal.v" into library xil_defaultlib
INFO: [VRFC 10-311] analyzing module mig_7series_v4_0_ddr_phy_dqs_found_cal
INFO: [VRFC 10-2263] Analyzing Verilog file "C:/Users/berkaythefair/Downloads/BurakK/Burak/VC707/VC707/VC707BaseSystemExtended.ip_user_files/bd/design_1/ip/design_1_mig_7series_0_0/design_1_mig_7series_0_0/user_design/rtl/phy/mig_7series_v4_0_ddr_phy_dqs_found_cal_hr.v" into library xil_defaultlib
INFO: [VRFC 10-311] analyzing module mig_7series_v4_0_ddr_phy_dqs_found_cal_hr
INFO: [VRFC 10-2263] Analyzing Verilog file "C:/Users/berkaythefair/Downloads/BurakK/Burak/VC707/VC707/VC707BaseSystemExtended.ip_user_files/bd/design_1/ip/design_1_mig_7series_0_0/design_1_mig_7series_0_0/user_design/rtl/phy/mig_7series_v4_0_ddr_phy_init.v" into library xil_defaultlib
INFO: [VRFC 10-311] analyzing module mig_7series_v4_0_ddr_phy_init
INFO: [VRFC 10-2263] Analyzing Verilog file "C:/Users/berkaythefair/Downloads/BurakK/Burak/VC707/VC707/VC707BaseSystemExtended.ip_user_files/bd/design_1/ip/design_1_mig_7series_0_0/design_1_mig_7series_0_0/user_design/rtl/phy/mig_7series_v4_0_ddr_phy_ocd_cntlr.v" into library xil_defaultlib
INFO: [VRFC 10-311] analyzing module mig_7series_v4_0_ddr_phy_ocd_cntlr
INFO: [VRFC 10-2263] Analyzing Verilog file "C:/Users/berkaythefair/Downloads/BurakK/Burak/VC707/VC707/VC707BaseSystemExtended.ip_user_files/bd/design_1/ip/design_1_mig_7series_0_0/design_1_mig_7series_0_0/user_design/rtl/phy/mig_7series_v4_0_ddr_phy_ocd_data.v" into library xil_defaultlib
INFO: [VRFC 10-311] analyzing module mig_7series_v4_0_ddr_phy_ocd_data
INFO: [VRFC 10-2263] Analyzing Verilog file "C:/Users/berkaythefair/Downloads/BurakK/Burak/VC707/VC707/VC707BaseSystemExtended.ip_user_files/bd/design_1/ip/design_1_mig_7series_0_0/design_1_mig_7series_0_0/user_design/rtl/phy/mig_7series_v4_0_ddr_phy_ocd_edge.v" into library xil_defaultlib
INFO: [VRFC 10-311] analyzing module mig_7series_v4_0_ddr_phy_ocd_edge
INFO: [VRFC 10-2263] Analyzing Verilog file "C:/Users/berkaythefair/Downloads/BurakK/Burak/VC707/VC707/VC707BaseSystemExtended.ip_user_files/bd/design_1/ip/design_1_mig_7series_0_0/design_1_mig_7series_0_0/user_design/rtl/phy/mig_7series_v4_0_ddr_phy_ocd_lim.v" into library xil_defaultlib
INFO: [VRFC 10-311] analyzing module mig_7series_v4_0_ddr_phy_ocd_lim
INFO: [VRFC 10-2263] Analyzing Verilog file "C:/Users/berkaythefair/Downloads/BurakK/Burak/VC707/VC707/VC707BaseSystemExtended.ip_user_files/bd/design_1/ip/design_1_mig_7series_0_0/design_1_mig_7series_0_0/user_design/rtl/phy/mig_7series_v4_0_ddr_phy_ocd_mux.v" into library xil_defaultlib
INFO: [VRFC 10-311] analyzing module mig_7series_v4_0_ddr_phy_ocd_mux
INFO: [VRFC 10-2263] Analyzing Verilog file "C:/Users/berkaythefair/Downloads/BurakK/Burak/VC707/VC707/VC707BaseSystemExtended.ip_user_files/bd/design_1/ip/design_1_mig_7series_0_0/design_1_mig_7series_0_0/user_design/rtl/phy/mig_7series_v4_0_ddr_phy_ocd_po_cntlr.v" into library xil_defaultlib
INFO: [VRFC 10-311] analyzing module mig_7series_v4_0_ddr_phy_ocd_po_cntlr
INFO: [VRFC 10-2263] Analyzing Verilog file "C:/Users/berkaythefair/Downloads/BurakK/Burak/VC707/VC707/VC707BaseSystemExtended.ip_user_files/bd/design_1/ip/design_1_mig_7series_0_0/design_1_mig_7series_0_0/user_design/rtl/phy/mig_7series_v4_0_ddr_phy_ocd_samp.v" into library xil_defaultlib
INFO: [VRFC 10-311] analyzing module mig_7series_v4_0_ddr_phy_ocd_samp
INFO: [VRFC 10-2263] Analyzing Verilog file "C:/Users/berkaythefair/Downloads/BurakK/Burak/VC707/VC707/VC707BaseSystemExtended.ip_user_files/bd/design_1/ip/design_1_mig_7series_0_0/design_1_mig_7series_0_0/user_design/rtl/phy/mig_7series_v4_0_ddr_phy_oclkdelay_cal.v" into library xil_defaultlib
INFO: [VRFC 10-311] analyzing module mig_7series_v4_0_ddr_phy_oclkdelay_cal
INFO: [VRFC 10-2263] Analyzing Verilog file "C:/Users/berkaythefair/Downloads/BurakK/Burak/VC707/VC707/VC707BaseSystemExtended.ip_user_files/bd/design_1/ip/design_1_mig_7series_0_0/design_1_mig_7series_0_0/user_design/rtl/phy/mig_7series_v4_0_ddr_phy_prbs_rdlvl.v" into library xil_defaultlib
INFO: [VRFC 10-311] analyzing module mig_7series_v4_0_ddr_phy_prbs_rdlvl
INFO: [VRFC 10-2263] Analyzing Verilog file "C:/Users/berkaythefair/Downloads/BurakK/Burak/VC707/VC707/VC707BaseSystemExtended.ip_user_files/bd/design_1/ip/design_1_mig_7series_0_0/design_1_mig_7series_0_0/user_design/rtl/phy/mig_7series_v4_0_ddr_phy_rdlvl.v" into library xil_defaultlib
INFO: [VRFC 10-311] analyzing module mig_7series_v4_0_ddr_phy_rdlvl
INFO: [VRFC 10-2263] Analyzing Verilog file "C:/Users/berkaythefair/Downloads/BurakK/Burak/VC707/VC707/VC707BaseSystemExtended.ip_user_files/bd/design_1/ip/design_1_mig_7series_0_0/design_1_mig_7series_0_0/user_design/rtl/phy/mig_7series_v4_0_ddr_phy_tempmon.v" into library xil_defaultlib
INFO: [VRFC 10-311] analyzing module mig_7series_v4_0_ddr_phy_tempmon
INFO: [VRFC 10-2263] Analyzing Verilog file "C:/Users/berkaythefair/Downloads/BurakK/Burak/VC707/VC707/VC707BaseSystemExtended.ip_user_files/bd/design_1/ip/design_1_mig_7series_0_0/design_1_mig_7series_0_0/user_design/rtl/phy/mig_7series_v4_0_ddr_phy_top.v" into library xil_defaultlib
INFO: [VRFC 10-311] analyzing module mig_7series_v4_0_ddr_phy_top
INFO: [VRFC 10-2263] Analyzing Verilog file "C:/Users/berkaythefair/Downloads/BurakK/Burak/VC707/VC707/VC707BaseSystemExtended.ip_user_files/bd/design_1/ip/design_1_mig_7series_0_0/design_1_mig_7series_0_0/user_design/rtl/phy/mig_7series_v4_0_ddr_phy_wrcal.v" into library xil_defaultlib
INFO: [VRFC 10-311] analyzing module mig_7series_v4_0_ddr_phy_wrcal
INFO: [VRFC 10-2263] Analyzing Verilog file "C:/Users/berkaythefair/Downloads/BurakK/Burak/VC707/VC707/VC707BaseSystemExtended.ip_user_files/bd/design_1/ip/design_1_mig_7series_0_0/design_1_mig_7series_0_0/user_design/rtl/phy/mig_7series_v4_0_ddr_phy_wrlvl.v" into library xil_defaultlib
INFO: [VRFC 10-311] analyzing module mig_7series_v4_0_ddr_phy_wrlvl
INFO: [VRFC 10-2263] Analyzing Verilog file "C:/Users/berkaythefair/Downloads/BurakK/Burak/VC707/VC707/VC707BaseSystemExtended.ip_user_files/bd/design_1/ip/design_1_mig_7series_0_0/design_1_mig_7series_0_0/user_design/rtl/phy/mig_7series_v4_0_ddr_phy_wrlvl_off_delay.v" into library xil_defaultlib
INFO: [VRFC 10-311] analyzing module mig_7series_v4_0_ddr_phy_wrlvl_off_delay
INFO: [VRFC 10-2263] Analyzing Verilog file "C:/Users/berkaythefair/Downloads/BurakK/Burak/VC707/VC707/VC707BaseSystemExtended.ip_user_files/bd/design_1/ip/design_1_mig_7series_0_0/design_1_mig_7series_0_0/user_design/rtl/phy/mig_7series_v4_0_ddr_prbs_gen.v" into library xil_defaultlib
INFO: [VRFC 10-311] analyzing module mig_7series_v4_0_ddr_prbs_gen
INFO: [VRFC 10-2263] Analyzing Verilog file "C:/Users/berkaythefair/Downloads/BurakK/Burak/VC707/VC707/VC707BaseSystemExtended.ip_user_files/bd/design_1/ip/design_1_mig_7series_0_0/design_1_mig_7series_0_0/user_design/rtl/phy/mig_7series_v4_0_ddr_skip_calib_tap.v" into library xil_defaultlib
INFO: [VRFC 10-311] analyzing module mig_7series_v4_0_ddr_skip_calib_tap
INFO: [VRFC 10-2263] Analyzing Verilog file "C:/Users/berkaythefair/Downloads/BurakK/Burak/VC707/VC707/VC707BaseSystemExtended.ip_user_files/bd/design_1/ip/design_1_mig_7series_0_0/design_1_mig_7series_0_0/user_design/rtl/phy/mig_7series_v4_0_poc_cc.v" into library xil_defaultlib
INFO: [VRFC 10-311] analyzing module mig_7series_v4_0_poc_cc
INFO: [VRFC 10-2263] Analyzing Verilog file "C:/Users/berkaythefair/Downloads/BurakK/Burak/VC707/VC707/VC707BaseSystemExtended.ip_user_files/bd/design_1/ip/design_1_mig_7series_0_0/design_1_mig_7series_0_0/user_design/rtl/phy/mig_7series_v4_0_poc_edge_store.v" into library xil_defaultlib
INFO: [VRFC 10-311] analyzing module mig_7series_v4_0_poc_edge_store
INFO: [VRFC 10-2263] Analyzing Verilog file "C:/Users/berkaythefair/Downloads/BurakK/Burak/VC707/VC707/VC707BaseSystemExtended.ip_user_files/bd/design_1/ip/design_1_mig_7series_0_0/design_1_mig_7series_0_0/user_design/rtl/phy/mig_7series_v4_0_poc_meta.v" into library xil_defaultlib
INFO: [VRFC 10-311] analyzing module mig_7series_v4_0_poc_meta
INFO: [VRFC 10-2263] Analyzing Verilog file "C:/Users/berkaythefair/Downloads/BurakK/Burak/VC707/VC707/VC707BaseSystemExtended.ip_user_files/bd/design_1/ip/design_1_mig_7series_0_0/design_1_mig_7series_0_0/user_design/rtl/phy/mig_7series_v4_0_poc_pd.v" into library xil_defaultlib
INFO: [VRFC 10-311] analyzing module mig_7series_v4_0_poc_pd
INFO: [VRFC 10-2263] Analyzing Verilog file "C:/Users/berkaythefair/Downloads/BurakK/Burak/VC707/VC707/VC707BaseSystemExtended.ip_user_files/bd/design_1/ip/design_1_mig_7series_0_0/design_1_mig_7series_0_0/user_design/rtl/phy/mig_7series_v4_0_poc_tap_base.v" into library xil_defaultlib
INFO: [VRFC 10-311] analyzing module mig_7series_v4_0_poc_tap_base
INFO: [VRFC 10-2263] Analyzing Verilog file "C:/Users/berkaythefair/Downloads/BurakK/Burak/VC707/VC707/VC707BaseSystemExtended.ip_user_files/bd/design_1/ip/design_1_mig_7series_0_0/design_1_mig_7series_0_0/user_design/rtl/phy/mig_7series_v4_0_poc_top.v" into library xil_defaultlib
INFO: [VRFC 10-311] analyzing module mig_7series_v4_0_poc_top
INFO: [VRFC 10-2263] Analyzing Verilog file "C:/Users/berkaythefair/Downloads/BurakK/Burak/VC707/VC707/VC707BaseSystemExtended.ip_user_files/bd/design_1/ip/design_1_mig_7series_0_0/design_1_mig_7series_0_0/user_design/rtl/ui/mig_7series_v4_0_ui_cmd.v" into library xil_defaultlib
INFO: [VRFC 10-311] analyzing module mig_7series_v4_0_ui_cmd
INFO: [VRFC 10-2263] Analyzing Verilog file "C:/Users/berkaythefair/Downloads/BurakK/Burak/VC707/VC707/VC707BaseSystemExtended.ip_user_files/bd/design_1/ip/design_1_mig_7series_0_0/design_1_mig_7series_0_0/user_design/rtl/ui/mig_7series_v4_0_ui_rd_data.v" into library xil_defaultlib
INFO: [VRFC 10-311] analyzing module mig_7series_v4_0_ui_rd_data
INFO: [VRFC 10-2263] Analyzing Verilog file "C:/Users/berkaythefair/Downloads/BurakK/Burak/VC707/VC707/VC707BaseSystemExtended.ip_user_files/bd/design_1/ip/design_1_mig_7series_0_0/design_1_mig_7series_0_0/user_design/rtl/ui/mig_7series_v4_0_ui_top.v" into library xil_defaultlib
INFO: [VRFC 10-311] analyzing module mig_7series_v4_0_ui_top
INFO: [VRFC 10-2263] Analyzing Verilog file "C:/Users/berkaythefair/Downloads/BurakK/Burak/VC707/VC707/VC707BaseSystemExtended.ip_user_files/bd/design_1/ip/design_1_mig_7series_0_0/design_1_mig_7series_0_0/user_design/rtl/ui/mig_7series_v4_0_ui_wr_data.v" into library xil_defaultlib
INFO: [VRFC 10-311] analyzing module mig_7series_v4_0_ui_wr_data
INFO: [VRFC 10-2263] Analyzing Verilog file "C:/Users/berkaythefair/Downloads/BurakK/Burak/VC707/VC707/VC707BaseSystemExtended.ip_user_files/bd/design_1/ip/design_1_mig_7series_0_0/design_1_mig_7series_0_0/user_design/rtl/design_1_mig_7series_0_0_mig_sim.v" into library xil_defaultlib
INFO: [VRFC 10-311] analyzing module design_1_mig_7series_0_0_mig
INFO: [VRFC 10-2458] undeclared symbol dbg_sel_po_incdec, assumed default net type wire [C:/Users/berkaythefair/Downloads/BurakK/Burak/VC707/VC707/VC707BaseSystemExtended.ip_user_files/bd/design_1/ip/design_1_mig_7series_0_0/design_1_mig_7series_0_0/user_design/rtl/design_1_mig_7series_0_0_mig_sim.v:1259]
INFO: [VRFC 10-2458] undeclared symbol dbg_po_f_inc, assumed default net type wire [C:/Users/berkaythefair/Downloads/BurakK/Burak/VC707/VC707/VC707BaseSystemExtended.ip_user_files/bd/design_1/ip/design_1_mig_7series_0_0/design_1_mig_7series_0_0/user_design/rtl/design_1_mig_7series_0_0_mig_sim.v:1263]
INFO: [VRFC 10-2458] undeclared symbol dbg_po_f_stg23_sel, assumed default net type wire [C:/Users/berkaythefair/Downloads/BurakK/Burak/VC707/VC707/VC707BaseSystemExtended.ip_user_files/bd/design_1/ip/design_1_mig_7series_0_0/design_1_mig_7series_0_0/user_design/rtl/design_1_mig_7series_0_0_mig_sim.v:1264]
INFO: [VRFC 10-2458] undeclared symbol dbg_po_f_dec, assumed default net type wire [C:/Users/berkaythefair/Downloads/BurakK/Burak/VC707/VC707/VC707BaseSystemExtended.ip_user_files/bd/design_1/ip/design_1_mig_7series_0_0/design_1_mig_7series_0_0/user_design/rtl/design_1_mig_7series_0_0_mig_sim.v:1265]
INFO: [VRFC 10-2263] Analyzing Verilog file "C:/Users/berkaythefair/Downloads/BurakK/Burak/VC707/VC707/VC707BaseSystemExtended.ip_user_files/bd/design_1/ip/design_1_mig_7series_0_0/design_1_mig_7series_0_0/user_design/rtl/design_1_mig_7series_0_0.v" into library xil_defaultlib
INFO: [VRFC 10-311] analyzing module design_1_mig_7series_0_0
INFO: [VRFC 10-2263] Analyzing Verilog file "C:/Users/berkaythefair/Downloads/BurakK/Burak/VC707/VC707/VC707BaseSystemExtended.ip_user_files/bd/design_1/ip/design_1_lmb_bram_0/sim/design_1_lmb_bram_0.v" into library xil_defaultlib
INFO: [VRFC 10-311] analyzing module design_1_lmb_bram_0
INFO: [VRFC 10-2263] Analyzing Verilog file "C:/Users/berkaythefair/Downloads/BurakK/Burak/VC707/VC707/VC707BaseSystemExtended.ip_user_files/bd/design_1/ip/design_1_xbar_0/sim/design_1_xbar_0.v" into library xil_defaultlib
INFO: [VRFC 10-311] analyzing module design_1_xbar_0
INFO: [VRFC 10-2263] Analyzing Verilog file "C:/Users/berkaythefair/Downloads/BurakK/Burak/VC707/VC707/VC707BaseSystemExtended.ip_user_files/bd/design_1/ip/design_1_xbar_1/sim/design_1_xbar_1.v" into library xil_defaultlib
INFO: [VRFC 10-311] analyzing module design_1_xbar_1
INFO: [VRFC 10-2263] Analyzing Verilog file "C:/Users/berkaythefair/Downloads/BurakK/Burak/VC707/VC707/VC707BaseSystemExtended.ip_user_files/bd/design_1/ip/design_1_axis_data_fifo_0_0_1/sim/design_1_axis_data_fifo_0_0.v" into library xil_defaultlib
INFO: [VRFC 10-311] analyzing module design_1_axis_data_fifo_0_0
INFO: [VRFC 10-2263] Analyzing Verilog file "C:/Users/berkaythefair/Downloads/BurakK/Burak/VC707/VC707/VC707BaseSystemExtended.ip_user_files/bd/design_1/ip/design_1_auto_us_0/sim/design_1_auto_us_0.v" into library xil_defaultlib
INFO: [VRFC 10-311] analyzing module design_1_auto_us_0
INFO: [VRFC 10-2263] Analyzing Verilog file "C:/Users/berkaythefair/Downloads/BurakK/Burak/VC707/VC707/VC707BaseSystemExtended.ip_user_files/bd/design_1/ip/design_1_auto_us_1/sim/design_1_auto_us_1.v" into library xil_defaultlib
INFO: [VRFC 10-311] analyzing module design_1_auto_us_1
INFO: [VRFC 10-2263] Analyzing Verilog file "C:/Users/berkaythefair/Downloads/BurakK/Burak/VC707/VC707/VC707BaseSystemExtended.ip_user_files/bd/design_1/ip/design_1_auto_us_2/sim/design_1_auto_us_2.v" into library xil_defaultlib
INFO: [VRFC 10-311] analyzing module design_1_auto_us_2
INFO: [VRFC 10-2263] Analyzing Verilog file "C:/Users/berkaythefair/Downloads/BurakK/Burak/VC707/VC707/VC707BaseSystemExtended.sim/sim_1/behav/glbl.v" into library xil_defaultlib
INFO: [VRFC 10-311] analyzing module glbl
INFO: [VRFC 10-163] Analyzing VHDL file "C:/Users/berkaythefair/Downloads/BurakK/Burak/VC707/VC707/VC707BaseSystemExtended.ip_user_files/bd/design_1/ip/design_1_microblaze_0_0/sim/design_1_microblaze_0_0.vhd" into library xil_defaultlib
INFO: [VRFC 10-307] analyzing entity design_1_microblaze_0_0
INFO: [VRFC 10-163] Analyzing VHDL file "C:/Users/berkaythefair/Downloads/BurakK/Burak/VC707/VC707/VC707BaseSystemExtended.ip_user_files/bd/design_1/ip/design_1_dlmb_v10_0/sim/design_1_dlmb_v10_0.vhd" into library xil_defaultlib
INFO: [VRFC 10-307] analyzing entity design_1_dlmb_v10_0
INFO: [VRFC 10-163] Analyzing VHDL file "C:/Users/berkaythefair/Downloads/BurakK/Burak/VC707/VC707/VC707BaseSystemExtended.ip_user_files/bd/design_1/ip/design_1_ilmb_v10_0/sim/design_1_ilmb_v10_0.vhd" into library xil_defaultlib
INFO: [VRFC 10-307] analyzing entity design_1_ilmb_v10_0
INFO: [VRFC 10-163] Analyzing VHDL file "C:/Users/berkaythefair/Downloads/BurakK/Burak/VC707/VC707/VC707BaseSystemExtended.ip_user_files/bd/design_1/ip/design_1_dlmb_bram_if_cntlr_0/sim/design_1_dlmb_bram_if_cntlr_0.vhd" into library xil_defaultlib
INFO: [VRFC 10-307] analyzing entity design_1_dlmb_bram_if_cntlr_0
INFO: [VRFC 10-163] Analyzing VHDL file "C:/Users/berkaythefair/Downloads/BurakK/Burak/VC707/VC707/VC707BaseSystemExtended.ip_user_files/bd/design_1/ip/design_1_ilmb_bram_if_cntlr_0/sim/design_1_ilmb_bram_if_cntlr_0.vhd" into library xil_defaultlib
INFO: [VRFC 10-307] analyzing entity design_1_ilmb_bram_if_cntlr_0
INFO: [VRFC 10-163] Analyzing VHDL file "C:/Users/berkaythefair/Downloads/BurakK/Burak/VC707/VC707/VC707BaseSystemExtended.ip_user_files/bd/design_1/ip/design_1_microblaze_0_axi_intc_0/sim/design_1_microblaze_0_axi_intc_0.vhd" into library xil_defaultlib
INFO: [VRFC 10-307] analyzing entity design_1_microblaze_0_axi_intc_0
INFO: [VRFC 10-163] Analyzing VHDL file "C:/Users/berkaythefair/Downloads/BurakK/Burak/VC707/VC707/VC707BaseSystemExtended.ip_user_files/bd/design_1/ipshared/2e37/xlconcat.vhd" into library xil_defaultlib
INFO: [VRFC 10-307] analyzing entity xlconcat
INFO: [VRFC 10-163] Analyzing VHDL file "C:/Users/berkaythefair/Downloads/BurakK/Burak/VC707/VC707/VC707BaseSystemExtended.ip_user_files/bd/design_1/ip/design_1_microblaze_0_xlconcat_0/sim/design_1_microblaze_0_xlconcat_0.vhd" into library xil_defaultlib
INFO: [VRFC 10-307] analyzing entity design_1_microblaze_0_xlconcat_0
INFO: [VRFC 10-163] Analyzing VHDL file "C:/Users/berkaythefair/Downloads/BurakK/Burak/VC707/VC707/VC707BaseSystemExtended.ip_user_files/bd/design_1/ip/design_1_mdm_1_0/sim/design_1_mdm_1_0.vhd" into library xil_defaultlib
INFO: [VRFC 10-307] analyzing entity design_1_mdm_1_0
INFO: [VRFC 10-163] Analyzing VHDL file "C:/Users/berkaythefair/Downloads/BurakK/Burak/VC707/VC707/VC707BaseSystemExtended.ip_user_files/bd/design_1/ip/design_1_rst_mig_7series_0_125M_0/sim/design_1_rst_mig_7series_0_125M_0.vhd" into library xil_defaultlib
INFO: [VRFC 10-307] analyzing entity design_1_rst_mig_7series_0_125M_0
INFO: [VRFC 10-163] Analyzing VHDL file "C:/Users/berkaythefair/Downloads/BurakK/Burak/VC707/VC707/VC707BaseSystemExtended.ip_user_files/bd/design_1/hdl/design_1.vhd" into library xil_defaultlib
INFO: [VRFC 10-307] analyzing entity m00_couplers_imp_1R706YB
INFO: [VRFC 10-307] analyzing entity m00_couplers_imp_8RVYHO
INFO: [VRFC 10-307] analyzing entity m01_couplers_imp_1UTB3Y5
INFO: [VRFC 10-307] analyzing entity m02_couplers_imp_7ANRHB
INFO: [VRFC 10-307] analyzing entity m03_couplers_imp_1W07O72
INFO: [VRFC 10-307] analyzing entity m04_couplers_imp_5LX7BU
INFO: [VRFC 10-307] analyzing entity m05_couplers_imp_1XR4ZAZ
INFO: [VRFC 10-307] analyzing entity m06_couplers_imp_4YOIXL
INFO: [VRFC 10-307] analyzing entity microblaze_0_local_memory_imp_1K0VQXK
INFO: [VRFC 10-307] analyzing entity s00_couplers_imp_1RZP34U
INFO: [VRFC 10-307] analyzing entity s00_couplers_imp_7HNO1D
INFO: [VRFC 10-307] analyzing entity s01_couplers_imp_1W60HW0
INFO: [VRFC 10-307] analyzing entity s02_couplers_imp_8NCF02
INFO: [VRFC 10-307] analyzing entity design_1_axi_mem_intercon_0
INFO: [VRFC 10-307] analyzing entity design_1_microblaze_0_axi_periph_0
INFO: [VRFC 10-307] analyzing entity design_1
INFO: [VRFC 10-163] Analyzing VHDL file "C:/Users/berkaythefair/Downloads/BurakK/Burak/VC707/VC707/VC707BaseSystemExtended.ip_user_files/bd/design_1/ip/design_1_axi_uartlite_0_0/sim/design_1_axi_uartlite_0_0.vhd" into library xil_defaultlib
INFO: [VRFC 10-307] analyzing entity design_1_axi_uartlite_0_0
INFO: [VRFC 10-163] Analyzing VHDL file "C:/Users/berkaythefair/Downloads/BurakK/Burak/VC707/VC707/VC707BaseSystemExtended.ip_user_files/bd/design_1/ip/design_1_ila_0_0/sim/design_1_ila_0_0.vhd" into library xil_defaultlib
INFO: [VRFC 10-307] analyzing entity design_1_ila_0_0
INFO: [VRFC 10-163] Analyzing VHDL file "C:/Users/berkaythefair/Downloads/BurakK/Burak/VC707/VC707/VC707BaseSystemExtended.ip_user_files/bd/design_1/ip/design_1_xadc_wiz_0_0/proc_common_v3_30_a/hdl/src/vhdl/design_1_xadc_wiz_0_0_conv_funs_pkg.vhd" into library xil_defaultlib
INFO: [VRFC 10-163] Analyzing VHDL file "C:/Users/berkaythefair/Downloads/BurakK/Burak/VC707/VC707/VC707BaseSystemExtended.ip_user_files/bd/design_1/ip/design_1_xadc_wiz_0_0/proc_common_v3_30_a/hdl/src/vhdl/design_1_xadc_wiz_0_0_proc_common_pkg.vhd" into library xil_defaultlib
INFO: [VRFC 10-163] Analyzing VHDL file "C:/Users/berkaythefair/Downloads/BurakK/Burak/VC707/VC707/VC707BaseSystemExtended.ip_user_files/bd/design_1/ip/design_1_xadc_wiz_0_0/proc_common_v3_30_a/hdl/src/vhdl/design_1_xadc_wiz_0_0_ipif_pkg.vhd" into library xil_defaultlib
INFO: [VRFC 10-163] Analyzing VHDL file "C:/Users/berkaythefair/Downloads/BurakK/Burak/VC707/VC707/VC707BaseSystemExtended.ip_user_files/bd/design_1/ip/design_1_xadc_wiz_0_0/proc_common_v3_30_a/hdl/src/vhdl/design_1_xadc_wiz_0_0_family_support.vhd" into library xil_defaultlib
INFO: [VRFC 10-163] Analyzing VHDL file "C:/Users/berkaythefair/Downloads/BurakK/Burak/VC707/VC707/VC707BaseSystemExtended.ip_user_files/bd/design_1/ip/design_1_xadc_wiz_0_0/proc_common_v3_30_a/hdl/src/vhdl/design_1_xadc_wiz_0_0_family.vhd" into library xil_defaultlib
INFO: [VRFC 10-163] Analyzing VHDL file "C:/Users/berkaythefair/Downloads/BurakK/Burak/VC707/VC707/VC707BaseSystemExtended.ip_user_files/bd/design_1/ip/design_1_xadc_wiz_0_0/proc_common_v3_30_a/hdl/src/vhdl/design_1_xadc_wiz_0_0_soft_reset.vhd" into library xil_defaultlib
INFO: [VRFC 10-307] analyzing entity design_1_xadc_wiz_0_0_soft_reset
INFO: [VRFC 10-163] Analyzing VHDL file "C:/Users/berkaythefair/Downloads/BurakK/Burak/VC707/VC707/VC707BaseSystemExtended.ip_user_files/bd/design_1/ip/design_1_xadc_wiz_0_0/proc_common_v3_30_a/hdl/src/vhdl/design_1_xadc_wiz_0_0_pselect_f.vhd" into library xil_defaultlib
INFO: [VRFC 10-307] analyzing entity design_1_xadc_wiz_0_0_pselect_f
INFO: [VRFC 10-163] Analyzing VHDL file "C:/Users/berkaythefair/Downloads/BurakK/Burak/VC707/VC707/VC707BaseSystemExtended.ip_user_files/bd/design_1/ip/design_1_xadc_wiz_0_0/axi_lite_ipif_v1_01_a/hdl/src/vhdl/design_1_xadc_wiz_0_0_address_decoder.vhd" into library xil_defaultlib
INFO: [VRFC 10-307] analyzing entity design_1_xadc_wiz_0_0_address_decoder
INFO: [VRFC 10-163] Analyzing VHDL file "C:/Users/berkaythefair/Downloads/BurakK/Burak/VC707/VC707/VC707BaseSystemExtended.ip_user_files/bd/design_1/ip/design_1_xadc_wiz_0_0/axi_lite_ipif_v1_01_a/hdl/src/vhdl/design_1_xadc_wiz_0_0_slave_attachment.vhd" into library xil_defaultlib
INFO: [VRFC 10-307] analyzing entity design_1_xadc_wiz_0_0_slave_attachment
INFO: [VRFC 10-163] Analyzing VHDL file "C:/Users/berkaythefair/Downloads/BurakK/Burak/VC707/VC707/VC707BaseSystemExtended.ip_user_files/bd/design_1/ip/design_1_xadc_wiz_0_0/interrupt_control_v2_01_a/hdl/src/vhdl/design_1_xadc_wiz_0_0_interrupt_control.vhd" into library xil_defaultlib
INFO: [VRFC 10-307] analyzing entity design_1_xadc_wiz_0_0_interrupt_control
INFO: [VRFC 10-163] Analyzing VHDL file "C:/Users/berkaythefair/Downloads/BurakK/Burak/VC707/VC707/VC707BaseSystemExtended.ip_user_files/bd/design_1/ip/design_1_xadc_wiz_0_0/axi_lite_ipif_v1_01_a/hdl/src/vhdl/design_1_xadc_wiz_0_0_axi_lite_ipif.vhd" into library xil_defaultlib
INFO: [VRFC 10-307] analyzing entity design_1_xadc_wiz_0_0_axi_lite_ipif
INFO: [VRFC 10-163] Analyzing VHDL file "C:/Users/berkaythefair/Downloads/BurakK/Burak/VC707/VC707/VC707BaseSystemExtended.ip_user_files/bd/design_1/ip/design_1_xadc_wiz_0_0/design_1_xadc_wiz_0_0_drp_arbiter.vhd" into library xil_defaultlib
INFO: [VRFC 10-307] analyzing entity drp_arbiter
INFO: [VRFC 10-163] Analyzing VHDL file "C:/Users/berkaythefair/Downloads/BurakK/Burak/VC707/VC707/VC707BaseSystemExtended.ip_user_files/bd/design_1/ip/design_1_xadc_wiz_0_0/design_1_xadc_wiz_0_0_temperature_update.vhd" into library xil_defaultlib
INFO: [VRFC 10-307] analyzing entity temperature_update
INFO: [VRFC 10-163] Analyzing VHDL file "C:/Users/berkaythefair/Downloads/BurakK/Burak/VC707/VC707/VC707BaseSystemExtended.ip_user_files/bd/design_1/ip/design_1_xadc_wiz_0_0/design_1_xadc_wiz_0_0_xadc_core_drp.vhd" into library xil_defaultlib
INFO: [VRFC 10-307] analyzing entity design_1_xadc_wiz_0_0_xadc_core_drp
INFO: [VRFC 10-163] Analyzing VHDL file "C:/Users/berkaythefair/Downloads/BurakK/Burak/VC707/VC707/VC707BaseSystemExtended.ip_user_files/bd/design_1/ip/design_1_xadc_wiz_0_0/design_1_xadc_wiz_0_0_axi_xadc.vhd" into library xil_defaultlib
INFO: [VRFC 10-307] analyzing entity design_1_xadc_wiz_0_0_axi_xadc
INFO: [VRFC 10-163] Analyzing VHDL file "C:/Users/berkaythefair/Downloads/BurakK/Burak/VC707/VC707/VC707BaseSystemExtended.ip_user_files/bd/design_1/ip/design_1_xadc_wiz_0_0/design_1_xadc_wiz_0_0.vhd" into library xil_defaultlib
INFO: [VRFC 10-307] analyzing entity design_1_xadc_wiz_0_0
INFO: [VRFC 10-163] Analyzing VHDL file "C:/Users/berkaythefair/Downloads/BurakK/Burak/VC707/VC707/VC707BaseSystemExtended.ip_user_files/bd/design_1/ip/design_1_axi_timer_0_0/sim/design_1_axi_timer_0_0.vhd" into library xil_defaultlib
INFO: [VRFC 10-307] analyzing entity design_1_axi_timer_0_0
INFO: [VRFC 10-163] Analyzing VHDL file "C:/Users/berkaythefair/Downloads/BurakK/Burak/VC707/VC707/VC707BaseSystemExtended.ip_user_files/bd/design_1/ip/design_1_axi_dma_0_0/sim/design_1_axi_dma_0_0.vhd" into library xil_defaultlib
INFO: [VRFC 10-307] analyzing entity design_1_axi_dma_0_0
INFO: [VRFC 10-163] Analyzing VHDL file "C:/Users/berkaythefair/Downloads/BurakK/Burak/VC707/VC707/VC707BaseSystemExtended.ip_user_files/bd/design_1/ipshared/d9e5/hdl/axis_pwm_generator_v1.0_types.vhd" into library xil_defaultlib
INFO: [VRFC 10-163] Analyzing VHDL file "C:/Users/berkaythefair/Downloads/BurakK/Burak/VC707/VC707/VC707BaseSystemExtended.ip_user_files/bd/design_1/ipshared/d9e5/hdl/axis_pwm_generator_v1_0_S_AXI_LITE.vhd" into library xil_defaultlib
INFO: [VRFC 10-307] analyzing entity axis_pwm_generator_v1_0_S_AXI_LITE
INFO: [VRFC 10-163] Analyzing VHDL file "C:/Users/berkaythefair/Downloads/BurakK/Burak/VC707/VC707/VC707BaseSystemExtended.ip_user_files/bd/design_1/ipshared/d9e5/hdl/axis_pwm_generator_v1_0_S_AXIS.vhd" into library xil_defaultlib
INFO: [VRFC 10-307] analyzing entity axis_pwm_generator_v1_0_S_AXIS
INFO: [VRFC 10-163] Analyzing VHDL file "C:/Users/berkaythefair/Downloads/BurakK/Burak/VC707/VC707/VC707BaseSystemExtended.ip_user_files/bd/design_1/ipshared/d9e5/hdl/axis_pwm_generator_v1_0.vhd" into library xil_defaultlib
INFO: [VRFC 10-307] analyzing entity axis_pwm_generator_v1_0
INFO: [VRFC 10-163] Analyzing VHDL file "C:/Users/berkaythefair/Downloads/BurakK/Burak/VC707/VC707/VC707BaseSystemExtended.ip_user_files/bd/design_1/ip/design_1_axis_pwm_generator_0_2/sim/design_1_axis_pwm_generator_0_2.vhd" into library xil_defaultlib
INFO: [VRFC 10-307] analyzing entity design_1_axis_pwm_generator_0_2
INFO: [VRFC 10-163] Analyzing VHDL file "C:/Users/berkaythefair/Downloads/BurakK/Burak/VC707/VC707/VC707BaseSystemExtended.ip_user_files/bd/design_1/ip/design_1_ila_1_0/sim/design_1_ila_1_0.vhd" into library xil_defaultlib
INFO: [VRFC 10-307] analyzing entity design_1_ila_1_0
INFO: [VRFC 10-163] Analyzing VHDL file "C:/Users/berkaythefair/Downloads/BurakK/Burak/VC707/VC707/VC707BaseSystemExtended.ip_user_files/bd/design_1/ipshared/30ff/hdl/axi_bus_driver_v1_0_S_AXI.vhd" into library xil_defaultlib
INFO: [VRFC 10-307] analyzing entity axi_bus_driver_v1_0_S_AXI
INFO: [VRFC 10-163] Analyzing VHDL file "C:/Users/berkaythefair/Downloads/BurakK/Burak/VC707/VC707/VC707BaseSystemExtended.ip_user_files/bd/design_1/ipshared/30ff/hdl/axi_bus_driver_v1_0.vhd" into library xil_defaultlib
INFO: [VRFC 10-307] analyzing entity axi_bus_driver_v1_0
INFO: [VRFC 10-163] Analyzing VHDL file "C:/Users/berkaythefair/Downloads/BurakK/Burak/VC707/VC707/VC707BaseSystemExtended.ip_user_files/bd/design_1/ip/design_1_axi_bus_driver_0_0_1/sim/design_1_axi_bus_driver_0_0.vhd" into library xil_defaultlib
INFO: [VRFC 10-307] analyzing entity design_1_axi_bus_driver_0_0
INFO: [VRFC 10-163] Analyzing VHDL file "C:/Users/berkaythefair/Downloads/BurakK/Burak/VC707/VC707/VC707BaseSystemExtended.srcs/sources_1/bd/design_1/hdl/design_1_wrapper.vhd" into library xil_defaultlib
INFO: [VRFC 10-307] analyzing entity design_1_wrapper
