Vivado Simulator 2016.4
Copyright 1986-1999, 2001-2016 Xilinx, Inc. All Rights Reserved.
Running: C:/Xilinx/Vivado/2016.4/bin/unwrapped/win64.o/xelab.exe -wto 621647988a374acab326aa7244409bcf --debug typical --relax --mt 2 -L xil_defaultlib -L microblaze_v10_0_1 -L lmb_v10_v3_0_9 -L lmb_bram_if_cntlr_v4_0_10 -L blk_mem_gen_v8_3_5 -L axi_lite_ipif_v3_0_4 -L axi_intc_v4_1_9 -L mdm_v3_2_8 -L lib_cdc_v1_0_2 -L proc_sys_reset_v5_0_10 -L generic_baseblocks_v2_1_0 -L axi_infrastructure_v1_1_0 -L axi_register_slice_v2_1_11 -L fifo_generator_v13_1_3 -L axi_data_fifo_v2_1_10 -L axi_crossbar_v2_1_12 -L lib_pkg_v1_0_2 -L lib_srl_fifo_v1_0_2 -L axi_uartlite_v2_0_15 -L axi_timer_v2_0_13 -L lib_fifo_v1_0_7 -L axi_datamover_v5_1_13 -L axi_sg_v4_1_5 -L axi_dma_v7_1_12 -L axis_infrastructure_v1_1_0 -L axis_data_fifo_v1_1_12 -L axi_protocol_converter_v2_1_11 -L axi_clock_converter_v2_1_10 -L axi_dwidth_converter_v2_1_11 -L unisims_ver -L unimacro_ver -L secureip -L xpm --snapshot design_1_wrapper_behav xil_defaultlib.design_1_wrapper xil_defaultlib.glbl -log elaborate.log 
Using 2 slave threads.
Starting static elaboration
WARNING: [VRFC 10-597] element index -1 into diff_count is out of bounds [/wrk/2016.4/nightly/2017_01_23_1756540/packages/customer/vivado/data/ip/xilinx/fifo_generator_v13_1/simulation/fifo_generator_vlog_beh.v:7829]
WARNING: [VRFC 10-597] element index -1 into num_read_words_dc is out of bounds [/wrk/2016.4/nightly/2017_01_23_1756540/packages/customer/vivado/data/ip/xilinx/fifo_generator_v13_1/simulation/fifo_generator_vlog_beh.v:8146]
WARNING: [VRFC 10-597] element index -1 into num_write_words_dc is out of bounds [/wrk/2016.4/nightly/2017_01_23_1756540/packages/customer/vivado/data/ip/xilinx/fifo_generator_v13_1/simulation/fifo_generator_vlog_beh.v:8196]
WARNING: [VRFC 10-1783] select index 62 into current_contents is out of bounds [/wrk/2016.4/nightly/2017_01_23_1756540/packages/customer/vivado/data/ip/xilinx/blk_mem_gen_v8_3/simulation/blk_mem_gen_v8_3.v:2420]
Completed static elaboration
Starting simulation data flow analysis
Completed simulation data flow analysis
Time Resolution for simulation is 1fs
Compiling package std.standard
Compiling package std.textio
Compiling package ieee.std_logic_1164
Compiling package unisim.vcomponents
Compiling package ieee.numeric_std
Compiling package synopsys.attributes
Compiling package ieee.std_logic_misc
Compiling package ieee.std_logic_arith
Compiling package ieee.std_logic_unsigned
Compiling package lib_pkg_v1_0_2.lib_pkg
Compiling package axi_dma_v7_1_12.axi_dma_pkg
Compiling package ieee.vital_timing
Compiling package ieee.vital_primitives
Compiling package unisim.vpkg
Compiling package axi_lite_ipif_v3_0_4.ipif_pkg
Compiling package axi_timer_v2_0_13.tc_types
Compiling package xil_defaultlib.pwm_gen_lib
Compiling package mdm_v3_2_8.mdm_funcs
Compiling package microblaze_v10_0_1.microblaze_types
Compiling package microblaze_v10_0_1.microblaze_isa
Compiling package ieee.std_logic_signed
Compiling package ieee.std_logic_textio
Compiling package microblaze_v10_0_1.mmu_types
Compiling package ieee.math_real
Compiling package lmb_bram_if_cntlr_v4_0_10.lmb_bram_if_funcs
Compiling package xil_defaultlib.design_1_xadc_wiz_0_0_ipif_pkg
Compiling package xil_defaultlib.design_1_xadc_wiz_0_0_proc_commo...
Compiling package xil_defaultlib.design_1_xadc_wiz_0_0_family_sup...
Compiling package vl.vl_types
Compiling module xil_defaultlib.glbl
Compiling architecture arch_imp of entity xil_defaultlib.axi_bus_driver_v1_0_S_AXI [axi_bus_driver_v1_0_s_axi_defaul...]
Compiling architecture arch_imp of entity xil_defaultlib.axi_bus_driver_v1_0 [axi_bus_driver_v1_0_default]
Compiling architecture design_1_axi_bus_driver_0_0_arch of entity xil_defaultlib.design_1_axi_bus_driver_0_0 [design_1_axi_bus_driver_0_0_defa...]
Compiling architecture structure of entity xil_defaultlib.m00_couplers_imp_1R706YB [m00_couplers_imp_1r706yb_default]
Compiling module axi_infrastructure_v1_1_0.axi_infrastructure_v1_1_0_axi2ve...
Compiling module axi_register_slice_v2_1_11.axi_register_slice_v2_1_11_axic_...
Compiling module axi_register_slice_v2_1_11.axi_register_slice_v2_1_11_axic_...
Compiling module axi_register_slice_v2_1_11.axi_register_slice_v2_1_11_axic_...
Compiling module axi_register_slice_v2_1_11.axi_register_slice_v2_1_11_axic_...
Compiling module axi_infrastructure_v1_1_0.axi_infrastructure_v1_1_0_vector...
Compiling module axi_register_slice_v2_1_11.axi_register_slice_v2_1_11_axi_r...
Compiling module generic_baseblocks_v2_1_0.generic_baseblocks_v2_1_0_comman...
Compiling module axi_dwidth_converter_v2_1_11.axi_dwidth_converter_v2_1_11_a_u...
Compiling module axi_dwidth_converter_v2_1_11.axi_dwidth_converter_v2_1_11_w_u...
Compiling module axi_dwidth_converter_v2_1_11.axi_dwidth_converter_v2_1_11_a_u...
Compiling module axi_dwidth_converter_v2_1_11.axi_dwidth_converter_v2_1_11_r_u...
Compiling module axi_infrastructure_v1_1_0.axi_infrastructure_v1_1_0_axi2ve...
Compiling module axi_register_slice_v2_1_11.axi_register_slice_v2_1_11_axic_...
Compiling module axi_register_slice_v2_1_11.axi_register_slice_v2_1_11_axic_...
Compiling module axi_register_slice_v2_1_11.axi_register_slice_v2_1_11_axic_...
Compiling module axi_infrastructure_v1_1_0.axi_infrastructure_v1_1_0_vector...
Compiling module axi_register_slice_v2_1_11.axi_register_slice_v2_1_11_axi_r...
Compiling module axi_dwidth_converter_v2_1_11.axi_dwidth_converter_v2_1_11_axi...
Compiling module axi_dwidth_converter_v2_1_11.axi_dwidth_converter_v2_1_11_top...
Compiling module xil_defaultlib.design_1_auto_us_0
Compiling architecture structure of entity xil_defaultlib.s00_couplers_imp_7HNO1D [s00_couplers_imp_7hno1d_default]
Compiling module axi_register_slice_v2_1_11.axi_register_slice_v2_1_11_axic_...
Compiling module axi_register_slice_v2_1_11.axi_register_slice_v2_1_11_axi_r...
Compiling module axi_dwidth_converter_v2_1_11.axi_dwidth_converter_v2_1_11_axi...
Compiling module axi_dwidth_converter_v2_1_11.axi_dwidth_converter_v2_1_11_top...
Compiling module xil_defaultlib.design_1_auto_us_1
Compiling architecture structure of entity xil_defaultlib.s01_couplers_imp_1W60HW0 [s01_couplers_imp_1w60hw0_default]
Compiling module xil_defaultlib.design_1_auto_us_2
Compiling architecture structure of entity xil_defaultlib.s02_couplers_imp_8NCF02 [s02_couplers_imp_8ncf02_default]
Compiling module generic_baseblocks_v2_1_0.generic_baseblocks_v2_1_0_carry_...
Compiling module generic_baseblocks_v2_1_0.generic_baseblocks_v2_1_0_compar...
Compiling module axi_crossbar_v2_1_12.axi_crossbar_v2_1_12_addr_decode...
Compiling module generic_baseblocks_v2_1_0.generic_baseblocks_v2_1_0_mux_en...
Compiling module unisims_ver.SRLC32E
Compiling module axi_data_fifo_v2_1_10.axi_data_fifo_v2_1_10_ndeep_srl(...
Compiling module axi_data_fifo_v2_1_10.axi_data_fifo_v2_1_10_axic_srl_f...
Compiling module axi_crossbar_v2_1_12.axi_crossbar_v2_1_12_si_transact...
Compiling module generic_baseblocks_v2_1_0.generic_baseblocks_v2_1_0_mux_en...
Compiling module axi_data_fifo_v2_1_10.axi_data_fifo_v2_1_10_ndeep_srl(...
Compiling module axi_data_fifo_v2_1_10.axi_data_fifo_v2_1_10_axic_srl_f...
Compiling module axi_crossbar_v2_1_12.axi_crossbar_v2_1_12_si_transact...
Compiling module axi_crossbar_v2_1_12.axi_crossbar_v2_1_12_splitter
Compiling module axi_data_fifo_v2_1_10.axi_data_fifo_v2_1_10_ndeep_srl(...
Compiling module axi_data_fifo_v2_1_10.axi_data_fifo_v2_1_10_axic_reg_s...
Compiling module axi_crossbar_v2_1_12.axi_crossbar_v2_1_12_wdata_route...
Compiling module axi_crossbar_v2_1_12.axi_crossbar_v2_1_12_si_transact...
Compiling module axi_crossbar_v2_1_12.axi_crossbar_v2_1_12_si_transact...
Compiling module axi_crossbar_v2_1_12.axi_crossbar_v2_1_12_addr_decode...
Compiling module axi_crossbar_v2_1_12.axi_crossbar_v2_1_12_addr_decode...
Compiling module axi_data_fifo_v2_1_10.axi_data_fifo_v2_1_10_axic_reg_s...
Compiling module generic_baseblocks_v2_1_0.generic_baseblocks_v2_1_0_mux_en...
Compiling module axi_crossbar_v2_1_12.axi_crossbar_v2_1_12_wdata_mux(C...
Compiling module axi_data_fifo_v2_1_10.axi_data_fifo_v2_1_10_axic_srl_f...
Compiling module axi_infrastructure_v1_1_0.axi_infrastructure_v1_1_0_axi2ve...
Compiling module axi_register_slice_v2_1_11.axi_register_slice_v2_1_11_axic_...
Compiling module axi_register_slice_v2_1_11.axi_register_slice_v2_1_11_axic_...
Compiling module axi_register_slice_v2_1_11.axi_register_slice_v2_1_11_axic_...
Compiling module axi_register_slice_v2_1_11.axi_register_slice_v2_1_11_axic_...
Compiling module axi_infrastructure_v1_1_0.axi_infrastructure_v1_1_0_vector...
Compiling module axi_register_slice_v2_1_11.axi_register_slice_v2_1_11_axi_r...
Compiling module axi_data_fifo_v2_1_10.axi_data_fifo_v2_1_10_ndeep_srl(...
Compiling module axi_data_fifo_v2_1_10.axi_data_fifo_v2_1_10_axic_reg_s...
Compiling module axi_crossbar_v2_1_12.axi_crossbar_v2_1_12_wdata_mux(C...
Compiling module axi_data_fifo_v2_1_10.axi_data_fifo_v2_1_10_axic_srl_f...
Compiling module generic_baseblocks_v2_1_0.generic_baseblocks_v2_1_0_mux_en...
Compiling module generic_baseblocks_v2_1_0.generic_baseblocks_v2_1_0_mux_en...
Compiling module axi_crossbar_v2_1_12.axi_crossbar_v2_1_12_addr_arbite...
Compiling module axi_crossbar_v2_1_12.axi_crossbar_v2_1_12_decerr_slav...
Compiling module axi_crossbar_v2_1_12.axi_crossbar_v2_1_12_crossbar(C_...
Compiling module axi_crossbar_v2_1_12.axi_crossbar_v2_1_12_axi_crossba...
Compiling module xil_defaultlib.design_1_xbar_0
Compiling architecture structure of entity xil_defaultlib.design_1_axi_mem_intercon_0 [design_1_axi_mem_intercon_0_defa...]
Compiling architecture implementation of entity axi_dma_v7_1_12.axi_dma_smple_sm [\axi_dma_smple_sm(c_sg_length_wi...]
Compiling architecture implementation of entity axi_dma_v7_1_12.axi_dma_mm2s_cmdsts_if [axi_dma_mm2s_cmdsts_if_default]
Compiling architecture implementation of entity axi_dma_v7_1_12.axi_dma_mm2s_sts_mngr [axi_dma_mm2s_sts_mngr_default]
Compiling architecture implementation of entity axi_dma_v7_1_12.axi_dma_mm2s_mngr [\axi_dma_mm2s_mngr(c_prmy_cmdfif...]
Compiling architecture implementation of entity axi_dma_v7_1_12.axi_dma_sofeof_gen [axi_dma_sofeof_gen_default]
Compiling architecture implementation of entity axi_dma_v7_1_12.axi_dma_reset [\axi_dma_reset(c_include_sg=0,c_...]
Compiling architecture fdre_v of entity unisim.FDRE [fdre_default]
Compiling architecture fdr_v of entity unisim.FDR [fdr_default]
Compiling architecture implementation of entity lib_cdc_v1_0_2.cdc_sync [\cdc_sync(c_mtbf_stages=4)\]
Compiling architecture implementation of entity axi_dma_v7_1_12.axi_dma_rst_module [\axi_dma_rst_module(c_include_s2...]
Compiling architecture implementation of entity axi_dma_v7_1_12.axi_dma_lite_if [\axi_dma_lite_if(c_num_ce=23,c_s...]
Compiling architecture implementation of entity axi_dma_v7_1_12.axi_dma_register [\axi_dma_register(c_num_register...]
Compiling architecture implementation of entity axi_dma_v7_1_12.axi_dma_reg_module [\axi_dma_reg_module(c_include_s2...]
Compiling architecture behavioral of entity lib_srl_fifo_v1_0_2.dynshreg_f [\dynshreg_f(c_depth=4,c_dwidth=8...]
Compiling architecture imp of entity lib_srl_fifo_v1_0_2.srl_fifo_rbu_f [\srl_fifo_rbu_f(c_dwidth=8,c_dep...]
Compiling architecture imp of entity lib_srl_fifo_v1_0_2.srl_fifo_f [\srl_fifo_f(c_dwidth=8,c_depth=4...]
Compiling architecture imp of entity axi_datamover_v5_1_13.axi_datamover_fifo [\axi_datamover_fifo(c_dwidth=8)(...]
Compiling module fifo_generator_v13_1_3.fifo_generator_v13_1_3_bhv_ver_s...
Compiling module fifo_generator_v13_1_3.fifo_generator_v13_1_3_bhv_ver_p...
Compiling module fifo_generator_v13_1_3.fifo_generator_v13_1_3_CONV_VER(...
Compiling module fifo_generator_v13_1_3.fifo_generator_vlog_beh(C_COMMON...
Compiling module fifo_generator_v13_1_3.fifo_generator_v13_1_3(C_COMMON_...
Compiling architecture implementation of entity lib_fifo_v1_0_7.sync_fifo_fg [\sync_fifo_fg(c_family="virtex7"...]
Compiling architecture imp of entity axi_datamover_v5_1_13.axi_datamover_sfifo_autord [\axi_datamover_sfifo_autord(c_dw...]
Compiling architecture implementation of entity axi_datamover_v5_1_13.axi_datamover_rd_sf [\axi_datamover_rd_sf(c_sf_fifo_d...]
Compiling architecture implementation of entity axi_datamover_v5_1_13.axi_datamover_skid_buf [axi_datamover_skid_buf_default]
Compiling architecture implementation of entity axi_datamover_v5_1_13.axi_datamover_reset [axi_datamover_reset_default]
Compiling architecture imp of entity axi_datamover_v5_1_13.axi_datamover_fifo [\axi_datamover_fifo(c_dwidth=8,c...]
Compiling architecture imp of entity axi_datamover_v5_1_13.axi_datamover_fifo [\axi_datamover_fifo(c_dwidth=68,...]
Compiling architecture implementation of entity axi_datamover_v5_1_13.axi_datamover_cmd_status [\axi_datamover_cmd_status(c_stsc...]
Compiling architecture implementation of entity axi_datamover_v5_1_13.axi_datamover_rd_status_cntl [axi_datamover_rd_status_cntl_def...]
Compiling architecture implementation of entity axi_datamover_v5_1_13.axi_datamover_strb_gen2 [\axi_datamover_strb_gen2(c_strb_...]
Compiling architecture implementation of entity axi_datamover_v5_1_13.axi_datamover_strb_gen2 [\axi_datamover_strb_gen2(c_op_mo...]
Compiling architecture implementation of entity axi_datamover_v5_1_13.axi_datamover_pcc [\axi_datamover_pcc(c_is_mm2s=1,c...]
Compiling architecture imp of entity lib_srl_fifo_v1_0_2.cntr_incr_decr_addn_f [\cntr_incr_decr_addn_f(c_size=3,...]
Compiling architecture behavioral of entity lib_srl_fifo_v1_0_2.dynshreg_f [\dynshreg_f(c_depth=4,c_dwidth=5...]
Compiling architecture imp of entity lib_srl_fifo_v1_0_2.srl_fifo_rbu_f [\srl_fifo_rbu_f(c_dwidth=59,c_de...]
Compiling architecture imp of entity lib_srl_fifo_v1_0_2.srl_fifo_f [\srl_fifo_f(c_dwidth=59,c_depth=...]
Compiling architecture imp of entity axi_datamover_v5_1_13.axi_datamover_fifo [\axi_datamover_fifo(c_dwidth=59)...]
Compiling architecture implementation of entity axi_datamover_v5_1_13.axi_datamover_addr_cntl [\axi_datamover_addr_cntl(1,7)\]
Compiling architecture behavioral of entity lib_srl_fifo_v1_0_2.dynshreg_f [\dynshreg_f(c_depth=4,c_dwidth=2...]
Compiling architecture imp of entity lib_srl_fifo_v1_0_2.srl_fifo_rbu_f [\srl_fifo_rbu_f(c_dwidth=29,c_de...]
Compiling architecture imp of entity lib_srl_fifo_v1_0_2.srl_fifo_f [\srl_fifo_f(c_dwidth=29,c_depth=...]
Compiling architecture imp of entity axi_datamover_v5_1_13.axi_datamover_fifo [\axi_datamover_fifo(c_dwidth=29)...]
Compiling architecture implementation of entity axi_datamover_v5_1_13.axi_datamover_rdmux [\axi_datamover_rdmux(c_sel_addr_...]
Compiling architecture implementation of entity axi_datamover_v5_1_13.axi_datamover_rddata_cntl [\axi_datamover_rddata_cntl(c_ali...]
Compiling architecture implementation of entity axi_datamover_v5_1_13.axi_datamover_mm2s_full_wrap [\axi_datamover_mm2s_full_wrap(c_...]
Compiling architecture implementation of entity axi_datamover_v5_1_13.axi_datamover_s2mm_omit_wrap [\axi_datamover_s2mm_omit_wrap(c_...]
Compiling architecture implementation of entity axi_datamover_v5_1_13.axi_datamover [\axi_datamover(c_include_mm2s=1,...]
Compiling architecture implementation of entity axi_dma_v7_1_12.axi_dma [\axi_dma(c_include_sg=0,c_sg_inc...]
Compiling architecture design_1_axi_dma_0_0_arch of entity xil_defaultlib.design_1_axi_dma_0_0 [design_1_axi_dma_0_0_default]
Compiling architecture muxcy_v of entity unisim.MUXCY [muxcy_default]
Compiling architecture imp of entity axi_timer_v2_0_13.mux_onehot_f [\mux_onehot_f(c_nb=6,c_family="v...]
Compiling architecture imp of entity axi_timer_v2_0_13.counter_f [\counter_f(c_num_bits=32,c_famil...]
Compiling architecture imp of entity axi_timer_v2_0_13.count_module [\count_module(c_family="virtex7"...]
Compiling architecture lut4_v of entity unisim.LUT4 [\LUT4(init="1111111111001010")(0...]
Compiling architecture fdrse_v of entity unisim.FDRSE [fdrse_default]
Compiling architecture imp of entity axi_timer_v2_0_13.timer_control [\timer_control(c_ard_num_ce_arra...]
Compiling architecture lut2_v of entity unisim.LUT2 [\LUT2(init="1110")(0,3)\]
Compiling architecture fdrs_v of entity unisim.FDRS [fdrs_default]
Compiling architecture imp of entity axi_timer_v2_0_13.tc_core [\tc_core(c_family="virtex7",c_ar...]
Compiling architecture imp of entity axi_lite_ipif_v3_0_4.pselect_f [\pselect_f(c_ab=3,c_aw=3,c_bar="...]
Compiling architecture imp of entity axi_lite_ipif_v3_0_4.pselect_f [\pselect_f(c_ab=3,c_aw=3,c_bar="...]
Compiling architecture imp of entity axi_lite_ipif_v3_0_4.pselect_f [\pselect_f(c_ab=3,c_aw=3,c_bar="...]
Compiling architecture imp of entity axi_lite_ipif_v3_0_4.pselect_f [\pselect_f(c_ab=3,c_aw=3,c_bar="...]
Compiling architecture imp of entity axi_lite_ipif_v3_0_4.pselect_f [\pselect_f(c_ab=3,c_aw=3,c_bar="...]
Compiling architecture imp of entity axi_lite_ipif_v3_0_4.pselect_f [\pselect_f(c_ab=3,c_aw=3,c_bar="...]
Compiling architecture imp of entity axi_lite_ipif_v3_0_4.pselect_f [\pselect_f(c_ab=3,c_aw=3,c_bar="...]
Compiling architecture imp of entity axi_lite_ipif_v3_0_4.pselect_f [\pselect_f(c_ab=3,c_aw=3,c_bar="...]
Compiling architecture imp of entity axi_lite_ipif_v3_0_4.address_decoder [\address_decoder(c_bus_awidth=5,...]
Compiling architecture imp of entity axi_lite_ipif_v3_0_4.slave_attachment [\slave_attachment(c_ard_addr_ran...]
Compiling architecture imp of entity axi_lite_ipif_v3_0_4.axi_lite_ipif [\axi_lite_ipif(c_s_axi_addr_widt...]
Compiling architecture imp of entity axi_timer_v2_0_13.axi_timer [\axi_timer(1,7)\]
Compiling architecture design_1_axi_timer_0_0_arch of entity xil_defaultlib.design_1_axi_timer_0_0 [design_1_axi_timer_0_0_default]
Compiling architecture rtl of entity axi_uartlite_v2_0_15.baudrate [\baudrate(c_ratio=68)\]
Compiling architecture behavioral of entity axi_uartlite_v2_0_15.dynshreg_i_f [\dynshreg_i_f(c_depth=16,c_famil...]
Compiling architecture imp of entity lib_srl_fifo_v1_0_2.cntr_incr_decr_addn_f [\cntr_incr_decr_addn_f(c_size=5,...]
Compiling architecture behavioral of entity lib_srl_fifo_v1_0_2.dynshreg_f [\dynshreg_f(c_depth=16,c_dwidth=...]
Compiling architecture imp of entity lib_srl_fifo_v1_0_2.srl_fifo_rbu_f [\srl_fifo_rbu_f(c_dwidth=8,c_fam...]
Compiling architecture imp of entity lib_srl_fifo_v1_0_2.srl_fifo_f [\srl_fifo_f(c_dwidth=8,c_family=...]
Compiling architecture rtl of entity axi_uartlite_v2_0_15.uartlite_rx [\uartlite_rx(1,7)\]
Compiling architecture behavioral of entity axi_uartlite_v2_0_15.dynshreg_i_f [\dynshreg_i_f(c_depth=16,c_init_...]
Compiling architecture rtl of entity axi_uartlite_v2_0_15.uartlite_tx [\uartlite_tx(1,7)\]
Compiling architecture rtl of entity axi_uartlite_v2_0_15.uartlite_core [\uartlite_core(c_s_axi_aclk_freq...]
Compiling architecture imp of entity axi_lite_ipif_v3_0_4.pselect_f [\pselect_f(c_ab=2,c_aw=2,c_bar="...]
Compiling architecture imp of entity axi_lite_ipif_v3_0_4.pselect_f [\pselect_f(c_ab=2,c_aw=2,c_bar="...]
Compiling architecture imp of entity axi_lite_ipif_v3_0_4.pselect_f [\pselect_f(c_ab=2,c_aw=2,c_bar="...]
Compiling architecture imp of entity axi_lite_ipif_v3_0_4.pselect_f [\pselect_f(c_ab=2,c_aw=2,c_bar="...]
Compiling architecture imp of entity axi_lite_ipif_v3_0_4.address_decoder [\address_decoder(c_bus_awidth=4,...]
Compiling architecture imp of entity axi_lite_ipif_v3_0_4.slave_attachment [\slave_attachment(c_ard_addr_ran...]
Compiling architecture imp of entity axi_lite_ipif_v3_0_4.axi_lite_ipif [\axi_lite_ipif(c_s_axi_addr_widt...]
Compiling architecture rtl of entity axi_uartlite_v2_0_15.axi_uartlite [\axi_uartlite(c_s_axi_aclk_freq_...]
Compiling architecture design_1_axi_uartlite_0_0_arch of entity xil_defaultlib.design_1_axi_uartlite_0_0 [design_1_axi_uartlite_0_0_defaul...]
Compiling module axis_infrastructure_v1_1_0.axis_infrastructure_v1_1_0_util_...
Compiling module axis_infrastructure_v1_1_0.axis_infrastructure_v1_1_0_util_...
Compiling module axis_infrastructure_v1_1_0.axis_infrastructure_v1_1_0_util_...
Compiling module fifo_generator_v13_1_3.fifo_generator_v13_1_3_bhv_ver_s...
Compiling module fifo_generator_v13_1_3.fifo_generator_v13_1_3_bhv_ver_p...
Compiling module fifo_generator_v13_1_3.fifo_generator_v13_1_3_CONV_VER(...
Compiling module fifo_generator_v13_1_3.fifo_generator_vlog_beh(C_COMMON...
Compiling module fifo_generator_v13_1_3.fifo_generator_v13_1_3(C_COMMON_...
Compiling module axis_infrastructure_v1_1_0.axis_infrastructure_v1_1_0_util_...
Compiling module axis_data_fifo_v1_1_12.axis_data_fifo_v1_1_12_axis_data...
Compiling module xil_defaultlib.design_1_axis_data_fifo_0_0
Compiling architecture arch_imp of entity xil_defaultlib.axis_pwm_generator_v1_0_S_AXI_LITE [axis_pwm_generator_v1_0_s_axi_li...]
Compiling architecture arch_imp of entity xil_defaultlib.axis_pwm_generator_v1_0_S_AXIS [axis_pwm_generator_v1_0_s_axis_d...]
Compiling architecture arch_imp of entity xil_defaultlib.axis_pwm_generator_v1_0 [axis_pwm_generator_v1_0_default]
Compiling architecture design_1_axis_pwm_generator_0_2_arch of entity xil_defaultlib.design_1_axis_pwm_generator_0_2 [design_1_axis_pwm_generator_0_2_...]
Compiling architecture design_1_ila_0_0_arch of entity xil_defaultlib.design_1_ila_0_0 [design_1_ila_0_0_default]
Compiling architecture design_1_ila_1_0_arch of entity xil_defaultlib.design_1_ila_1_0 [design_1_ila_1_0_default]
Compiling architecture bscane2_v of entity unisim.BSCANE2 [\BSCANE2(jtag_chain=2)(1,5)\]
Compiling architecture imp of entity mdm_v3_2_8.MB_BSCANE2 [\MB_BSCANE2(c_target=non_rtl,jta...]
Compiling architecture bufg_v of entity unisim.BUFG [bufg_default]
Compiling architecture imp of entity mdm_v3_2_8.MB_BUFG [\MB_BUFG(c_target=non_rtl)\]
Compiling architecture srl16e_v of entity unisim.SRL16E [\SRL16E(init="0000000101100111")...]
Compiling architecture imp of entity mdm_v3_2_8.MB_SRL16E [\MB_SRL16E(c_target=non_rtl,c_st...]
Compiling architecture srl16e_v of entity unisim.SRL16E [\SRL16E(init="0100001010000111")...]
Compiling architecture imp of entity mdm_v3_2_8.MB_SRL16E [\MB_SRL16E(c_target=non_rtl,c_st...]
Compiling architecture srl16e_v of entity unisim.SRL16E [\SRL16E(init="0100010001000011")...]
Compiling architecture imp of entity mdm_v3_2_8.MB_SRL16E [\MB_SRL16E(c_target=non_rtl,c_st...]
Compiling architecture srl16e_v of entity unisim.SRL16E [\SRL16E(init="0101100001001101")...]
Compiling architecture imp of entity mdm_v3_2_8.MB_SRL16E [\MB_SRL16E(c_target=non_rtl,c_st...]
Compiling architecture fdce_v of entity unisim.FDCE [fdce_default]
Compiling architecture fdc_1_v of entity unisim.FDC_1 [fdc_1_default]
Compiling architecture imp of entity mdm_v3_2_8.MB_FDC_1 [\MB_FDC_1(c_target=non_rtl)\]
Compiling architecture fdre_1_v of entity unisim.FDRE_1 [fdre_1_default]
Compiling architecture imp of entity mdm_v3_2_8.MB_FDRE_1 [\MB_FDRE_1(c_target=non_rtl)\]
Compiling architecture imp of entity mdm_v3_2_8.JTAG_CONTROL [\JTAG_CONTROL(c_target=non_rtl,c...]
Compiling architecture imp of entity mdm_v3_2_8.MDM_Core [\MDM_Core(c_target=non_rtl,c_jta...]
Compiling architecture imp of entity mdm_v3_2_8.MDM [\MDM(c_interconnect=2,c_use_uart...]
Compiling architecture design_1_mdm_1_0_arch of entity xil_defaultlib.design_1_mdm_1_0 [design_1_mdm_1_0_default]
Compiling architecture imp of entity microblaze_v10_0_1.DAXI_interface [\DAXI_interface(c_data_size=32,c...]
Compiling architecture lut5_v of entity unisim.LUT5 [\LUT5(init="10101010101011000000...]
Compiling architecture imp of entity microblaze_v10_0_1.MB_LUT5 [\MB_LUT5(c_target=virtex7,init="...]
Compiling architecture lut4_v of entity unisim.LUT4 [\LUT4(init="1111111111101100")(0...]
Compiling architecture imp of entity microblaze_v10_0_1.MB_LUT4 [\MB_LUT4(c_target=virtex7,init="...]
Compiling architecture ram32x1d_v of entity unisim.RAM32X1D [ram32x1d_default]
Compiling architecture imp of entity microblaze_v10_0_1.MB_RAM32X1D [\MB_RAM32X1D(c_target=virtex7,c_...]
Compiling architecture imp of entity microblaze_v10_0_1.MB_RAM16X1D [\MB_RAM16X1D(c_target=virtex7,c_...]
Compiling architecture lut6_v of entity unisim.LUT6 [\LUT6(init="10101010111100001100...]
Compiling architecture imp of entity microblaze_v10_0_1.MB_LUT6 [\MB_LUT6(c_target=virtex7,init="...]
Compiling architecture fdse_v of entity unisim.FDSE [\FDSE(init='0')\]
Compiling architecture imp of entity microblaze_v10_0_1.MB_FDSE [\MB_FDSE(c_target=virtex7,init='...]
Compiling architecture lut6_v of entity unisim.LUT6 [\LUT6(init="10101010000011111100...]
Compiling architecture imp of entity microblaze_v10_0_1.MB_LUT6 [\MB_LUT6(c_target=virtex7,init="...]
Compiling architecture imp of entity microblaze_v10_0_1.Cache_Interface [\Cache_Interface(c_target=virtex...]
Compiling architecture imp of entity microblaze_v10_0_1.comparator [\comparator(c_target=virtex7,c_i...]
Compiling architecture imp of entity microblaze_v10_0_1.cache_valid_bit_detect [\cache_valid_bit_detect(c_addr_s...]
Compiling architecture rb36_internal_vhdl_v of entity unisim.RB36_INTERNAL_VHDL [\RB36_INTERNAL_VHDL(init_a="0000...]
Compiling architecture ramb36e1_v of entity unisim.RAMB36E1 [\RAMB36E1(read_width_a=18,read_w...]
Compiling architecture imp of entity microblaze_v10_0_1.MB_RAMB36 [\MB_RAMB36(c_target=virtex7,c_us...]
Compiling architecture imp of entity microblaze_v10_0_1.RAM_Module [\RAM_Module(c_id=300,c_target=vi...]
Compiling architecture rb36_internal_vhdl_v of entity unisim.RB36_INTERNAL_VHDL [\RB36_INTERNAL_VHDL(init_a="0000...]
Compiling architecture ramb36e1_v of entity unisim.RAMB36E1 [\RAMB36E1(read_width_a=4,read_wi...]
Compiling architecture imp of entity microblaze_v10_0_1.MB_RAMB36 [\MB_RAMB36(c_target=virtex7,c_us...]
Compiling architecture imp of entity microblaze_v10_0_1.RAM_Module [\RAM_Module(c_id=400,c_target=vi...]
Compiling architecture imp of entity microblaze_v10_0_1.DCache_gti [\DCache_gti(c_target=virtex7,c_a...]
Compiling architecture imp of entity microblaze_v10_0_1.comparator [\comparator(c_target=virtex7,c_i...]
Compiling architecture imp of entity microblaze_v10_0_1.stream_cache [\stream_cache(c_target=virtex7,c...]
Compiling architecture lru_module of entity microblaze_v10_0_1.LRU_Module [\LRU_Module(c_line_size_log2=3)\]
Compiling architecture imp of entity microblaze_v10_0_1.victim_cache [\victim_cache(c_target=virtex7,c...]
Compiling architecture imp of entity microblaze_v10_0_1.cache_valid_bit_detect [\cache_valid_bit_detect(c_addr_s...]
Compiling architecture rb36_internal_vhdl_v of entity unisim.RB36_INTERNAL_VHDL [\RB36_INTERNAL_VHDL(init_a="0000...]
Compiling architecture ramb36e1_v of entity unisim.RAMB36E1 [\RAMB36E1(read_width_a=36,read_w...]
Compiling architecture imp of entity microblaze_v10_0_1.MB_RAMB36 [\MB_RAMB36(c_target=virtex7,c_us...]
Compiling architecture imp of entity microblaze_v10_0_1.RAM_Module [\RAM_Module(c_id=1200,c_target=v...]
Compiling architecture imp of entity microblaze_v10_0_1.RAM_Module [\RAM_Module(c_id=1300,c_target=v...]
Compiling architecture imp of entity microblaze_v10_0_1.Cache_Interface [\Cache_Interface(c_target=virtex...]
Compiling architecture imp of entity microblaze_v10_0_1.Icache [\Icache(c_target=virtex7,c_allow...]
Compiling architecture srl16e_v of entity unisim.SRL16E [\SRL16E(init="1111111111111111")...]
Compiling architecture imp of entity microblaze_v10_0_1.MB_SRL16E [\MB_SRL16E(c_target=virtex7,c_us...]
Compiling architecture srl16e_v of entity unisim.SRL16E [\SRL16E(init="1011111111111111")...]
Compiling architecture imp of entity microblaze_v10_0_1.MB_SRL16E [\MB_SRL16E(c_target=virtex7,c_us...]
Compiling architecture srl16e_v of entity unisim.SRL16E [\SRL16E(15,0)\]
Compiling architecture imp of entity microblaze_v10_0_1.MB_SRL16E [\MB_SRL16E(c_target=virtex7,c_us...]
Compiling architecture srl16e_v of entity unisim.SRL16E [\SRL16E(init="1000000000000000")...]
Compiling architecture imp of entity microblaze_v10_0_1.MB_SRL16E [\MB_SRL16E(c_target=virtex7,c_us...]
Compiling architecture srl16e_v of entity unisim.SRL16E [\SRL16E(init="1000100000011011")...]
Compiling architecture imp of entity microblaze_v10_0_1.MB_SRL16E [\MB_SRL16E(c_target=virtex7,c_us...]
Compiling architecture srl16e_v of entity unisim.SRL16E [\SRL16E(init="0000001011111000")...]
Compiling architecture imp of entity microblaze_v10_0_1.MB_SRL16E [\MB_SRL16E(c_target=virtex7,c_us...]
Compiling architecture srl16e_v of entity unisim.SRL16E [\SRL16E(init="1110001101100100")...]
Compiling architecture imp of entity microblaze_v10_0_1.MB_SRL16E [\MB_SRL16E(c_target=virtex7,c_us...]
Compiling architecture srl16e_v of entity unisim.SRL16E [\SRL16E(init="0010010000000000")...]
Compiling architecture imp of entity microblaze_v10_0_1.MB_SRL16E [\MB_SRL16E(c_target=virtex7,c_us...]
Compiling architecture imp of entity microblaze_v10_0_1.mb_sync_bit [\mb_sync_bit(c_levels=1,c_reset_...]
Compiling architecture imp of entity microblaze_v10_0_1.mb_sync_vec [\mb_sync_vec(c_levels=1,c_reset_...]
Compiling architecture imp of entity microblaze_v10_0_1.mb_sync_bit [\mb_sync_bit(c_levels=1)\]
Compiling architecture imp of entity microblaze_v10_0_1.mb_sync_vec [\mb_sync_vec(c_width=10)\]
Compiling architecture srlc16e_v of entity unisim.SRLC16E [\SRLC16E(0,15)\]
Compiling architecture imp of entity microblaze_v10_0_1.MB_SRLC16E [\MB_SRLC16E(c_target=virtex7,c_u...]
Compiling architecture imp of entity microblaze_v10_0_1.address_hit [\address_hit(c_target=virtex7,c_...]
Compiling architecture imp of entity microblaze_v10_0_1.Debug [\Debug(c_data_size=32,c_instr_si...]
Compiling architecture imp of entity microblaze_v10_0_1.interrupt_mode_converter [\interrupt_mode_converter(c_edge...]
Compiling architecture and2b1l_v of entity unisim.AND2B1L [and2b1l_default]
Compiling architecture imp of entity microblaze_v10_0_1.MB_AND2B1L [\MB_AND2B1L(c_target=virtex7)\]
Compiling architecture imp of entity microblaze_v10_0_1.MB_MUXCY [\MB_MUXCY(c_target=virtex7)\]
Compiling architecture imp of entity microblaze_v10_0_1.carry_or [\carry_or(c_target=virtex7)\]
Compiling architecture imp of entity microblaze_v10_0_1.carry_and [\carry_and(c_target=virtex7)\]
Compiling architecture lut6_v of entity unisim.LUT6 [\LUT6(init="10010000000010010000...]
Compiling architecture imp of entity microblaze_v10_0_1.MB_LUT6 [\MB_LUT6(c_target=virtex7,init="...]
Compiling architecture lut6_v of entity unisim.LUT6 [\LUT6(init="10010000000010010000...]
Compiling architecture imp of entity microblaze_v10_0_1.MB_LUT6 [\MB_LUT6(c_target=virtex7,init="...]
Compiling architecture imp of entity microblaze_v10_0_1.MB_FDRE [\MB_FDRE(c_target=virtex7)\]
Compiling architecture muxcy_l_v of entity unisim.MUXCY_L [muxcy_l_default]
Compiling architecture xorcy_v of entity unisim.XORCY [xorcy_default]
Compiling architecture imp of entity microblaze_v10_0_1.MB_MUXCY_XORCY [\MB_MUXCY_XORCY(c_target=virtex7...]
Compiling architecture muxf7_v of entity unisim.MUXF7 [muxf7_default]
Compiling architecture imp of entity microblaze_v10_0_1.MB_MUXF7 [\MB_MUXF7(c_target=virtex7)\]
Compiling architecture imp of entity microblaze_v10_0_1.MB_FDR [\MB_FDR(c_target=virtex7)\]
Compiling architecture imp of entity microblaze_v10_0_1.PC_Module_gti [\PC_Module_gti(c_data_size=32,c_...]
Compiling architecture lut6_v of entity unisim.LUT6 [\LUT6(init="00000000000000000000...]
Compiling architecture imp of entity microblaze_v10_0_1.MB_LUT6 [\MB_LUT6(c_target=virtex7,init="...]
Compiling architecture lut6_v of entity unisim.LUT6 [\LUT6(init="00000000000000001111...]
Compiling architecture imp of entity microblaze_v10_0_1.MB_LUT6 [\MB_LUT6(c_target=virtex7,init="...]
Compiling architecture lut6_v of entity unisim.LUT6 [\LUT6(init="11111111000000001111...]
Compiling architecture imp of entity microblaze_v10_0_1.MB_LUT6 [\MB_LUT6(c_target=virtex7,init="...]
Compiling architecture fdse_v of entity unisim.FDSE [fdse_default]
Compiling architecture fds_v of entity unisim.FDS [fds_default]
Compiling architecture imp of entity microblaze_v10_0_1.MB_FDS [\MB_FDS(c_target=virtex7)\]
Compiling architecture lut6_v of entity unisim.LUT6 [\LUT6(init="00000000111111110000...]
Compiling architecture imp of entity microblaze_v10_0_1.MB_LUT6 [\MB_LUT6(c_target=virtex7,init="...]
Compiling architecture imp of entity microblaze_v10_0_1.PreFetch_Buffer_gti [\PreFetch_Buffer_gti(c_data_size...]
Compiling architecture imp of entity microblaze_v10_0_1.jump_logic [\jump_logic(c_instr_size=32,c_ta...]
Compiling architecture imp of entity microblaze_v10_0_1.Decode_gti [\Decode_gti(c_data_size=32,c_ins...]
Compiling architecture lut6_2_v of entity unisim.LUT6_2 [\LUT6_2(init="000000001111111100...]
Compiling architecture imp of entity microblaze_v10_0_1.MB_LUT6_2 [\MB_LUT6_2(c_target=virtex7,init...]
Compiling architecture lut4_v of entity unisim.LUT4 [\LUT4(init="0011110001011010")(0...]
Compiling architecture imp of entity microblaze_v10_0_1.MB_LUT4 [\MB_LUT4(c_target=virtex7,init="...]
Compiling architecture imp of entity microblaze_v10_0_1.Div_unit_gti [\Div_unit_gti(c_target=virtex7,c...]
Compiling architecture ram32m_v of entity unisim.RAM32M [ram32m_default]
Compiling architecture imp of entity microblaze_v10_0_1.MB_RAM32M [\MB_RAM32M(c_target=virtex7,c_us...]
Compiling architecture imp of entity microblaze_v10_0_1.Register_File_gti [\Register_File_gti(c_data_size=3...]
Compiling architecture imp of entity microblaze_v10_0_1.Operand_Select_gti [\Operand_Select_gti(c_data_size=...]
Compiling architecture lut6_2_v of entity unisim.LUT6_2 [\LUT6_2(init="011000000111101010...]
Compiling architecture imp of entity microblaze_v10_0_1.MB_LUT6_2 [\MB_LUT6_2(c_target=virtex7,init...]
Compiling architecture imp of entity microblaze_v10_0_1.ALU_Bit [\ALU_Bit(c_target=virtex7,c_allo...]
Compiling architecture lut6_v of entity unisim.LUT6 [\LUT6(init="01100000011110101010...]
Compiling architecture imp of entity microblaze_v10_0_1.MB_LUT6 [\MB_LUT6(c_target=virtex7,init="...]
Compiling architecture lut4_v of entity unisim.LUT4 [\LUT4(init="1111101000001010")(0...]
Compiling architecture imp of entity microblaze_v10_0_1.MB_LUT4 [\MB_LUT4(c_target=virtex7,init="...]
Compiling architecture lut2_v of entity unisim.LUT2 [\LUT2(init="1000")(0,3)\]
Compiling architecture mult_and_v of entity unisim.MULT_AND [mult_and_default]
Compiling architecture imp of entity microblaze_v10_0_1.MB_MULT_AND [\MB_MULT_AND(c_target=virtex7)\]
Compiling architecture imp of entity microblaze_v10_0_1.ALU_Bit [\ALU_Bit(c_target=virtex7,c_allo...]
Compiling architecture imp of entity microblaze_v10_0_1.ALU [\ALU(c_data_size=32,c_allow_lut6...]
Compiling architecture imp of entity microblaze_v10_0_1.MB_LUT6 [\MB_LUT6(c_target=rtl,init="1100...]
Compiling architecture imp of entity microblaze_v10_0_1.MB_LUT6 [\MB_LUT6(c_target=rtl,init="1100...]
Compiling architecture imp of entity microblaze_v10_0_1.MB_LUT6 [\MB_LUT6(c_target=rtl,init="1100...]
Compiling architecture imp of entity microblaze_v10_0_1.MB_MUXF7 [\MB_MUXF7(c_target=rtl)\]
Compiling architecture imp of entity microblaze_v10_0_1.count_leading_zeros [count_leading_zeros_default]
Compiling architecture imp of entity microblaze_v10_0_1.carry_equal [\carry_equal(c_target=rtl,size=8...]
Compiling architecture imp of entity microblaze_v10_0_1.MB_LUT6 [\MB_LUT6(c_target=rtl,init="0000...]
Compiling architecture imp of entity microblaze_v10_0_1.MB_LUT6 [\MB_LUT6(c_target=rtl,init="0000...]
Compiling architecture imp of entity microblaze_v10_0_1.MB_LUT6 [\MB_LUT6(c_target=rtl,init="0111...]
Compiling architecture imp of entity microblaze_v10_0_1.Shift_Logic_Module_gti [\Shift_Logic_Module_gti(c_data_s...]
Compiling architecture dsp48e1_v of entity unisim.DSP48E1 [\DSP48E1(acascreg=0,alumodereg=0...]
Compiling architecture imp of entity microblaze_v10_0_1.MB_DSP48E1 [\MB_DSP48E1(c_target=virtex7,aca...]
Compiling architecture imp of entity microblaze_v10_0_1.dsp_module [\dsp_module(c_target=virtex7,c_a...]
Compiling architecture imp of entity microblaze_v10_0_1.dsp_module [\dsp_module(c_target=virtex7,c_a...]
Compiling architecture dsp48e1_v of entity unisim.DSP48E1 [\DSP48E1(acascreg=0,alumodereg=0...]
Compiling architecture imp of entity microblaze_v10_0_1.MB_DSP48E1 [\MB_DSP48E1(c_target=virtex7,aca...]
Compiling architecture imp of entity microblaze_v10_0_1.dsp_module [\dsp_module(c_target=virtex7,c_a...]
Compiling architecture dsp48e1_v of entity unisim.DSP48E1 [\DSP48E1(acascreg=0,alumodereg=0...]
Compiling architecture imp of entity microblaze_v10_0_1.MB_DSP48E1 [\MB_DSP48E1(c_target=virtex7,aca...]
Compiling architecture imp of entity microblaze_v10_0_1.dsp_module [\dsp_module(c_target=virtex7,c_a...]
Compiling architecture imp of entity microblaze_v10_0_1.mul_unit [\mul_unit(c_data_size=32,c_targe...]
Compiling architecture lut6_v of entity unisim.LUT6 [\LUT6(init="11111111000000000000...]
Compiling architecture imp of entity microblaze_v10_0_1.MB_LUT6 [\MB_LUT6(c_target=virtex7,init="...]
Compiling architecture imp of entity microblaze_v10_0_1.Barrel_Shifter_gti [\Barrel_Shifter_gti(c_data_size=...]
Compiling architecture imp of entity microblaze_v10_0_1.WB_Mux_Bit [\WB_Mux_Bit(c_target=virtex7,c_l...]
Compiling architecture imp of entity microblaze_v10_0_1.WB_Mux_Bit [\WB_Mux_Bit(c_target=virtex7,c_l...]
Compiling architecture imp of entity microblaze_v10_0_1.WB_Mux [\WB_Mux(c_data_size=32,c_daddr_s...]
Compiling architecture imp of entity microblaze_v10_0_1.Zero_Detect_gti [\Zero_Detect_gti(c_data_size=32,...]
Compiling architecture imp of entity microblaze_v10_0_1.Byte_Doublet_Handle_gti [\Byte_Doublet_Handle_gti(c_data_...]
Compiling architecture imp of entity microblaze_v10_0_1.Data_Flow_Logic [\Data_Flow_Logic(c_data_size=32,...]
Compiling architecture msr_reg of entity microblaze_v10_0_1.msr_reg_gti [\msr_reg_gti(c_data_size=32,c_ta...]
Compiling architecture lut6_2_v of entity unisim.LUT6_2 [\LUT6_2(init="111111110000000011...]
Compiling architecture imp of entity microblaze_v10_0_1.MB_LUT6_2 [\MB_LUT6_2(c_target=virtex7,init...]
Compiling architecture imp of entity microblaze_v10_0_1.mux_bus [\mux_bus(c_target=virtex7,c_allo...]
Compiling architecture lut6_2_v of entity unisim.LUT6_2 [\LUT6_2(init="100101101001011010...]
Compiling architecture imp of entity microblaze_v10_0_1.MB_LUT6_2 [\MB_LUT6_2(c_target=virtex7,init...]
Compiling architecture fde_v of entity unisim.FDE [fde_default]
Compiling architecture imp of entity microblaze_v10_0_1.MB_FDE [\MB_FDE(c_target=virtex7)\]
Compiling architecture imp of entity microblaze_v10_0_1.exception_registers_gti [\exception_registers_gti(c_data_...]
Compiling architecture imp of entity microblaze_v10_0_1.Fpu [\Fpu(c_data_size=32,c_target=vir...]
Compiling architecture imp of entity microblaze_v10_0_1.PVR [\PVR(c_data_size=32,c_daddr_size...]
Compiling architecture imp of entity microblaze_v10_0_1.Data_Flow_gti [\Data_Flow_gti(c_data_size=32,c_...]
Compiling architecture imp of entity microblaze_v10_0_1.read_data_mux [\read_data_mux(c_data_size=32,c_...]
Compiling architecture imp of entity microblaze_v10_0_1.instr_mux [\instr_mux(c_instr_size=32,c_tar...]
Compiling architecture imp of entity microblaze_v10_0_1.MMU_UTLB_RAM [mmu_utlb_ram_default]
Compiling architecture imp of entity microblaze_v10_0_1.carry_compare [\carry_compare(c_target=virtex7,...]
Compiling architecture imp of entity microblaze_v10_0_1.carry_compare_mask [\carry_compare_mask(c_target=vir...]
Compiling architecture imp of entity microblaze_v10_0_1.carry_compare_mask [\carry_compare_mask(c_target=vir...]
Compiling architecture imp of entity microblaze_v10_0_1.carry_compare_mask [\carry_compare_mask(c_target=vir...]
Compiling architecture imp of entity microblaze_v10_0_1.carry_compare [\carry_compare(c_target=virtex7,...]
Compiling architecture imp of entity microblaze_v10_0_1.carry_compare_mask [\carry_compare_mask(c_target=vir...]
Compiling architecture imp of entity microblaze_v10_0_1.carry_compare [\carry_compare(c_target=virtex7,...]
Compiling architecture imp of entity microblaze_v10_0_1.MMU_UTLB [\MMU_UTLB(c_target=virtex7,c_all...]
Compiling architecture imp of entity microblaze_v10_0_1.carry_compare_mask [\carry_compare_mask(c_target=vir...]
Compiling architecture imp of entity microblaze_v10_0_1.MMU_TLB [\MMU_TLB(c_target=virtex7,c_allo...]
Compiling architecture imp of entity microblaze_v10_0_1.MMU_TLB [\MMU_TLB(c_target=virtex7,c_allo...]
Compiling architecture imp of entity microblaze_v10_0_1.MMU [\MMU(c_data_size=32,c_daddr_size...]
Compiling architecture imp of entity microblaze_v10_0_1.MicroBlaze_GTi [\MicroBlaze_GTi(c_num_sync_ff_cl...]
Compiling architecture imp of entity microblaze_v10_0_1.mb_sync_bit [mb_sync_bit_default]
Compiling architecture imp of entity microblaze_v10_0_1.MicroBlaze_Core [\MicroBlaze_Core(c_freq=12500000...]
Compiling architecture imp of entity microblaze_v10_0_1.MicroBlaze [\MicroBlaze(c_freq=125000000,c_e...]
Compiling architecture design_1_microblaze_0_0_arch of entity xil_defaultlib.design_1_microblaze_0_0 [design_1_microblaze_0_0_default]
Compiling architecture byte_data_ram_a of entity axi_intc_v4_1_9.shared_ram_ivar [shared_ram_ivar_default]
Compiling architecture imp of entity axi_intc_v4_1_9.intc_core [\intc_core(c_family="virtex7",c_...]
Compiling architecture imp of entity axi_lite_ipif_v3_0_4.pselect_f [\pselect_f(c_ab=3,c_aw=9,c_bar="...]
Compiling architecture imp of entity axi_lite_ipif_v3_0_4.pselect_f [\pselect_f(c_ab=4,c_aw=4,c_bar="...]
Compiling architecture imp of entity axi_lite_ipif_v3_0_4.pselect_f [\pselect_f(c_ab=4,c_aw=4,c_bar="...]
Compiling architecture imp of entity axi_lite_ipif_v3_0_4.pselect_f [\pselect_f(c_ab=4,c_aw=4,c_bar="...]
Compiling architecture imp of entity axi_lite_ipif_v3_0_4.pselect_f [\pselect_f(c_ab=4,c_aw=4,c_bar="...]
Compiling architecture imp of entity axi_lite_ipif_v3_0_4.pselect_f [\pselect_f(c_ab=4,c_aw=4,c_bar="...]
Compiling architecture imp of entity axi_lite_ipif_v3_0_4.pselect_f [\pselect_f(c_ab=4,c_aw=4,c_bar="...]
Compiling architecture imp of entity axi_lite_ipif_v3_0_4.pselect_f [\pselect_f(c_ab=4,c_aw=4,c_bar="...]
Compiling architecture imp of entity axi_lite_ipif_v3_0_4.pselect_f [\pselect_f(c_ab=4,c_aw=4,c_bar="...]
Compiling architecture imp of entity axi_lite_ipif_v3_0_4.pselect_f [\pselect_f(c_ab=4,c_aw=4,c_bar="...]
Compiling architecture imp of entity axi_lite_ipif_v3_0_4.pselect_f [\pselect_f(c_ab=4,c_aw=4,c_bar="...]
Compiling architecture imp of entity axi_lite_ipif_v3_0_4.pselect_f [\pselect_f(c_ab=4,c_aw=4,c_bar="...]
Compiling architecture imp of entity axi_lite_ipif_v3_0_4.pselect_f [\pselect_f(c_ab=4,c_aw=4,c_bar="...]
Compiling architecture imp of entity axi_lite_ipif_v3_0_4.pselect_f [\pselect_f(c_ab=4,c_aw=4,c_bar="...]
Compiling architecture imp of entity axi_lite_ipif_v3_0_4.pselect_f [\pselect_f(c_ab=4,c_aw=4,c_bar="...]
Compiling architecture imp of entity axi_lite_ipif_v3_0_4.pselect_f [\pselect_f(c_ab=4,c_aw=4,c_bar="...]
Compiling architecture imp of entity axi_lite_ipif_v3_0_4.pselect_f [\pselect_f(c_ab=4,c_aw=4,c_bar="...]
Compiling architecture imp of entity axi_lite_ipif_v3_0_4.pselect_f [\pselect_f(c_ab=2,c_aw=9,c_bar="...]
Compiling architecture imp of entity axi_lite_ipif_v3_0_4.address_decoder [\address_decoder(c_bus_awidth=9,...]
Compiling architecture imp of entity axi_lite_ipif_v3_0_4.slave_attachment [\slave_attachment(c_ard_addr_ran...]
Compiling architecture imp of entity axi_lite_ipif_v3_0_4.axi_lite_ipif [\axi_lite_ipif(c_s_axi_addr_widt...]
Compiling architecture imp of entity axi_intc_v4_1_9.axi_intc [\axi_intc(c_family="virtex7",c_i...]
Compiling architecture design_1_microblaze_0_axi_intc_0_arch of entity xil_defaultlib.design_1_microblaze_0_axi_intc_0 [design_1_microblaze_0_axi_intc_0...]
Compiling architecture structure of entity xil_defaultlib.m00_couplers_imp_8RVYHO [m00_couplers_imp_8rvyho_default]
Compiling architecture structure of entity xil_defaultlib.m01_couplers_imp_1UTB3Y5 [m01_couplers_imp_1utb3y5_default]
Compiling architecture structure of entity xil_defaultlib.m02_couplers_imp_7ANRHB [m02_couplers_imp_7anrhb_default]
Compiling architecture structure of entity xil_defaultlib.m03_couplers_imp_1W07O72 [m03_couplers_imp_1w07o72_default]
Compiling architecture structure of entity xil_defaultlib.m04_couplers_imp_5LX7BU [m04_couplers_imp_5lx7bu_default]
Compiling architecture structure of entity xil_defaultlib.m05_couplers_imp_1XR4ZAZ [m05_couplers_imp_1xr4zaz_default]
Compiling architecture structure of entity xil_defaultlib.m06_couplers_imp_4YOIXL [m06_couplers_imp_4yoixl_default]
Compiling architecture structure of entity xil_defaultlib.s00_couplers_imp_1RZP34U [s00_couplers_imp_1rzp34u_default]
Compiling module axi_crossbar_v2_1_12.axi_crossbar_v2_1_12_addr_arbite...
Compiling module generic_baseblocks_v2_1_0.generic_baseblocks_v2_1_0_compar...
Compiling module generic_baseblocks_v2_1_0.generic_baseblocks_v2_1_0_compar...
Compiling module generic_baseblocks_v2_1_0.generic_baseblocks_v2_1_0_compar...
Compiling module generic_baseblocks_v2_1_0.generic_baseblocks_v2_1_0_compar...
Compiling module generic_baseblocks_v2_1_0.generic_baseblocks_v2_1_0_compar...
Compiling module generic_baseblocks_v2_1_0.generic_baseblocks_v2_1_0_compar...
Compiling module generic_baseblocks_v2_1_0.generic_baseblocks_v2_1_0_compar...
Compiling module axi_crossbar_v2_1_12.axi_crossbar_v2_1_12_addr_decode...
Compiling module axi_crossbar_v2_1_12.axi_crossbar_v2_1_12_splitter(C_...
Compiling module generic_baseblocks_v2_1_0.generic_baseblocks_v2_1_0_mux_en...
Compiling module generic_baseblocks_v2_1_0.generic_baseblocks_v2_1_0_mux_en...
Compiling module generic_baseblocks_v2_1_0.generic_baseblocks_v2_1_0_mux_en...
Compiling module generic_baseblocks_v2_1_0.generic_baseblocks_v2_1_0_mux_en...
Compiling module axi_crossbar_v2_1_12.axi_crossbar_v2_1_12_decerr_slav...
Compiling module axi_crossbar_v2_1_12.axi_crossbar_v2_1_12_crossbar_sa...
Compiling module axi_crossbar_v2_1_12.axi_crossbar_v2_1_12_axi_crossba...
Compiling module xil_defaultlib.design_1_xbar_1
Compiling architecture structure of entity xil_defaultlib.design_1_microblaze_0_axi_periph_0 [design_1_microblaze_0_axi_periph...]
Compiling architecture imp of entity lmb_bram_if_cntlr_v4_0_10.pselect_mask [\pselect_mask(c_bar="00000000000...]
Compiling architecture imp of entity lmb_bram_if_cntlr_v4_0_10.lmb_mux [\lmb_mux(c_baseaddr="00000000000...]
Compiling architecture imp of entity lmb_bram_if_cntlr_v4_0_10.lmb_bram_if_cntlr [\lmb_bram_if_cntlr(c_family="vir...]
Compiling architecture design_1_dlmb_bram_if_cntlr_0_arch of entity xil_defaultlib.design_1_dlmb_bram_if_cntlr_0 [design_1_dlmb_bram_if_cntlr_0_de...]
Compiling architecture imp of entity lmb_v10_v3_0_9.lmb_v10 [\lmb_v10(c_lmb_num_slaves=1)\]
Compiling architecture design_1_dlmb_v10_0_arch of entity xil_defaultlib.design_1_dlmb_v10_0 [design_1_dlmb_v10_0_default]
Compiling architecture imp of entity lmb_bram_if_cntlr_v4_0_10.pselect_mask [\pselect_mask(c_bar="00000000000...]
Compiling architecture imp of entity lmb_bram_if_cntlr_v4_0_10.lmb_mux [\lmb_mux(c_baseaddr="00000000000...]
Compiling architecture imp of entity lmb_bram_if_cntlr_v4_0_10.lmb_bram_if_cntlr [\lmb_bram_if_cntlr(c_family="vir...]
Compiling architecture design_1_ilmb_bram_if_cntlr_0_arch of entity xil_defaultlib.design_1_ilmb_bram_if_cntlr_0 [design_1_ilmb_bram_if_cntlr_0_de...]
Compiling architecture design_1_ilmb_v10_0_arch of entity xil_defaultlib.design_1_ilmb_v10_0 [design_1_ilmb_v10_0_default]
Compiling module blk_mem_gen_v8_3_5.blk_mem_gen_v8_3_5_output_stage(...
Compiling module blk_mem_gen_v8_3_5.blk_mem_gen_v8_3_5_output_stage(...
Compiling module blk_mem_gen_v8_3_5.blk_mem_gen_v8_3_5_softecc_outpu...
Compiling module blk_mem_gen_v8_3_5.blk_mem_gen_v8_3_5_mem_module(C_...
Compiling module blk_mem_gen_v8_3_5.blk_mem_gen_v8_3_5(C_ELABORATION...
Compiling module xil_defaultlib.design_1_lmb_bram_0
Compiling architecture structure of entity xil_defaultlib.microblaze_0_local_memory_imp_1K0VQXK [microblaze_0_local_memory_imp_1k...]
Compiling architecture behavioral of entity xil_defaultlib.xlconcat [\xlconcat(num_ports=3,dout_width...]
Compiling architecture design_1_microblaze_0_xlconcat_0_arch of entity xil_defaultlib.design_1_microblaze_0_xlconcat_0 [design_1_microblaze_0_xlconcat_0...]
Compiling module unisims_ver.BUFG
Compiling module unisims_ver.IDELAYCTRL_default
Compiling module xil_defaultlib.mig_7series_v4_0_iodelay_ctrl(TC...
Compiling module unisims_ver.IBUFDS(CAPACITANCE="DONT_CARE",D...
Compiling module unisims_ver.IBUFGDS(DIFF_TERM="FALSE",IBUF_L...
Compiling module xil_defaultlib.mig_7series_v4_0_clk_ibuf(SYSCLK...
Compiling module xil_defaultlib.mig_7series_v4_0_tempmon(TCQ=100...
Compiling module unisims_ver.PLLE2_ADV(CLKFBOUT_MULT=5,CLKIN1...
Compiling module unisims_ver.BUFH
Compiling module unisims_ver.MMCME2_ADV(BANDWIDTH="HIGH",CLKF...
Compiling module xil_defaultlib.mig_7series_v4_0_infrastructure(...
Compiling module xil_defaultlib.mig_7series_v4_0_rank_cntrl(BURS...
Compiling module xil_defaultlib.mig_7series_v4_0_round_robin_arb...
Compiling module xil_defaultlib.mig_7series_v4_0_round_robin_arb...
Compiling module xil_defaultlib.mig_7series_v4_0_rank_common(DRA...
Compiling module xil_defaultlib.mig_7series_v4_0_rank_mach(BURST...
Compiling module xil_defaultlib.mig_7series_v4_0_bank_compare(BA...
Compiling module xil_defaultlib.mig_7series_v4_0_bank_state(TCQ=...
Compiling module xil_defaultlib.mig_7series_v4_0_bank_queue(TCQ=...
Compiling module xil_defaultlib.mig_7series_v4_0_bank_cntrl(TCQ=...
Compiling module xil_defaultlib.mig_7series_v4_0_bank_state(TCQ=...
Compiling module xil_defaultlib.mig_7series_v4_0_bank_queue(TCQ=...
Compiling module xil_defaultlib.mig_7series_v4_0_bank_cntrl(TCQ=...
Compiling module xil_defaultlib.mig_7series_v4_0_bank_state(TCQ=...
Compiling module xil_defaultlib.mig_7series_v4_0_bank_queue(TCQ=...
Compiling module xil_defaultlib.mig_7series_v4_0_bank_cntrl(TCQ=...
Compiling module xil_defaultlib.mig_7series_v4_0_bank_state(TCQ=...
Compiling module xil_defaultlib.mig_7series_v4_0_bank_queue(TCQ=...
Compiling module xil_defaultlib.mig_7series_v4_0_bank_cntrl(TCQ=...
Compiling module xil_defaultlib.mig_7series_v4_0_bank_common(TCQ...
Compiling module xil_defaultlib.mig_7series_v4_0_round_robin_arb...
Compiling module xil_defaultlib.mig_7series_v4_0_arb_row_col(TCQ...
Compiling module xil_defaultlib.mig_7series_v4_0_arb_select(TCQ=...
Compiling module xil_defaultlib.mig_7series_v4_0_arb_mux(TCQ=100...
Compiling module xil_defaultlib.mig_7series_v4_0_bank_mach(TCQ=1...
Compiling module unisims_ver.RAM32M
Compiling module xil_defaultlib.mig_7series_v4_0_col_mach(TCQ=10...
Compiling module xil_defaultlib.mig_7series_v4_0_mc(TCQ=100,ADDR...
Compiling module unisims_ver.OBUF
Compiling module unisims_ver.OBUFT
Compiling module unisims_ver.IOBUF_DCIEN(IBUF_LOW_PWR="FALSE"...
Compiling module unisims_ver.IOBUFDS_DIFF_OUT_DCIEN(DQS_BIAS=...
Compiling module unisims_ver.IDDR
Compiling module xil_defaultlib.mig_7series_v4_0_poc_pd(POC_USE_...
Compiling module xil_defaultlib.mig_7series_v4_0_ddr_of_pre_fifo...
Compiling module xil_defaultlib.mig_7series_v4_0_ddr_of_pre_fifo...
Compiling module unisims_ver.BUFIO
Compiling module xil_defaultlib.mig_7series_v4_0_ddr_if_post_fif...
Compiling module xil_defaultlib.mig_7series_v4_0_ddr_of_pre_fifo...
Compiling secureip modules ...
Compiling module unisims_ver.PHASER_IN_PHY(BURST_MODE="TRUE",...
Compiling secureip modules ...
Compiling module unisims_ver.PHASER_OUT_PHY(CLKOUT_DIV=2,COAR...
Compiling secureip modules ...
Compiling module unisims_ver.IN_FIFO(ALMOST_EMPTY_VALUE=1,ALM...
Compiling secureip modules ...
Compiling module unisims_ver.OUT_FIFO(ALMOST_EMPTY_VALUE=1,AL...
Compiling secureip modules ...
Compiling module unisims_ver.ISERDESE2(DATA_RATE="DDR",DATA_W...
Compiling module unisims_ver.IDELAYE2(CINVCTRL_SEL="FALSE",DE...
Compiling secureip modules ...
Compiling module unisims_ver.OSERDESE2(DATA_RATE_OQ="DDR",DAT...
Compiling secureip modules ...
Compiling module unisims_ver.OSERDESE2(DATA_RATE_OQ="DDR",DAT...
Compiling module unisims_ver.ODDR(DDR_CLK_EDGE="SAME_EDGE")
Compiling module xil_defaultlib.mig_7series_v4_0_ddr_byte_group_...
Compiling module xil_defaultlib.mig_7series_v4_0_ddr_byte_lane(P...
Compiling secureip modules ...
Compiling module unisims_ver.PHASER_IN_PHY(BURST_MODE="TRUE",...
Compiling module xil_defaultlib.mig_7series_v4_0_ddr_byte_group_...
Compiling module xil_defaultlib.mig_7series_v4_0_ddr_byte_lane(A...
Compiling secureip modules ...
Compiling module unisims_ver.PHASER_IN_PHY(BURST_MODE="TRUE",...
Compiling module xil_defaultlib.mig_7series_v4_0_ddr_byte_group_...
Compiling module xil_defaultlib.mig_7series_v4_0_ddr_byte_lane(A...
Compiling secureip modules ...
Compiling module unisims_ver.PHASER_IN_PHY(BURST_MODE="TRUE",...
Compiling module xil_defaultlib.mig_7series_v4_0_ddr_byte_group_...
Compiling module xil_defaultlib.mig_7series_v4_0_ddr_byte_lane(A...
Compiling secureip modules ...
Compiling module unisims_ver.PHY_CONTROL(AO_TOGGLE=1,AO_WRLVL...
Compiling module unisims_ver.PHASER_REF
Compiling module xil_defaultlib.mig_7series_v4_0_ddr_phy_4lanes(...
Compiling module unisims_ver.PHASER_OUT_PHY(CLKOUT_DIV=4,COAR...
Compiling module unisims_ver.OUT_FIFO(ALMOST_EMPTY_VALUE=1,AL...
Compiling secureip modules ...
Compiling module unisims_ver.OSERDESE2(DATA_RATE_OQ="SDR",DAT...
Compiling module xil_defaultlib.mig_7series_v4_0_ddr_byte_group_...
Compiling module unisims_ver.OBUFDS
Compiling module xil_defaultlib.mig_7series_v4_0_ddr_byte_lane(A...
Compiling module xil_defaultlib.mig_7series_v4_0_ddr_byte_group_...
Compiling module xil_defaultlib.mig_7series_v4_0_ddr_byte_lane(A...
Compiling module xil_defaultlib.mig_7series_v4_0_ddr_byte_group_...
Compiling module xil_defaultlib.mig_7series_v4_0_ddr_byte_lane(A...
Compiling module unisims_ver.PHY_CONTROL(AO_TOGGLE=1,AO_WRLVL...
Compiling module xil_defaultlib.mig_7series_v4_0_ddr_phy_4lanes(...
Compiling secureip modules ...
Compiling module unisims_ver.PHASER_IN_PHY(BURST_MODE="TRUE",...
Compiling module xil_defaultlib.mig_7series_v4_0_ddr_byte_group_...
Compiling module xil_defaultlib.mig_7series_v4_0_ddr_byte_lane(P...
Compiling secureip modules ...
Compiling module unisims_ver.PHASER_IN_PHY(BURST_MODE="TRUE",...
Compiling module xil_defaultlib.mig_7series_v4_0_ddr_byte_group_...
Compiling module xil_defaultlib.mig_7series_v4_0_ddr_byte_lane(A...
Compiling secureip modules ...
Compiling module unisims_ver.PHASER_IN_PHY(BURST_MODE="TRUE",...
Compiling module xil_defaultlib.mig_7series_v4_0_ddr_byte_group_...
Compiling module xil_defaultlib.mig_7series_v4_0_ddr_byte_lane(A...
Compiling secureip modules ...
Compiling module unisims_ver.PHASER_IN_PHY(BURST_MODE="TRUE",...
Compiling module xil_defaultlib.mig_7series_v4_0_ddr_byte_group_...
Compiling module xil_defaultlib.mig_7series_v4_0_ddr_byte_lane(A...
Compiling module xil_defaultlib.mig_7series_v4_0_ddr_phy_4lanes(...
Compiling module xil_defaultlib.mig_7series_v4_0_ddr_mc_phy(BYTE...
Compiling module xil_defaultlib.mig_7series_v4_0_ddr_mc_phy_wrap...
Compiling module xil_defaultlib.mig_7series_v4_0_ddr_prbs_gen(TC...
Compiling module xil_defaultlib.mig_7series_v4_0_ddr_phy_init(tC...
Compiling module xil_defaultlib.mig_7series_v4_0_ddr_phy_wrcal(T...
Compiling module xil_defaultlib.mig_7series_v4_0_ddr_phy_wrlvl(T...
Compiling module xil_defaultlib.mig_7series_v4_0_ddr_phy_ck_addr...
Compiling module xil_defaultlib.mig_7series_v4_0_ddr_phy_dqs_fou...
Compiling module xil_defaultlib.mig_7series_v4_0_ddr_phy_rdlvl(T...
Compiling module xil_defaultlib.mig_7series_v4_0_ddr_phy_prbs_rd...
Compiling module xil_defaultlib.mig_7series_v4_0_ddr_phy_tempmon...
Compiling module xil_defaultlib.mig_7series_v4_0_ddr_calib_top(T...
Compiling module xil_defaultlib.mig_7series_v4_0_ddr_phy_top(TCQ...
Compiling module xil_defaultlib.mig_7series_v4_0_mem_intfc(TCQ=1...
Compiling module xil_defaultlib.mig_7series_v4_0_ui_cmd(TCQ=100,...
Compiling module xil_defaultlib.mig_7series_v4_0_ui_wr_data(TCQ=...
Compiling module xil_defaultlib.mig_7series_v4_0_ui_rd_data(TCQ=...
Compiling module xil_defaultlib.mig_7series_v4_0_ui_top(TCQ=100,...
Compiling module xil_defaultlib.mig_7series_v4_0_ddr_axic_regist...
Compiling module xil_defaultlib.mig_7series_v4_0_ddr_axic_regist...
Compiling module xil_defaultlib.mig_7series_v4_0_ddr_axic_regist...
Compiling module xil_defaultlib.mig_7series_v4_0_ddr_axic_regist...
Compiling module xil_defaultlib.mig_7series_v4_0_ddr_axi_registe...
Compiling module xil_defaultlib.mig_7series_v4_0_axi_mc_incr_cmd...
Compiling module xil_defaultlib.mig_7series_v4_0_axi_mc_wrap_cmd...
Compiling module xil_defaultlib.mig_7series_v4_0_axi_mc_cmd_tran...
Compiling module xil_defaultlib.mig_7series_v4_0_axi_mc_wr_cmd_f...
Compiling module xil_defaultlib.mig_7series_v4_0_axi_mc_aw_chann...
Compiling module xil_defaultlib.mig_7series_v4_0_axi_mc_w_channe...
Compiling module xil_defaultlib.mig_7series_v4_0_axi_mc_fifo(C_W...
Compiling module xil_defaultlib.mig_7series_v4_0_axi_mc_b_channe...
Compiling module xil_defaultlib.mig_7series_v4_0_axi_mc_incr_cmd...
Compiling module xil_defaultlib.mig_7series_v4_0_axi_mc_wrap_cmd...
Compiling module xil_defaultlib.mig_7series_v4_0_axi_mc_cmd_tran...
Compiling module xil_defaultlib.mig_7series_v4_0_axi_mc_cmd_fsm(...
Compiling module xil_defaultlib.mig_7series_v4_0_axi_mc_ar_chann...
Compiling module xil_defaultlib.mig_7series_v4_0_axi_mc_fifo(C_W...
Compiling module xil_defaultlib.mig_7series_v4_0_axi_mc_fifo(C_W...
Compiling module xil_defaultlib.mig_7series_v4_0_axi_mc_r_channe...
Compiling module xil_defaultlib.mig_7series_v4_0_axi_mc_cmd_arbi...
Compiling module xil_defaultlib.mig_7series_v4_0_axi_mc(C_FAMILY...
Compiling module xil_defaultlib.mig_7series_v4_0_memc_ui_top_axi...
Compiling module xil_defaultlib.design_1_mig_7series_0_0_mig_def...
Compiling module xil_defaultlib.design_1_mig_7series_0_0
Compiling architecture implementation of entity lib_cdc_v1_0_2.cdc_sync [\cdc_sync(c_vector_width=2,c_mtb...]
Compiling architecture srl16e_v of entity unisim.SRL16E [\SRL16E(init="1111111111111111")...]
Compiling architecture srl16_v of entity unisim.SRL16 [\SRL16(init="1111111111111111")(...]
Compiling architecture imp of entity proc_sys_reset_v5_0_10.lpf [\lpf(c_ext_rst_width=4,c_aux_rst...]
Compiling architecture imp of entity proc_sys_reset_v5_0_10.upcnt_n [\upcnt_n(c_size=6)\]
Compiling architecture imp of entity proc_sys_reset_v5_0_10.sequence_psr [sequence_psr_default]
Compiling architecture imp of entity proc_sys_reset_v5_0_10.proc_sys_reset [\proc_sys_reset(c_ext_reset_high...]
Compiling architecture design_1_rst_mig_7series_0_125m_0_arch of entity xil_defaultlib.design_1_rst_mig_7series_0_125M_0 [design_1_rst_mig_7series_0_125m_...]
Compiling architecture implementation of entity xil_defaultlib.design_1_xadc_wiz_0_0_interrupt_control [\design_1_xadc_wiz_0_0_interrupt...]
Compiling architecture imp of entity xil_defaultlib.design_1_xadc_wiz_0_0_pselect_f [\design_1_xadc_wiz_0_0_pselect_f...]
Compiling architecture imp of entity xil_defaultlib.design_1_xadc_wiz_0_0_pselect_f [\design_1_xadc_wiz_0_0_pselect_f...]
Compiling architecture imp of entity xil_defaultlib.design_1_xadc_wiz_0_0_pselect_f [\design_1_xadc_wiz_0_0_pselect_f...]
Compiling architecture imp of entity xil_defaultlib.design_1_xadc_wiz_0_0_pselect_f [\design_1_xadc_wiz_0_0_pselect_f...]
Compiling architecture imp of entity xil_defaultlib.design_1_xadc_wiz_0_0_pselect_f [\design_1_xadc_wiz_0_0_pselect_f...]
Compiling architecture imp of entity xil_defaultlib.design_1_xadc_wiz_0_0_pselect_f [\design_1_xadc_wiz_0_0_pselect_f...]
Compiling architecture imp of entity xil_defaultlib.design_1_xadc_wiz_0_0_pselect_f [\design_1_xadc_wiz_0_0_pselect_f...]
Compiling architecture imp of entity xil_defaultlib.design_1_xadc_wiz_0_0_pselect_f [\design_1_xadc_wiz_0_0_pselect_f...]
Compiling architecture imp of entity xil_defaultlib.design_1_xadc_wiz_0_0_pselect_f [\design_1_xadc_wiz_0_0_pselect_f...]
Compiling architecture imp of entity xil_defaultlib.design_1_xadc_wiz_0_0_pselect_f [\design_1_xadc_wiz_0_0_pselect_f...]
Compiling architecture imp of entity xil_defaultlib.design_1_xadc_wiz_0_0_pselect_f [\design_1_xadc_wiz_0_0_pselect_f...]
Compiling architecture imp of entity xil_defaultlib.design_1_xadc_wiz_0_0_pselect_f [\design_1_xadc_wiz_0_0_pselect_f...]
Compiling architecture imp of entity xil_defaultlib.design_1_xadc_wiz_0_0_pselect_f [\design_1_xadc_wiz_0_0_pselect_f...]
Compiling architecture imp of entity xil_defaultlib.design_1_xadc_wiz_0_0_pselect_f [\design_1_xadc_wiz_0_0_pselect_f...]
Compiling architecture imp of entity xil_defaultlib.design_1_xadc_wiz_0_0_pselect_f [\design_1_xadc_wiz_0_0_pselect_f...]
Compiling architecture imp of entity xil_defaultlib.design_1_xadc_wiz_0_0_pselect_f [\design_1_xadc_wiz_0_0_pselect_f...]
Compiling architecture imp of entity xil_defaultlib.design_1_xadc_wiz_0_0_pselect_f [\design_1_xadc_wiz_0_0_pselect_f...]
Compiling architecture imp of entity xil_defaultlib.design_1_xadc_wiz_0_0_pselect_f [\design_1_xadc_wiz_0_0_pselect_f...]
Compiling architecture imp of entity xil_defaultlib.design_1_xadc_wiz_0_0_pselect_f [\design_1_xadc_wiz_0_0_pselect_f...]
Compiling architecture imp of entity xil_defaultlib.design_1_xadc_wiz_0_0_pselect_f [\design_1_xadc_wiz_0_0_pselect_f...]
Compiling architecture imp of entity xil_defaultlib.design_1_xadc_wiz_0_0_pselect_f [\design_1_xadc_wiz_0_0_pselect_f...]
Compiling architecture imp of entity xil_defaultlib.design_1_xadc_wiz_0_0_pselect_f [\design_1_xadc_wiz_0_0_pselect_f...]
Compiling architecture imp of entity xil_defaultlib.design_1_xadc_wiz_0_0_pselect_f [\design_1_xadc_wiz_0_0_pselect_f...]
Compiling architecture imp of entity xil_defaultlib.design_1_xadc_wiz_0_0_pselect_f [\design_1_xadc_wiz_0_0_pselect_f...]
Compiling architecture imp of entity xil_defaultlib.design_1_xadc_wiz_0_0_pselect_f [\design_1_xadc_wiz_0_0_pselect_f...]
Compiling architecture imp of entity xil_defaultlib.design_1_xadc_wiz_0_0_pselect_f [\design_1_xadc_wiz_0_0_pselect_f...]
Compiling architecture imp of entity xil_defaultlib.design_1_xadc_wiz_0_0_pselect_f [\design_1_xadc_wiz_0_0_pselect_f...]
Compiling architecture imp of entity xil_defaultlib.design_1_xadc_wiz_0_0_address_decoder [\design_1_xadc_wiz_0_0_address_d...]
Compiling architecture imp of entity xil_defaultlib.design_1_xadc_wiz_0_0_slave_attachment [\design_1_xadc_wiz_0_0_slave_att...]
Compiling architecture imp of entity xil_defaultlib.design_1_xadc_wiz_0_0_axi_lite_ipif [\design_1_xadc_wiz_0_0_axi_lite_...]
Compiling architecture beh of entity xil_defaultlib.temperature_update [temperature_update_default]
Compiling architecture behv of entity xil_defaultlib.drp_arbiter [drp_arbiter_default]
Compiling architecture xadc_v of entity unisim.XADC [\XADC(init_40="0001000000000000"...]
Compiling architecture imp of entity xil_defaultlib.design_1_xadc_wiz_0_0_xadc_core_drp [\design_1_xadc_wiz_0_0_xadc_core...]
Compiling architecture implementation of entity xil_defaultlib.design_1_xadc_wiz_0_0_soft_reset [\design_1_xadc_wiz_0_0_soft_rese...]
Compiling architecture imp of entity xil_defaultlib.design_1_xadc_wiz_0_0_axi_xadc [\design_1_xadc_wiz_0_0_axi_xadc(...]
Compiling architecture xilinx of entity xil_defaultlib.design_1_xadc_wiz_0_0 [design_1_xadc_wiz_0_0_default]
Compiling architecture structure of entity xil_defaultlib.design_1 [design_1_default]
Compiling architecture structure of entity xil_defaultlib.design_1_wrapper
Built simulation snapshot design_1_wrapper_behav
