INFO: [VRFC 10-163] Analyzing VHDL file "C:/Users/berkaythefair/Downloads/BurakK/Burak/VC707/VC707/VC707BaseSystemExtended.ip_user_files/bd/design_1/ip/design_1_microblaze_0_0/sim/design_1_microblaze_0_0.vhd" into library xil_defaultlib
INFO: [VRFC 10-307] analyzing entity design_1_microblaze_0_0
INFO: [VRFC 10-163] Analyzing VHDL file "C:/Users/berkaythefair/Downloads/BurakK/Burak/VC707/VC707/VC707BaseSystemExtended.ip_user_files/bd/design_1/ip/design_1_dlmb_v10_0/sim/design_1_dlmb_v10_0.vhd" into library xil_defaultlib
INFO: [VRFC 10-307] analyzing entity design_1_dlmb_v10_0
INFO: [VRFC 10-163] Analyzing VHDL file "C:/Users/berkaythefair/Downloads/BurakK/Burak/VC707/VC707/VC707BaseSystemExtended.ip_user_files/bd/design_1/ip/design_1_ilmb_v10_0/sim/design_1_ilmb_v10_0.vhd" into library xil_defaultlib
INFO: [VRFC 10-307] analyzing entity design_1_ilmb_v10_0
INFO: [VRFC 10-163] Analyzing VHDL file "C:/Users/berkaythefair/Downloads/BurakK/Burak/VC707/VC707/VC707BaseSystemExtended.ip_user_files/bd/design_1/ip/design_1_dlmb_bram_if_cntlr_0/sim/design_1_dlmb_bram_if_cntlr_0.vhd" into library xil_defaultlib
INFO: [VRFC 10-307] analyzing entity design_1_dlmb_bram_if_cntlr_0
INFO: [VRFC 10-163] Analyzing VHDL file "C:/Users/berkaythefair/Downloads/BurakK/Burak/VC707/VC707/VC707BaseSystemExtended.ip_user_files/bd/design_1/ip/design_1_ilmb_bram_if_cntlr_0/sim/design_1_ilmb_bram_if_cntlr_0.vhd" into library xil_defaultlib
INFO: [VRFC 10-307] analyzing entity design_1_ilmb_bram_if_cntlr_0
INFO: [VRFC 10-163] Analyzing VHDL file "C:/Users/berkaythefair/Downloads/BurakK/Burak/VC707/VC707/VC707BaseSystemExtended.ip_user_files/bd/design_1/ip/design_1_microblaze_0_axi_intc_0/sim/design_1_microblaze_0_axi_intc_0.vhd" into library xil_defaultlib
INFO: [VRFC 10-307] analyzing entity design_1_microblaze_0_axi_intc_0
INFO: [VRFC 10-163] Analyzing VHDL file "C:/Users/berkaythefair/Downloads/BurakK/Burak/VC707/VC707/VC707BaseSystemExtended.ip_user_files/bd/design_1/ipshared/2e37/xlconcat.vhd" into library xil_defaultlib
INFO: [VRFC 10-307] analyzing entity xlconcat
INFO: [VRFC 10-163] Analyzing VHDL file "C:/Users/berkaythefair/Downloads/BurakK/Burak/VC707/VC707/VC707BaseSystemExtended.ip_user_files/bd/design_1/ip/design_1_microblaze_0_xlconcat_0/sim/design_1_microblaze_0_xlconcat_0.vhd" into library xil_defaultlib
INFO: [VRFC 10-307] analyzing entity design_1_microblaze_0_xlconcat_0
INFO: [VRFC 10-163] Analyzing VHDL file "C:/Users/berkaythefair/Downloads/BurakK/Burak/VC707/VC707/VC707BaseSystemExtended.ip_user_files/bd/design_1/ip/design_1_mdm_1_0/sim/design_1_mdm_1_0.vhd" into library xil_defaultlib
INFO: [VRFC 10-307] analyzing entity design_1_mdm_1_0
INFO: [VRFC 10-163] Analyzing VHDL file "C:/Users/berkaythefair/Downloads/BurakK/Burak/VC707/VC707/VC707BaseSystemExtended.ip_user_files/bd/design_1/ip/design_1_rst_mig_7series_0_125M_0/sim/design_1_rst_mig_7series_0_125M_0.vhd" into library xil_defaultlib
INFO: [VRFC 10-307] analyzing entity design_1_rst_mig_7series_0_125M_0
INFO: [VRFC 10-163] Analyzing VHDL file "C:/Users/berkaythefair/Downloads/BurakK/Burak/VC707/VC707/VC707BaseSystemExtended.ip_user_files/bd/design_1/hdl/design_1.vhd" into library xil_defaultlib
INFO: [VRFC 10-307] analyzing entity m00_couplers_imp_1R706YB
INFO: [VRFC 10-307] analyzing entity m00_couplers_imp_8RVYHO
INFO: [VRFC 10-307] analyzing entity m01_couplers_imp_1UTB3Y5
INFO: [VRFC 10-307] analyzing entity m02_couplers_imp_7ANRHB
INFO: [VRFC 10-307] analyzing entity m03_couplers_imp_1W07O72
INFO: [VRFC 10-307] analyzing entity m04_couplers_imp_5LX7BU
INFO: [VRFC 10-307] analyzing entity m05_couplers_imp_1XR4ZAZ
INFO: [VRFC 10-307] analyzing entity m06_couplers_imp_4YOIXL
INFO: [VRFC 10-307] analyzing entity microblaze_0_local_memory_imp_1K0VQXK
INFO: [VRFC 10-307] analyzing entity s00_couplers_imp_1RZP34U
INFO: [VRFC 10-307] analyzing entity s00_couplers_imp_7HNO1D
INFO: [VRFC 10-307] analyzing entity s01_couplers_imp_1W60HW0
INFO: [VRFC 10-307] analyzing entity s02_couplers_imp_8NCF02
INFO: [VRFC 10-307] analyzing entity design_1_axi_mem_intercon_0
INFO: [VRFC 10-307] analyzing entity design_1_microblaze_0_axi_periph_0
INFO: [VRFC 10-307] analyzing entity design_1
INFO: [VRFC 10-163] Analyzing VHDL file "C:/Users/berkaythefair/Downloads/BurakK/Burak/VC707/VC707/VC707BaseSystemExtended.ip_user_files/bd/design_1/ip/design_1_axi_uartlite_0_0/sim/design_1_axi_uartlite_0_0.vhd" into library xil_defaultlib
INFO: [VRFC 10-307] analyzing entity design_1_axi_uartlite_0_0
INFO: [VRFC 10-163] Analyzing VHDL file "C:/Users/berkaythefair/Downloads/BurakK/Burak/VC707/VC707/VC707BaseSystemExtended.ip_user_files/bd/design_1/ip/design_1_ila_0_0/sim/design_1_ila_0_0.vhd" into library xil_defaultlib
INFO: [VRFC 10-307] analyzing entity design_1_ila_0_0
INFO: [VRFC 10-163] Analyzing VHDL file "C:/Users/berkaythefair/Downloads/BurakK/Burak/VC707/VC707/VC707BaseSystemExtended.ip_user_files/bd/design_1/ip/design_1_xadc_wiz_0_0/proc_common_v3_30_a/hdl/src/vhdl/design_1_xadc_wiz_0_0_conv_funs_pkg.vhd" into library xil_defaultlib
INFO: [VRFC 10-163] Analyzing VHDL file "C:/Users/berkaythefair/Downloads/BurakK/Burak/VC707/VC707/VC707BaseSystemExtended.ip_user_files/bd/design_1/ip/design_1_xadc_wiz_0_0/proc_common_v3_30_a/hdl/src/vhdl/design_1_xadc_wiz_0_0_proc_common_pkg.vhd" into library xil_defaultlib
INFO: [VRFC 10-163] Analyzing VHDL file "C:/Users/berkaythefair/Downloads/BurakK/Burak/VC707/VC707/VC707BaseSystemExtended.ip_user_files/bd/design_1/ip/design_1_xadc_wiz_0_0/proc_common_v3_30_a/hdl/src/vhdl/design_1_xadc_wiz_0_0_ipif_pkg.vhd" into library xil_defaultlib
INFO: [VRFC 10-163] Analyzing VHDL file "C:/Users/berkaythefair/Downloads/BurakK/Burak/VC707/VC707/VC707BaseSystemExtended.ip_user_files/bd/design_1/ip/design_1_xadc_wiz_0_0/proc_common_v3_30_a/hdl/src/vhdl/design_1_xadc_wiz_0_0_family_support.vhd" into library xil_defaultlib
INFO: [VRFC 10-163] Analyzing VHDL file "C:/Users/berkaythefair/Downloads/BurakK/Burak/VC707/VC707/VC707BaseSystemExtended.ip_user_files/bd/design_1/ip/design_1_xadc_wiz_0_0/proc_common_v3_30_a/hdl/src/vhdl/design_1_xadc_wiz_0_0_family.vhd" into library xil_defaultlib
INFO: [VRFC 10-163] Analyzing VHDL file "C:/Users/berkaythefair/Downloads/BurakK/Burak/VC707/VC707/VC707BaseSystemExtended.ip_user_files/bd/design_1/ip/design_1_xadc_wiz_0_0/proc_common_v3_30_a/hdl/src/vhdl/design_1_xadc_wiz_0_0_soft_reset.vhd" into library xil_defaultlib
INFO: [VRFC 10-307] analyzing entity design_1_xadc_wiz_0_0_soft_reset
INFO: [VRFC 10-163] Analyzing VHDL file "C:/Users/berkaythefair/Downloads/BurakK/Burak/VC707/VC707/VC707BaseSystemExtended.ip_user_files/bd/design_1/ip/design_1_xadc_wiz_0_0/proc_common_v3_30_a/hdl/src/vhdl/design_1_xadc_wiz_0_0_pselect_f.vhd" into library xil_defaultlib
INFO: [VRFC 10-307] analyzing entity design_1_xadc_wiz_0_0_pselect_f
INFO: [VRFC 10-163] Analyzing VHDL file "C:/Users/berkaythefair/Downloads/BurakK/Burak/VC707/VC707/VC707BaseSystemExtended.ip_user_files/bd/design_1/ip/design_1_xadc_wiz_0_0/axi_lite_ipif_v1_01_a/hdl/src/vhdl/design_1_xadc_wiz_0_0_address_decoder.vhd" into library xil_defaultlib
INFO: [VRFC 10-307] analyzing entity design_1_xadc_wiz_0_0_address_decoder
INFO: [VRFC 10-163] Analyzing VHDL file "C:/Users/berkaythefair/Downloads/BurakK/Burak/VC707/VC707/VC707BaseSystemExtended.ip_user_files/bd/design_1/ip/design_1_xadc_wiz_0_0/axi_lite_ipif_v1_01_a/hdl/src/vhdl/design_1_xadc_wiz_0_0_slave_attachment.vhd" into library xil_defaultlib
INFO: [VRFC 10-307] analyzing entity design_1_xadc_wiz_0_0_slave_attachment
INFO: [VRFC 10-163] Analyzing VHDL file "C:/Users/berkaythefair/Downloads/BurakK/Burak/VC707/VC707/VC707BaseSystemExtended.ip_user_files/bd/design_1/ip/design_1_xadc_wiz_0_0/interrupt_control_v2_01_a/hdl/src/vhdl/design_1_xadc_wiz_0_0_interrupt_control.vhd" into library xil_defaultlib
INFO: [VRFC 10-307] analyzing entity design_1_xadc_wiz_0_0_interrupt_control
INFO: [VRFC 10-163] Analyzing VHDL file "C:/Users/berkaythefair/Downloads/BurakK/Burak/VC707/VC707/VC707BaseSystemExtended.ip_user_files/bd/design_1/ip/design_1_xadc_wiz_0_0/axi_lite_ipif_v1_01_a/hdl/src/vhdl/design_1_xadc_wiz_0_0_axi_lite_ipif.vhd" into library xil_defaultlib
INFO: [VRFC 10-307] analyzing entity design_1_xadc_wiz_0_0_axi_lite_ipif
INFO: [VRFC 10-163] Analyzing VHDL file "C:/Users/berkaythefair/Downloads/BurakK/Burak/VC707/VC707/VC707BaseSystemExtended.ip_user_files/bd/design_1/ip/design_1_xadc_wiz_0_0/design_1_xadc_wiz_0_0_drp_arbiter.vhd" into library xil_defaultlib
INFO: [VRFC 10-307] analyzing entity drp_arbiter
INFO: [VRFC 10-163] Analyzing VHDL file "C:/Users/berkaythefair/Downloads/BurakK/Burak/VC707/VC707/VC707BaseSystemExtended.ip_user_files/bd/design_1/ip/design_1_xadc_wiz_0_0/design_1_xadc_wiz_0_0_temperature_update.vhd" into library xil_defaultlib
INFO: [VRFC 10-307] analyzing entity temperature_update
INFO: [VRFC 10-163] Analyzing VHDL file "C:/Users/berkaythefair/Downloads/BurakK/Burak/VC707/VC707/VC707BaseSystemExtended.ip_user_files/bd/design_1/ip/design_1_xadc_wiz_0_0/design_1_xadc_wiz_0_0_xadc_core_drp.vhd" into library xil_defaultlib
INFO: [VRFC 10-307] analyzing entity design_1_xadc_wiz_0_0_xadc_core_drp
INFO: [VRFC 10-163] Analyzing VHDL file "C:/Users/berkaythefair/Downloads/BurakK/Burak/VC707/VC707/VC707BaseSystemExtended.ip_user_files/bd/design_1/ip/design_1_xadc_wiz_0_0/design_1_xadc_wiz_0_0_axi_xadc.vhd" into library xil_defaultlib
INFO: [VRFC 10-307] analyzing entity design_1_xadc_wiz_0_0_axi_xadc
INFO: [VRFC 10-163] Analyzing VHDL file "C:/Users/berkaythefair/Downloads/BurakK/Burak/VC707/VC707/VC707BaseSystemExtended.ip_user_files/bd/design_1/ip/design_1_xadc_wiz_0_0/design_1_xadc_wiz_0_0.vhd" into library xil_defaultlib
INFO: [VRFC 10-307] analyzing entity design_1_xadc_wiz_0_0
INFO: [VRFC 10-163] Analyzing VHDL file "C:/Users/berkaythefair/Downloads/BurakK/Burak/VC707/VC707/VC707BaseSystemExtended.ip_user_files/bd/design_1/ip/design_1_axi_timer_0_0/sim/design_1_axi_timer_0_0.vhd" into library xil_defaultlib
INFO: [VRFC 10-307] analyzing entity design_1_axi_timer_0_0
INFO: [VRFC 10-163] Analyzing VHDL file "C:/Users/berkaythefair/Downloads/BurakK/Burak/VC707/VC707/VC707BaseSystemExtended.ip_user_files/bd/design_1/ip/design_1_axi_dma_0_0/sim/design_1_axi_dma_0_0.vhd" into library xil_defaultlib
INFO: [VRFC 10-307] analyzing entity design_1_axi_dma_0_0
INFO: [VRFC 10-163] Analyzing VHDL file "C:/Users/berkaythefair/Downloads/BurakK/Burak/VC707/VC707/VC707BaseSystemExtended.ip_user_files/bd/design_1/ipshared/d9e5/hdl/axis_pwm_generator_v1.0_types.vhd" into library xil_defaultlib
INFO: [VRFC 10-163] Analyzing VHDL file "C:/Users/berkaythefair/Downloads/BurakK/Burak/VC707/VC707/VC707BaseSystemExtended.ip_user_files/bd/design_1/ipshared/d9e5/hdl/axis_pwm_generator_v1_0_S_AXI_LITE.vhd" into library xil_defaultlib
INFO: [VRFC 10-307] analyzing entity axis_pwm_generator_v1_0_S_AXI_LITE
INFO: [VRFC 10-163] Analyzing VHDL file "C:/Users/berkaythefair/Downloads/BurakK/Burak/VC707/VC707/VC707BaseSystemExtended.ip_user_files/bd/design_1/ipshared/d9e5/hdl/axis_pwm_generator_v1_0_S_AXIS.vhd" into library xil_defaultlib
INFO: [VRFC 10-307] analyzing entity axis_pwm_generator_v1_0_S_AXIS
INFO: [VRFC 10-163] Analyzing VHDL file "C:/Users/berkaythefair/Downloads/BurakK/Burak/VC707/VC707/VC707BaseSystemExtended.ip_user_files/bd/design_1/ipshared/d9e5/hdl/axis_pwm_generator_v1_0.vhd" into library xil_defaultlib
INFO: [VRFC 10-307] analyzing entity axis_pwm_generator_v1_0
INFO: [VRFC 10-163] Analyzing VHDL file "C:/Users/berkaythefair/Downloads/BurakK/Burak/VC707/VC707/VC707BaseSystemExtended.ip_user_files/bd/design_1/ip/design_1_axis_pwm_generator_0_2/sim/design_1_axis_pwm_generator_0_2.vhd" into library xil_defaultlib
INFO: [VRFC 10-307] analyzing entity design_1_axis_pwm_generator_0_2
INFO: [VRFC 10-163] Analyzing VHDL file "C:/Users/berkaythefair/Downloads/BurakK/Burak/VC707/VC707/VC707BaseSystemExtended.ip_user_files/bd/design_1/ip/design_1_ila_1_0/sim/design_1_ila_1_0.vhd" into library xil_defaultlib
INFO: [VRFC 10-307] analyzing entity design_1_ila_1_0
INFO: [VRFC 10-163] Analyzing VHDL file "C:/Users/berkaythefair/Downloads/BurakK/Burak/VC707/VC707/VC707BaseSystemExtended.ip_user_files/bd/design_1/ipshared/30ff/hdl/axi_bus_driver_v1_0_S_AXI.vhd" into library xil_defaultlib
INFO: [VRFC 10-307] analyzing entity axi_bus_driver_v1_0_S_AXI
INFO: [VRFC 10-163] Analyzing VHDL file "C:/Users/berkaythefair/Downloads/BurakK/Burak/VC707/VC707/VC707BaseSystemExtended.ip_user_files/bd/design_1/ipshared/30ff/hdl/axi_bus_driver_v1_0.vhd" into library xil_defaultlib
INFO: [VRFC 10-307] analyzing entity axi_bus_driver_v1_0
INFO: [VRFC 10-163] Analyzing VHDL file "C:/Users/berkaythefair/Downloads/BurakK/Burak/VC707/VC707/VC707BaseSystemExtended.ip_user_files/bd/design_1/ip/design_1_axi_bus_driver_0_0_1/sim/design_1_axi_bus_driver_0_0.vhd" into library xil_defaultlib
INFO: [VRFC 10-307] analyzing entity design_1_axi_bus_driver_0_0
INFO: [VRFC 10-163] Analyzing VHDL file "C:/Users/berkaythefair/Downloads/BurakK/Burak/VC707/VC707/VC707BaseSystemExtended.srcs/sources_1/bd/design_1/hdl/design_1_wrapper.vhd" into library xil_defaultlib
INFO: [VRFC 10-307] analyzing entity design_1_wrapper
