
*** Running vivado
    with args -log design_1_xadc_wiz_0_0.vds -m64 -product Vivado -mode batch -messageDb vivado.pb -notrace -source design_1_xadc_wiz_0_0.tcl


****** Vivado v2016.4 (64-bit)
  **** SW Build 1756540 on Mon Jan 23 19:11:23 MST 2017
  **** IP Build 1755317 on Mon Jan 23 20:30:07 MST 2017
    ** Copyright 1986-2016 Xilinx, Inc. All Rights Reserved.

source design_1_xadc_wiz_0_0.tcl -notrace
Starting RTL Elaboration : Time (s): cpu = 00:00:13 ; elapsed = 00:00:16 . Memory (MB): peak = 312.387 ; gain = 102.438
INFO: [Synth 8-638] synthesizing module 'design_1_xadc_wiz_0_0' [c:/Users/Burak/Desktop/Projects/VC707BaseSystemExtended/VC707BaseSystemExtended.srcs/sources_1/bd/design_1/ip/design_1_xadc_wiz_0_0/design_1_xadc_wiz_0_0.vhd:101]
INFO: [Synth 8-638] synthesizing module 'design_1_xadc_wiz_0_0_axi_xadc' [c:/Users/Burak/Desktop/Projects/VC707BaseSystemExtended/VC707BaseSystemExtended.srcs/sources_1/bd/design_1/ip/design_1_xadc_wiz_0_0/design_1_xadc_wiz_0_0_axi_xadc.vhd:242]
INFO: [Synth 8-638] synthesizing module 'design_1_xadc_wiz_0_0_axi_lite_ipif' [c:/Users/Burak/Desktop/Projects/VC707BaseSystemExtended/VC707BaseSystemExtended.srcs/sources_1/bd/design_1/ip/design_1_xadc_wiz_0_0/axi_lite_ipif_v1_01_a/hdl/src/vhdl/design_1_xadc_wiz_0_0_axi_lite_ipif.vhd:241]
INFO: [Synth 8-638] synthesizing module 'design_1_xadc_wiz_0_0_slave_attachment' [c:/Users/Burak/Desktop/Projects/VC707BaseSystemExtended/VC707BaseSystemExtended.srcs/sources_1/bd/design_1/ip/design_1_xadc_wiz_0_0/axi_lite_ipif_v1_01_a/hdl/src/vhdl/design_1_xadc_wiz_0_0_slave_attachment.vhd:227]
INFO: [Synth 8-638] synthesizing module 'design_1_xadc_wiz_0_0_address_decoder' [c:/Users/Burak/Desktop/Projects/VC707BaseSystemExtended/VC707BaseSystemExtended.srcs/sources_1/bd/design_1/ip/design_1_xadc_wiz_0_0/axi_lite_ipif_v1_01_a/hdl/src/vhdl/design_1_xadc_wiz_0_0_address_decoder.vhd:176]
INFO: [Synth 8-638] synthesizing module 'design_1_xadc_wiz_0_0_pselect_f' [c:/Users/Burak/Desktop/Projects/VC707BaseSystemExtended/VC707BaseSystemExtended.srcs/sources_1/bd/design_1/ip/design_1_xadc_wiz_0_0/proc_common_v3_30_a/hdl/src/vhdl/design_1_xadc_wiz_0_0_pselect_f.vhd:167]
INFO: [Synth 8-256] done synthesizing module 'design_1_xadc_wiz_0_0_pselect_f' (1#1) [c:/Users/Burak/Desktop/Projects/VC707BaseSystemExtended/VC707BaseSystemExtended.srcs/sources_1/bd/design_1/ip/design_1_xadc_wiz_0_0/proc_common_v3_30_a/hdl/src/vhdl/design_1_xadc_wiz_0_0_pselect_f.vhd:167]
INFO: [Synth 8-638] synthesizing module 'design_1_xadc_wiz_0_0_pselect_f__parameterized0' [c:/Users/Burak/Desktop/Projects/VC707BaseSystemExtended/VC707BaseSystemExtended.srcs/sources_1/bd/design_1/ip/design_1_xadc_wiz_0_0/proc_common_v3_30_a/hdl/src/vhdl/design_1_xadc_wiz_0_0_pselect_f.vhd:167]
INFO: [Synth 8-256] done synthesizing module 'design_1_xadc_wiz_0_0_pselect_f__parameterized0' (1#1) [c:/Users/Burak/Desktop/Projects/VC707BaseSystemExtended/VC707BaseSystemExtended.srcs/sources_1/bd/design_1/ip/design_1_xadc_wiz_0_0/proc_common_v3_30_a/hdl/src/vhdl/design_1_xadc_wiz_0_0_pselect_f.vhd:167]
INFO: [Synth 8-638] synthesizing module 'design_1_xadc_wiz_0_0_pselect_f__parameterized1' [c:/Users/Burak/Desktop/Projects/VC707BaseSystemExtended/VC707BaseSystemExtended.srcs/sources_1/bd/design_1/ip/design_1_xadc_wiz_0_0/proc_common_v3_30_a/hdl/src/vhdl/design_1_xadc_wiz_0_0_pselect_f.vhd:167]
INFO: [Synth 8-256] done synthesizing module 'design_1_xadc_wiz_0_0_pselect_f__parameterized1' (1#1) [c:/Users/Burak/Desktop/Projects/VC707BaseSystemExtended/VC707BaseSystemExtended.srcs/sources_1/bd/design_1/ip/design_1_xadc_wiz_0_0/proc_common_v3_30_a/hdl/src/vhdl/design_1_xadc_wiz_0_0_pselect_f.vhd:167]
INFO: [Synth 8-638] synthesizing module 'design_1_xadc_wiz_0_0_pselect_f__parameterized2' [c:/Users/Burak/Desktop/Projects/VC707BaseSystemExtended/VC707BaseSystemExtended.srcs/sources_1/bd/design_1/ip/design_1_xadc_wiz_0_0/proc_common_v3_30_a/hdl/src/vhdl/design_1_xadc_wiz_0_0_pselect_f.vhd:167]
INFO: [Synth 8-256] done synthesizing module 'design_1_xadc_wiz_0_0_pselect_f__parameterized2' (1#1) [c:/Users/Burak/Desktop/Projects/VC707BaseSystemExtended/VC707BaseSystemExtended.srcs/sources_1/bd/design_1/ip/design_1_xadc_wiz_0_0/proc_common_v3_30_a/hdl/src/vhdl/design_1_xadc_wiz_0_0_pselect_f.vhd:167]
INFO: [Synth 8-638] synthesizing module 'design_1_xadc_wiz_0_0_pselect_f__parameterized3' [c:/Users/Burak/Desktop/Projects/VC707BaseSystemExtended/VC707BaseSystemExtended.srcs/sources_1/bd/design_1/ip/design_1_xadc_wiz_0_0/proc_common_v3_30_a/hdl/src/vhdl/design_1_xadc_wiz_0_0_pselect_f.vhd:167]
INFO: [Synth 8-256] done synthesizing module 'design_1_xadc_wiz_0_0_pselect_f__parameterized3' (1#1) [c:/Users/Burak/Desktop/Projects/VC707BaseSystemExtended/VC707BaseSystemExtended.srcs/sources_1/bd/design_1/ip/design_1_xadc_wiz_0_0/proc_common_v3_30_a/hdl/src/vhdl/design_1_xadc_wiz_0_0_pselect_f.vhd:167]
INFO: [Synth 8-638] synthesizing module 'design_1_xadc_wiz_0_0_pselect_f__parameterized4' [c:/Users/Burak/Desktop/Projects/VC707BaseSystemExtended/VC707BaseSystemExtended.srcs/sources_1/bd/design_1/ip/design_1_xadc_wiz_0_0/proc_common_v3_30_a/hdl/src/vhdl/design_1_xadc_wiz_0_0_pselect_f.vhd:167]
INFO: [Synth 8-256] done synthesizing module 'design_1_xadc_wiz_0_0_pselect_f__parameterized4' (1#1) [c:/Users/Burak/Desktop/Projects/VC707BaseSystemExtended/VC707BaseSystemExtended.srcs/sources_1/bd/design_1/ip/design_1_xadc_wiz_0_0/proc_common_v3_30_a/hdl/src/vhdl/design_1_xadc_wiz_0_0_pselect_f.vhd:167]
INFO: [Synth 8-638] synthesizing module 'design_1_xadc_wiz_0_0_pselect_f__parameterized5' [c:/Users/Burak/Desktop/Projects/VC707BaseSystemExtended/VC707BaseSystemExtended.srcs/sources_1/bd/design_1/ip/design_1_xadc_wiz_0_0/proc_common_v3_30_a/hdl/src/vhdl/design_1_xadc_wiz_0_0_pselect_f.vhd:167]
INFO: [Synth 8-256] done synthesizing module 'design_1_xadc_wiz_0_0_pselect_f__parameterized5' (1#1) [c:/Users/Burak/Desktop/Projects/VC707BaseSystemExtended/VC707BaseSystemExtended.srcs/sources_1/bd/design_1/ip/design_1_xadc_wiz_0_0/proc_common_v3_30_a/hdl/src/vhdl/design_1_xadc_wiz_0_0_pselect_f.vhd:167]
INFO: [Synth 8-638] synthesizing module 'design_1_xadc_wiz_0_0_pselect_f__parameterized6' [c:/Users/Burak/Desktop/Projects/VC707BaseSystemExtended/VC707BaseSystemExtended.srcs/sources_1/bd/design_1/ip/design_1_xadc_wiz_0_0/proc_common_v3_30_a/hdl/src/vhdl/design_1_xadc_wiz_0_0_pselect_f.vhd:167]
INFO: [Synth 8-256] done synthesizing module 'design_1_xadc_wiz_0_0_pselect_f__parameterized6' (1#1) [c:/Users/Burak/Desktop/Projects/VC707BaseSystemExtended/VC707BaseSystemExtended.srcs/sources_1/bd/design_1/ip/design_1_xadc_wiz_0_0/proc_common_v3_30_a/hdl/src/vhdl/design_1_xadc_wiz_0_0_pselect_f.vhd:167]
INFO: [Synth 8-638] synthesizing module 'design_1_xadc_wiz_0_0_pselect_f__parameterized7' [c:/Users/Burak/Desktop/Projects/VC707BaseSystemExtended/VC707BaseSystemExtended.srcs/sources_1/bd/design_1/ip/design_1_xadc_wiz_0_0/proc_common_v3_30_a/hdl/src/vhdl/design_1_xadc_wiz_0_0_pselect_f.vhd:167]
INFO: [Synth 8-256] done synthesizing module 'design_1_xadc_wiz_0_0_pselect_f__parameterized7' (1#1) [c:/Users/Burak/Desktop/Projects/VC707BaseSystemExtended/VC707BaseSystemExtended.srcs/sources_1/bd/design_1/ip/design_1_xadc_wiz_0_0/proc_common_v3_30_a/hdl/src/vhdl/design_1_xadc_wiz_0_0_pselect_f.vhd:167]
INFO: [Synth 8-638] synthesizing module 'design_1_xadc_wiz_0_0_pselect_f__parameterized8' [c:/Users/Burak/Desktop/Projects/VC707BaseSystemExtended/VC707BaseSystemExtended.srcs/sources_1/bd/design_1/ip/design_1_xadc_wiz_0_0/proc_common_v3_30_a/hdl/src/vhdl/design_1_xadc_wiz_0_0_pselect_f.vhd:167]
INFO: [Synth 8-256] done synthesizing module 'design_1_xadc_wiz_0_0_pselect_f__parameterized8' (1#1) [c:/Users/Burak/Desktop/Projects/VC707BaseSystemExtended/VC707BaseSystemExtended.srcs/sources_1/bd/design_1/ip/design_1_xadc_wiz_0_0/proc_common_v3_30_a/hdl/src/vhdl/design_1_xadc_wiz_0_0_pselect_f.vhd:167]
INFO: [Synth 8-638] synthesizing module 'design_1_xadc_wiz_0_0_pselect_f__parameterized9' [c:/Users/Burak/Desktop/Projects/VC707BaseSystemExtended/VC707BaseSystemExtended.srcs/sources_1/bd/design_1/ip/design_1_xadc_wiz_0_0/proc_common_v3_30_a/hdl/src/vhdl/design_1_xadc_wiz_0_0_pselect_f.vhd:167]
INFO: [Synth 8-256] done synthesizing module 'design_1_xadc_wiz_0_0_pselect_f__parameterized9' (1#1) [c:/Users/Burak/Desktop/Projects/VC707BaseSystemExtended/VC707BaseSystemExtended.srcs/sources_1/bd/design_1/ip/design_1_xadc_wiz_0_0/proc_common_v3_30_a/hdl/src/vhdl/design_1_xadc_wiz_0_0_pselect_f.vhd:167]
INFO: [Synth 8-638] synthesizing module 'design_1_xadc_wiz_0_0_pselect_f__parameterized10' [c:/Users/Burak/Desktop/Projects/VC707BaseSystemExtended/VC707BaseSystemExtended.srcs/sources_1/bd/design_1/ip/design_1_xadc_wiz_0_0/proc_common_v3_30_a/hdl/src/vhdl/design_1_xadc_wiz_0_0_pselect_f.vhd:167]
INFO: [Synth 8-256] done synthesizing module 'design_1_xadc_wiz_0_0_pselect_f__parameterized10' (1#1) [c:/Users/Burak/Desktop/Projects/VC707BaseSystemExtended/VC707BaseSystemExtended.srcs/sources_1/bd/design_1/ip/design_1_xadc_wiz_0_0/proc_common_v3_30_a/hdl/src/vhdl/design_1_xadc_wiz_0_0_pselect_f.vhd:167]
INFO: [Synth 8-638] synthesizing module 'design_1_xadc_wiz_0_0_pselect_f__parameterized11' [c:/Users/Burak/Desktop/Projects/VC707BaseSystemExtended/VC707BaseSystemExtended.srcs/sources_1/bd/design_1/ip/design_1_xadc_wiz_0_0/proc_common_v3_30_a/hdl/src/vhdl/design_1_xadc_wiz_0_0_pselect_f.vhd:167]
INFO: [Synth 8-256] done synthesizing module 'design_1_xadc_wiz_0_0_pselect_f__parameterized11' (1#1) [c:/Users/Burak/Desktop/Projects/VC707BaseSystemExtended/VC707BaseSystemExtended.srcs/sources_1/bd/design_1/ip/design_1_xadc_wiz_0_0/proc_common_v3_30_a/hdl/src/vhdl/design_1_xadc_wiz_0_0_pselect_f.vhd:167]
INFO: [Synth 8-638] synthesizing module 'design_1_xadc_wiz_0_0_pselect_f__parameterized12' [c:/Users/Burak/Desktop/Projects/VC707BaseSystemExtended/VC707BaseSystemExtended.srcs/sources_1/bd/design_1/ip/design_1_xadc_wiz_0_0/proc_common_v3_30_a/hdl/src/vhdl/design_1_xadc_wiz_0_0_pselect_f.vhd:167]
INFO: [Synth 8-256] done synthesizing module 'design_1_xadc_wiz_0_0_pselect_f__parameterized12' (1#1) [c:/Users/Burak/Desktop/Projects/VC707BaseSystemExtended/VC707BaseSystemExtended.srcs/sources_1/bd/design_1/ip/design_1_xadc_wiz_0_0/proc_common_v3_30_a/hdl/src/vhdl/design_1_xadc_wiz_0_0_pselect_f.vhd:167]
INFO: [Synth 8-638] synthesizing module 'design_1_xadc_wiz_0_0_pselect_f__parameterized13' [c:/Users/Burak/Desktop/Projects/VC707BaseSystemExtended/VC707BaseSystemExtended.srcs/sources_1/bd/design_1/ip/design_1_xadc_wiz_0_0/proc_common_v3_30_a/hdl/src/vhdl/design_1_xadc_wiz_0_0_pselect_f.vhd:167]
INFO: [Synth 8-256] done synthesizing module 'design_1_xadc_wiz_0_0_pselect_f__parameterized13' (1#1) [c:/Users/Burak/Desktop/Projects/VC707BaseSystemExtended/VC707BaseSystemExtended.srcs/sources_1/bd/design_1/ip/design_1_xadc_wiz_0_0/proc_common_v3_30_a/hdl/src/vhdl/design_1_xadc_wiz_0_0_pselect_f.vhd:167]
INFO: [Synth 8-638] synthesizing module 'design_1_xadc_wiz_0_0_pselect_f__parameterized14' [c:/Users/Burak/Desktop/Projects/VC707BaseSystemExtended/VC707BaseSystemExtended.srcs/sources_1/bd/design_1/ip/design_1_xadc_wiz_0_0/proc_common_v3_30_a/hdl/src/vhdl/design_1_xadc_wiz_0_0_pselect_f.vhd:167]
INFO: [Synth 8-256] done synthesizing module 'design_1_xadc_wiz_0_0_pselect_f__parameterized14' (1#1) [c:/Users/Burak/Desktop/Projects/VC707BaseSystemExtended/VC707BaseSystemExtended.srcs/sources_1/bd/design_1/ip/design_1_xadc_wiz_0_0/proc_common_v3_30_a/hdl/src/vhdl/design_1_xadc_wiz_0_0_pselect_f.vhd:167]
INFO: [Synth 8-638] synthesizing module 'design_1_xadc_wiz_0_0_pselect_f__parameterized15' [c:/Users/Burak/Desktop/Projects/VC707BaseSystemExtended/VC707BaseSystemExtended.srcs/sources_1/bd/design_1/ip/design_1_xadc_wiz_0_0/proc_common_v3_30_a/hdl/src/vhdl/design_1_xadc_wiz_0_0_pselect_f.vhd:167]
INFO: [Synth 8-256] done synthesizing module 'design_1_xadc_wiz_0_0_pselect_f__parameterized15' (1#1) [c:/Users/Burak/Desktop/Projects/VC707BaseSystemExtended/VC707BaseSystemExtended.srcs/sources_1/bd/design_1/ip/design_1_xadc_wiz_0_0/proc_common_v3_30_a/hdl/src/vhdl/design_1_xadc_wiz_0_0_pselect_f.vhd:167]
INFO: [Synth 8-638] synthesizing module 'design_1_xadc_wiz_0_0_pselect_f__parameterized16' [c:/Users/Burak/Desktop/Projects/VC707BaseSystemExtended/VC707BaseSystemExtended.srcs/sources_1/bd/design_1/ip/design_1_xadc_wiz_0_0/proc_common_v3_30_a/hdl/src/vhdl/design_1_xadc_wiz_0_0_pselect_f.vhd:167]
INFO: [Synth 8-256] done synthesizing module 'design_1_xadc_wiz_0_0_pselect_f__parameterized16' (1#1) [c:/Users/Burak/Desktop/Projects/VC707BaseSystemExtended/VC707BaseSystemExtended.srcs/sources_1/bd/design_1/ip/design_1_xadc_wiz_0_0/proc_common_v3_30_a/hdl/src/vhdl/design_1_xadc_wiz_0_0_pselect_f.vhd:167]
INFO: [Synth 8-638] synthesizing module 'design_1_xadc_wiz_0_0_pselect_f__parameterized17' [c:/Users/Burak/Desktop/Projects/VC707BaseSystemExtended/VC707BaseSystemExtended.srcs/sources_1/bd/design_1/ip/design_1_xadc_wiz_0_0/proc_common_v3_30_a/hdl/src/vhdl/design_1_xadc_wiz_0_0_pselect_f.vhd:167]
INFO: [Synth 8-256] done synthesizing module 'design_1_xadc_wiz_0_0_pselect_f__parameterized17' (1#1) [c:/Users/Burak/Desktop/Projects/VC707BaseSystemExtended/VC707BaseSystemExtended.srcs/sources_1/bd/design_1/ip/design_1_xadc_wiz_0_0/proc_common_v3_30_a/hdl/src/vhdl/design_1_xadc_wiz_0_0_pselect_f.vhd:167]
INFO: [Synth 8-638] synthesizing module 'design_1_xadc_wiz_0_0_pselect_f__parameterized18' [c:/Users/Burak/Desktop/Projects/VC707BaseSystemExtended/VC707BaseSystemExtended.srcs/sources_1/bd/design_1/ip/design_1_xadc_wiz_0_0/proc_common_v3_30_a/hdl/src/vhdl/design_1_xadc_wiz_0_0_pselect_f.vhd:167]
INFO: [Synth 8-256] done synthesizing module 'design_1_xadc_wiz_0_0_pselect_f__parameterized18' (1#1) [c:/Users/Burak/Desktop/Projects/VC707BaseSystemExtended/VC707BaseSystemExtended.srcs/sources_1/bd/design_1/ip/design_1_xadc_wiz_0_0/proc_common_v3_30_a/hdl/src/vhdl/design_1_xadc_wiz_0_0_pselect_f.vhd:167]
INFO: [Synth 8-638] synthesizing module 'design_1_xadc_wiz_0_0_pselect_f__parameterized19' [c:/Users/Burak/Desktop/Projects/VC707BaseSystemExtended/VC707BaseSystemExtended.srcs/sources_1/bd/design_1/ip/design_1_xadc_wiz_0_0/proc_common_v3_30_a/hdl/src/vhdl/design_1_xadc_wiz_0_0_pselect_f.vhd:167]
INFO: [Synth 8-256] done synthesizing module 'design_1_xadc_wiz_0_0_pselect_f__parameterized19' (1#1) [c:/Users/Burak/Desktop/Projects/VC707BaseSystemExtended/VC707BaseSystemExtended.srcs/sources_1/bd/design_1/ip/design_1_xadc_wiz_0_0/proc_common_v3_30_a/hdl/src/vhdl/design_1_xadc_wiz_0_0_pselect_f.vhd:167]
INFO: [Synth 8-638] synthesizing module 'design_1_xadc_wiz_0_0_pselect_f__parameterized20' [c:/Users/Burak/Desktop/Projects/VC707BaseSystemExtended/VC707BaseSystemExtended.srcs/sources_1/bd/design_1/ip/design_1_xadc_wiz_0_0/proc_common_v3_30_a/hdl/src/vhdl/design_1_xadc_wiz_0_0_pselect_f.vhd:167]
INFO: [Synth 8-256] done synthesizing module 'design_1_xadc_wiz_0_0_pselect_f__parameterized20' (1#1) [c:/Users/Burak/Desktop/Projects/VC707BaseSystemExtended/VC707BaseSystemExtended.srcs/sources_1/bd/design_1/ip/design_1_xadc_wiz_0_0/proc_common_v3_30_a/hdl/src/vhdl/design_1_xadc_wiz_0_0_pselect_f.vhd:167]
INFO: [Synth 8-638] synthesizing module 'design_1_xadc_wiz_0_0_pselect_f__parameterized21' [c:/Users/Burak/Desktop/Projects/VC707BaseSystemExtended/VC707BaseSystemExtended.srcs/sources_1/bd/design_1/ip/design_1_xadc_wiz_0_0/proc_common_v3_30_a/hdl/src/vhdl/design_1_xadc_wiz_0_0_pselect_f.vhd:167]
INFO: [Synth 8-256] done synthesizing module 'design_1_xadc_wiz_0_0_pselect_f__parameterized21' (1#1) [c:/Users/Burak/Desktop/Projects/VC707BaseSystemExtended/VC707BaseSystemExtended.srcs/sources_1/bd/design_1/ip/design_1_xadc_wiz_0_0/proc_common_v3_30_a/hdl/src/vhdl/design_1_xadc_wiz_0_0_pselect_f.vhd:167]
INFO: [Synth 8-638] synthesizing module 'design_1_xadc_wiz_0_0_pselect_f__parameterized22' [c:/Users/Burak/Desktop/Projects/VC707BaseSystemExtended/VC707BaseSystemExtended.srcs/sources_1/bd/design_1/ip/design_1_xadc_wiz_0_0/proc_common_v3_30_a/hdl/src/vhdl/design_1_xadc_wiz_0_0_pselect_f.vhd:167]
INFO: [Synth 8-256] done synthesizing module 'design_1_xadc_wiz_0_0_pselect_f__parameterized22' (1#1) [c:/Users/Burak/Desktop/Projects/VC707BaseSystemExtended/VC707BaseSystemExtended.srcs/sources_1/bd/design_1/ip/design_1_xadc_wiz_0_0/proc_common_v3_30_a/hdl/src/vhdl/design_1_xadc_wiz_0_0_pselect_f.vhd:167]
INFO: [Synth 8-638] synthesizing module 'design_1_xadc_wiz_0_0_pselect_f__parameterized23' [c:/Users/Burak/Desktop/Projects/VC707BaseSystemExtended/VC707BaseSystemExtended.srcs/sources_1/bd/design_1/ip/design_1_xadc_wiz_0_0/proc_common_v3_30_a/hdl/src/vhdl/design_1_xadc_wiz_0_0_pselect_f.vhd:167]
INFO: [Synth 8-256] done synthesizing module 'design_1_xadc_wiz_0_0_pselect_f__parameterized23' (1#1) [c:/Users/Burak/Desktop/Projects/VC707BaseSystemExtended/VC707BaseSystemExtended.srcs/sources_1/bd/design_1/ip/design_1_xadc_wiz_0_0/proc_common_v3_30_a/hdl/src/vhdl/design_1_xadc_wiz_0_0_pselect_f.vhd:167]
INFO: [Synth 8-638] synthesizing module 'design_1_xadc_wiz_0_0_pselect_f__parameterized24' [c:/Users/Burak/Desktop/Projects/VC707BaseSystemExtended/VC707BaseSystemExtended.srcs/sources_1/bd/design_1/ip/design_1_xadc_wiz_0_0/proc_common_v3_30_a/hdl/src/vhdl/design_1_xadc_wiz_0_0_pselect_f.vhd:167]
INFO: [Synth 8-256] done synthesizing module 'design_1_xadc_wiz_0_0_pselect_f__parameterized24' (1#1) [c:/Users/Burak/Desktop/Projects/VC707BaseSystemExtended/VC707BaseSystemExtended.srcs/sources_1/bd/design_1/ip/design_1_xadc_wiz_0_0/proc_common_v3_30_a/hdl/src/vhdl/design_1_xadc_wiz_0_0_pselect_f.vhd:167]
INFO: [Synth 8-638] synthesizing module 'design_1_xadc_wiz_0_0_pselect_f__parameterized25' [c:/Users/Burak/Desktop/Projects/VC707BaseSystemExtended/VC707BaseSystemExtended.srcs/sources_1/bd/design_1/ip/design_1_xadc_wiz_0_0/proc_common_v3_30_a/hdl/src/vhdl/design_1_xadc_wiz_0_0_pselect_f.vhd:167]
INFO: [Synth 8-256] done synthesizing module 'design_1_xadc_wiz_0_0_pselect_f__parameterized25' (1#1) [c:/Users/Burak/Desktop/Projects/VC707BaseSystemExtended/VC707BaseSystemExtended.srcs/sources_1/bd/design_1/ip/design_1_xadc_wiz_0_0/proc_common_v3_30_a/hdl/src/vhdl/design_1_xadc_wiz_0_0_pselect_f.vhd:167]
INFO: [Synth 8-256] done synthesizing module 'design_1_xadc_wiz_0_0_address_decoder' (2#1) [c:/Users/Burak/Desktop/Projects/VC707BaseSystemExtended/VC707BaseSystemExtended.srcs/sources_1/bd/design_1/ip/design_1_xadc_wiz_0_0/axi_lite_ipif_v1_01_a/hdl/src/vhdl/design_1_xadc_wiz_0_0_address_decoder.vhd:176]
INFO: [Synth 8-256] done synthesizing module 'design_1_xadc_wiz_0_0_slave_attachment' (3#1) [c:/Users/Burak/Desktop/Projects/VC707BaseSystemExtended/VC707BaseSystemExtended.srcs/sources_1/bd/design_1/ip/design_1_xadc_wiz_0_0/axi_lite_ipif_v1_01_a/hdl/src/vhdl/design_1_xadc_wiz_0_0_slave_attachment.vhd:227]
INFO: [Synth 8-256] done synthesizing module 'design_1_xadc_wiz_0_0_axi_lite_ipif' (4#1) [c:/Users/Burak/Desktop/Projects/VC707BaseSystemExtended/VC707BaseSystemExtended.srcs/sources_1/bd/design_1/ip/design_1_xadc_wiz_0_0/axi_lite_ipif_v1_01_a/hdl/src/vhdl/design_1_xadc_wiz_0_0_axi_lite_ipif.vhd:241]
INFO: [Synth 8-638] synthesizing module 'design_1_xadc_wiz_0_0_xadc_core_drp' [c:/Users/Burak/Desktop/Projects/VC707BaseSystemExtended/VC707BaseSystemExtended.srcs/sources_1/bd/design_1/ip/design_1_xadc_wiz_0_0/design_1_xadc_wiz_0_0_xadc_core_drp.vhd:190]
INFO: [Synth 8-638] synthesizing module 'temperature_update' [c:/Users/Burak/Desktop/Projects/VC707BaseSystemExtended/VC707BaseSystemExtended.srcs/sources_1/bd/design_1/ip/design_1_xadc_wiz_0_0/design_1_xadc_wiz_0_0_temperature_update.vhd:71]
INFO: [Synth 8-256] done synthesizing module 'temperature_update' (5#1) [c:/Users/Burak/Desktop/Projects/VC707BaseSystemExtended/VC707BaseSystemExtended.srcs/sources_1/bd/design_1/ip/design_1_xadc_wiz_0_0/design_1_xadc_wiz_0_0_temperature_update.vhd:71]
INFO: [Synth 8-638] synthesizing module 'drp_arbiter' [c:/Users/Burak/Desktop/Projects/VC707BaseSystemExtended/VC707BaseSystemExtended.srcs/sources_1/bd/design_1/ip/design_1_xadc_wiz_0_0/design_1_xadc_wiz_0_0_drp_arbiter.vhd:82]
INFO: [Synth 8-256] done synthesizing module 'drp_arbiter' (6#1) [c:/Users/Burak/Desktop/Projects/VC707BaseSystemExtended/VC707BaseSystemExtended.srcs/sources_1/bd/design_1/ip/design_1_xadc_wiz_0_0/design_1_xadc_wiz_0_0_drp_arbiter.vhd:82]
INFO: [Synth 8-256] done synthesizing module 'design_1_xadc_wiz_0_0_xadc_core_drp' (7#1) [c:/Users/Burak/Desktop/Projects/VC707BaseSystemExtended/VC707BaseSystemExtended.srcs/sources_1/bd/design_1/ip/design_1_xadc_wiz_0_0/design_1_xadc_wiz_0_0_xadc_core_drp.vhd:190]
INFO: [Synth 8-638] synthesizing module 'design_1_xadc_wiz_0_0_soft_reset' [c:/Users/Burak/Desktop/Projects/VC707BaseSystemExtended/VC707BaseSystemExtended.srcs/sources_1/bd/design_1/ip/design_1_xadc_wiz_0_0/proc_common_v3_30_a/hdl/src/vhdl/design_1_xadc_wiz_0_0_soft_reset.vhd:142]
INFO: [Synth 8-256] done synthesizing module 'design_1_xadc_wiz_0_0_soft_reset' (8#1) [c:/Users/Burak/Desktop/Projects/VC707BaseSystemExtended/VC707BaseSystemExtended.srcs/sources_1/bd/design_1/ip/design_1_xadc_wiz_0_0/proc_common_v3_30_a/hdl/src/vhdl/design_1_xadc_wiz_0_0_soft_reset.vhd:142]
INFO: [Synth 8-638] synthesizing module 'design_1_xadc_wiz_0_0_interrupt_control' [c:/Users/Burak/Desktop/Projects/VC707BaseSystemExtended/VC707BaseSystemExtended.srcs/sources_1/bd/design_1/ip/design_1_xadc_wiz_0_0/interrupt_control_v2_01_a/hdl/src/vhdl/design_1_xadc_wiz_0_0_interrupt_control.vhd:240]
INFO: [Synth 8-256] done synthesizing module 'design_1_xadc_wiz_0_0_interrupt_control' (9#1) [c:/Users/Burak/Desktop/Projects/VC707BaseSystemExtended/VC707BaseSystemExtended.srcs/sources_1/bd/design_1/ip/design_1_xadc_wiz_0_0/interrupt_control_v2_01_a/hdl/src/vhdl/design_1_xadc_wiz_0_0_interrupt_control.vhd:240]
INFO: [Synth 8-256] done synthesizing module 'design_1_xadc_wiz_0_0_axi_xadc' (10#1) [c:/Users/Burak/Desktop/Projects/VC707BaseSystemExtended/VC707BaseSystemExtended.srcs/sources_1/bd/design_1/ip/design_1_xadc_wiz_0_0/design_1_xadc_wiz_0_0_axi_xadc.vhd:242]
INFO: [Synth 8-256] done synthesizing module 'design_1_xadc_wiz_0_0' (11#1) [c:/Users/Burak/Desktop/Projects/VC707BaseSystemExtended/VC707BaseSystemExtended.srcs/sources_1/bd/design_1/ip/design_1_xadc_wiz_0_0/design_1_xadc_wiz_0_0.vhd:101]
Finished RTL Elaboration : Time (s): cpu = 00:00:33 ; elapsed = 00:00:39 . Memory (MB): peak = 387.203 ; gain = 177.254
Finished RTL Optimization Phase 1 : Time (s): cpu = 00:00:34 ; elapsed = 00:00:39 . Memory (MB): peak = 387.203 ; gain = 177.254
INFO: [Device 21-403] Loading part xc7vx485tffg1761-2
Constraint Validation Runtime : Time (s): cpu = 00:00:00 ; elapsed = 00:00:00.060 . Memory (MB): peak = 804.707 ; gain = 0.000
Finished Constraint Validation : Time (s): cpu = 00:01:12 ; elapsed = 00:01:22 . Memory (MB): peak = 804.707 ; gain = 594.758
Finished Loading Part and Timing Information : Time (s): cpu = 00:01:12 ; elapsed = 00:01:22 . Memory (MB): peak = 804.707 ; gain = 594.758
Finished applying 'set_property' XDC Constraints : Time (s): cpu = 00:01:12 ; elapsed = 00:01:22 . Memory (MB): peak = 804.707 ; gain = 594.758
Finished RTL Optimization Phase 2 : Time (s): cpu = 00:01:14 ; elapsed = 00:01:25 . Memory (MB): peak = 804.707 ; gain = 594.758
Finished Cross Boundary and Area Optimization : Time (s): cpu = 00:01:18 ; elapsed = 00:01:29 . Memory (MB): peak = 804.707 ; gain = 594.758
Finished Applying XDC Timing Constraints : Time (s): cpu = 00:01:37 ; elapsed = 00:01:49 . Memory (MB): peak = 804.707 ; gain = 594.758
Finished Timing Optimization : Time (s): cpu = 00:01:40 ; elapsed = 00:01:53 . Memory (MB): peak = 804.707 ; gain = 594.758
Finished Technology Mapping : Time (s): cpu = 00:01:41 ; elapsed = 00:01:54 . Memory (MB): peak = 804.707 ; gain = 594.758
Finished IO Insertion : Time (s): cpu = 00:01:42 ; elapsed = 00:01:56 . Memory (MB): peak = 804.707 ; gain = 594.758
Finished Renaming Generated Instances : Time (s): cpu = 00:01:42 ; elapsed = 00:01:56 . Memory (MB): peak = 804.707 ; gain = 594.758
Finished Rebuilding User Hierarchy : Time (s): cpu = 00:01:42 ; elapsed = 00:01:56 . Memory (MB): peak = 804.707 ; gain = 594.758
Finished Renaming Generated Ports : Time (s): cpu = 00:01:42 ; elapsed = 00:01:56 . Memory (MB): peak = 804.707 ; gain = 594.758
Finished Handling Custom Attributes : Time (s): cpu = 00:01:42 ; elapsed = 00:01:56 . Memory (MB): peak = 804.707 ; gain = 594.758
Finished Renaming Generated Nets : Time (s): cpu = 00:01:42 ; elapsed = 00:01:56 . Memory (MB): peak = 804.707 ; gain = 594.758

Report Cell Usage: 
+------+-------+------+
|      |Cell   |Count |
+------+-------+------+
|1     |CARRY4 |     4|
|2     |LUT1   |     2|
|3     |LUT2   |    82|
|4     |LUT3   |    32|
|5     |LUT4   |    44|
|6     |LUT5   |    80|
|7     |LUT6   |   113|
|8     |XADC   |     1|
|9     |FDCE   |   115|
|10    |FDPE   |     1|
|11    |FDRE   |   215|
|12    |FDSE   |    36|
+------+-------+------+
Finished Writing Synthesis Report : Time (s): cpu = 00:01:42 ; elapsed = 00:01:56 . Memory (MB): peak = 804.707 ; gain = 594.758
synth_design: Time (s): cpu = 00:01:43 ; elapsed = 00:01:57 . Memory (MB): peak = 883.855 ; gain = 650.949
